Building DAG of jobs...
Using shell: /bin/bash
Provided cores: 4
Rules claiming more threads will be scaled down.
Job counts:
	count	jobs
	1	all
	1	generate_resistome_heatmap
	1	summary_results
	3

[Fri Sep 27 16:47:07 2019]
rule generate_resistome_heatmap:
    input: resistome_prediction/MP2-6, resistome_prediction/MP7-18, resistome_prediction/MP10-1, resistome_prediction/J2, resistome_prediction/C7, resistome_prediction/MP5-1, resistome_prediction/OG1RF, resistome_prediction/GT3-2, resistome_prediction/WS1-5, resistome_prediction/GT4-4, resistome_prediction/HT1-12, resistome_prediction/MP9-10, resistome_prediction/MP1-5, resistome_prediction/HT2-4, resistome_prediction/D2, resistome_prediction/B9, resistome_prediction/MP8-1, resistome_prediction/MP1-1, resistome_prediction/J4, resistome_prediction/GT6-1, resistome_prediction/MP8-17, resistome_prediction/HT1-3, resistome_prediction/MP1-2, resistome_prediction/MP1-4, resistome_prediction/DMW1-1, resistome_prediction/GT5-1, resistome_prediction/V583, resistome_prediction/RD1-1, resistome_prediction/HW1-1, resistome_prediction/ST1-20, resistome_prediction/L8, resistome_summary/
    output: resistome_summary/RGI_heatmap
    jobid: 4

[Fri Sep 27 16:47:33 2019]
Finished job 4.
1 of 3 steps (33%) done

[Fri Sep 27 16:47:33 2019]
rule summary_results:
    input: plasmid_prediction/summary.tsv, virulence_genes/summary.tsv, resistome_summary/RGI_heatmap, genomic_islands/MP2-6_GI.gff3, genomic_islands/MP7-18_GI.gff3, genomic_islands/MP10-1_GI.gff3, genomic_islands/J2_GI.gff3, genomic_islands/C7_GI.gff3, genomic_islands/MP5-1_GI.gff3, genomic_islands/OG1RF_GI.gff3, genomic_islands/GT3-2_GI.gff3, genomic_islands/WS1-5_GI.gff3, genomic_islands/GT4-4_GI.gff3, genomic_islands/HT1-12_GI.gff3, genomic_islands/MP9-10_GI.gff3, genomic_islands/MP1-5_GI.gff3, genomic_islands/HT2-4_GI.gff3, genomic_islands/D2_GI.gff3, genomic_islands/B9_GI.gff3, genomic_islands/MP8-1_GI.gff3, genomic_islands/MP1-1_GI.gff3, genomic_islands/J4_GI.gff3, genomic_islands/GT6-1_GI.gff3, genomic_islands/MP8-17_GI.gff3, genomic_islands/HT1-3_GI.gff3, genomic_islands/MP1-2_GI.gff3, genomic_islands/MP1-4_GI.gff3, genomic_islands/DMW1-1_GI.gff3, genomic_islands/GT5-1_GI.gff3, genomic_islands/V583_GI.gff3, genomic_islands/RD1-1_GI.gff3, genomic_islands/HW1-1_GI.gff3, genomic_islands/ST1-20_GI.gff3, genomic_islands/L8_GI.gff3, resistome_summary/MP2-6.txt, resistome_summary/MP7-18.txt, resistome_summary/MP10-1.txt, resistome_summary/J2.txt, resistome_summary/C7.txt, resistome_summary/MP5-1.txt, resistome_summary/OG1RF.txt, resistome_summary/GT3-2.txt, resistome_summary/WS1-5.txt, resistome_summary/GT4-4.txt, resistome_summary/HT1-12.txt, resistome_summary/MP9-10.txt, resistome_summary/MP1-5.txt, resistome_summary/HT2-4.txt, resistome_summary/D2.txt, resistome_summary/B9.txt, resistome_summary/MP8-1.txt, resistome_summary/MP1-1.txt, resistome_summary/J4.txt, resistome_summary/GT6-1.txt, resistome_summary/MP8-17.txt, resistome_summary/HT1-3.txt, resistome_summary/MP1-2.txt, resistome_summary/MP1-4.txt, resistome_summary/DMW1-1.txt, resistome_summary/GT5-1.txt, resistome_summary/V583.txt, resistome_summary/RD1-1.txt, resistome_summary/HW1-1.txt, resistome_summary/ST1-20.txt, resistome_summary/L8.txt, prophage_prediction/MP2-6/prophage_coordinates.tsv, prophage_prediction/MP7-18/prophage_coordinates.tsv, prophage_prediction/MP10-1/prophage_coordinates.tsv, prophage_prediction/J2/prophage_coordinates.tsv, prophage_prediction/C7/prophage_coordinates.tsv, prophage_prediction/MP5-1/prophage_coordinates.tsv, prophage_prediction/OG1RF/prophage_coordinates.tsv, prophage_prediction/GT3-2/prophage_coordinates.tsv, prophage_prediction/WS1-5/prophage_coordinates.tsv, prophage_prediction/GT4-4/prophage_coordinates.tsv, prophage_prediction/HT1-12/prophage_coordinates.tsv, prophage_prediction/MP9-10/prophage_coordinates.tsv, prophage_prediction/MP1-5/prophage_coordinates.tsv, prophage_prediction/HT2-4/prophage_coordinates.tsv, prophage_prediction/D2/prophage_coordinates.tsv, prophage_prediction/B9/prophage_coordinates.tsv, prophage_prediction/MP8-1/prophage_coordinates.tsv, prophage_prediction/MP1-1/prophage_coordinates.tsv, prophage_prediction/J4/prophage_coordinates.tsv, prophage_prediction/GT6-1/prophage_coordinates.tsv, prophage_prediction/MP8-17/prophage_coordinates.tsv, prophage_prediction/HT1-3/prophage_coordinates.tsv, prophage_prediction/MP1-2/prophage_coordinates.tsv, prophage_prediction/MP1-4/prophage_coordinates.tsv, prophage_prediction/DMW1-1/prophage_coordinates.tsv, prophage_prediction/GT5-1/prophage_coordinates.tsv, prophage_prediction/V583/prophage_coordinates.tsv, prophage_prediction/RD1-1/prophage_coordinates.tsv, prophage_prediction/HW1-1/prophage_coordinates.tsv, prophage_prediction/ST1-20/prophage_coordinates.tsv, prophage_prediction/L8/prophage_coordinates.tsv
    output: WGCA_analysis_result/RGI_heatmap, WGCA_analysis_result/virulence_summary.tsv, WGCA_analysis_result/plasmid_summary.tsv, WGCA_analysis_result/RGI_heatmap-31.png, WGCA_analysis_result/MP2-6.tsv, WGCA_analysis_result/MP7-18.tsv, WGCA_analysis_result/MP10-1.tsv, WGCA_analysis_result/J2.tsv, WGCA_analysis_result/C7.tsv, WGCA_analysis_result/MP5-1.tsv, WGCA_analysis_result/OG1RF.tsv, WGCA_analysis_result/GT3-2.tsv, WGCA_analysis_result/WS1-5.tsv, WGCA_analysis_result/GT4-4.tsv, WGCA_analysis_result/HT1-12.tsv, WGCA_analysis_result/MP9-10.tsv, WGCA_analysis_result/MP1-5.tsv, WGCA_analysis_result/HT2-4.tsv, WGCA_analysis_result/D2.tsv, WGCA_analysis_result/B9.tsv, WGCA_analysis_result/MP8-1.tsv, WGCA_analysis_result/MP1-1.tsv, WGCA_analysis_result/J4.tsv, WGCA_analysis_result/GT6-1.tsv, WGCA_analysis_result/MP8-17.tsv, WGCA_analysis_result/HT1-3.tsv, WGCA_analysis_result/MP1-2.tsv, WGCA_analysis_result/MP1-4.tsv, WGCA_analysis_result/DMW1-1.tsv, WGCA_analysis_result/GT5-1.tsv, WGCA_analysis_result/V583.tsv, WGCA_analysis_result/RD1-1.tsv, WGCA_analysis_result/HW1-1.tsv, WGCA_analysis_result/ST1-20.tsv, WGCA_analysis_result/L8.tsv, jamira_integrative_results.zip
    jobid: 1

[Fri Sep 27 16:47:38 2019]
Finished job 1.
2 of 3 steps (67%) done

[Fri Sep 27 16:47:38 2019]
localrule all:
    input: WGCA_analysis_result/plasmid_summary.tsv, WGCA_analysis_result/virulence_summary.tsv, WGCA_analysis_result/RGI_heatmap
    jobid: 0

[Fri Sep 27 16:47:38 2019]
Finished job 0.
3 of 3 steps (100%) done
Complete log: /home/icaro/Documentos/WGCA/.snakemake/log/2019-09-27T164704.828281.snakemake.log
