Building DAG of jobs...
Using shell: /bin/bash
Provided cores: 1
Rules claiming more threads will be scaled down.
Job counts:
	count	jobs
	1	summarize_virulence
	31	virulence_identification
	32

[Mon Aug 26 16:42:10 2019]
rule virulence_identification:
    input: data/samples/L8.fasta
    output: virulence_genes/L8.tsv
    jobid: 18
    wildcards: sample=L8

Activating conda environment: /home/bioinfo/WGCA/.snakemake/conda/abe316d1
[Mon Aug 26 16:42:45 2019]
Finished job 18.
1 of 32 steps (3%) done

[Mon Aug 26 16:42:45 2019]
rule virulence_identification:
    input: data/samples/HT1-3.fasta
    output: virulence_genes/HT1-3.tsv
    jobid: 12
    wildcards: sample=HT1-3

Activating conda environment: /home/bioinfo/WGCA/.snakemake/conda/abe316d1
[Mon Aug 26 16:42:58 2019]
Finished job 12.
2 of 32 steps (6%) done

[Mon Aug 26 16:42:58 2019]
rule virulence_identification:
    input: data/samples/J2.fasta
    output: virulence_genes/J2.tsv
    jobid: 19
    wildcards: sample=J2

Activating conda environment: /home/bioinfo/WGCA/.snakemake/conda/abe316d1
[Mon Aug 26 16:43:10 2019]
Finished job 19.
3 of 32 steps (9%) done

[Mon Aug 26 16:43:10 2019]
rule virulence_identification:
    input: data/samples/J4.fasta
    output: virulence_genes/J4.tsv
    jobid: 15
    wildcards: sample=J4

Activating conda environment: /home/bioinfo/WGCA/.snakemake/conda/abe316d1
[Mon Aug 26 16:43:24 2019]
Finished job 15.
4 of 32 steps (12%) done

[Mon Aug 26 16:43:24 2019]
rule virulence_identification:
    input: data/samples/V583.fasta
    output: virulence_genes/V583.tsv
    jobid: 2
    wildcards: sample=V583

Activating conda environment: /home/bioinfo/WGCA/.snakemake/conda/abe316d1
[Mon Aug 26 16:43:39 2019]
Finished job 2.
5 of 32 steps (16%) done

[Mon Aug 26 16:43:39 2019]
rule virulence_identification:
    input: data/samples/MP7-18.fasta
    output: virulence_genes/MP7-18.tsv
    jobid: 13
    wildcards: sample=MP7-18

Activating conda environment: /home/bioinfo/WGCA/.snakemake/conda/abe316d1
[Mon Aug 26 16:43:51 2019]
Finished job 13.
6 of 32 steps (19%) done

[Mon Aug 26 16:43:51 2019]
rule virulence_identification:
    input: data/samples/GT6-1.fasta
    output: virulence_genes/GT6-1.tsv
    jobid: 6
    wildcards: sample=GT6-1

Activating conda environment: /home/bioinfo/WGCA/.snakemake/conda/abe316d1
[Mon Aug 26 16:44:04 2019]
Finished job 6.
7 of 32 steps (22%) done

[Mon Aug 26 16:44:04 2019]
rule virulence_identification:
    input: data/samples/C7.fasta
    output: virulence_genes/C7.tsv
    jobid: 9
    wildcards: sample=C7

Activating conda environment: /home/bioinfo/WGCA/.snakemake/conda/abe316d1
[Mon Aug 26 16:44:18 2019]
Finished job 9.
8 of 32 steps (25%) done

[Mon Aug 26 16:44:18 2019]
rule virulence_identification:
    input: data/samples/GT3-2.fasta
    output: virulence_genes/GT3-2.tsv
    jobid: 22
    wildcards: sample=GT3-2

Activating conda environment: /home/bioinfo/WGCA/.snakemake/conda/abe316d1
[Mon Aug 26 16:44:32 2019]
Finished job 22.
9 of 32 steps (28%) done

[Mon Aug 26 16:44:32 2019]
rule virulence_identification:
    input: data/samples/DMW1-1.fasta
    output: virulence_genes/DMW1-1.tsv
    jobid: 1
    wildcards: sample=DMW1-1

Activating conda environment: /home/bioinfo/WGCA/.snakemake/conda/abe316d1
[Mon Aug 26 16:44:45 2019]
Finished job 1.
10 of 32 steps (31%) done

[Mon Aug 26 16:44:45 2019]
rule virulence_identification:
    input: data/samples/MP1-2.fasta
    output: virulence_genes/MP1-2.tsv
    jobid: 30
    wildcards: sample=MP1-2

Activating conda environment: /home/bioinfo/WGCA/.snakemake/conda/abe316d1
[Mon Aug 26 16:44:58 2019]
Finished job 30.
11 of 32 steps (34%) done

[Mon Aug 26 16:44:58 2019]
rule virulence_identification:
    input: data/samples/MP8-1.fasta
    output: virulence_genes/MP8-1.tsv
    jobid: 27
    wildcards: sample=MP8-1

Activating conda environment: /home/bioinfo/WGCA/.snakemake/conda/abe316d1
[Mon Aug 26 16:45:12 2019]
Finished job 27.
12 of 32 steps (38%) done

[Mon Aug 26 16:45:12 2019]
rule virulence_identification:
    input: data/samples/GT4-4.fasta
    output: virulence_genes/GT4-4.tsv
    jobid: 21
    wildcards: sample=GT4-4

Activating conda environment: /home/bioinfo/WGCA/.snakemake/conda/abe316d1
[Mon Aug 26 16:45:26 2019]
Finished job 21.
13 of 32 steps (41%) done

[Mon Aug 26 16:45:26 2019]
rule virulence_identification:
    input: data/samples/MP9-10.fasta
    output: virulence_genes/MP9-10.tsv
    jobid: 14
    wildcards: sample=MP9-10

Activating conda environment: /home/bioinfo/WGCA/.snakemake/conda/abe316d1
[Mon Aug 26 16:45:39 2019]
Finished job 14.
14 of 32 steps (44%) done

[Mon Aug 26 16:45:39 2019]
rule virulence_identification:
    input: data/samples/ST1-20.fasta
    output: virulence_genes/ST1-20.tsv
    jobid: 16
    wildcards: sample=ST1-20

Activating conda environment: /home/bioinfo/WGCA/.snakemake/conda/abe316d1
[Mon Aug 26 16:45:53 2019]
Finished job 16.
15 of 32 steps (47%) done

[Mon Aug 26 16:45:53 2019]
rule virulence_identification:
    input: data/samples/MP5-1.fasta
    output: virulence_genes/MP5-1.tsv
    jobid: 23
    wildcards: sample=MP5-1

Activating conda environment: /home/bioinfo/WGCA/.snakemake/conda/abe316d1
[Mon Aug 26 16:46:06 2019]
Finished job 23.
16 of 32 steps (50%) done

[Mon Aug 26 16:46:06 2019]
rule virulence_identification:
    input: data/samples/MP1-1.fasta
    output: virulence_genes/MP1-1.tsv
    jobid: 26
    wildcards: sample=MP1-1

Activating conda environment: /home/bioinfo/WGCA/.snakemake/conda/abe316d1
[Mon Aug 26 16:46:18 2019]
Finished job 26.
17 of 32 steps (53%) done

[Mon Aug 26 16:46:18 2019]
rule virulence_identification:
    input: data/samples/HT2-4.fasta
    output: virulence_genes/HT2-4.tsv
    jobid: 5
    wildcards: sample=HT2-4

Activating conda environment: /home/bioinfo/WGCA/.snakemake/conda/abe316d1
[Mon Aug 26 16:46:31 2019]
Finished job 5.
18 of 32 steps (56%) done

[Mon Aug 26 16:46:31 2019]
rule virulence_identification:
    input: data/samples/WS1-5.fasta
    output: virulence_genes/WS1-5.tsv
    jobid: 10
    wildcards: sample=WS1-5

Activating conda environment: /home/bioinfo/WGCA/.snakemake/conda/abe316d1
[Mon Aug 26 16:46:43 2019]
Finished job 10.
19 of 32 steps (59%) done

[Mon Aug 26 16:46:43 2019]
rule virulence_identification:
    input: data/samples/GT5-1.fasta
    output: virulence_genes/GT5-1.tsv
    jobid: 25
    wildcards: sample=GT5-1

Activating conda environment: /home/bioinfo/WGCA/.snakemake/conda/abe316d1
[Mon Aug 26 16:46:56 2019]
Finished job 25.
20 of 32 steps (62%) done

[Mon Aug 26 16:46:56 2019]
rule virulence_identification:
    input: data/samples/D2.fasta
    output: virulence_genes/D2.tsv
    jobid: 28
    wildcards: sample=D2

Activating conda environment: /home/bioinfo/WGCA/.snakemake/conda/abe316d1
[Mon Aug 26 16:47:09 2019]
Finished job 28.
21 of 32 steps (66%) done

[Mon Aug 26 16:47:09 2019]
rule virulence_identification:
    input: data/samples/RD1-1.fasta
    output: virulence_genes/RD1-1.tsv
    jobid: 8
    wildcards: sample=RD1-1

Activating conda environment: /home/bioinfo/WGCA/.snakemake/conda/abe316d1
[Mon Aug 26 16:47:20 2019]
Finished job 8.
22 of 32 steps (69%) done

[Mon Aug 26 16:47:20 2019]
rule virulence_identification:
    input: data/samples/MP1-5.fasta
    output: virulence_genes/MP1-5.tsv
    jobid: 24
    wildcards: sample=MP1-5

Activating conda environment: /home/bioinfo/WGCA/.snakemake/conda/abe316d1
[Mon Aug 26 16:47:33 2019]
Finished job 24.
23 of 32 steps (72%) done

[Mon Aug 26 16:47:33 2019]
rule virulence_identification:
    input: data/samples/HW1-1.fasta
    output: virulence_genes/HW1-1.tsv
    jobid: 31
    wildcards: sample=HW1-1

Activating conda environment: /home/bioinfo/WGCA/.snakemake/conda/abe316d1
[Mon Aug 26 16:47:45 2019]
Finished job 31.
24 of 32 steps (75%) done

[Mon Aug 26 16:47:45 2019]
rule virulence_identification:
    input: data/samples/B9.fasta
    output: virulence_genes/B9.tsv
    jobid: 29
    wildcards: sample=B9

Activating conda environment: /home/bioinfo/WGCA/.snakemake/conda/abe316d1
[Mon Aug 26 16:47:56 2019]
Finished job 29.
25 of 32 steps (78%) done

[Mon Aug 26 16:47:56 2019]
rule virulence_identification:
    input: data/samples/OG1RF.fasta
    output: virulence_genes/OG1RF.tsv
    jobid: 3
    wildcards: sample=OG1RF

Activating conda environment: /home/bioinfo/WGCA/.snakemake/conda/abe316d1
[Mon Aug 26 16:48:08 2019]
Finished job 3.
26 of 32 steps (81%) done

[Mon Aug 26 16:48:08 2019]
rule virulence_identification:
    input: data/samples/MP2-6.fasta
    output: virulence_genes/MP2-6.tsv
    jobid: 7
    wildcards: sample=MP2-6

Activating conda environment: /home/bioinfo/WGCA/.snakemake/conda/abe316d1
[Mon Aug 26 16:48:20 2019]
Finished job 7.
27 of 32 steps (84%) done

[Mon Aug 26 16:48:20 2019]
rule virulence_identification:
    input: data/samples/MP8-17.fasta
    output: virulence_genes/MP8-17.tsv
    jobid: 20
    wildcards: sample=MP8-17

Activating conda environment: /home/bioinfo/WGCA/.snakemake/conda/abe316d1
[Mon Aug 26 16:48:32 2019]
Finished job 20.
28 of 32 steps (88%) done

[Mon Aug 26 16:48:32 2019]
rule virulence_identification:
    input: data/samples/HT1-12.fasta
    output: virulence_genes/HT1-12.tsv
    jobid: 4
    wildcards: sample=HT1-12

Activating conda environment: /home/bioinfo/WGCA/.snakemake/conda/abe316d1
[Mon Aug 26 16:48:44 2019]
Finished job 4.
29 of 32 steps (91%) done

[Mon Aug 26 16:48:44 2019]
rule virulence_identification:
    input: data/samples/MP10-1.fasta
    output: virulence_genes/MP10-1.tsv
    jobid: 17
    wildcards: sample=MP10-1

Activating conda environment: /home/bioinfo/WGCA/.snakemake/conda/abe316d1
[Mon Aug 26 16:48:55 2019]
Finished job 17.
30 of 32 steps (94%) done

[Mon Aug 26 16:48:55 2019]
rule virulence_identification:
    input: data/samples/MP1-4.fasta
    output: virulence_genes/MP1-4.tsv
    jobid: 11
    wildcards: sample=MP1-4

Activating conda environment: /home/bioinfo/WGCA/.snakemake/conda/abe316d1
[Mon Aug 26 16:49:06 2019]
Finished job 11.
31 of 32 steps (97%) done

[Mon Aug 26 16:49:06 2019]
rule summarize_virulence:
    input: virulence_genes/DMW1-1.tsv, virulence_genes/V583.tsv, virulence_genes/OG1RF.tsv, virulence_genes/HT1-12.tsv, virulence_genes/HT2-4.tsv, virulence_genes/GT6-1.tsv, virulence_genes/MP2-6.tsv, virulence_genes/RD1-1.tsv, virulence_genes/C7.tsv, virulence_genes/WS1-5.tsv, virulence_genes/MP1-4.tsv, virulence_genes/HT1-3.tsv, virulence_genes/MP7-18.tsv, virulence_genes/MP9-10.tsv, virulence_genes/J4.tsv, virulence_genes/ST1-20.tsv, virulence_genes/MP10-1.tsv, virulence_genes/L8.tsv, virulence_genes/J2.tsv, virulence_genes/MP8-17.tsv, virulence_genes/GT4-4.tsv, virulence_genes/GT3-2.tsv, virulence_genes/MP5-1.tsv, virulence_genes/MP1-5.tsv, virulence_genes/GT5-1.tsv, virulence_genes/MP1-1.tsv, virulence_genes/MP8-1.tsv, virulence_genes/D2.tsv, virulence_genes/B9.tsv, virulence_genes/MP1-2.tsv, virulence_genes/HW1-1.tsv
    output: virulence_genes/summary.tsv
    jobid: 0

[Mon Aug 26 16:49:07 2019]
Error in rule summarize_virulence:
    jobid: 0
    output: virulence_genes/summary.tsv
    shell:
        abricate --summary virulence_genes/DMW1-1.tsv virulence_genes/V583.tsv virulence_genes/OG1RF.tsv virulence_genes/HT1-12.tsv virulence_genes/HT2-4.tsv virulence_genes/GT6-1.tsv virulence_genes/MP2-6.tsv virulence_genes/RD1-1.tsv virulence_genes/C7.tsv virulence_genes/WS1-5.tsv virulence_genes/MP1-4.tsv virulence_genes/HT1-3.tsv virulence_genes/MP7-18.tsv virulence_genes/MP9-10.tsv virulence_genes/J4.tsv virulence_genes/ST1-20.tsv virulence_genes/MP10-1.tsv virulence_genes/L8.tsv virulence_genes/J2.tsv virulence_genes/MP8-17.tsv virulence_genes/GT4-4.tsv virulence_genes/GT3-2.tsv virulence_genes/MP5-1.tsv virulence_genes/MP1-5.tsv virulence_genes/GT5-1.tsv virulence_genes/MP1-1.tsv virulence_genes/MP8-1.tsv virulence_genes/D2.tsv virulence_genes/B9.tsv virulence_genes/MP1-2.tsv virulence_genes/HW1-1.tsv > virulence_genes/summary.tsv
        (exited with non-zero exit code)

Removing output files of failed job summarize_virulence since they might be corrupted:
virulence_genes/summary.tsv
Shutting down, this might take some time.
Exiting because a job execution failed. Look above for error message
Complete log: /home/bioinfo/WGCA/.snakemake/log/2019-08-26T164210.271706.snakemake.log
