Building DAG of jobs...
Creating report...
Missing metadata for file resistance_genes/DMW1-1.tsv
Missing metadata for file resistance_genes/HT1-12.tsv
Missing metadata for file resistance_genes/HT2-4.tsv
Missing metadata for file resistance_genes/GT6-1.tsv
Missing metadata for file resistance_genes/RD1-1.tsv
Missing metadata for file resistance_genes/C7.tsv
Missing metadata for file resistance_genes/WS1-5.tsv
Missing metadata for file resistance_genes/MP1-4.tsv
Missing metadata for file resistance_genes/HT1-3.tsv
Missing metadata for file resistance_genes/MP7-18.tsv
Missing metadata for file resistance_genes/MP9-10.tsv
Missing metadata for file resistance_genes/J4.tsv
Missing metadata for file resistance_genes/ST1-20.tsv
Missing metadata for file resistance_genes/MP10-1.tsv
Missing metadata for file resistance_genes/L8.tsv
Missing metadata for file resistance_genes/J2.tsv
Missing metadata for file resistance_genes/MP8-17.tsv
Missing metadata for file resistance_genes/GT4-4.tsv
Missing metadata for file resistance_genes/GT3-2.tsv
Missing metadata for file resistance_genes/MP5-1.tsv
Missing metadata for file resistance_genes/MP1-5.tsv
Missing metadata for file resistance_genes/GT5-1.tsv
Missing metadata for file resistance_genes/MP1-1.tsv
Missing metadata for file resistance_genes/MP8-1.tsv
Missing metadata for file resistance_genes/D2.tsv
Missing metadata for file resistance_genes/B9.tsv
Missing metadata for file resistance_genes/MP1-2.tsv
Missing metadata for file resistance_genes/HW1-1.tsv
Missing metadata for file virulence_genes/DMW1-1.tsv
Missing metadata for file virulence_genes/HT1-12.tsv
Missing metadata for file virulence_genes/HT2-4.tsv
Missing metadata for file virulence_genes/GT6-1.tsv
Missing metadata for file virulence_genes/RD1-1.tsv
Missing metadata for file virulence_genes/C7.tsv
Missing metadata for file virulence_genes/WS1-5.tsv
Missing metadata for file virulence_genes/MP1-4.tsv
Missing metadata for file virulence_genes/HT1-3.tsv
Missing metadata for file virulence_genes/MP7-18.tsv
Missing metadata for file virulence_genes/MP9-10.tsv
Missing metadata for file virulence_genes/J4.tsv
Missing metadata for file virulence_genes/ST1-20.tsv
Missing metadata for file virulence_genes/MP10-1.tsv
Missing metadata for file virulence_genes/L8.tsv
Missing metadata for file virulence_genes/J2.tsv
Missing metadata for file virulence_genes/MP8-17.tsv
Missing metadata for file virulence_genes/GT4-4.tsv
Missing metadata for file virulence_genes/GT3-2.tsv
Missing metadata for file virulence_genes/MP5-1.tsv
Missing metadata for file virulence_genes/MP1-5.tsv
Missing metadata for file virulence_genes/GT5-1.tsv
Missing metadata for file virulence_genes/MP1-1.tsv
Missing metadata for file virulence_genes/MP8-1.tsv
Missing metadata for file virulence_genes/D2.tsv
Missing metadata for file virulence_genes/B9.tsv
Missing metadata for file virulence_genes/MP1-2.tsv
Missing metadata for file virulence_genes/HW1-1.tsv
Report created.
