Building DAG of jobs...
Using shell: /bin/bash
Provided cores: 1
Rules claiming more threads will be scaled down.
Job counts:
	count	jobs
	1	generate_resistome_heatmap
	4	resistome_prediction
	5

[Fri Aug 30 15:04:55 2019]
rule resistome_prediction:
    input: data/samples/C7.fasta
    output: resistome_prediction/C7
    jobid: 1
    wildcards: sample=C7

[Fri Aug 30 15:06:33 2019]
Finished job 1.
1 of 5 steps (20%) done

[Fri Aug 30 15:06:33 2019]
rule resistome_prediction:
    input: data/samples/DMW1-1.fasta
    output: resistome_prediction/DMW1-1
    jobid: 4
    wildcards: sample=DMW1-1

[Fri Aug 30 15:08:15 2019]
Finished job 4.
2 of 5 steps (40%) done

[Fri Aug 30 15:08:15 2019]
rule resistome_prediction:
    input: data/samples/D2.fasta
    output: resistome_prediction/D2
    jobid: 2
    wildcards: sample=D2

[Fri Aug 30 15:10:04 2019]
Finished job 2.
3 of 5 steps (60%) done

[Fri Aug 30 15:10:04 2019]
rule resistome_prediction:
    input: data/samples/B9.fasta
    output: resistome_prediction/B9
    jobid: 3
    wildcards: sample=B9

[Fri Aug 30 15:11:38 2019]
Finished job 3.
4 of 5 steps (80%) done

[Fri Aug 30 15:11:38 2019]
rule generate_resistome_heatmap:
    input: resistome_prediction/C7, resistome_prediction/D2, resistome_prediction/B9, resistome_prediction/DMW1-1, resistome_summary/
    output: resistome_summary/RGI_heatmap
    jobid: 0

Removing temporary output file resistome_prediction/C7.
Removing temporary output file resistome_prediction/D2.
Removing temporary output file resistome_prediction/B9.
Removing temporary output file resistome_prediction/DMW1-1.
[Fri Aug 30 15:11:46 2019]
Finished job 0.
5 of 5 steps (100%) done
Complete log: /home/icaro/WGCA/.snakemake/log/2019-08-30T150455.030361.snakemake.log
