Building DAG of jobs...
Creating report...
Adding virulence_summary.tsv (0.00069 MB).
Adding plasmid_summary.tsv (0.0002 MB).
Adding RGI_heatmap-4.png (0.094 MB).
Adding C7_GI.gff3 (1.6e-05 MB).
Could not detect mimetype for genomic_islands/C7_GI.gff3, assuming text/plain.
Could not detect mimetype for genomic_islands/C7_GI.gff3, assuming text/plain.
Adding D2_GI.gff3 (1.6e-05 MB).
Could not detect mimetype for genomic_islands/D2_GI.gff3, assuming text/plain.
Could not detect mimetype for genomic_islands/D2_GI.gff3, assuming text/plain.
Adding B9_GI.gff3 (1.6e-05 MB).
Could not detect mimetype for genomic_islands/B9_GI.gff3, assuming text/plain.
Could not detect mimetype for genomic_islands/B9_GI.gff3, assuming text/plain.
Adding DMW1-1_GI.gff3 (8.5e-05 MB).
Could not detect mimetype for genomic_islands/DMW1-1_GI.gff3, assuming text/plain.
Could not detect mimetype for genomic_islands/DMW1-1_GI.gff3, assuming text/plain.
Adding C7.tsv (0.00031 MB).
Adding D2.tsv (0.0001 MB).
Adding B9.tsv (0.0001 MB).
Adding DMW1-1.tsv (0.00053 MB).
Adding C7.tsv (0.0001 MB).
Adding D2.tsv (0.0044 MB).
Adding B9.tsv (0.006 MB).
Adding DMW1-1.tsv (0.0001 MB).
Report created.
