Building DAG of jobs...
Using shell: /bin/bash
Provided cores: 1
Rules claiming more threads will be scaled down.
Job counts:
	count	jobs
	1	summarize_plasmid_prediction
	1	summary_results
	2

[Tue Aug 27 16:43:03 2019]
rule summarize_plasmid_prediction:
    input: plasmid_prediction/MP2-6.tsv, plasmid_prediction/MP7-18.tsv, plasmid_prediction/MP10-1.tsv, plasmid_prediction/J2.tsv, plasmid_prediction/C7.tsv, plasmid_prediction/MP5-1.tsv, plasmid_prediction/OG1RF.tsv, plasmid_prediction/GT3-2.tsv, plasmid_prediction/WS1-5.tsv, plasmid_prediction/GT4-4.tsv, plasmid_prediction/HT1-12.tsv, plasmid_prediction/MP9-10.tsv, plasmid_prediction/MP1-5.tsv, plasmid_prediction/HT2-4.tsv, plasmid_prediction/D2.tsv, plasmid_prediction/B9.tsv, plasmid_prediction/MP8-1.tsv, plasmid_prediction/MP1-1.tsv, plasmid_prediction/J4.tsv, plasmid_prediction/GT6-1.tsv, plasmid_prediction/MP8-17.tsv, plasmid_prediction/HT1-3.tsv, plasmid_prediction/MP1-2.tsv, plasmid_prediction/MP1-4.tsv, plasmid_prediction/DMW1-1.tsv, plasmid_prediction/GT5-1.tsv, plasmid_prediction/V583.tsv, plasmid_prediction/RD1-1.tsv, plasmid_prediction/HW1-1.tsv, plasmid_prediction/ST1-20.tsv, plasmid_prediction/L8.tsv
    output: plasmid_prediction/summary.tsv
    jobid: 1

Activating conda environment: /home/icaro/WGCA/.snakemake/conda/352911ee
[Tue Aug 27 16:43:04 2019]
Finished job 1.
1 of 2 steps (50%) done

[Tue Aug 27 16:43:04 2019]
rule summary_results:
    input: plasmid_prediction/summary.tsv, virulence_genes/summary.tsv
    output: WGCA_analysis_result/virulence_summary.tsv, WGCA_analysis_result/plasmid_summary.tsv
    jobid: 0

[Tue Aug 27 16:43:04 2019]
Finished job 0.
2 of 2 steps (100%) done
Complete log: /home/icaro/WGCA/.snakemake/log/2019-08-27T164303.571204.snakemake.log
