Building DAG of jobs...
Using shell: /bin/bash
Provided cores: 1
Rules claiming more threads will be scaled down.
Job counts:
	count	jobs
	1	convert_gbk_to_seed
	1	prophage_prediction
	2

[Sat Sep  7 14:44:11 2019]
rule convert_gbk_to_seed:
    input: genome_annotation/V583.gbk
    output: seeds/V583
    jobid: 1
    wildcards: sample=V583

python scripts/phispy/genbank_to_seed.py genome_annotation/V583.gbk ~/V583_seed  seeds/V583
Activating conda environment: /home/icaro/Documentos/WGCA/.snakemake/conda/697b79f6
Waiting at most 5 seconds for missing files.
MissingOutputException in line 153 of /home/icaro/Documentos/WGCA/Snakefile:
Missing files after 5 seconds:
seeds/V583
This might be due to filesystem latency. If that is the case, consider to increase the wait time with --latency-wait.
Shutting down, this might take some time.
Exiting because a job execution failed. Look above for error message
Complete log: /home/icaro/Documentos/WGCA/.snakemake/log/2019-09-07T144411.247023.snakemake.log
