Building DAG of jobs...
Using shell: /bin/bash
Provided cores: 1
Rules claiming more threads will be scaled down.
Job counts:
	count	jobs
	1	resistome_prediction
	1

[Wed Aug 28 14:40:14 2019]
rule resistome_prediction:
    input: data/samples/V583.fasta
    output: resistome_prediction/V583
    jobid: 0
    wildcards: sample=V583

[Wed Aug 28 14:40:15 2019]
Error in rule resistome_prediction:
    jobid: 0
    output: resistome_prediction/V583
    shell:
        rgi main -h
        (exited with non-zero exit code)

Shutting down, this might take some time.
Exiting because a job execution failed. Look above for error message
Complete log: /home/icaro/WGCA/.snakemake/log/2019-08-28T144014.871059.snakemake.log
