Building DAG of jobs...
Using shell: /bin/bash
Provided cores: 1
Rules claiming more threads will be scaled down.
Job counts:
	count	jobs
	1	all
	1	summary_results
	2

[Sun Sep  1 15:58:36 2019]
rule summary_results:
    input: plasmid_prediction/summary.tsv, virulence_genes/summary.tsv, resistome_summary/RGI_heatmap
    output: WGCA_analysis_result/RGI_heatmap, WGCA_analysis_result/virulence_summary.tsv, WGCA_analysis_result/plasmid_summary.tsv
    jobid: 1

[Sun Sep  1 15:58:36 2019]
Finished job 1.
1 of 2 steps (50%) done

[Sun Sep  1 15:58:36 2019]
localrule all:
    input: WGCA_analysis_result/plasmid_summary.tsv, WGCA_analysis_result/virulence_summary.tsv, WGCA_analysis_result/RGI_heatmap
    jobid: 0

[Sun Sep  1 15:58:36 2019]
Finished job 0.
2 of 2 steps (100%) done
Complete log: /home/icaro/WGCA/.snakemake/log/2019-09-01T155836.457379.snakemake.log
