Building DAG of jobs...
Creating conda environment envs/abricate.yaml...
Downloading remote packages.
Environment for envs/abricate.yaml created (location: .snakemake/conda/352911ee)
Using shell: /bin/bash
Provided cores: 1
Rules claiming more threads will be scaled down.
Job counts:
	count	jobs
	31	plasmid_prediction
	1	summarize_plasmid_prediction
	1	summary_results
	33

[Tue Aug 27 16:34:50 2019]
rule plasmid_prediction:
    input: data/samples/L8.fasta
    output: plasmid_prediction/L8.tsv
    jobid: 33
    wildcards: sample=L8

Activating conda environment: /home/icaro/WGCA/.snakemake/conda/352911ee
[Tue Aug 27 16:34:58 2019]
Finished job 33.
1 of 33 steps (3%) done

[Tue Aug 27 16:34:58 2019]
rule plasmid_prediction:
    input: data/samples/HT1-3.fasta
    output: plasmid_prediction/HT1-3.tsv
    jobid: 24
    wildcards: sample=HT1-3

Activating conda environment: /home/icaro/WGCA/.snakemake/conda/352911ee
[Tue Aug 27 16:34:59 2019]
Finished job 24.
2 of 33 steps (6%) done

[Tue Aug 27 16:34:59 2019]
rule plasmid_prediction:
    input: data/samples/J2.fasta
    output: plasmid_prediction/J2.tsv
    jobid: 6
    wildcards: sample=J2

Activating conda environment: /home/icaro/WGCA/.snakemake/conda/352911ee
[Tue Aug 27 16:35:01 2019]
Finished job 6.
3 of 33 steps (9%) done

[Tue Aug 27 16:35:01 2019]
rule plasmid_prediction:
    input: data/samples/J4.fasta
    output: plasmid_prediction/J4.tsv
    jobid: 21
    wildcards: sample=J4

Activating conda environment: /home/icaro/WGCA/.snakemake/conda/352911ee
[Tue Aug 27 16:35:02 2019]
Finished job 21.
4 of 33 steps (12%) done

[Tue Aug 27 16:35:02 2019]
rule plasmid_prediction:
    input: data/samples/V583.fasta
    output: plasmid_prediction/V583.tsv
    jobid: 29
    wildcards: sample=V583

Activating conda environment: /home/icaro/WGCA/.snakemake/conda/352911ee
[Tue Aug 27 16:35:04 2019]
Finished job 29.
5 of 33 steps (15%) done

[Tue Aug 27 16:35:04 2019]
rule plasmid_prediction:
    input: data/samples/MP7-18.fasta
    output: plasmid_prediction/MP7-18.tsv
    jobid: 4
    wildcards: sample=MP7-18

Activating conda environment: /home/icaro/WGCA/.snakemake/conda/352911ee
[Tue Aug 27 16:35:05 2019]
Finished job 4.
6 of 33 steps (18%) done

[Tue Aug 27 16:35:05 2019]
rule plasmid_prediction:
    input: data/samples/GT6-1.fasta
    output: plasmid_prediction/GT6-1.tsv
    jobid: 22
    wildcards: sample=GT6-1

Activating conda environment: /home/icaro/WGCA/.snakemake/conda/352911ee
[Tue Aug 27 16:35:07 2019]
Finished job 22.
7 of 33 steps (21%) done

[Tue Aug 27 16:35:07 2019]
rule plasmid_prediction:
    input: data/samples/C7.fasta
    output: plasmid_prediction/C7.tsv
    jobid: 7
    wildcards: sample=C7

Activating conda environment: /home/icaro/WGCA/.snakemake/conda/352911ee
[Tue Aug 27 16:35:09 2019]
Finished job 7.
8 of 33 steps (24%) done

[Tue Aug 27 16:35:09 2019]
rule plasmid_prediction:
    input: data/samples/GT3-2.fasta
    output: plasmid_prediction/GT3-2.tsv
    jobid: 10
    wildcards: sample=GT3-2

Activating conda environment: /home/icaro/WGCA/.snakemake/conda/352911ee
[Tue Aug 27 16:35:10 2019]
Finished job 10.
9 of 33 steps (27%) done

[Tue Aug 27 16:35:10 2019]
rule plasmid_prediction:
    input: data/samples/DMW1-1.fasta
    output: plasmid_prediction/DMW1-1.tsv
    jobid: 27
    wildcards: sample=DMW1-1

Activating conda environment: /home/icaro/WGCA/.snakemake/conda/352911ee
[Tue Aug 27 16:35:12 2019]
Finished job 27.
10 of 33 steps (30%) done

[Tue Aug 27 16:35:12 2019]
rule plasmid_prediction:
    input: data/samples/MP1-2.fasta
    output: plasmid_prediction/MP1-2.tsv
    jobid: 25
    wildcards: sample=MP1-2

Activating conda environment: /home/icaro/WGCA/.snakemake/conda/352911ee
[Tue Aug 27 16:35:13 2019]
Finished job 25.
11 of 33 steps (33%) done

[Tue Aug 27 16:35:13 2019]
rule plasmid_prediction:
    input: data/samples/MP8-1.fasta
    output: plasmid_prediction/MP8-1.tsv
    jobid: 19
    wildcards: sample=MP8-1

Activating conda environment: /home/icaro/WGCA/.snakemake/conda/352911ee
[Tue Aug 27 16:35:15 2019]
Finished job 19.
12 of 33 steps (36%) done

[Tue Aug 27 16:35:15 2019]
rule plasmid_prediction:
    input: data/samples/GT4-4.fasta
    output: plasmid_prediction/GT4-4.tsv
    jobid: 12
    wildcards: sample=GT4-4

Activating conda environment: /home/icaro/WGCA/.snakemake/conda/352911ee
[Tue Aug 27 16:35:16 2019]
Finished job 12.
13 of 33 steps (39%) done

[Tue Aug 27 16:35:16 2019]
rule plasmid_prediction:
    input: data/samples/MP9-10.fasta
    output: plasmid_prediction/MP9-10.tsv
    jobid: 14
    wildcards: sample=MP9-10

Activating conda environment: /home/icaro/WGCA/.snakemake/conda/352911ee
[Tue Aug 27 16:35:17 2019]
Finished job 14.
14 of 33 steps (42%) done

[Tue Aug 27 16:35:17 2019]
rule plasmid_prediction:
    input: data/samples/ST1-20.fasta
    output: plasmid_prediction/ST1-20.tsv
    jobid: 32
    wildcards: sample=ST1-20

Activating conda environment: /home/icaro/WGCA/.snakemake/conda/352911ee
[Tue Aug 27 16:35:19 2019]
Finished job 32.
15 of 33 steps (45%) done

[Tue Aug 27 16:35:19 2019]
rule plasmid_prediction:
    input: data/samples/MP5-1.fasta
    output: plasmid_prediction/MP5-1.tsv
    jobid: 8
    wildcards: sample=MP5-1

Activating conda environment: /home/icaro/WGCA/.snakemake/conda/352911ee
[Tue Aug 27 16:35:20 2019]
Finished job 8.
16 of 33 steps (48%) done

[Tue Aug 27 16:35:20 2019]
rule plasmid_prediction:
    input: data/samples/MP1-1.fasta
    output: plasmid_prediction/MP1-1.tsv
    jobid: 20
    wildcards: sample=MP1-1

Activating conda environment: /home/icaro/WGCA/.snakemake/conda/352911ee
[Tue Aug 27 16:35:22 2019]
Finished job 20.
17 of 33 steps (52%) done

[Tue Aug 27 16:35:22 2019]
rule plasmid_prediction:
    input: data/samples/HT2-4.fasta
    output: plasmid_prediction/HT2-4.tsv
    jobid: 16
    wildcards: sample=HT2-4

Activating conda environment: /home/icaro/WGCA/.snakemake/conda/352911ee
[Tue Aug 27 16:35:23 2019]
Finished job 16.
18 of 33 steps (55%) done

[Tue Aug 27 16:35:23 2019]
rule plasmid_prediction:
    input: data/samples/WS1-5.fasta
    output: plasmid_prediction/WS1-5.tsv
    jobid: 11
    wildcards: sample=WS1-5

Activating conda environment: /home/icaro/WGCA/.snakemake/conda/352911ee
[Tue Aug 27 16:35:24 2019]
Finished job 11.
19 of 33 steps (58%) done

[Tue Aug 27 16:35:24 2019]
rule plasmid_prediction:
    input: data/samples/GT5-1.fasta
    output: plasmid_prediction/GT5-1.tsv
    jobid: 28
    wildcards: sample=GT5-1

Activating conda environment: /home/icaro/WGCA/.snakemake/conda/352911ee
[Tue Aug 27 16:35:26 2019]
Finished job 28.
20 of 33 steps (61%) done

[Tue Aug 27 16:35:26 2019]
rule plasmid_prediction:
    input: data/samples/D2.fasta
    output: plasmid_prediction/D2.tsv
    jobid: 17
    wildcards: sample=D2

Activating conda environment: /home/icaro/WGCA/.snakemake/conda/352911ee
[Tue Aug 27 16:35:27 2019]
Finished job 17.
21 of 33 steps (64%) done

[Tue Aug 27 16:35:27 2019]
rule plasmid_prediction:
    input: data/samples/RD1-1.fasta
    output: plasmid_prediction/RD1-1.tsv
    jobid: 30
    wildcards: sample=RD1-1

Activating conda environment: /home/icaro/WGCA/.snakemake/conda/352911ee
[Tue Aug 27 16:35:29 2019]
Finished job 30.
22 of 33 steps (67%) done

[Tue Aug 27 16:35:29 2019]
rule plasmid_prediction:
    input: data/samples/MP1-5.fasta
    output: plasmid_prediction/MP1-5.tsv
    jobid: 15
    wildcards: sample=MP1-5

Activating conda environment: /home/icaro/WGCA/.snakemake/conda/352911ee
[Tue Aug 27 16:35:30 2019]
Finished job 15.
23 of 33 steps (70%) done

[Tue Aug 27 16:35:30 2019]
rule plasmid_prediction:
    input: data/samples/HW1-1.fasta
    output: plasmid_prediction/HW1-1.tsv
    jobid: 31
    wildcards: sample=HW1-1

Activating conda environment: /home/icaro/WGCA/.snakemake/conda/352911ee
[Tue Aug 27 16:35:31 2019]
Finished job 31.
24 of 33 steps (73%) done

[Tue Aug 27 16:35:31 2019]
rule plasmid_prediction:
    input: data/samples/B9.fasta
    output: plasmid_prediction/B9.tsv
    jobid: 18
    wildcards: sample=B9

Activating conda environment: /home/icaro/WGCA/.snakemake/conda/352911ee
[Tue Aug 27 16:35:33 2019]
Finished job 18.
25 of 33 steps (76%) done

[Tue Aug 27 16:35:33 2019]
rule plasmid_prediction:
    input: data/samples/OG1RF.fasta
    output: plasmid_prediction/OG1RF.tsv
    jobid: 9
    wildcards: sample=OG1RF

Activating conda environment: /home/icaro/WGCA/.snakemake/conda/352911ee
[Tue Aug 27 16:35:34 2019]
Finished job 9.
26 of 33 steps (79%) done

[Tue Aug 27 16:35:34 2019]
rule plasmid_prediction:
    input: data/samples/MP2-6.fasta
    output: plasmid_prediction/MP2-6.tsv
    jobid: 3
    wildcards: sample=MP2-6

Activating conda environment: /home/icaro/WGCA/.snakemake/conda/352911ee
[Tue Aug 27 16:35:35 2019]
Finished job 3.
27 of 33 steps (82%) done

[Tue Aug 27 16:35:35 2019]
rule plasmid_prediction:
    input: data/samples/MP8-17.fasta
    output: plasmid_prediction/MP8-17.tsv
    jobid: 23
    wildcards: sample=MP8-17

Activating conda environment: /home/icaro/WGCA/.snakemake/conda/352911ee
[Tue Aug 27 16:35:37 2019]
Finished job 23.
28 of 33 steps (85%) done

[Tue Aug 27 16:35:37 2019]
rule plasmid_prediction:
    input: data/samples/HT1-12.fasta
    output: plasmid_prediction/HT1-12.tsv
    jobid: 13
    wildcards: sample=HT1-12

Activating conda environment: /home/icaro/WGCA/.snakemake/conda/352911ee
[Tue Aug 27 16:35:38 2019]
Finished job 13.
29 of 33 steps (88%) done

[Tue Aug 27 16:35:38 2019]
rule plasmid_prediction:
    input: data/samples/MP10-1.fasta
    output: plasmid_prediction/MP10-1.tsv
    jobid: 5
    wildcards: sample=MP10-1

Activating conda environment: /home/icaro/WGCA/.snakemake/conda/352911ee
[Tue Aug 27 16:35:39 2019]
Finished job 5.
30 of 33 steps (91%) done

[Tue Aug 27 16:35:39 2019]
rule plasmid_prediction:
    input: data/samples/MP1-4.fasta
    output: plasmid_prediction/MP1-4.tsv
    jobid: 26
    wildcards: sample=MP1-4

Activating conda environment: /home/icaro/WGCA/.snakemake/conda/352911ee
[Tue Aug 27 16:35:41 2019]
Finished job 26.
31 of 33 steps (94%) done

[Tue Aug 27 16:35:41 2019]
rule summarize_plasmid_prediction:
    input: plasmid_prediction/MP2-6.tsv, plasmid_prediction/MP7-18.tsv, plasmid_prediction/MP10-1.tsv, plasmid_prediction/J2.tsv, plasmid_prediction/C7.tsv, plasmid_prediction/MP5-1.tsv, plasmid_prediction/OG1RF.tsv, plasmid_prediction/GT3-2.tsv, plasmid_prediction/WS1-5.tsv, plasmid_prediction/GT4-4.tsv, plasmid_prediction/HT1-12.tsv, plasmid_prediction/MP9-10.tsv, plasmid_prediction/MP1-5.tsv, plasmid_prediction/HT2-4.tsv, plasmid_prediction/D2.tsv, plasmid_prediction/B9.tsv, plasmid_prediction/MP8-1.tsv, plasmid_prediction/MP1-1.tsv, plasmid_prediction/J4.tsv, plasmid_prediction/GT6-1.tsv, plasmid_prediction/MP8-17.tsv, plasmid_prediction/HT1-3.tsv, plasmid_prediction/MP1-2.tsv, plasmid_prediction/MP1-4.tsv, plasmid_prediction/DMW1-1.tsv, plasmid_prediction/GT5-1.tsv, plasmid_prediction/V583.tsv, plasmid_prediction/RD1-1.tsv, plasmid_prediction/HW1-1.tsv, plasmid_prediction/ST1-20.tsv, plasmid_prediction/L8.tsv
    output: plasmid_prediction/summary.tsv
    jobid: 1

[Tue Aug 27 16:35:41 2019]
Error in rule summarize_plasmid_prediction:
    jobid: 1
    output: plasmid_prediction/summary.tsv
    shell:
        abricate --summary plasmid_prediction/MP2-6.tsv plasmid_prediction/MP7-18.tsv plasmid_prediction/MP10-1.tsv plasmid_prediction/J2.tsv plasmid_prediction/C7.tsv plasmid_prediction/MP5-1.tsv plasmid_prediction/OG1RF.tsv plasmid_prediction/GT3-2.tsv plasmid_prediction/WS1-5.tsv plasmid_prediction/GT4-4.tsv plasmid_prediction/HT1-12.tsv plasmid_prediction/MP9-10.tsv plasmid_prediction/MP1-5.tsv plasmid_prediction/HT2-4.tsv plasmid_prediction/D2.tsv plasmid_prediction/B9.tsv plasmid_prediction/MP8-1.tsv plasmid_prediction/MP1-1.tsv plasmid_prediction/J4.tsv plasmid_prediction/GT6-1.tsv plasmid_prediction/MP8-17.tsv plasmid_prediction/HT1-3.tsv plasmid_prediction/MP1-2.tsv plasmid_prediction/MP1-4.tsv plasmid_prediction/DMW1-1.tsv plasmid_prediction/GT5-1.tsv plasmid_prediction/V583.tsv plasmid_prediction/RD1-1.tsv plasmid_prediction/HW1-1.tsv plasmid_prediction/ST1-20.tsv plasmid_prediction/L8.tsv > plasmid_prediction/summary.tsv
        (exited with non-zero exit code)

Removing output files of failed job summarize_plasmid_prediction since they might be corrupted:
plasmid_prediction/summary.tsv
Shutting down, this might take some time.
Exiting because a job execution failed. Look above for error message
Complete log: /home/icaro/WGCA/.snakemake/log/2019-08-27T163327.566479.snakemake.log
