Building DAG of jobs...
Using shell: /bin/bash
Provided cores: 1
Rules claiming more threads will be scaled down.
Job counts:
	count	jobs
	1	convert_gbk_to_seed
	1	prophage_prediction
	2

[Sat Sep  7 15:38:44 2019]
rule convert_gbk_to_seed:
    input: genome_annotation/OG1RF.gbk
    output: seeds/OG1RF
    jobid: 1
    wildcards: sample=OG1RF

Activating conda environment: /home/icaro/Documentos/WGCA/.snakemake/conda/697b79f6
[Sat Sep  7 15:38:47 2019]
Finished job 1.
1 of 2 steps (50%) done

[Sat Sep  7 15:38:47 2019]
rule prophage_prediction:
    input: seeds/OG1RF
    output: prophage_prediction/OG1RF/prophage.tbl, prophage_prediction/OG1RF/prophage_coordinates.tsv, prophage_prediction/OG1RF/prophage_tbl.tsv
    jobid: 0
    wildcards: sample=OG1RF

Activating conda environment: /home/icaro/Documentos/WGCA/.snakemake/conda/697b79f6
[Sat Sep  7 15:40:46 2019]
Finished job 0.
2 of 2 steps (100%) done
Complete log: /home/icaro/Documentos/WGCA/.snakemake/log/2019-09-07T153843.969481.snakemake.log
