Building DAG of jobs...
Using shell: /bin/bash
Provided cores: 1
Rules claiming more threads will be scaled down.
Job counts:
	count	jobs
	1	all
	1	summary_results
	2

[Thu Oct 10 11:42:02 2019]
rule summary_results:
    input: plasmid_prediction/summary.tsv, virulence_genes/summary.tsv, resistome_summary/RGI_heatmap, resistome_summary/MP2-6.txt, resistome_summary/MP7-18.txt, resistome_summary/MP10-1.txt, resistome_summary/J2.txt, resistome_summary/C7.txt, resistome_summary/MP5-1.txt, resistome_summary/OG1RF.txt, resistome_summary/GT3-2.txt, resistome_summary/WS1-5.txt, resistome_summary/GT4-4.txt, resistome_summary/HT1-12.txt, resistome_summary/MP9-10.txt, resistome_summary/MP1-5.txt, resistome_summary/HT2-4.txt, resistome_summary/D2.txt, resistome_summary/B9.txt, resistome_summary/MP8-1.txt, resistome_summary/MP1-1.txt, resistome_summary/J4.txt, resistome_summary/GT6-1.txt, resistome_summary/MP8-17.txt, resistome_summary/HT1-3.txt, resistome_summary/MP1-2.txt, resistome_summary/MP1-4.txt, resistome_summary/DMW1-1.txt, resistome_summary/GT5-1.txt, resistome_summary/V583.txt, resistome_summary/RD1-1.txt, resistome_summary/HW1-1.txt, resistome_summary/ST1-20.txt, resistome_summary/L8.txt, prophage_prediction/prophage_summary.tsv, genomic_islands/GI_summary.tsv
    output: WGCA_analysis_result/RGI_heatmap, WGCA_analysis_result/virulence_summary.tsv, WGCA_analysis_result/plasmid_summary.tsv, WGCA_analysis_result/RGI_heatmap-31.png, WGCA_analysis_result/MP2-6.tsv, WGCA_analysis_result/MP7-18.tsv, WGCA_analysis_result/MP10-1.tsv, WGCA_analysis_result/J2.tsv, WGCA_analysis_result/C7.tsv, WGCA_analysis_result/MP5-1.tsv, WGCA_analysis_result/OG1RF.tsv, WGCA_analysis_result/GT3-2.tsv, WGCA_analysis_result/WS1-5.tsv, WGCA_analysis_result/GT4-4.tsv, WGCA_analysis_result/HT1-12.tsv, WGCA_analysis_result/MP9-10.tsv, WGCA_analysis_result/MP1-5.tsv, WGCA_analysis_result/HT2-4.tsv, WGCA_analysis_result/D2.tsv, WGCA_analysis_result/B9.tsv, WGCA_analysis_result/MP8-1.tsv, WGCA_analysis_result/MP1-1.tsv, WGCA_analysis_result/J4.tsv, WGCA_analysis_result/GT6-1.tsv, WGCA_analysis_result/MP8-17.tsv, WGCA_analysis_result/HT1-3.tsv, WGCA_analysis_result/MP1-2.tsv, WGCA_analysis_result/MP1-4.tsv, WGCA_analysis_result/DMW1-1.tsv, WGCA_analysis_result/GT5-1.tsv, WGCA_analysis_result/V583.tsv, WGCA_analysis_result/RD1-1.tsv, WGCA_analysis_result/HW1-1.tsv, WGCA_analysis_result/ST1-20.tsv, WGCA_analysis_result/L8.tsv, jamira_integrative_results.zip, WGCA_analysis_result/prophage_summary.tsv, WGCA_analysis_result/GI_summary.tsv
    jobid: 1

[Thu Oct 10 11:42:06 2019]
Finished job 1.
1 of 2 steps (50%) done

[Thu Oct 10 11:42:06 2019]
localrule all:
    input: WGCA_analysis_result/plasmid_summary.tsv, WGCA_analysis_result/virulence_summary.tsv, WGCA_analysis_result/RGI_heatmap
    jobid: 0

[Thu Oct 10 11:42:06 2019]
Finished job 0.
2 of 2 steps (100%) done
Complete log: /home/icaro/Documentos/WGCA/.snakemake/log/2019-10-10T114202.211710.snakemake.log
