Building DAG of jobs...
Using shell: /bin/bash
Provided cores: 1
Rules claiming more threads will be scaled down.
Job counts:
	count	jobs
	1	all
	1	generate_resistome_heatmap
	30	genome_annotation
	31	genomic_island_prediction
	29	plasmid_prediction
	29	resistome_prediction
	1	summarize_plasmid_prediction
	1	summarize_virulence
	1	summary_results
	29	virulence_identification
	153

[Thu Sep  5 22:30:22 2019]
rule genomic_island_prediction:
    input: genome_annotation/HT1-3.gbk
    output: genomic_islands/HT1-3_GI.gff3
    jobid: 26
    wildcards: sample=HT1-3

Activating conda environment: /home/icaro/Documentos/WGCA/.snakemake/conda/8cd2193e
[Thu Sep  5 22:30:49 2019]
Finished job 26.
1 of 153 steps (0.65%) done

[Thu Sep  5 22:30:49 2019]
rule genome_annotation:
    input: data/samples/L8.fasta
    output: genome_annotation/L8.gbk
    jobid: 159
    wildcards: sample=L8

Activating conda environment: /home/icaro/Documentos/WGCA/.snakemake/conda/349eb0fd
[Thu Sep  5 22:33:13 2019]
Finished job 159.
2 of 153 steps (1%) done

[Thu Sep  5 22:33:13 2019]
rule genomic_island_prediction:
    input: genome_annotation/L8.gbk
    output: genomic_islands/L8_GI.gff3
    jobid: 35
    wildcards: sample=L8

Activating conda environment: /home/icaro/Documentos/WGCA/.snakemake/conda/8cd2193e
[Thu Sep  5 22:33:44 2019]
Finished job 35.
3 of 153 steps (2%) done

[Thu Sep  5 22:33:44 2019]
rule genome_annotation:
    input: data/samples/J2.fasta
    output: genome_annotation/J2.gbk
    jobid: 132
    wildcards: sample=J2

Activating conda environment: /home/icaro/Documentos/WGCA/.snakemake/conda/349eb0fd
[Thu Sep  5 22:35:55 2019]
Finished job 132.
4 of 153 steps (3%) done

[Thu Sep  5 22:35:55 2019]
rule genomic_island_prediction:
    input: genome_annotation/J2.gbk
    output: genomic_islands/J2_GI.gff3
    jobid: 8
    wildcards: sample=J2

Activating conda environment: /home/icaro/Documentos/WGCA/.snakemake/conda/8cd2193e
[Thu Sep  5 22:36:19 2019]
Finished job 8.
5 of 153 steps (3%) done

[Thu Sep  5 22:36:19 2019]
rule plasmid_prediction:
    input: data/samples/J2.fasta
    output: plasmid_prediction/J2.tsv
    jobid: 39
    wildcards: sample=J2

Activating conda environment: /home/icaro/Documentos/WGCA/.snakemake/conda/f4ce689f
[Thu Sep  5 22:36:21 2019]
Finished job 39.
6 of 153 steps (4%) done

[Thu Sep  5 22:36:21 2019]
rule virulence_identification:
    input: data/samples/J2.fasta
    output: virulence_genes/J2.tsv
    jobid: 70
    wildcards: sample=J2

Activating conda environment: /home/icaro/Documentos/WGCA/.snakemake/conda/f4ce689f
[Thu Sep  5 22:36:26 2019]
Finished job 70.
7 of 153 steps (5%) done

[Thu Sep  5 22:36:26 2019]
rule resistome_prediction:
    input: data/samples/J2.fasta
    output: resistome_prediction/J2
    jobid: 101
    wildcards: sample=J2

[Thu Sep  5 22:38:48 2019]
Finished job 101.
8 of 153 steps (5%) done

[Thu Sep  5 22:38:48 2019]
rule genome_annotation:
    input: data/samples/J4.fasta
    output: genome_annotation/J4.gbk
    jobid: 147
    wildcards: sample=J4

Activating conda environment: /home/icaro/Documentos/WGCA/.snakemake/conda/349eb0fd
[Thu Sep  5 22:41:04 2019]
Finished job 147.
9 of 153 steps (6%) done

[Thu Sep  5 22:41:04 2019]
rule genomic_island_prediction:
    input: genome_annotation/J4.gbk
    output: genomic_islands/J4_GI.gff3
    jobid: 23
    wildcards: sample=J4

Activating conda environment: /home/icaro/Documentos/WGCA/.snakemake/conda/8cd2193e
[Thu Sep  5 22:41:31 2019]
Finished job 23.
10 of 153 steps (7%) done

[Thu Sep  5 22:41:31 2019]
rule plasmid_prediction:
    input: data/samples/J4.fasta
    output: plasmid_prediction/J4.tsv
    jobid: 54
    wildcards: sample=J4

Activating conda environment: /home/icaro/Documentos/WGCA/.snakemake/conda/f4ce689f
[Thu Sep  5 22:41:33 2019]
Finished job 54.
11 of 153 steps (7%) done

[Thu Sep  5 22:41:33 2019]
rule virulence_identification:
    input: data/samples/J4.fasta
    output: virulence_genes/J4.tsv
    jobid: 85
    wildcards: sample=J4

Activating conda environment: /home/icaro/Documentos/WGCA/.snakemake/conda/f4ce689f
[Thu Sep  5 22:41:39 2019]
Finished job 85.
12 of 153 steps (8%) done

[Thu Sep  5 22:41:39 2019]
rule resistome_prediction:
    input: data/samples/J4.fasta
    output: resistome_prediction/J4
    jobid: 116
    wildcards: sample=J4

[Thu Sep  5 22:44:11 2019]
Finished job 116.
13 of 153 steps (8%) done

[Thu Sep  5 22:44:11 2019]
rule resistome_prediction:
    input: data/samples/V583.fasta
    output: resistome_prediction/V583
    jobid: 124
    wildcards: sample=V583

[Thu Sep  5 22:46:19 2019]
Finished job 124.
14 of 153 steps (9%) done

[Thu Sep  5 22:46:19 2019]
rule virulence_identification:
    input: data/samples/V583.fasta
    output: virulence_genes/V583.tsv
    jobid: 93
    wildcards: sample=V583

Activating conda environment: /home/icaro/Documentos/WGCA/.snakemake/conda/f4ce689f
[Thu Sep  5 22:46:26 2019]
Finished job 93.
15 of 153 steps (10%) done

[Thu Sep  5 22:46:26 2019]
rule plasmid_prediction:
    input: data/samples/V583.fasta
    output: plasmid_prediction/V583.tsv
    jobid: 62
    wildcards: sample=V583

Activating conda environment: /home/icaro/Documentos/WGCA/.snakemake/conda/f4ce689f
[Thu Sep  5 22:46:27 2019]
Finished job 62.
16 of 153 steps (10%) done

[Thu Sep  5 22:46:27 2019]
rule genome_annotation:
    input: data/samples/V583.fasta
    output: genome_annotation/V583.gbk
    jobid: 155
    wildcards: sample=V583

Activating conda environment: /home/icaro/Documentos/WGCA/.snakemake/conda/349eb0fd
[Thu Sep  5 22:48:47 2019]
Finished job 155.
17 of 153 steps (11%) done

[Thu Sep  5 22:48:47 2019]
rule genomic_island_prediction:
    input: genome_annotation/V583.gbk
    output: genomic_islands/V583_GI.gff3
    jobid: 31
    wildcards: sample=V583

Activating conda environment: /home/icaro/Documentos/WGCA/.snakemake/conda/8cd2193e
[Thu Sep  5 22:49:13 2019]
Finished job 31.
18 of 153 steps (12%) done

[Thu Sep  5 22:49:13 2019]
rule resistome_prediction:
    input: data/samples/MP7-18.fasta
    output: resistome_prediction/MP7-18
    jobid: 99
    wildcards: sample=MP7-18

[Thu Sep  5 22:51:13 2019]
Finished job 99.
19 of 153 steps (12%) done

[Thu Sep  5 22:51:13 2019]
rule virulence_identification:
    input: data/samples/MP7-18.fasta
    output: virulence_genes/MP7-18.tsv
    jobid: 68
    wildcards: sample=MP7-18

Activating conda environment: /home/icaro/Documentos/WGCA/.snakemake/conda/f4ce689f
[Thu Sep  5 22:51:19 2019]
Finished job 68.
20 of 153 steps (13%) done

[Thu Sep  5 22:51:19 2019]
rule genome_annotation:
    input: data/samples/MP7-18.fasta
    output: genome_annotation/MP7-18.gbk
    jobid: 130
    wildcards: sample=MP7-18

Activating conda environment: /home/icaro/Documentos/WGCA/.snakemake/conda/349eb0fd
[Thu Sep  5 22:53:04 2019]
Finished job 130.
21 of 153 steps (14%) done

[Thu Sep  5 22:53:04 2019]
rule genomic_island_prediction:
    input: genome_annotation/MP7-18.gbk
    output: genomic_islands/MP7-18_GI.gff3
    jobid: 6
    wildcards: sample=MP7-18

Activating conda environment: /home/icaro/Documentos/WGCA/.snakemake/conda/8cd2193e
[Thu Sep  5 22:53:26 2019]
Finished job 6.
22 of 153 steps (14%) done

[Thu Sep  5 22:53:26 2019]
rule plasmid_prediction:
    input: data/samples/MP7-18.fasta
    output: plasmid_prediction/MP7-18.tsv
    jobid: 37
    wildcards: sample=MP7-18

Activating conda environment: /home/icaro/Documentos/WGCA/.snakemake/conda/f4ce689f
[Thu Sep  5 22:53:28 2019]
Finished job 37.
23 of 153 steps (15%) done

[Thu Sep  5 22:53:28 2019]
rule virulence_identification:
    input: data/samples/GT6-1.fasta
    output: virulence_genes/GT6-1.tsv
    jobid: 86
    wildcards: sample=GT6-1

Activating conda environment: /home/icaro/Documentos/WGCA/.snakemake/conda/f4ce689f
[Thu Sep  5 22:53:34 2019]
Finished job 86.
24 of 153 steps (16%) done

[Thu Sep  5 22:53:34 2019]
rule resistome_prediction:
    input: data/samples/GT6-1.fasta
    output: resistome_prediction/GT6-1
    jobid: 117
    wildcards: sample=GT6-1

[Thu Sep  5 22:55:30 2019]
Finished job 117.
25 of 153 steps (16%) done

[Thu Sep  5 22:55:30 2019]
rule genome_annotation:
    input: data/samples/GT6-1.fasta
    output: genome_annotation/GT6-1.gbk
    jobid: 148
    wildcards: sample=GT6-1

Activating conda environment: /home/icaro/Documentos/WGCA/.snakemake/conda/349eb0fd
[Thu Sep  5 22:57:09 2019]
Finished job 148.
26 of 153 steps (17%) done

[Thu Sep  5 22:57:09 2019]
rule genomic_island_prediction:
    input: genome_annotation/GT6-1.gbk
    output: genomic_islands/GT6-1_GI.gff3
    jobid: 24
    wildcards: sample=GT6-1

Activating conda environment: /home/icaro/Documentos/WGCA/.snakemake/conda/8cd2193e
[Thu Sep  5 22:57:31 2019]
Finished job 24.
27 of 153 steps (18%) done

[Thu Sep  5 22:57:31 2019]
rule plasmid_prediction:
    input: data/samples/GT6-1.fasta
    output: plasmid_prediction/GT6-1.tsv
    jobid: 55
    wildcards: sample=GT6-1

Activating conda environment: /home/icaro/Documentos/WGCA/.snakemake/conda/f4ce689f
[Thu Sep  5 22:57:33 2019]
Finished job 55.
28 of 153 steps (18%) done

[Thu Sep  5 22:57:33 2019]
rule plasmid_prediction:
    input: data/samples/C7.fasta
    output: plasmid_prediction/C7.tsv
    jobid: 40
    wildcards: sample=C7

Activating conda environment: /home/icaro/Documentos/WGCA/.snakemake/conda/f4ce689f
[Thu Sep  5 22:57:35 2019]
Finished job 40.
29 of 153 steps (19%) done

[Thu Sep  5 22:57:35 2019]
rule genome_annotation:
    input: data/samples/C7.fasta
    output: genome_annotation/C7.gbk
    jobid: 133
    wildcards: sample=C7

Activating conda environment: /home/icaro/Documentos/WGCA/.snakemake/conda/349eb0fd
[Thu Sep  5 22:59:04 2019]
Finished job 133.
30 of 153 steps (20%) done

[Thu Sep  5 22:59:04 2019]
rule genomic_island_prediction:
    input: genome_annotation/C7.gbk
    output: genomic_islands/C7_GI.gff3
    jobid: 9
    wildcards: sample=C7

Activating conda environment: /home/icaro/Documentos/WGCA/.snakemake/conda/8cd2193e
[Thu Sep  5 22:59:26 2019]
Finished job 9.
31 of 153 steps (20%) done

[Thu Sep  5 22:59:26 2019]
rule resistome_prediction:
    input: data/samples/C7.fasta
    output: resistome_prediction/C7
    jobid: 102
    wildcards: sample=C7

[Thu Sep  5 23:01:07 2019]
Finished job 102.
32 of 153 steps (21%) done

[Thu Sep  5 23:01:07 2019]
rule virulence_identification:
    input: data/samples/C7.fasta
    output: virulence_genes/C7.tsv
    jobid: 71
    wildcards: sample=C7

Activating conda environment: /home/icaro/Documentos/WGCA/.snakemake/conda/f4ce689f
[Thu Sep  5 23:01:13 2019]
Finished job 71.
33 of 153 steps (22%) done

[Thu Sep  5 23:01:13 2019]
rule resistome_prediction:
    input: data/samples/GT3-2.fasta
    output: resistome_prediction/GT3-2
    jobid: 105
    wildcards: sample=GT3-2

[Thu Sep  5 23:03:03 2019]
Finished job 105.
34 of 153 steps (22%) done

[Thu Sep  5 23:03:03 2019]
rule virulence_identification:
    input: data/samples/GT3-2.fasta
    output: virulence_genes/GT3-2.tsv
    jobid: 74
    wildcards: sample=GT3-2

Activating conda environment: /home/icaro/Documentos/WGCA/.snakemake/conda/f4ce689f
[Thu Sep  5 23:03:09 2019]
Finished job 74.
35 of 153 steps (23%) done

[Thu Sep  5 23:03:09 2019]
rule plasmid_prediction:
    input: data/samples/GT3-2.fasta
    output: plasmid_prediction/GT3-2.tsv
    jobid: 43
    wildcards: sample=GT3-2

Activating conda environment: /home/icaro/Documentos/WGCA/.snakemake/conda/f4ce689f
[Thu Sep  5 23:03:11 2019]
Finished job 43.
36 of 153 steps (24%) done

[Thu Sep  5 23:03:11 2019]
rule genome_annotation:
    input: data/samples/GT3-2.fasta
    output: genome_annotation/GT3-2.gbk
    jobid: 136
    wildcards: sample=GT3-2

Activating conda environment: /home/icaro/Documentos/WGCA/.snakemake/conda/349eb0fd
[Thu Sep  5 23:04:49 2019]
Finished job 136.
37 of 153 steps (24%) done

[Thu Sep  5 23:04:49 2019]
rule genomic_island_prediction:
    input: genome_annotation/GT3-2.gbk
    output: genomic_islands/GT3-2_GI.gff3
    jobid: 12
    wildcards: sample=GT3-2

Activating conda environment: /home/icaro/Documentos/WGCA/.snakemake/conda/8cd2193e
[Thu Sep  5 23:05:10 2019]
Finished job 12.
38 of 153 steps (25%) done

[Thu Sep  5 23:05:10 2019]
rule virulence_identification:
    input: data/samples/DMW1-1.fasta
    output: virulence_genes/DMW1-1.tsv
    jobid: 91
    wildcards: sample=DMW1-1

Activating conda environment: /home/icaro/Documentos/WGCA/.snakemake/conda/f4ce689f
[Thu Sep  5 23:05:15 2019]
Finished job 91.
39 of 153 steps (25%) done

[Thu Sep  5 23:05:15 2019]
rule resistome_prediction:
    input: data/samples/DMW1-1.fasta
    output: resistome_prediction/DMW1-1
    jobid: 122
    wildcards: sample=DMW1-1

[Thu Sep  5 23:07:10 2019]
Finished job 122.
40 of 153 steps (26%) done

[Thu Sep  5 23:07:10 2019]
rule plasmid_prediction:
    input: data/samples/DMW1-1.fasta
    output: plasmid_prediction/DMW1-1.tsv
    jobid: 60
    wildcards: sample=DMW1-1

Activating conda environment: /home/icaro/Documentos/WGCA/.snakemake/conda/f4ce689f
[Thu Sep  5 23:07:12 2019]
Finished job 60.
41 of 153 steps (27%) done

[Thu Sep  5 23:07:12 2019]
rule genome_annotation:
    input: data/samples/DMW1-1.fasta
    output: genome_annotation/DMW1-1.gbk
    jobid: 153
    wildcards: sample=DMW1-1

Activating conda environment: /home/icaro/Documentos/WGCA/.snakemake/conda/349eb0fd
[Thu Sep  5 23:08:53 2019]
Finished job 153.
42 of 153 steps (27%) done

[Thu Sep  5 23:08:53 2019]
rule genomic_island_prediction:
    input: genome_annotation/DMW1-1.gbk
    output: genomic_islands/DMW1-1_GI.gff3
    jobid: 29
    wildcards: sample=DMW1-1

Activating conda environment: /home/icaro/Documentos/WGCA/.snakemake/conda/8cd2193e
[Thu Sep  5 23:09:14 2019]
Finished job 29.
43 of 153 steps (28%) done

[Thu Sep  5 23:09:14 2019]
rule resistome_prediction:
    input: data/samples/MP1-2.fasta
    output: resistome_prediction/MP1-2
    jobid: 120
    wildcards: sample=MP1-2

[Thu Sep  5 23:11:00 2019]
Finished job 120.
44 of 153 steps (29%) done

[Thu Sep  5 23:11:00 2019]
rule virulence_identification:
    input: data/samples/MP1-2.fasta
    output: virulence_genes/MP1-2.tsv
    jobid: 89
    wildcards: sample=MP1-2

Activating conda environment: /home/icaro/Documentos/WGCA/.snakemake/conda/f4ce689f
[Thu Sep  5 23:11:05 2019]
Finished job 89.
45 of 153 steps (29%) done

[Thu Sep  5 23:11:05 2019]
rule genome_annotation:
    input: data/samples/MP1-2.fasta
    output: genome_annotation/MP1-2.gbk
    jobid: 151
    wildcards: sample=MP1-2

Activating conda environment: /home/icaro/Documentos/WGCA/.snakemake/conda/349eb0fd
[Thu Sep  5 23:12:35 2019]
Finished job 151.
46 of 153 steps (30%) done

[Thu Sep  5 23:12:35 2019]
rule genomic_island_prediction:
    input: genome_annotation/MP1-2.gbk
    output: genomic_islands/MP1-2_GI.gff3
    jobid: 27
    wildcards: sample=MP1-2

Activating conda environment: /home/icaro/Documentos/WGCA/.snakemake/conda/8cd2193e
[Thu Sep  5 23:12:55 2019]
Finished job 27.
47 of 153 steps (31%) done

[Thu Sep  5 23:12:55 2019]
rule plasmid_prediction:
    input: data/samples/MP1-2.fasta
    output: plasmid_prediction/MP1-2.tsv
    jobid: 58
    wildcards: sample=MP1-2

Activating conda environment: /home/icaro/Documentos/WGCA/.snakemake/conda/f4ce689f
[Thu Sep  5 23:12:56 2019]
Finished job 58.
48 of 153 steps (31%) done

[Thu Sep  5 23:12:56 2019]
rule virulence_identification:
    input: data/samples/MP8-1.fasta
    output: virulence_genes/MP8-1.tsv
    jobid: 83
    wildcards: sample=MP8-1

Activating conda environment: /home/icaro/Documentos/WGCA/.snakemake/conda/f4ce689f
[Thu Sep  5 23:13:02 2019]
Finished job 83.
49 of 153 steps (32%) done

[Thu Sep  5 23:13:02 2019]
rule resistome_prediction:
    input: data/samples/MP8-1.fasta
    output: resistome_prediction/MP8-1
    jobid: 114
    wildcards: sample=MP8-1

[Thu Sep  5 23:15:03 2019]
Finished job 114.
50 of 153 steps (33%) done

[Thu Sep  5 23:15:03 2019]
rule genome_annotation:
    input: data/samples/MP8-1.fasta
    output: genome_annotation/MP8-1.gbk
    jobid: 145
    wildcards: sample=MP8-1

Activating conda environment: /home/icaro/Documentos/WGCA/.snakemake/conda/349eb0fd
[Thu Sep  5 23:16:47 2019]
Finished job 145.
51 of 153 steps (33%) done

[Thu Sep  5 23:16:47 2019]
rule genomic_island_prediction:
    input: genome_annotation/MP8-1.gbk
    output: genomic_islands/MP8-1_GI.gff3
    jobid: 21
    wildcards: sample=MP8-1

Activating conda environment: /home/icaro/Documentos/WGCA/.snakemake/conda/8cd2193e
[Thu Sep  5 23:17:09 2019]
Finished job 21.
52 of 153 steps (34%) done

[Thu Sep  5 23:17:09 2019]
rule plasmid_prediction:
    input: data/samples/MP8-1.fasta
    output: plasmid_prediction/MP8-1.tsv
    jobid: 52
    wildcards: sample=MP8-1

Activating conda environment: /home/icaro/Documentos/WGCA/.snakemake/conda/f4ce689f
[Thu Sep  5 23:17:10 2019]
Finished job 52.
53 of 153 steps (35%) done

[Thu Sep  5 23:17:10 2019]
rule resistome_prediction:
    input: data/samples/GT4-4.fasta
    output: resistome_prediction/GT4-4
    jobid: 107
    wildcards: sample=GT4-4

[Thu Sep  5 23:18:58 2019]
Finished job 107.
54 of 153 steps (35%) done

[Thu Sep  5 23:18:58 2019]
rule virulence_identification:
    input: data/samples/GT4-4.fasta
    output: virulence_genes/GT4-4.tsv
    jobid: 76
    wildcards: sample=GT4-4

Activating conda environment: /home/icaro/Documentos/WGCA/.snakemake/conda/f4ce689f
[Thu Sep  5 23:19:03 2019]
Finished job 76.
55 of 153 steps (36%) done

[Thu Sep  5 23:19:03 2019]
rule genome_annotation:
    input: data/samples/GT4-4.fasta
    output: genome_annotation/GT4-4.gbk
    jobid: 138
    wildcards: sample=GT4-4

Activating conda environment: /home/icaro/Documentos/WGCA/.snakemake/conda/349eb0fd
[Thu Sep  5 23:20:41 2019]
Finished job 138.
56 of 153 steps (37%) done

[Thu Sep  5 23:20:41 2019]
rule genomic_island_prediction:
    input: genome_annotation/GT4-4.gbk
    output: genomic_islands/GT4-4_GI.gff3
    jobid: 14
    wildcards: sample=GT4-4

Activating conda environment: /home/icaro/Documentos/WGCA/.snakemake/conda/8cd2193e
[Thu Sep  5 23:21:02 2019]
Finished job 14.
57 of 153 steps (37%) done

[Thu Sep  5 23:21:02 2019]
rule plasmid_prediction:
    input: data/samples/GT4-4.fasta
    output: plasmid_prediction/GT4-4.tsv
    jobid: 45
    wildcards: sample=GT4-4

Activating conda environment: /home/icaro/Documentos/WGCA/.snakemake/conda/f4ce689f
[Thu Sep  5 23:21:04 2019]
Finished job 45.
58 of 153 steps (38%) done

[Thu Sep  5 23:21:04 2019]
rule genome_annotation:
    input: data/samples/MP9-10.fasta
    output: genome_annotation/MP9-10.gbk
    jobid: 140
    wildcards: sample=MP9-10

Activating conda environment: /home/icaro/Documentos/WGCA/.snakemake/conda/349eb0fd
[Thu Sep  5 23:22:42 2019]
Finished job 140.
59 of 153 steps (39%) done

[Thu Sep  5 23:22:42 2019]
rule genomic_island_prediction:
    input: genome_annotation/MP9-10.gbk
    output: genomic_islands/MP9-10_GI.gff3
    jobid: 16
    wildcards: sample=MP9-10

Activating conda environment: /home/icaro/Documentos/WGCA/.snakemake/conda/8cd2193e
[Thu Sep  5 23:23:03 2019]
Finished job 16.
60 of 153 steps (39%) done

[Thu Sep  5 23:23:03 2019]
rule plasmid_prediction:
    input: data/samples/MP9-10.fasta
    output: plasmid_prediction/MP9-10.tsv
    jobid: 47
    wildcards: sample=MP9-10

Activating conda environment: /home/icaro/Documentos/WGCA/.snakemake/conda/f4ce689f
[Thu Sep  5 23:23:05 2019]
Finished job 47.
61 of 153 steps (40%) done

[Thu Sep  5 23:23:05 2019]
rule virulence_identification:
    input: data/samples/MP9-10.fasta
    output: virulence_genes/MP9-10.tsv
    jobid: 78
    wildcards: sample=MP9-10

Activating conda environment: /home/icaro/Documentos/WGCA/.snakemake/conda/f4ce689f
[Thu Sep  5 23:23:10 2019]
Finished job 78.
62 of 153 steps (41%) done

[Thu Sep  5 23:23:10 2019]
rule resistome_prediction:
    input: data/samples/MP9-10.fasta
    output: resistome_prediction/MP9-10
    jobid: 109
    wildcards: sample=MP9-10

[Thu Sep  5 23:25:04 2019]
Finished job 109.
63 of 153 steps (41%) done

[Thu Sep  5 23:25:04 2019]
rule virulence_identification:
    input: data/samples/ST1-20.fasta
    output: virulence_genes/ST1-20.tsv
    jobid: 96
    wildcards: sample=ST1-20

Activating conda environment: /home/icaro/Documentos/WGCA/.snakemake/conda/f4ce689f
[Thu Sep  5 23:25:10 2019]
Finished job 96.
64 of 153 steps (42%) done

[Thu Sep  5 23:25:10 2019]
rule resistome_prediction:
    input: data/samples/ST1-20.fasta
    output: resistome_prediction/ST1-20
    jobid: 127
    wildcards: sample=ST1-20

[Thu Sep  5 23:26:59 2019]
Finished job 127.
65 of 153 steps (42%) done

[Thu Sep  5 23:26:59 2019]
rule plasmid_prediction:
    input: data/samples/ST1-20.fasta
    output: plasmid_prediction/ST1-20.tsv
    jobid: 65
    wildcards: sample=ST1-20

Activating conda environment: /home/icaro/Documentos/WGCA/.snakemake/conda/f4ce689f
[Thu Sep  5 23:27:01 2019]
Finished job 65.
66 of 153 steps (43%) done

[Thu Sep  5 23:27:01 2019]
rule genome_annotation:
    input: data/samples/ST1-20.fasta
    output: genome_annotation/ST1-20.gbk
    jobid: 158
    wildcards: sample=ST1-20

Activating conda environment: /home/icaro/Documentos/WGCA/.snakemake/conda/349eb0fd
[Thu Sep  5 23:28:40 2019]
Finished job 158.
67 of 153 steps (44%) done

[Thu Sep  5 23:28:40 2019]
rule genomic_island_prediction:
    input: genome_annotation/ST1-20.gbk
    output: genomic_islands/ST1-20_GI.gff3
    jobid: 34
    wildcards: sample=ST1-20

Activating conda environment: /home/icaro/Documentos/WGCA/.snakemake/conda/8cd2193e
[Thu Sep  5 23:29:02 2019]
Finished job 34.
68 of 153 steps (44%) done

[Thu Sep  5 23:29:02 2019]
rule virulence_identification:
    input: data/samples/MP5-1.fasta
    output: virulence_genes/MP5-1.tsv
    jobid: 72
    wildcards: sample=MP5-1

Activating conda environment: /home/icaro/Documentos/WGCA/.snakemake/conda/f4ce689f
[Thu Sep  5 23:29:08 2019]
Finished job 72.
69 of 153 steps (45%) done

[Thu Sep  5 23:29:08 2019]
rule resistome_prediction:
    input: data/samples/MP5-1.fasta
    output: resistome_prediction/MP5-1
    jobid: 103
    wildcards: sample=MP5-1

[Thu Sep  5 23:31:08 2019]
Finished job 103.
70 of 153 steps (46%) done

[Thu Sep  5 23:31:08 2019]
rule plasmid_prediction:
    input: data/samples/MP5-1.fasta
    output: plasmid_prediction/MP5-1.tsv
    jobid: 41
    wildcards: sample=MP5-1

Activating conda environment: /home/icaro/Documentos/WGCA/.snakemake/conda/f4ce689f
[Thu Sep  5 23:31:09 2019]
Finished job 41.
71 of 153 steps (46%) done

[Thu Sep  5 23:31:09 2019]
rule genome_annotation:
    input: data/samples/MP5-1.fasta
    output: genome_annotation/MP5-1.gbk
    jobid: 134
    wildcards: sample=MP5-1

Activating conda environment: /home/icaro/Documentos/WGCA/.snakemake/conda/349eb0fd
[Thu Sep  5 23:32:53 2019]
Finished job 134.
72 of 153 steps (47%) done

[Thu Sep  5 23:32:53 2019]
rule genomic_island_prediction:
    input: genome_annotation/MP5-1.gbk
    output: genomic_islands/MP5-1_GI.gff3
    jobid: 10
    wildcards: sample=MP5-1

Activating conda environment: /home/icaro/Documentos/WGCA/.snakemake/conda/8cd2193e
[Thu Sep  5 23:33:15 2019]
Finished job 10.
73 of 153 steps (48%) done

[Thu Sep  5 23:33:15 2019]
rule genome_annotation:
    input: data/samples/MP1-1.fasta
    output: genome_annotation/MP1-1.gbk
    jobid: 146
    wildcards: sample=MP1-1

Activating conda environment: /home/icaro/Documentos/WGCA/.snakemake/conda/349eb0fd
[Thu Sep  5 23:34:42 2019]
Finished job 146.
74 of 153 steps (48%) done

[Thu Sep  5 23:34:42 2019]
rule genomic_island_prediction:
    input: genome_annotation/MP1-1.gbk
    output: genomic_islands/MP1-1_GI.gff3
    jobid: 22
    wildcards: sample=MP1-1

Activating conda environment: /home/icaro/Documentos/WGCA/.snakemake/conda/8cd2193e
[Thu Sep  5 23:35:01 2019]
Finished job 22.
75 of 153 steps (49%) done

[Thu Sep  5 23:35:01 2019]
rule plasmid_prediction:
    input: data/samples/MP1-1.fasta
    output: plasmid_prediction/MP1-1.tsv
    jobid: 53
    wildcards: sample=MP1-1

Activating conda environment: /home/icaro/Documentos/WGCA/.snakemake/conda/f4ce689f
[Thu Sep  5 23:35:03 2019]
Finished job 53.
76 of 153 steps (50%) done

[Thu Sep  5 23:35:03 2019]
rule resistome_prediction:
    input: data/samples/MP1-1.fasta
    output: resistome_prediction/MP1-1
    jobid: 115
    wildcards: sample=MP1-1

[Thu Sep  5 23:36:48 2019]
Finished job 115.
77 of 153 steps (50%) done

[Thu Sep  5 23:36:48 2019]
rule virulence_identification:
    input: data/samples/MP1-1.fasta
    output: virulence_genes/MP1-1.tsv
    jobid: 84
    wildcards: sample=MP1-1

Activating conda environment: /home/icaro/Documentos/WGCA/.snakemake/conda/f4ce689f
[Thu Sep  5 23:36:54 2019]
Finished job 84.
78 of 153 steps (51%) done

[Thu Sep  5 23:36:54 2019]
rule genome_annotation:
    input: data/samples/HT2-4.fasta
    output: genome_annotation/HT2-4.gbk
    jobid: 142
    wildcards: sample=HT2-4

Activating conda environment: /home/icaro/Documentos/WGCA/.snakemake/conda/349eb0fd
[Thu Sep  5 23:38:27 2019]
Finished job 142.
79 of 153 steps (52%) done

[Thu Sep  5 23:38:27 2019]
rule genomic_island_prediction:
    input: genome_annotation/HT2-4.gbk
    output: genomic_islands/HT2-4_GI.gff3
    jobid: 18
    wildcards: sample=HT2-4

Activating conda environment: /home/icaro/Documentos/WGCA/.snakemake/conda/8cd2193e
[Thu Sep  5 23:38:47 2019]
Finished job 18.
80 of 153 steps (52%) done

[Thu Sep  5 23:38:47 2019]
rule plasmid_prediction:
    input: data/samples/HT2-4.fasta
    output: plasmid_prediction/HT2-4.tsv
    jobid: 49
    wildcards: sample=HT2-4

Activating conda environment: /home/icaro/Documentos/WGCA/.snakemake/conda/f4ce689f
[Thu Sep  5 23:38:49 2019]
Finished job 49.
81 of 153 steps (53%) done

[Thu Sep  5 23:38:49 2019]
rule virulence_identification:
    input: data/samples/HT2-4.fasta
    output: virulence_genes/HT2-4.tsv
    jobid: 80
    wildcards: sample=HT2-4

Activating conda environment: /home/icaro/Documentos/WGCA/.snakemake/conda/f4ce689f
[Thu Sep  5 23:38:54 2019]
Finished job 80.
82 of 153 steps (54%) done

[Thu Sep  5 23:38:54 2019]
rule resistome_prediction:
    input: data/samples/HT2-4.fasta
    output: resistome_prediction/HT2-4
    jobid: 111
    wildcards: sample=HT2-4

[Thu Sep  5 23:40:42 2019]
Finished job 111.
83 of 153 steps (54%) done

[Thu Sep  5 23:40:42 2019]
rule virulence_identification:
    input: data/samples/WS1-5.fasta
    output: virulence_genes/WS1-5.tsv
    jobid: 75
    wildcards: sample=WS1-5

Activating conda environment: /home/icaro/Documentos/WGCA/.snakemake/conda/f4ce689f
[Thu Sep  5 23:40:48 2019]
Finished job 75.
84 of 153 steps (55%) done

[Thu Sep  5 23:40:48 2019]
rule resistome_prediction:
    input: data/samples/WS1-5.fasta
    output: resistome_prediction/WS1-5
    jobid: 106
    wildcards: sample=WS1-5

[Thu Sep  5 23:42:36 2019]
Finished job 106.
85 of 153 steps (56%) done

[Thu Sep  5 23:42:36 2019]
rule genome_annotation:
    input: data/samples/WS1-5.fasta
    output: genome_annotation/WS1-5.gbk
    jobid: 137
    wildcards: sample=WS1-5

Activating conda environment: /home/icaro/Documentos/WGCA/.snakemake/conda/349eb0fd
[Thu Sep  5 23:44:07 2019]
Finished job 137.
86 of 153 steps (56%) done

[Thu Sep  5 23:44:07 2019]
rule genomic_island_prediction:
    input: genome_annotation/WS1-5.gbk
    output: genomic_islands/WS1-5_GI.gff3
    jobid: 13
    wildcards: sample=WS1-5

Activating conda environment: /home/icaro/Documentos/WGCA/.snakemake/conda/8cd2193e
[Thu Sep  5 23:44:28 2019]
Finished job 13.
87 of 153 steps (57%) done

[Thu Sep  5 23:44:28 2019]
rule plasmid_prediction:
    input: data/samples/WS1-5.fasta
    output: plasmid_prediction/WS1-5.tsv
    jobid: 44
    wildcards: sample=WS1-5

Activating conda environment: /home/icaro/Documentos/WGCA/.snakemake/conda/f4ce689f
[Thu Sep  5 23:44:30 2019]
Finished job 44.
88 of 153 steps (58%) done

[Thu Sep  5 23:44:30 2019]
rule genome_annotation:
    input: data/samples/GT5-1.fasta
    output: genome_annotation/GT5-1.gbk
    jobid: 154
    wildcards: sample=GT5-1

Activating conda environment: /home/icaro/Documentos/WGCA/.snakemake/conda/349eb0fd
[Thu Sep  5 23:46:00 2019]
Finished job 154.
89 of 153 steps (58%) done

[Thu Sep  5 23:46:00 2019]
rule genomic_island_prediction:
    input: genome_annotation/GT5-1.gbk
    output: genomic_islands/GT5-1_GI.gff3
    jobid: 30
    wildcards: sample=GT5-1

Activating conda environment: /home/icaro/Documentos/WGCA/.snakemake/conda/8cd2193e
[Thu Sep  5 23:46:20 2019]
Finished job 30.
90 of 153 steps (59%) done

[Thu Sep  5 23:46:20 2019]
rule plasmid_prediction:
    input: data/samples/GT5-1.fasta
    output: plasmid_prediction/GT5-1.tsv
    jobid: 61
    wildcards: sample=GT5-1

Activating conda environment: /home/icaro/Documentos/WGCA/.snakemake/conda/f4ce689f
[Thu Sep  5 23:46:22 2019]
Finished job 61.
91 of 153 steps (59%) done

[Thu Sep  5 23:46:22 2019]
rule resistome_prediction:
    input: data/samples/GT5-1.fasta
    output: resistome_prediction/GT5-1
    jobid: 123
    wildcards: sample=GT5-1

[Thu Sep  5 23:48:06 2019]
Finished job 123.
92 of 153 steps (60%) done

[Thu Sep  5 23:48:06 2019]
rule virulence_identification:
    input: data/samples/GT5-1.fasta
    output: virulence_genes/GT5-1.tsv
    jobid: 92
    wildcards: sample=GT5-1

Activating conda environment: /home/icaro/Documentos/WGCA/.snakemake/conda/f4ce689f
[Thu Sep  5 23:48:11 2019]
Finished job 92.
93 of 153 steps (61%) done

[Thu Sep  5 23:48:11 2019]
rule resistome_prediction:
    input: data/samples/D2.fasta
    output: resistome_prediction/D2
    jobid: 112
    wildcards: sample=D2

[Thu Sep  5 23:50:01 2019]
Finished job 112.
94 of 153 steps (61%) done

[Thu Sep  5 23:50:01 2019]
rule virulence_identification:
    input: data/samples/D2.fasta
    output: virulence_genes/D2.tsv
    jobid: 81
    wildcards: sample=D2

Activating conda environment: /home/icaro/Documentos/WGCA/.snakemake/conda/f4ce689f
[Thu Sep  5 23:50:06 2019]
Finished job 81.
95 of 153 steps (62%) done

[Thu Sep  5 23:50:06 2019]
rule plasmid_prediction:
    input: data/samples/D2.fasta
    output: plasmid_prediction/D2.tsv
    jobid: 50
    wildcards: sample=D2

Activating conda environment: /home/icaro/Documentos/WGCA/.snakemake/conda/f4ce689f
[Thu Sep  5 23:50:08 2019]
Finished job 50.
96 of 153 steps (63%) done

[Thu Sep  5 23:50:08 2019]
rule genome_annotation:
    input: data/samples/D2.fasta
    output: genome_annotation/D2.gbk
    jobid: 143
    wildcards: sample=D2

Activating conda environment: /home/icaro/Documentos/WGCA/.snakemake/conda/349eb0fd
[Thu Sep  5 23:51:39 2019]
Finished job 143.
97 of 153 steps (63%) done

[Thu Sep  5 23:51:39 2019]
rule genomic_island_prediction:
    input: genome_annotation/D2.gbk
    output: genomic_islands/D2_GI.gff3
    jobid: 19
    wildcards: sample=D2

Activating conda environment: /home/icaro/Documentos/WGCA/.snakemake/conda/8cd2193e
[Thu Sep  5 23:52:00 2019]
Finished job 19.
98 of 153 steps (64%) done

[Thu Sep  5 23:52:00 2019]
rule plasmid_prediction:
    input: data/samples/RD1-1.fasta
    output: plasmid_prediction/RD1-1.tsv
    jobid: 63
    wildcards: sample=RD1-1

Activating conda environment: /home/icaro/Documentos/WGCA/.snakemake/conda/f4ce689f
[Thu Sep  5 23:52:01 2019]
Finished job 63.
99 of 153 steps (65%) done

[Thu Sep  5 23:52:01 2019]
rule genome_annotation:
    input: data/samples/RD1-1.fasta
    output: genome_annotation/RD1-1.gbk
    jobid: 156
    wildcards: sample=RD1-1

Activating conda environment: /home/icaro/Documentos/WGCA/.snakemake/conda/349eb0fd
[Thu Sep  5 23:53:29 2019]
Finished job 156.
100 of 153 steps (65%) done

[Thu Sep  5 23:53:29 2019]
rule genomic_island_prediction:
    input: genome_annotation/RD1-1.gbk
    output: genomic_islands/RD1-1_GI.gff3
    jobid: 32
    wildcards: sample=RD1-1

Activating conda environment: /home/icaro/Documentos/WGCA/.snakemake/conda/8cd2193e
[Thu Sep  5 23:53:48 2019]
Finished job 32.
101 of 153 steps (66%) done

[Thu Sep  5 23:53:48 2019]
rule virulence_identification:
    input: data/samples/RD1-1.fasta
    output: virulence_genes/RD1-1.tsv
    jobid: 94
    wildcards: sample=RD1-1

Activating conda environment: /home/icaro/Documentos/WGCA/.snakemake/conda/f4ce689f
[Thu Sep  5 23:53:53 2019]
Finished job 94.
102 of 153 steps (67%) done

[Thu Sep  5 23:53:53 2019]
rule resistome_prediction:
    input: data/samples/RD1-1.fasta
    output: resistome_prediction/RD1-1
    jobid: 125
    wildcards: sample=RD1-1

[Thu Sep  5 23:55:35 2019]
Finished job 125.
103 of 153 steps (67%) done

[Thu Sep  5 23:55:35 2019]
rule plasmid_prediction:
    input: data/samples/MP1-5.fasta
    output: plasmid_prediction/MP1-5.tsv
    jobid: 48
    wildcards: sample=MP1-5

Activating conda environment: /home/icaro/Documentos/WGCA/.snakemake/conda/f4ce689f
[Thu Sep  5 23:55:36 2019]
Finished job 48.
104 of 153 steps (68%) done

[Thu Sep  5 23:55:36 2019]
rule genome_annotation:
    input: data/samples/MP1-5.fasta
    output: genome_annotation/MP1-5.gbk
    jobid: 141
    wildcards: sample=MP1-5

Activating conda environment: /home/icaro/Documentos/WGCA/.snakemake/conda/349eb0fd
[Thu Sep  5 23:57:02 2019]
Finished job 141.
105 of 153 steps (69%) done

[Thu Sep  5 23:57:02 2019]
rule genomic_island_prediction:
    input: genome_annotation/MP1-5.gbk
    output: genomic_islands/MP1-5_GI.gff3
    jobid: 17
    wildcards: sample=MP1-5

Activating conda environment: /home/icaro/Documentos/WGCA/.snakemake/conda/8cd2193e
[Thu Sep  5 23:57:22 2019]
Finished job 17.
106 of 153 steps (69%) done

[Thu Sep  5 23:57:22 2019]
rule resistome_prediction:
    input: data/samples/MP1-5.fasta
    output: resistome_prediction/MP1-5
    jobid: 110
    wildcards: sample=MP1-5

[Thu Sep  5 23:59:08 2019]
Finished job 110.
107 of 153 steps (70%) done

[Thu Sep  5 23:59:08 2019]
rule virulence_identification:
    input: data/samples/MP1-5.fasta
    output: virulence_genes/MP1-5.tsv
    jobid: 79
    wildcards: sample=MP1-5

Activating conda environment: /home/icaro/Documentos/WGCA/.snakemake/conda/f4ce689f
[Thu Sep  5 23:59:14 2019]
Finished job 79.
108 of 153 steps (71%) done

[Thu Sep  5 23:59:14 2019]
rule plasmid_prediction:
    input: data/samples/HW1-1.fasta
    output: plasmid_prediction/HW1-1.tsv
    jobid: 64
    wildcards: sample=HW1-1

Activating conda environment: /home/icaro/Documentos/WGCA/.snakemake/conda/f4ce689f
[Thu Sep  5 23:59:15 2019]
Finished job 64.
109 of 153 steps (71%) done

[Thu Sep  5 23:59:15 2019]
rule genome_annotation:
    input: data/samples/HW1-1.fasta
    output: genome_annotation/HW1-1.gbk
    jobid: 157
    wildcards: sample=HW1-1

Activating conda environment: /home/icaro/Documentos/WGCA/.snakemake/conda/349eb0fd
[Fri Sep  6 00:00:41 2019]
Finished job 157.
110 of 153 steps (72%) done

[Fri Sep  6 00:00:41 2019]
rule genomic_island_prediction:
    input: genome_annotation/HW1-1.gbk
    output: genomic_islands/HW1-1_GI.gff3
    jobid: 33
    wildcards: sample=HW1-1

Activating conda environment: /home/icaro/Documentos/WGCA/.snakemake/conda/8cd2193e
[Fri Sep  6 00:01:02 2019]
Finished job 33.
111 of 153 steps (73%) done

[Fri Sep  6 00:01:02 2019]
rule resistome_prediction:
    input: data/samples/HW1-1.fasta
    output: resistome_prediction/HW1-1
    jobid: 126
    wildcards: sample=HW1-1

[Fri Sep  6 00:02:47 2019]
Finished job 126.
112 of 153 steps (73%) done

[Fri Sep  6 00:02:47 2019]
rule virulence_identification:
    input: data/samples/HW1-1.fasta
    output: virulence_genes/HW1-1.tsv
    jobid: 95
    wildcards: sample=HW1-1

Activating conda environment: /home/icaro/Documentos/WGCA/.snakemake/conda/f4ce689f
[Fri Sep  6 00:02:53 2019]
Finished job 95.
113 of 153 steps (74%) done

[Fri Sep  6 00:02:53 2019]
rule plasmid_prediction:
    input: data/samples/B9.fasta
    output: plasmid_prediction/B9.tsv
    jobid: 51
    wildcards: sample=B9

Activating conda environment: /home/icaro/Documentos/WGCA/.snakemake/conda/f4ce689f
[Fri Sep  6 00:02:54 2019]
Finished job 51.
114 of 153 steps (75%) done

[Fri Sep  6 00:02:54 2019]
rule genome_annotation:
    input: data/samples/B9.fasta
    output: genome_annotation/B9.gbk
    jobid: 144
    wildcards: sample=B9

Activating conda environment: /home/icaro/Documentos/WGCA/.snakemake/conda/349eb0fd
[Fri Sep  6 00:04:19 2019]
Finished job 144.
115 of 153 steps (75%) done

[Fri Sep  6 00:04:19 2019]
rule genomic_island_prediction:
    input: genome_annotation/B9.gbk
    output: genomic_islands/B9_GI.gff3
    jobid: 20
    wildcards: sample=B9

Activating conda environment: /home/icaro/Documentos/WGCA/.snakemake/conda/8cd2193e
[Fri Sep  6 00:04:38 2019]
Finished job 20.
116 of 153 steps (76%) done

[Fri Sep  6 00:04:38 2019]
rule resistome_prediction:
    input: data/samples/B9.fasta
    output: resistome_prediction/B9
    jobid: 113
    wildcards: sample=B9

[Fri Sep  6 00:06:25 2019]
Finished job 113.
117 of 153 steps (76%) done

[Fri Sep  6 00:06:25 2019]
rule virulence_identification:
    input: data/samples/B9.fasta
    output: virulence_genes/B9.tsv
    jobid: 82
    wildcards: sample=B9

Activating conda environment: /home/icaro/Documentos/WGCA/.snakemake/conda/f4ce689f
[Fri Sep  6 00:06:30 2019]
Finished job 82.
118 of 153 steps (77%) done

[Fri Sep  6 00:06:30 2019]
rule genome_annotation:
    input: data/samples/OG1RF.fasta
    output: genome_annotation/OG1RF.gbk
    jobid: 135
    wildcards: sample=OG1RF

Activating conda environment: /home/icaro/Documentos/WGCA/.snakemake/conda/349eb0fd
[Fri Sep  6 00:08:00 2019]
Finished job 135.
119 of 153 steps (78%) done

[Fri Sep  6 00:08:00 2019]
rule genomic_island_prediction:
    input: genome_annotation/OG1RF.gbk
    output: genomic_islands/OG1RF_GI.gff3
    jobid: 11
    wildcards: sample=OG1RF

Activating conda environment: /home/icaro/Documentos/WGCA/.snakemake/conda/8cd2193e
[Fri Sep  6 00:08:20 2019]
Finished job 11.
120 of 153 steps (78%) done

[Fri Sep  6 00:08:20 2019]
rule plasmid_prediction:
    input: data/samples/OG1RF.fasta
    output: plasmid_prediction/OG1RF.tsv
    jobid: 42
    wildcards: sample=OG1RF

Activating conda environment: /home/icaro/Documentos/WGCA/.snakemake/conda/f4ce689f
[Fri Sep  6 00:08:21 2019]
Finished job 42.
121 of 153 steps (79%) done

[Fri Sep  6 00:08:21 2019]
rule virulence_identification:
    input: data/samples/OG1RF.fasta
    output: virulence_genes/OG1RF.tsv
    jobid: 73
    wildcards: sample=OG1RF

Activating conda environment: /home/icaro/Documentos/WGCA/.snakemake/conda/f4ce689f
[Fri Sep  6 00:08:26 2019]
Finished job 73.
122 of 153 steps (80%) done

[Fri Sep  6 00:08:26 2019]
rule resistome_prediction:
    input: data/samples/OG1RF.fasta
    output: resistome_prediction/OG1RF
    jobid: 104
    wildcards: sample=OG1RF

[Fri Sep  6 00:10:05 2019]
Finished job 104.
123 of 153 steps (80%) done

[Fri Sep  6 00:10:05 2019]
rule virulence_identification:
    input: data/samples/MP2-6.fasta
    output: virulence_genes/MP2-6.tsv
    jobid: 67
    wildcards: sample=MP2-6

Activating conda environment: /home/icaro/Documentos/WGCA/.snakemake/conda/f4ce689f
[Fri Sep  6 00:10:10 2019]
Finished job 67.
124 of 153 steps (81%) done

[Fri Sep  6 00:10:10 2019]
rule resistome_prediction:
    input: data/samples/MP2-6.fasta
    output: resistome_prediction/MP2-6
    jobid: 98
    wildcards: sample=MP2-6

[Fri Sep  6 00:11:56 2019]
Finished job 98.
125 of 153 steps (82%) done

[Fri Sep  6 00:11:56 2019]
rule plasmid_prediction:
    input: data/samples/MP2-6.fasta
    output: plasmid_prediction/MP2-6.tsv
    jobid: 36
    wildcards: sample=MP2-6

Activating conda environment: /home/icaro/Documentos/WGCA/.snakemake/conda/f4ce689f
[Fri Sep  6 00:11:58 2019]
Finished job 36.
126 of 153 steps (82%) done

[Fri Sep  6 00:11:58 2019]
rule genome_annotation:
    input: data/samples/MP2-6.fasta
    output: genome_annotation/MP2-6.gbk
    jobid: 129
    wildcards: sample=MP2-6

Activating conda environment: /home/icaro/Documentos/WGCA/.snakemake/conda/349eb0fd
[Fri Sep  6 00:13:25 2019]
Finished job 129.
127 of 153 steps (83%) done

[Fri Sep  6 00:13:25 2019]
rule genomic_island_prediction:
    input: genome_annotation/MP2-6.gbk
    output: genomic_islands/MP2-6_GI.gff3
    jobid: 5
    wildcards: sample=MP2-6

Activating conda environment: /home/icaro/Documentos/WGCA/.snakemake/conda/8cd2193e
[Fri Sep  6 00:13:45 2019]
Finished job 5.
128 of 153 steps (84%) done

[Fri Sep  6 00:13:45 2019]
rule resistome_prediction:
    input: data/samples/MP8-17.fasta
    output: resistome_prediction/MP8-17
    jobid: 118
    wildcards: sample=MP8-17

[Fri Sep  6 00:15:35 2019]
Finished job 118.
129 of 153 steps (84%) done

[Fri Sep  6 00:15:35 2019]
rule virulence_identification:
    input: data/samples/MP8-17.fasta
    output: virulence_genes/MP8-17.tsv
    jobid: 87
    wildcards: sample=MP8-17

Activating conda environment: /home/icaro/Documentos/WGCA/.snakemake/conda/f4ce689f
[Fri Sep  6 00:15:40 2019]
Finished job 87.
130 of 153 steps (85%) done

[Fri Sep  6 00:15:40 2019]
rule genome_annotation:
    input: data/samples/MP8-17.fasta
    output: genome_annotation/MP8-17.gbk
    jobid: 149
    wildcards: sample=MP8-17

Activating conda environment: /home/icaro/Documentos/WGCA/.snakemake/conda/349eb0fd
[Fri Sep  6 00:17:06 2019]
Finished job 149.
131 of 153 steps (86%) done

[Fri Sep  6 00:17:06 2019]
rule genomic_island_prediction:
    input: genome_annotation/MP8-17.gbk
    output: genomic_islands/MP8-17_GI.gff3
    jobid: 25
    wildcards: sample=MP8-17

Activating conda environment: /home/icaro/Documentos/WGCA/.snakemake/conda/8cd2193e
[Fri Sep  6 00:17:27 2019]
Finished job 25.
132 of 153 steps (86%) done

[Fri Sep  6 00:17:27 2019]
rule plasmid_prediction:
    input: data/samples/MP8-17.fasta
    output: plasmid_prediction/MP8-17.tsv
    jobid: 56
    wildcards: sample=MP8-17

Activating conda environment: /home/icaro/Documentos/WGCA/.snakemake/conda/f4ce689f
[Fri Sep  6 00:17:29 2019]
Finished job 56.
133 of 153 steps (87%) done

[Fri Sep  6 00:17:29 2019]
rule resistome_prediction:
    input: data/samples/HT1-12.fasta
    output: resistome_prediction/HT1-12
    jobid: 108
    wildcards: sample=HT1-12

[Fri Sep  6 00:19:10 2019]
Finished job 108.
134 of 153 steps (88%) done

[Fri Sep  6 00:19:11 2019]
rule virulence_identification:
    input: data/samples/HT1-12.fasta
    output: virulence_genes/HT1-12.tsv
    jobid: 77
    wildcards: sample=HT1-12

Activating conda environment: /home/icaro/Documentos/WGCA/.snakemake/conda/f4ce689f
[Fri Sep  6 00:19:16 2019]
Finished job 77.
135 of 153 steps (88%) done

[Fri Sep  6 00:19:16 2019]
rule genome_annotation:
    input: data/samples/HT1-12.fasta
    output: genome_annotation/HT1-12.gbk
    jobid: 139
    wildcards: sample=HT1-12

Activating conda environment: /home/icaro/Documentos/WGCA/.snakemake/conda/349eb0fd
[Fri Sep  6 00:20:37 2019]
Finished job 139.
136 of 153 steps (89%) done

[Fri Sep  6 00:20:37 2019]
rule genomic_island_prediction:
    input: genome_annotation/HT1-12.gbk
    output: genomic_islands/HT1-12_GI.gff3
    jobid: 15
    wildcards: sample=HT1-12

Activating conda environment: /home/icaro/Documentos/WGCA/.snakemake/conda/8cd2193e
[Fri Sep  6 00:20:55 2019]
Finished job 15.
137 of 153 steps (90%) done

[Fri Sep  6 00:20:55 2019]
rule plasmid_prediction:
    input: data/samples/HT1-12.fasta
    output: plasmid_prediction/HT1-12.tsv
    jobid: 46
    wildcards: sample=HT1-12

Activating conda environment: /home/icaro/Documentos/WGCA/.snakemake/conda/f4ce689f
[Fri Sep  6 00:20:57 2019]
Finished job 46.
138 of 153 steps (90%) done

[Fri Sep  6 00:20:57 2019]
rule virulence_identification:
    input: data/samples/MP10-1.fasta
    output: virulence_genes/MP10-1.tsv
    jobid: 69
    wildcards: sample=MP10-1

Activating conda environment: /home/icaro/Documentos/WGCA/.snakemake/conda/f4ce689f
[Fri Sep  6 00:21:02 2019]
Finished job 69.
139 of 153 steps (91%) done

[Fri Sep  6 00:21:02 2019]
rule resistome_prediction:
    input: data/samples/MP10-1.fasta
    output: resistome_prediction/MP10-1
    jobid: 100
    wildcards: sample=MP10-1

[Fri Sep  6 00:22:44 2019]
Finished job 100.
140 of 153 steps (92%) done

[Fri Sep  6 00:22:44 2019]
rule plasmid_prediction:
    input: data/samples/MP10-1.fasta
    output: plasmid_prediction/MP10-1.tsv
    jobid: 38
    wildcards: sample=MP10-1

Activating conda environment: /home/icaro/Documentos/WGCA/.snakemake/conda/f4ce689f
[Fri Sep  6 00:22:45 2019]
Finished job 38.
141 of 153 steps (92%) done

[Fri Sep  6 00:22:45 2019]
rule genome_annotation:
    input: data/samples/MP10-1.fasta
    output: genome_annotation/MP10-1.gbk
    jobid: 131
    wildcards: sample=MP10-1

Activating conda environment: /home/icaro/Documentos/WGCA/.snakemake/conda/349eb0fd
[Fri Sep  6 00:23:49 2019]
Finished job 131.
142 of 153 steps (93%) done

[Fri Sep  6 00:23:49 2019]
rule genomic_island_prediction:
    input: genome_annotation/MP10-1.gbk
    output: genomic_islands/MP10-1_GI.gff3
    jobid: 7
    wildcards: sample=MP10-1

Activating conda environment: /home/icaro/Documentos/WGCA/.snakemake/conda/8cd2193e
[Fri Sep  6 00:24:08 2019]
Finished job 7.
143 of 153 steps (93%) done

[Fri Sep  6 00:24:08 2019]
rule plasmid_prediction:
    input: data/samples/MP1-4.fasta
    output: plasmid_prediction/MP1-4.tsv
    jobid: 59
    wildcards: sample=MP1-4

Activating conda environment: /home/icaro/Documentos/WGCA/.snakemake/conda/f4ce689f
[Fri Sep  6 00:24:09 2019]
Finished job 59.
144 of 153 steps (94%) done

[Fri Sep  6 00:24:09 2019]
rule genome_annotation:
    input: data/samples/MP1-4.fasta
    output: genome_annotation/MP1-4.gbk
    jobid: 152
    wildcards: sample=MP1-4

Activating conda environment: /home/icaro/Documentos/WGCA/.snakemake/conda/349eb0fd
[Fri Sep  6 00:25:16 2019]
Finished job 152.
145 of 153 steps (95%) done

[Fri Sep  6 00:25:16 2019]
rule genomic_island_prediction:
    input: genome_annotation/MP1-4.gbk
    output: genomic_islands/MP1-4_GI.gff3
    jobid: 28
    wildcards: sample=MP1-4

Activating conda environment: /home/icaro/Documentos/WGCA/.snakemake/conda/8cd2193e
[Fri Sep  6 00:25:34 2019]
Finished job 28.
146 of 153 steps (95%) done

[Fri Sep  6 00:25:34 2019]
rule resistome_prediction:
    input: data/samples/MP1-4.fasta
    output: resistome_prediction/MP1-4
    jobid: 121
    wildcards: sample=MP1-4

[Fri Sep  6 00:27:14 2019]
Finished job 121.
147 of 153 steps (96%) done

[Fri Sep  6 00:27:14 2019]
rule virulence_identification:
    input: data/samples/MP1-4.fasta
    output: virulence_genes/MP1-4.tsv
    jobid: 90
    wildcards: sample=MP1-4

Activating conda environment: /home/icaro/Documentos/WGCA/.snakemake/conda/f4ce689f
[Fri Sep  6 00:27:19 2019]
Finished job 90.
148 of 153 steps (97%) done

[Fri Sep  6 00:27:19 2019]
rule generate_resistome_heatmap:
    input: resistome_prediction/MP2-6, resistome_prediction/MP7-18, resistome_prediction/MP10-1, resistome_prediction/J2, resistome_prediction/C7, resistome_prediction/MP5-1, resistome_prediction/OG1RF, resistome_prediction/GT3-2, resistome_prediction/WS1-5, resistome_prediction/GT4-4, resistome_prediction/HT1-12, resistome_prediction/MP9-10, resistome_prediction/MP1-5, resistome_prediction/HT2-4, resistome_prediction/D2, resistome_prediction/B9, resistome_prediction/MP8-1, resistome_prediction/MP1-1, resistome_prediction/J4, resistome_prediction/GT6-1, resistome_prediction/MP8-17, resistome_prediction/HT1-3, resistome_prediction/MP1-2, resistome_prediction/MP1-4, resistome_prediction/DMW1-1, resistome_prediction/GT5-1, resistome_prediction/V583, resistome_prediction/RD1-1, resistome_prediction/HW1-1, resistome_prediction/ST1-20, resistome_prediction/L8, resistome_summary/
    output: resistome_summary/RGI_heatmap
    jobid: 4

[Fri Sep  6 00:27:34 2019]
Finished job 4.
149 of 153 steps (97%) done

[Fri Sep  6 00:27:34 2019]
rule summarize_virulence:
    input: virulence_genes/MP2-6.tsv, virulence_genes/MP7-18.tsv, virulence_genes/MP10-1.tsv, virulence_genes/J2.tsv, virulence_genes/C7.tsv, virulence_genes/MP5-1.tsv, virulence_genes/OG1RF.tsv, virulence_genes/GT3-2.tsv, virulence_genes/WS1-5.tsv, virulence_genes/GT4-4.tsv, virulence_genes/HT1-12.tsv, virulence_genes/MP9-10.tsv, virulence_genes/MP1-5.tsv, virulence_genes/HT2-4.tsv, virulence_genes/D2.tsv, virulence_genes/B9.tsv, virulence_genes/MP8-1.tsv, virulence_genes/MP1-1.tsv, virulence_genes/J4.tsv, virulence_genes/GT6-1.tsv, virulence_genes/MP8-17.tsv, virulence_genes/HT1-3.tsv, virulence_genes/MP1-2.tsv, virulence_genes/MP1-4.tsv, virulence_genes/DMW1-1.tsv, virulence_genes/GT5-1.tsv, virulence_genes/V583.tsv, virulence_genes/RD1-1.tsv, virulence_genes/HW1-1.tsv, virulence_genes/ST1-20.tsv, virulence_genes/L8.tsv
    output: virulence_genes/summary.tsv
    jobid: 3

Activating conda environment: /home/icaro/Documentos/WGCA/.snakemake/conda/f4ce689f
[Fri Sep  6 00:27:35 2019]
Finished job 3.
150 of 153 steps (98%) done

[Fri Sep  6 00:27:35 2019]
rule summarize_plasmid_prediction:
    input: plasmid_prediction/MP2-6.tsv, plasmid_prediction/MP7-18.tsv, plasmid_prediction/MP10-1.tsv, plasmid_prediction/J2.tsv, plasmid_prediction/C7.tsv, plasmid_prediction/MP5-1.tsv, plasmid_prediction/OG1RF.tsv, plasmid_prediction/GT3-2.tsv, plasmid_prediction/WS1-5.tsv, plasmid_prediction/GT4-4.tsv, plasmid_prediction/HT1-12.tsv, plasmid_prediction/MP9-10.tsv, plasmid_prediction/MP1-5.tsv, plasmid_prediction/HT2-4.tsv, plasmid_prediction/D2.tsv, plasmid_prediction/B9.tsv, plasmid_prediction/MP8-1.tsv, plasmid_prediction/MP1-1.tsv, plasmid_prediction/J4.tsv, plasmid_prediction/GT6-1.tsv, plasmid_prediction/MP8-17.tsv, plasmid_prediction/HT1-3.tsv, plasmid_prediction/MP1-2.tsv, plasmid_prediction/MP1-4.tsv, plasmid_prediction/DMW1-1.tsv, plasmid_prediction/GT5-1.tsv, plasmid_prediction/V583.tsv, plasmid_prediction/RD1-1.tsv, plasmid_prediction/HW1-1.tsv, plasmid_prediction/ST1-20.tsv, plasmid_prediction/L8.tsv
    output: plasmid_prediction/summary.tsv
    jobid: 2

Activating conda environment: /home/icaro/Documentos/WGCA/.snakemake/conda/f4ce689f
[Fri Sep  6 00:27:36 2019]
Finished job 2.
151 of 153 steps (99%) done

[Fri Sep  6 00:27:36 2019]
rule summary_results:
    input: plasmid_prediction/summary.tsv, virulence_genes/summary.tsv, resistome_summary/RGI_heatmap, genomic_islands/MP2-6_GI.gff3, genomic_islands/MP7-18_GI.gff3, genomic_islands/MP10-1_GI.gff3, genomic_islands/J2_GI.gff3, genomic_islands/C7_GI.gff3, genomic_islands/MP5-1_GI.gff3, genomic_islands/OG1RF_GI.gff3, genomic_islands/GT3-2_GI.gff3, genomic_islands/WS1-5_GI.gff3, genomic_islands/GT4-4_GI.gff3, genomic_islands/HT1-12_GI.gff3, genomic_islands/MP9-10_GI.gff3, genomic_islands/MP1-5_GI.gff3, genomic_islands/HT2-4_GI.gff3, genomic_islands/D2_GI.gff3, genomic_islands/B9_GI.gff3, genomic_islands/MP8-1_GI.gff3, genomic_islands/MP1-1_GI.gff3, genomic_islands/J4_GI.gff3, genomic_islands/GT6-1_GI.gff3, genomic_islands/MP8-17_GI.gff3, genomic_islands/HT1-3_GI.gff3, genomic_islands/MP1-2_GI.gff3, genomic_islands/MP1-4_GI.gff3, genomic_islands/DMW1-1_GI.gff3, genomic_islands/GT5-1_GI.gff3, genomic_islands/V583_GI.gff3, genomic_islands/RD1-1_GI.gff3, genomic_islands/HW1-1_GI.gff3, genomic_islands/ST1-20_GI.gff3, genomic_islands/L8_GI.gff3
    output: WGCA_analysis_result/RGI_heatmap, WGCA_analysis_result/virulence_summary.tsv, WGCA_analysis_result/plasmid_summary.tsv, WGCA_analysis_result/RGI_heatmap-31.png
    jobid: 1

Removing output files of failed job summary_results since they might be corrupted:
WGCA_analysis_result/RGI_heatmap-31.png
Shutting down, this might take some time.
Exiting because a job execution failed. Look above for error message
Complete log: /home/icaro/Documentos/WGCA/.snakemake/log/2019-09-05T223022.358057.snakemake.log
