Building DAG of jobs...
Creating conda environment envs/abricate.yaml...
Downloading remote packages.
Environment for envs/abricate.yaml created (location: .snakemake/conda/f4ce689f)
Using shell: /bin/bash
Provided cores: 4
Rules claiming more threads will be scaled down.
Job counts:
	count	jobs
	1	all
	1	generate_resistome_heatmap
	4	plasmid_prediction
	4	resistome_prediction
	1	summarize_plasmid_prediction
	1	summarize_virulence
	1	summary_results
	4	virulence_identification
	17

[Mon Sep  2 01:35:45 2019]
rule plasmid_prediction:
    input: data/samples/DMW1-1.fasta
    output: plasmid_prediction/DMW1-1.tsv
    jobid: 8
    wildcards: sample=DMW1-1

abricate --minid=60 --mincov=90 --db=plasmidfinder data/samples/DMW1-1.fasta > plasmid_prediction/DMW1-1.tsv

[Mon Sep  2 01:35:45 2019]
rule resistome_prediction:
    input: data/samples/C7.fasta
    output: resistome_prediction/C7
    jobid: 13
    wildcards: sample=C7

docker run -v $PWD:/data -t quay.io/biocontainers/rgi:4.2.2--py35ha92aebf_1 rgi main -i data/data/samples/C7.fasta -o data/resistome_prediction/C7 -t contig --clean --debug > resistome_prediction/C7

[Mon Sep  2 01:35:45 2019]
rule plasmid_prediction:
    input: data/samples/C7.fasta
    output: plasmid_prediction/C7.tsv
    jobid: 5
    wildcards: sample=C7

abricate --minid=60 --mincov=90 --db=plasmidfinder data/samples/C7.fasta > plasmid_prediction/C7.tsv

[Mon Sep  2 01:35:45 2019]
rule virulence_identification:
    input: data/samples/C7.fasta
    output: virulence_genes/C7.tsv
    jobid: 9
    wildcards: sample=C7

abricate --minid=90 --mincov=60 --db=vfdb data/samples/C7.fasta > virulence_genes/C7.tsv
Activating conda environment: /home/icaro/Documentos/WGCA/.snakemake/conda/f4ce689f
Activating conda environment: /home/icaro/Documentos/WGCA/.snakemake/conda/f4ce689f
Activating conda environment: /home/icaro/Documentos/WGCA/.snakemake/conda/f4ce689f
[Mon Sep  2 01:35:49 2019]
Finished job 5.
1 of 17 steps (6%) done

[Mon Sep  2 01:35:49 2019]
rule virulence_identification:
    input: data/samples/DMW1-1.fasta
    output: virulence_genes/DMW1-1.tsv
    jobid: 12
    wildcards: sample=DMW1-1

abricate --minid=90 --mincov=60 --db=vfdb data/samples/DMW1-1.fasta > virulence_genes/DMW1-1.tsv
[Mon Sep  2 01:35:49 2019]
Finished job 8.
2 of 17 steps (12%) done

[Mon Sep  2 01:35:49 2019]
rule resistome_prediction:
    input: data/samples/DMW1-1.fasta
    output: resistome_prediction/DMW1-1
    jobid: 16
    wildcards: sample=DMW1-1

docker run -v $PWD:/data -t quay.io/biocontainers/rgi:4.2.2--py35ha92aebf_1 rgi main -i data/data/samples/DMW1-1.fasta -o data/resistome_prediction/DMW1-1 -t contig --clean --debug > resistome_prediction/DMW1-1
Activating conda environment: /home/icaro/Documentos/WGCA/.snakemake/conda/f4ce689f
[Mon Sep  2 01:35:53 2019]
Finished job 9.
3 of 17 steps (18%) done

[Mon Sep  2 01:35:53 2019]
rule virulence_identification:
    input: data/samples/D2.fasta
    output: virulence_genes/D2.tsv
    jobid: 10
    wildcards: sample=D2

abricate --minid=90 --mincov=60 --db=vfdb data/samples/D2.fasta > virulence_genes/D2.tsv
Activating conda environment: /home/icaro/Documentos/WGCA/.snakemake/conda/f4ce689f
[Mon Sep  2 01:35:55 2019]
Finished job 12.
4 of 17 steps (24%) done

[Mon Sep  2 01:35:55 2019]
rule plasmid_prediction:
    input: data/samples/D2.fasta
    output: plasmid_prediction/D2.tsv
    jobid: 6
    wildcards: sample=D2

abricate --minid=60 --mincov=90 --db=plasmidfinder data/samples/D2.fasta > plasmid_prediction/D2.tsv
Activating conda environment: /home/icaro/Documentos/WGCA/.snakemake/conda/f4ce689f
[Mon Sep  2 01:35:57 2019]
Finished job 6.
5 of 17 steps (29%) done

[Mon Sep  2 01:35:57 2019]
rule resistome_prediction:
    input: data/samples/D2.fasta
    output: resistome_prediction/D2
    jobid: 14
    wildcards: sample=D2

docker run -v $PWD:/data -t quay.io/biocontainers/rgi:4.2.2--py35ha92aebf_1 rgi main -i data/data/samples/D2.fasta -o data/resistome_prediction/D2 -t contig --clean --debug > resistome_prediction/D2
[Mon Sep  2 01:35:59 2019]
Finished job 10.
6 of 17 steps (35%) done

[Mon Sep  2 01:35:59 2019]
rule plasmid_prediction:
    input: data/samples/B9.fasta
    output: plasmid_prediction/B9.tsv
    jobid: 7
    wildcards: sample=B9

abricate --minid=60 --mincov=90 --db=plasmidfinder data/samples/B9.fasta > plasmid_prediction/B9.tsv
Activating conda environment: /home/icaro/Documentos/WGCA/.snakemake/conda/f4ce689f
[Mon Sep  2 01:36:00 2019]
Finished job 7.
7 of 17 steps (41%) done

[Mon Sep  2 01:36:00 2019]
rule virulence_identification:
    input: data/samples/B9.fasta
    output: virulence_genes/B9.tsv
    jobid: 11
    wildcards: sample=B9

abricate --minid=90 --mincov=60 --db=vfdb data/samples/B9.fasta > virulence_genes/B9.tsv
Activating conda environment: /home/icaro/Documentos/WGCA/.snakemake/conda/f4ce689f
[Mon Sep  2 01:36:06 2019]
Finished job 11.
8 of 17 steps (47%) done

[Mon Sep  2 01:36:06 2019]
rule resistome_prediction:
    input: data/samples/B9.fasta
    output: resistome_prediction/B9
    jobid: 15
    wildcards: sample=B9

docker run -v $PWD:/data -t quay.io/biocontainers/rgi:4.2.2--py35ha92aebf_1 rgi main -i data/data/samples/B9.fasta -o data/resistome_prediction/B9 -t contig --clean --debug > resistome_prediction/B9
[Mon Sep  2 01:40:42 2019]
Finished job 15.
9 of 17 steps (53%) done

[Mon Sep  2 01:40:42 2019]
rule summarize_virulence:
    input: virulence_genes/C7.tsv, virulence_genes/D2.tsv, virulence_genes/B9.tsv, virulence_genes/DMW1-1.tsv
    output: virulence_genes/summary.tsv
    jobid: 3

abricate --summary virulence_genes/C7.tsv virulence_genes/D2.tsv virulence_genes/B9.tsv virulence_genes/DMW1-1.tsv > virulence_genes/summary.tsv
Activating conda environment: /home/icaro/Documentos/WGCA/.snakemake/conda/f4ce689f
[Mon Sep  2 01:40:43 2019]
Finished job 3.
10 of 17 steps (59%) done

[Mon Sep  2 01:40:43 2019]
rule summarize_plasmid_prediction:
    input: plasmid_prediction/C7.tsv, plasmid_prediction/D2.tsv, plasmid_prediction/B9.tsv, plasmid_prediction/DMW1-1.tsv
    output: plasmid_prediction/summary.tsv
    jobid: 2

abricate --summary plasmid_prediction/C7.tsv plasmid_prediction/D2.tsv plasmid_prediction/B9.tsv plasmid_prediction/DMW1-1.tsv > plasmid_prediction/summary.tsv
Activating conda environment: /home/icaro/Documentos/WGCA/.snakemake/conda/f4ce689f
[Mon Sep  2 01:40:44 2019]
Finished job 2.
11 of 17 steps (65%) done
[Mon Sep  2 01:40:54 2019]
Finished job 16.
12 of 17 steps (71%) done
[Mon Sep  2 01:40:54 2019]
Finished job 13.
13 of 17 steps (76%) done
[Mon Sep  2 01:41:04 2019]
Finished job 14.
14 of 17 steps (82%) done

[Mon Sep  2 01:41:04 2019]
rule generate_resistome_heatmap:
    input: resistome_prediction/C7, resistome_prediction/D2, resistome_prediction/B9, resistome_prediction/DMW1-1, resistome_summary/
    output: resistome_summary/RGI_heatmap
    jobid: 4

[Mon Sep  2 01:41:15 2019]
Finished job 4.
15 of 17 steps (88%) done

[Mon Sep  2 01:41:15 2019]
rule summary_results:
    input: plasmid_prediction/summary.tsv, virulence_genes/summary.tsv, resistome_summary/RGI_heatmap
    output: WGCA_analysis_result/RGI_heatmap, WGCA_analysis_result/virulence_summary.tsv, WGCA_analysis_result/plasmid_summary.tsv, WGCA_analysis_result/RGI_heatmap-4.png
    jobid: 1

[Mon Sep  2 01:41:15 2019]
Finished job 1.
16 of 17 steps (94%) done

[Mon Sep  2 01:41:15 2019]
localrule all:
    input: WGCA_analysis_result/plasmid_summary.tsv, WGCA_analysis_result/virulence_summary.tsv, WGCA_analysis_result/RGI_heatmap
    jobid: 0

[Mon Sep  2 01:41:15 2019]
Finished job 0.
17 of 17 steps (100%) done
Complete log: /home/icaro/Documentos/WGCA/.snakemake/log/2019-09-02T013437.439312.snakemake.log
