Building DAG of jobs...
Creating report...
Adding virulence_summary.tsv (0.0059 MB).
Adding plasmid_summary.tsv (0.0023 MB).
Adding RGI_heatmap-31.png (0.22 MB).
Adding MP2-6.tsv (0.013 MB).
Adding MP7-18.tsv (0.00031 MB).
Adding MP10-1.tsv (0.0083 MB).
Adding J2.tsv (0.0054 MB).
Adding C7.tsv (0.0051 MB).
Adding MP5-1.tsv (0.013 MB).
Adding OG1RF.tsv (0.013 MB).
Adding GT3-2.tsv (0.013 MB).
Adding WS1-5.tsv (0.013 MB).
Adding GT4-4.tsv (0.013 MB).
Adding HT1-12.tsv (0.013 MB).
Adding MP9-10.tsv (0.013 MB).
Adding MP1-5.tsv (0.0016 MB).
Adding HT2-4.tsv (0.013 MB).
Adding D2.tsv (0.013 MB).
Adding B9.tsv (0.013 MB).
Adding MP8-1.tsv (0.013 MB).
Adding MP1-1.tsv (0.0078 MB).
Adding J4.tsv (0.0055 MB).
Adding GT6-1.tsv (0.013 MB).
Adding MP8-17.tsv (0.013 MB).
Adding HT1-3.tsv (0.0055 MB).
Adding MP1-2.tsv (0.0016 MB).
Adding MP1-4.tsv (0.0016 MB).
Adding DMW1-1.tsv (0.0016 MB).
Adding GT5-1.tsv (0.013 MB).
Adding V583.tsv (0.031 MB).
Adding RD1-1.tsv (0.013 MB).
Adding HW1-1.tsv (0.013 MB).
Adding ST1-20.tsv (0.013 MB).
Adding L8.tsv (0.00031 MB).
Adding jamira_integrative_results.zip (9.5 MB).
Adding prophage_summary.tsv (0.00028 MB).
Adding MP2-6_GI.gff3 (1.6e-05 MB).
Could not detect mimetype for genomic_islands/MP2-6_GI.gff3, assuming text/plain.
Could not detect mimetype for genomic_islands/MP2-6_GI.gff3, assuming text/plain.
Adding MP7-18_GI.gff3 (0.00015 MB).
Could not detect mimetype for genomic_islands/MP7-18_GI.gff3, assuming text/plain.
Could not detect mimetype for genomic_islands/MP7-18_GI.gff3, assuming text/plain.
Adding MP10-1_GI.gff3 (1.6e-05 MB).
Could not detect mimetype for genomic_islands/MP10-1_GI.gff3, assuming text/plain.
Could not detect mimetype for genomic_islands/MP10-1_GI.gff3, assuming text/plain.
Adding J2_GI.gff3 (8.2e-05 MB).
Could not detect mimetype for genomic_islands/J2_GI.gff3, assuming text/plain.
Could not detect mimetype for genomic_islands/J2_GI.gff3, assuming text/plain.
Adding C7_GI.gff3 (1.6e-05 MB).
Could not detect mimetype for genomic_islands/C7_GI.gff3, assuming text/plain.
Could not detect mimetype for genomic_islands/C7_GI.gff3, assuming text/plain.
Adding MP5-1_GI.gff3 (8.5e-05 MB).
Could not detect mimetype for genomic_islands/MP5-1_GI.gff3, assuming text/plain.
Could not detect mimetype for genomic_islands/MP5-1_GI.gff3, assuming text/plain.
Adding OG1RF_GI.gff3 (0.00022 MB).
Could not detect mimetype for genomic_islands/OG1RF_GI.gff3, assuming text/plain.
Could not detect mimetype for genomic_islands/OG1RF_GI.gff3, assuming text/plain.
Adding GT3-2_GI.gff3 (8.3e-05 MB).
Could not detect mimetype for genomic_islands/GT3-2_GI.gff3, assuming text/plain.
Could not detect mimetype for genomic_islands/GT3-2_GI.gff3, assuming text/plain.
Adding WS1-5_GI.gff3 (8.5e-05 MB).
Could not detect mimetype for genomic_islands/WS1-5_GI.gff3, assuming text/plain.
Could not detect mimetype for genomic_islands/WS1-5_GI.gff3, assuming text/plain.
Adding GT4-4_GI.gff3 (0.00015 MB).
Could not detect mimetype for genomic_islands/GT4-4_GI.gff3, assuming text/plain.
Could not detect mimetype for genomic_islands/GT4-4_GI.gff3, assuming text/plain.
Adding HT1-12_GI.gff3 (1.6e-05 MB).
Could not detect mimetype for genomic_islands/HT1-12_GI.gff3, assuming text/plain.
Could not detect mimetype for genomic_islands/HT1-12_GI.gff3, assuming text/plain.
Adding MP9-10_GI.gff3 (1.6e-05 MB).
Could not detect mimetype for genomic_islands/MP9-10_GI.gff3, assuming text/plain.
Could not detect mimetype for genomic_islands/MP9-10_GI.gff3, assuming text/plain.
Adding MP1-5_GI.gff3 (1.6e-05 MB).
Could not detect mimetype for genomic_islands/MP1-5_GI.gff3, assuming text/plain.
Could not detect mimetype for genomic_islands/MP1-5_GI.gff3, assuming text/plain.
Adding HT2-4_GI.gff3 (0.00022 MB).
Could not detect mimetype for genomic_islands/HT2-4_GI.gff3, assuming text/plain.
Could not detect mimetype for genomic_islands/HT2-4_GI.gff3, assuming text/plain.
Adding D2_GI.gff3 (1.6e-05 MB).
Could not detect mimetype for genomic_islands/D2_GI.gff3, assuming text/plain.
Could not detect mimetype for genomic_islands/D2_GI.gff3, assuming text/plain.
Adding B9_GI.gff3 (1.6e-05 MB).
Could not detect mimetype for genomic_islands/B9_GI.gff3, assuming text/plain.
Could not detect mimetype for genomic_islands/B9_GI.gff3, assuming text/plain.
Adding MP8-1_GI.gff3 (1.6e-05 MB).
Could not detect mimetype for genomic_islands/MP8-1_GI.gff3, assuming text/plain.
Could not detect mimetype for genomic_islands/MP8-1_GI.gff3, assuming text/plain.
Adding MP1-1_GI.gff3 (1.6e-05 MB).
Could not detect mimetype for genomic_islands/MP1-1_GI.gff3, assuming text/plain.
Could not detect mimetype for genomic_islands/MP1-1_GI.gff3, assuming text/plain.
Adding J4_GI.gff3 (0.00015 MB).
Could not detect mimetype for genomic_islands/J4_GI.gff3, assuming text/plain.
Could not detect mimetype for genomic_islands/J4_GI.gff3, assuming text/plain.
Adding GT6-1_GI.gff3 (1.6e-05 MB).
Could not detect mimetype for genomic_islands/GT6-1_GI.gff3, assuming text/plain.
Could not detect mimetype for genomic_islands/GT6-1_GI.gff3, assuming text/plain.
Adding MP8-17_GI.gff3 (1.6e-05 MB).
Could not detect mimetype for genomic_islands/MP8-17_GI.gff3, assuming text/plain.
Could not detect mimetype for genomic_islands/MP8-17_GI.gff3, assuming text/plain.
Adding HT1-3_GI.gff3 (8.5e-05 MB).
Could not detect mimetype for genomic_islands/HT1-3_GI.gff3, assuming text/plain.
Could not detect mimetype for genomic_islands/HT1-3_GI.gff3, assuming text/plain.
Adding MP1-2_GI.gff3 (0.00022 MB).
Could not detect mimetype for genomic_islands/MP1-2_GI.gff3, assuming text/plain.
Could not detect mimetype for genomic_islands/MP1-2_GI.gff3, assuming text/plain.
Adding MP1-4_GI.gff3 (1.6e-05 MB).
Could not detect mimetype for genomic_islands/MP1-4_GI.gff3, assuming text/plain.
Could not detect mimetype for genomic_islands/MP1-4_GI.gff3, assuming text/plain.
Adding DMW1-1_GI.gff3 (8.5e-05 MB).
Could not detect mimetype for genomic_islands/DMW1-1_GI.gff3, assuming text/plain.
Could not detect mimetype for genomic_islands/DMW1-1_GI.gff3, assuming text/plain.
Adding GT5-1_GI.gff3 (1.6e-05 MB).
Could not detect mimetype for genomic_islands/GT5-1_GI.gff3, assuming text/plain.
Could not detect mimetype for genomic_islands/GT5-1_GI.gff3, assuming text/plain.
Adding V583_GI.gff3 (0.0011 MB).
Could not detect mimetype for genomic_islands/V583_GI.gff3, assuming text/plain.
Could not detect mimetype for genomic_islands/V583_GI.gff3, assuming text/plain.
Adding RD1-1_GI.gff3 (1.6e-05 MB).
Could not detect mimetype for genomic_islands/RD1-1_GI.gff3, assuming text/plain.
Could not detect mimetype for genomic_islands/RD1-1_GI.gff3, assuming text/plain.
Adding HW1-1_GI.gff3 (8.3e-05 MB).
Could not detect mimetype for genomic_islands/HW1-1_GI.gff3, assuming text/plain.
Could not detect mimetype for genomic_islands/HW1-1_GI.gff3, assuming text/plain.
Adding ST1-20_GI.gff3 (8.3e-05 MB).
Could not detect mimetype for genomic_islands/ST1-20_GI.gff3, assuming text/plain.
Could not detect mimetype for genomic_islands/ST1-20_GI.gff3, assuming text/plain.
Adding L8_GI.gff3 (1.6e-05 MB).
Could not detect mimetype for genomic_islands/L8_GI.gff3, assuming text/plain.
Could not detect mimetype for genomic_islands/L8_GI.gff3, assuming text/plain.
Adding MP2-6.tsv (0.0001 MB).
Adding MP7-18.tsv (0.0001 MB).
Adding MP10-1.tsv (0.0001 MB).
Adding J2.tsv (0.0001 MB).
Adding C7.tsv (0.00031 MB).
Adding MP5-1.tsv (0.00033 MB).
Adding OG1RF.tsv (0.0001 MB).
Adding GT3-2.tsv (0.00075 MB).
Adding WS1-5.tsv (0.0001 MB).
Adding GT4-4.tsv (0.00054 MB).
Adding HT1-12.tsv (0.0001 MB).
Adding MP9-10.tsv (0.00034 MB).
Adding MP1-5.tsv (0.0001 MB).
Adding HT2-4.tsv (0.00032 MB).
Adding D2.tsv (0.0001 MB).
Adding B9.tsv (0.0001 MB).
Adding MP8-1.tsv (0.00056 MB).
Adding MP1-1.tsv (0.00032 MB).
Adding J4.tsv (0.0001 MB).
Adding GT6-1.tsv (0.0001 MB).
Adding MP8-17.tsv (0.0001 MB).
Adding HT1-3.tsv (0.00081 MB).
Adding MP1-2.tsv (0.0006 MB).
Adding MP1-4.tsv (0.0001 MB).
Adding DMW1-1.tsv (0.00053 MB).
Adding GT5-1.tsv (0.00032 MB).
Adding V583.tsv (0.0012 MB).
Adding RD1-1.tsv (0.0001 MB).
Adding HW1-1.tsv (0.0001 MB).
Adding ST1-20.tsv (0.00032 MB).
Adding L8.tsv (0.0001 MB).
Adding MP2-6.tsv (0.0045 MB).
Adding MP7-18.tsv (0.0001 MB).
Adding MP10-1.tsv (0.00057 MB).
Adding J2.tsv (0.0001 MB).
Adding C7.tsv (0.0001 MB).
Adding MP5-1.tsv (0.0071 MB).
Adding OG1RF.tsv (0.0043 MB).
Adding GT3-2.tsv (0.0038 MB).
Adding WS1-5.tsv (0.0069 MB).
Adding GT4-4.tsv (0.0084 MB).
Adding HT1-12.tsv (0.0044 MB).
Adding MP9-10.tsv (0.0071 MB).
Adding MP1-5.tsv (0.0001 MB).
Adding HT2-4.tsv (0.0035 MB).
Adding D2.tsv (0.0044 MB).
Adding B9.tsv (0.006 MB).
Adding MP8-1.tsv (0.0071 MB).
Adding MP1-1.tsv (0.0001 MB).
Adding J4.tsv (0.0001 MB).
Adding GT6-1.tsv (0.0043 MB).
Adding MP8-17.tsv (0.0069 MB).
Adding HT1-3.tsv (0.0001 MB).
Adding MP1-2.tsv (0.0001 MB).
Adding MP1-4.tsv (0.0001 MB).
Adding DMW1-1.tsv (0.0001 MB).
Adding GT5-1.tsv (0.0046 MB).
Adding V583.tsv (0.0089 MB).
Adding RD1-1.tsv (0.0041 MB).
Adding HW1-1.tsv (0.0062 MB).
Adding ST1-20.tsv (0.0044 MB).
Adding L8.tsv (0.0001 MB).
Adding prophage_coordinates.tsv (3.1e-05 MB).
Adding prophage_coordinates.tsv (0.00018 MB).
Adding prophage_coordinates.tsv (0.00021 MB).
Adding prophage_coordinates.tsv (0.0002 MB).
Adding prophage_coordinates.tsv (0.00017 MB).
Adding prophage_coordinates.tsv (0.00018 MB).
Adding prophage_coordinates.tsv (0.00022 MB).
Adding prophage_coordinates.tsv (8.9e-05 MB).
Adding prophage_coordinates.tsv (0.00015 MB).
Adding prophage_coordinates.tsv (0.00015 MB).
Adding prophage_coordinates.tsv (0.00024 MB).
Adding prophage_coordinates.tsv (0.00018 MB).
Adding prophage_coordinates.tsv (0.00018 MB).
Adding prophage_coordinates.tsv (0.00012 MB).
Adding prophage_coordinates.tsv (0.00022 MB).
Adding prophage_coordinates.tsv (0.00024 MB).
Adding prophage_coordinates.tsv (9.2e-05 MB).
Adding prophage_coordinates.tsv (0.00015 MB).
Adding prophage_coordinates.tsv (0.00024 MB).
Adding prophage_coordinates.tsv (0.00021 MB).
Adding prophage_coordinates.tsv (0.00015 MB).
Adding prophage_coordinates.tsv (0.00027 MB).
Adding prophage_coordinates.tsv (0.00018 MB).
Adding prophage_coordinates.tsv (9.3e-05 MB).
Adding prophage_coordinates.tsv (0.00012 MB).
Adding prophage_coordinates.tsv (9.3e-05 MB).
Adding prophage_coordinates.tsv (0.00016 MB).
Adding prophage_coordinates.tsv (5.2e-05 MB).
Adding prophage_coordinates.tsv (0.00018 MB).
Adding prophage_coordinates.tsv (9.3e-05 MB).
Adding prophage_coordinates.tsv (8.7e-05 MB).
Missing metadata for file seeds/V583
Report created.
