Building DAG of jobs...
Using shell: /bin/bash
Provided cores: 1
Rules claiming more threads will be scaled down.
Job counts:
	count	jobs
	1	generate_resistome_heatmap_v2
	4	resistome_prediction
	5

[Fri Aug 30 14:41:05 2019]
rule resistome_prediction:
    input: data/samples/C7.fasta
    output: resistome_prediction/C7
    jobid: 1
    wildcards: sample=C7

docker run -v $PWD:/data -t quay.io/biocontainers/rgi:4.2.2--py35ha92aebf_1 rgi main -i data/data/samples/C7.fasta -o data/resistome_prediction/C7 -t contig --clean --debug > resistome_prediction/C7
[Fri Aug 30 14:42:42 2019]
Finished job 1.
1 of 5 steps (20%) done

[Fri Aug 30 14:42:42 2019]
rule resistome_prediction:
    input: data/samples/DMW1-1.fasta
    output: resistome_prediction/DMW1-1
    jobid: 4
    wildcards: sample=DMW1-1

docker run -v $PWD:/data -t quay.io/biocontainers/rgi:4.2.2--py35ha92aebf_1 rgi main -i data/data/samples/DMW1-1.fasta -o data/resistome_prediction/DMW1-1 -t contig --clean --debug > resistome_prediction/DMW1-1
[Fri Aug 30 14:44:21 2019]
Finished job 4.
2 of 5 steps (40%) done

[Fri Aug 30 14:44:21 2019]
rule resistome_prediction:
    input: data/samples/D2.fasta
    output: resistome_prediction/D2
    jobid: 2
    wildcards: sample=D2

docker run -v $PWD:/data -t quay.io/biocontainers/rgi:4.2.2--py35ha92aebf_1 rgi main -i data/data/samples/D2.fasta -o data/resistome_prediction/D2 -t contig --clean --debug > resistome_prediction/D2
[Fri Aug 30 14:46:06 2019]
Finished job 2.
3 of 5 steps (60%) done

[Fri Aug 30 14:46:06 2019]
rule resistome_prediction:
    input: data/samples/B9.fasta
    output: resistome_prediction/B9
    jobid: 3
    wildcards: sample=B9

docker run -v $PWD:/data -t quay.io/biocontainers/rgi:4.2.2--py35ha92aebf_1 rgi main -i data/data/samples/B9.fasta -o data/resistome_prediction/B9 -t contig --clean --debug > resistome_prediction/B9
[Fri Aug 30 14:47:39 2019]
Finished job 3.
4 of 5 steps (80%) done

[Fri Aug 30 14:47:39 2019]
rule generate_resistome_heatmap_v2:
    input: resistome_prediction/C7, resistome_prediction/D2, resistome_prediction/B9, resistome_prediction/DMW1-1, resistome_summary/
    output: resistome_summary/RGI_heatmap
    jobid: 0

Shutting down, this might take some time.
Exiting because a job execution failed. Look above for error message
Complete log: /home/icaro/WGCA/.snakemake/log/2019-08-30T144105.956570.snakemake.log
