Building DAG of jobs...
Using shell: /bin/bash
Provided cores: 1
Rules claiming more threads will be scaled down.
Job counts:
	count	jobs
	1	generate_resistome_heatmap
	1	summary_results_v2
	2

[Sun Sep  1 14:17:17 2019]
rule generate_resistome_heatmap:
    input: resistome_prediction/C7, resistome_prediction/D2, resistome_prediction/B9, resistome_prediction/DMW1-1, resistome_summary/
    output: resistome_summary/RGI_heatmap
    jobid: 3

[Sun Sep  1 14:17:36 2019]
Finished job 3.
1 of 2 steps (50%) done

[Sun Sep  1 14:17:36 2019]
rule summary_results_v2:
    input: plasmid_prediction/summary.tsv, virulence_genes/summary.tsv, resistome_summary/RGI_heatmap
    output: WGCA_analysis_result/virulence_summary.tsv, WGCA_analysis_result/plasmid_summary.tsv, WGCA_analysis_result/RGI_heatmap
    jobid: 0

Removing temporary output file resistome_summary/RGI_heatmap.
[Sun Sep  1 14:17:36 2019]
Finished job 0.
2 of 2 steps (100%) done
Complete log: /home/icaro/WGCA/.snakemake/log/2019-09-01T141717.880911.snakemake.log
