Building DAG of jobs...
Using shell: /bin/bash
Provided cores: 4
Rules claiming more threads will be scaled down.
Job counts:
	count	jobs
	1	all
	4	plasmid_prediction
	1	summarize_plasmid_prediction
	1	summarize_virulence
	1	summary_results
	4	virulence_identification
	12

[Sun Sep  1 17:40:22 2019]
rule virulence_identification:
    input: data/samples/DMW1-1.fasta
    output: virulence_genes/DMW1-1.tsv
    jobid: 12
    wildcards: sample=DMW1-1

abricate --minid=90 --mincov=60 --db=vfdb data/samples/DMW1-1.fasta > virulence_genes/DMW1-1.tsv

[Sun Sep  1 17:40:22 2019]
rule virulence_identification:
    input: data/samples/C7.fasta
    output: virulence_genes/C7.tsv
    jobid: 9
    wildcards: sample=C7

abricate --minid=90 --mincov=60 --db=vfdb data/samples/C7.fasta > virulence_genes/C7.tsv

[Sun Sep  1 17:40:22 2019]
rule plasmid_prediction:
    input: data/samples/DMW1-1.fasta
    output: plasmid_prediction/DMW1-1.tsv
    jobid: 8
    wildcards: sample=DMW1-1

abricate --minid=60 --mincov=90 --db=plasmidfinder data/samples/DMW1-1.fasta > plasmid_prediction/DMW1-1.tsv

[Sun Sep  1 17:40:22 2019]
rule plasmid_prediction:
    input: data/samples/C7.fasta
    output: plasmid_prediction/C7.tsv
    jobid: 5
    wildcards: sample=C7

abricate --minid=60 --mincov=90 --db=plasmidfinder data/samples/C7.fasta > plasmid_prediction/C7.tsv
Activating conda environment: /home/icaro/WGCA/.snakemake/conda/352911ee
Activating conda environment: /home/icaro/WGCA/.snakemake/conda/352911ee
Activating conda environment: /home/icaro/WGCA/.snakemake/conda/352911ee
Activating conda environment: /home/icaro/WGCA/.snakemake/conda/352911ee
[Sun Sep  1 17:40:25 2019]
Finished job 8.
1 of 12 steps (8%) done

[Sun Sep  1 17:40:25 2019]
rule virulence_identification:
    input: data/samples/D2.fasta
    output: virulence_genes/D2.tsv
    jobid: 10
    wildcards: sample=D2

abricate --minid=90 --mincov=60 --db=vfdb data/samples/D2.fasta > virulence_genes/D2.tsv
[Sun Sep  1 17:40:25 2019]
Finished job 5.
2 of 12 steps (17%) done

[Sun Sep  1 17:40:26 2019]
rule plasmid_prediction:
    input: data/samples/D2.fasta
    output: plasmid_prediction/D2.tsv
    jobid: 6
    wildcards: sample=D2

abricate --minid=60 --mincov=90 --db=plasmidfinder data/samples/D2.fasta > plasmid_prediction/D2.tsv
Activating conda environment: /home/icaro/WGCA/.snakemake/conda/352911ee
Activating conda environment: /home/icaro/WGCA/.snakemake/conda/352911ee
[Sun Sep  1 17:40:28 2019]
Finished job 6.
3 of 12 steps (25%) done

[Sun Sep  1 17:40:28 2019]
rule virulence_identification:
    input: data/samples/B9.fasta
    output: virulence_genes/B9.tsv
    jobid: 11
    wildcards: sample=B9

abricate --minid=90 --mincov=60 --db=vfdb data/samples/B9.fasta > virulence_genes/B9.tsv
Activating conda environment: /home/icaro/WGCA/.snakemake/conda/352911ee
[Sun Sep  1 17:40:32 2019]
Finished job 9.
4 of 12 steps (33%) done

[Sun Sep  1 17:40:32 2019]
rule plasmid_prediction:
    input: data/samples/B9.fasta
    output: plasmid_prediction/B9.tsv
    jobid: 7
    wildcards: sample=B9

abricate --minid=60 --mincov=90 --db=plasmidfinder data/samples/B9.fasta > plasmid_prediction/B9.tsv
[Sun Sep  1 17:40:32 2019]
Finished job 12.
5 of 12 steps (42%) done
Activating conda environment: /home/icaro/WGCA/.snakemake/conda/352911ee
[Sun Sep  1 17:40:34 2019]
Finished job 10.
6 of 12 steps (50%) done
[Sun Sep  1 17:40:34 2019]
Finished job 7.
7 of 12 steps (58%) done

[Sun Sep  1 17:40:34 2019]
rule summarize_plasmid_prediction:
    input: plasmid_prediction/C7.tsv, plasmid_prediction/D2.tsv, plasmid_prediction/B9.tsv, plasmid_prediction/DMW1-1.tsv
    output: plasmid_prediction/summary.tsv
    jobid: 2

abricate --summary plasmid_prediction/C7.tsv plasmid_prediction/D2.tsv plasmid_prediction/B9.tsv plasmid_prediction/DMW1-1.tsv > plasmid_prediction/summary.tsv
Activating conda environment: /home/icaro/WGCA/.snakemake/conda/352911ee
[Sun Sep  1 17:40:35 2019]
Finished job 2.
8 of 12 steps (67%) done
[Sun Sep  1 17:40:35 2019]
Finished job 11.
9 of 12 steps (75%) done

[Sun Sep  1 17:40:35 2019]
rule summarize_virulence:
    input: virulence_genes/C7.tsv, virulence_genes/D2.tsv, virulence_genes/B9.tsv, virulence_genes/DMW1-1.tsv
    output: virulence_genes/summary.tsv
    jobid: 3

abricate --summary virulence_genes/C7.tsv virulence_genes/D2.tsv virulence_genes/B9.tsv virulence_genes/DMW1-1.tsv > virulence_genes/summary.tsv
Activating conda environment: /home/icaro/WGCA/.snakemake/conda/352911ee
[Sun Sep  1 17:40:36 2019]
Finished job 3.
10 of 12 steps (83%) done

[Sun Sep  1 17:40:36 2019]
rule summary_results:
    input: plasmid_prediction/summary.tsv, virulence_genes/summary.tsv, resistome_summary/RGI_heatmap
    output: WGCA_analysis_result/RGI_heatmap, WGCA_analysis_result/virulence_summary.tsv, WGCA_analysis_result/plasmid_summary.tsv, WGCA_analysis_result/RGI_heatmap-4.png
    jobid: 1

[Sun Sep  1 17:40:36 2019]
Finished job 1.
11 of 12 steps (92%) done

[Sun Sep  1 17:40:36 2019]
localrule all:
    input: WGCA_analysis_result/plasmid_summary.tsv, WGCA_analysis_result/virulence_summary.tsv, WGCA_analysis_result/RGI_heatmap
    jobid: 0

[Sun Sep  1 17:40:36 2019]
Finished job 0.
12 of 12 steps (100%) done
Complete log: /home/icaro/WGCA/.snakemake/log/2019-09-01T174022.332644.snakemake.log
