Building DAG of jobs...
Using shell: /bin/bash
Provided cores: 1
Rules claiming more threads will be scaled down.
Job counts:
	count	jobs
	1	prophage_prediction
	1

[Sat Sep  7 14:48:05 2019]
rule prophage_prediction:
    input: seeds/V583
    output: prophage_prediction/V583/prophage.tbl, prophage_prediction/V583/prophage_coordinates.tsv, prophage_prediction/V583/prophage_tbl.tsv
    jobid: 0
    wildcards: sample=V583

scripts/phispy/PhiSpy.py -i seeds/V583 -o prophage_prediction/V583/prophage.tbl prophage_prediction/V583/prophage_coordinates.tsv prophage_prediction/V583/prophage_tbl.tsv -t 25 
Activating conda environment: /home/icaro/Documentos/WGCA/.snakemake/conda/697b79f6
[Sat Sep  7 14:48:07 2019]
Error in rule prophage_prediction:
    jobid: 0
    output: prophage_prediction/V583/prophage.tbl, prophage_prediction/V583/prophage_coordinates.tsv, prophage_prediction/V583/prophage_tbl.tsv
    conda-env: /home/icaro/Documentos/WGCA/.snakemake/conda/697b79f6
    shell:
        scripts/phispy/PhiSpy.py -i seeds/V583 -o prophage_prediction/V583/prophage.tbl prophage_prediction/V583/prophage_coordinates.tsv prophage_prediction/V583/prophage_tbl.tsv -t 25 
        (exited with non-zero exit code)

Shutting down, this might take some time.
Exiting because a job execution failed. Look above for error message
Complete log: /home/icaro/Documentos/WGCA/.snakemake/log/2019-09-07T144805.338571.snakemake.log
