Building DAG of jobs...
Creating conda environment envs/prokka.yaml...
Downloading remote packages.
Environment for envs/prokka.yaml created (location: .snakemake/conda/349eb0fd)
Creating conda environment envs/island_path.yaml...
Downloading remote packages.
Environment for envs/island_path.yaml created (location: .snakemake/conda/8cd2193e)
Using shell: /bin/bash
Provided cores: 1
Rules claiming more threads will be scaled down.
Job counts:
	count	jobs
	1	all
	4	genome_annotation
	4	genomic_island_prediction
	1	summary_results
	10

[Mon Sep  2 02:04:12 2019]
rule genome_annotation:
    input: data/samples/C7.fasta
    output: genome_annotation/C7.gbk
    jobid: 21
    wildcards: sample=C7

prokka --force --outdir genome_annotation/ --usegenus --Genus Enterococcus --prefix C7 data/samples/C7.fasta
Activating conda environment: /home/icaro/Documentos/WGCA/.snakemake/conda/349eb0fd
[Mon Sep  2 02:05:40 2019]
Finished job 21.
1 of 10 steps (10%) done

[Mon Sep  2 02:05:40 2019]
rule genomic_island_prediction:
    input: genome_annotation/C7.gbk
    output: genomic_islands/C7_GI.gff3
    jobid: 5
    wildcards: sample=C7

islandpath genome_annotation/C7.gbk genomic_islands/C7_GI.gff3
Activating conda environment: /home/icaro/Documentos/WGCA/.snakemake/conda/8cd2193e
[Mon Sep  2 02:06:01 2019]
Finished job 5.
2 of 10 steps (20%) done

[Mon Sep  2 02:06:01 2019]
rule genome_annotation:
    input: data/samples/DMW1-1.fasta
    output: genome_annotation/DMW1-1.gbk
    jobid: 24
    wildcards: sample=DMW1-1

prokka --force --outdir genome_annotation/ --usegenus --Genus Enterococcus --prefix DMW1-1 data/samples/DMW1-1.fasta
Activating conda environment: /home/icaro/Documentos/WGCA/.snakemake/conda/349eb0fd
[Mon Sep  2 02:07:32 2019]
Finished job 24.
3 of 10 steps (30%) done

[Mon Sep  2 02:07:32 2019]
rule genomic_island_prediction:
    input: genome_annotation/DMW1-1.gbk
    output: genomic_islands/DMW1-1_GI.gff3
    jobid: 8
    wildcards: sample=DMW1-1

islandpath genome_annotation/DMW1-1.gbk genomic_islands/DMW1-1_GI.gff3
Activating conda environment: /home/icaro/Documentos/WGCA/.snakemake/conda/8cd2193e
[Mon Sep  2 02:07:52 2019]
Finished job 8.
4 of 10 steps (40%) done

[Mon Sep  2 02:07:52 2019]
rule genome_annotation:
    input: data/samples/D2.fasta
    output: genome_annotation/D2.gbk
    jobid: 22
    wildcards: sample=D2

prokka --force --outdir genome_annotation/ --usegenus --Genus Enterococcus --prefix D2 data/samples/D2.fasta
Activating conda environment: /home/icaro/Documentos/WGCA/.snakemake/conda/349eb0fd
[Mon Sep  2 02:09:30 2019]
Finished job 22.
5 of 10 steps (50%) done

[Mon Sep  2 02:09:30 2019]
rule genomic_island_prediction:
    input: genome_annotation/D2.gbk
    output: genomic_islands/D2_GI.gff3
    jobid: 6
    wildcards: sample=D2

islandpath genome_annotation/D2.gbk genomic_islands/D2_GI.gff3
Activating conda environment: /home/icaro/Documentos/WGCA/.snakemake/conda/8cd2193e
[Mon Sep  2 02:09:52 2019]
Finished job 6.
6 of 10 steps (60%) done

[Mon Sep  2 02:09:52 2019]
rule genome_annotation:
    input: data/samples/B9.fasta
    output: genome_annotation/B9.gbk
    jobid: 23
    wildcards: sample=B9

prokka --force --outdir genome_annotation/ --usegenus --Genus Enterococcus --prefix B9 data/samples/B9.fasta
Activating conda environment: /home/icaro/Documentos/WGCA/.snakemake/conda/349eb0fd
[Mon Sep  2 02:11:20 2019]
Finished job 23.
7 of 10 steps (70%) done

[Mon Sep  2 02:11:20 2019]
rule genomic_island_prediction:
    input: genome_annotation/B9.gbk
    output: genomic_islands/B9_GI.gff3
    jobid: 7
    wildcards: sample=B9

islandpath genome_annotation/B9.gbk genomic_islands/B9_GI.gff3
Activating conda environment: /home/icaro/Documentos/WGCA/.snakemake/conda/8cd2193e
[Mon Sep  2 02:11:40 2019]
Finished job 7.
8 of 10 steps (80%) done

[Mon Sep  2 02:11:40 2019]
rule summary_results:
    input: plasmid_prediction/summary.tsv, virulence_genes/summary.tsv, resistome_summary/RGI_heatmap, genomic_islands/C7_GI.gff3, genomic_islands/D2_GI.gff3, genomic_islands/B9_GI.gff3, genomic_islands/DMW1-1_GI.gff3
    output: WGCA_analysis_result/RGI_heatmap, WGCA_analysis_result/virulence_summary.tsv, WGCA_analysis_result/plasmid_summary.tsv, WGCA_analysis_result/RGI_heatmap-4.png
    jobid: 1

[Mon Sep  2 02:11:40 2019]
Finished job 1.
9 of 10 steps (90%) done

[Mon Sep  2 02:11:40 2019]
localrule all:
    input: WGCA_analysis_result/plasmid_summary.tsv, WGCA_analysis_result/virulence_summary.tsv, WGCA_analysis_result/RGI_heatmap
    jobid: 0

[Mon Sep  2 02:11:40 2019]
Finished job 0.
10 of 10 steps (100%) done
Complete log: /home/icaro/Documentos/WGCA/.snakemake/log/2019-09-02T020312.176306.snakemake.log
