Building DAG of jobs...
Creating conda environment envs/phispy.yaml...
Downloading remote packages.
Environment for envs/phispy.yaml created (location: .snakemake/conda/697b79f6)
Using shell: /bin/bash
Provided cores: 1
Rules claiming more threads will be scaled down.
Job counts:
	count	jobs
	1	convert_gbk_to_seed
	1	prophage_prediction
	2

[Sat Sep  7 14:40:23 2019]
rule convert_gbk_to_seed:
    input: genome_annotation/V583.gbk
    output: seeds/V583
    jobid: 1
    wildcards: sample=V583

scripts/phispy/genbank_to_seed.py genome_annotation/V583.gbk ~/V583_seed  seeds/V583
Activating conda environment: /home/icaro/Documentos/WGCA/.snakemake/conda/697b79f6
[Sat Sep  7 14:43:29 2019]
Error in rule convert_gbk_to_seed:
    jobid: 1
    output: seeds/V583
    conda-env: /home/icaro/Documentos/WGCA/.snakemake/conda/697b79f6
    shell:
        scripts/phispy/genbank_to_seed.py genome_annotation/V583.gbk ~/V583_seed  seeds/V583
        (exited with non-zero exit code)

Shutting down, this might take some time.
Exiting because a job execution failed. Look above for error message
Complete log: /home/icaro/Documentos/WGCA/.snakemake/log/2019-09-07T143759.859709.snakemake.log
