Building DAG of jobs...
Using shell: /bin/bash
Provided cores: 1
Rules claiming more threads will be scaled down.
Job counts:
	count	jobs
	1	resistome_prediction
	1

[Wed Aug 28 15:32:33 2019]
rule resistome_prediction:
    input: data/samples/V583.fasta
    output: resistome_prediction/V583.txt, resistome_prediction/V583.json
    jobid: 0
    wildcards: sample=V583

Terminating processes on user request, this might take some time.
[Wed Aug 28 15:32:55 2019]
Error in rule resistome_prediction:
    jobid: 0
    output: resistome_prediction/V583.txt, resistome_prediction/V583.json
    shell:
        docker run -v $PWD:/data -i -t quay.io/biocontainers/rgi:4.2.2--py35ha92aebf_1 rgi main -i data/data/samples/V583.fasta -o data/resistome_prediction/{sample} -t contig --clean
        (exited with non-zero exit code)

Complete log: /home/icaro/WGCA/.snakemake/log/2019-08-28T153233.354480.snakemake.log
