[22:57:35] This is prokka 1.14.0
[22:57:35] Written by Torsten Seemann <torsten.seemann@gmail.com>
[22:57:35] Homepage is https://github.com/tseemann/prokka
[22:57:35] Local time is Thu Sep  5 22:57:35 2019
[22:57:35] You are icaro
[22:57:35] Operating system is linux
[22:57:35] You have BioPerl 1.007002
[22:57:35] System has 4 cores.
[22:57:35] Option --cpu asked for 8 cores, but system only has 4
[22:57:35] Will use maximum of 4 cores.
[22:57:35] Annotating as >>> Bacteria <<<
[22:57:35] Generating locus_tag from 'data/samples/C7.fasta' contents.
[22:57:35] Setting --locustag NPDMGLKN from MD5 79d605477b074b9bae44fb59bb722bb3
[22:57:35] Enabling options to ensure Genbank/ENA/DDJB submission compliance.
[22:57:35] Re-using existing --outdir genome_annotation/
[22:57:35] Using filename prefix: C7.XXX
[22:57:35] Setting HMMER_NCPU=1
[22:57:35] Writing log to: genome_annotation//C7.log
[22:57:35] Command: /home/icaro/Documentos/WGCA/.snakemake/conda/349eb0fd/bin/prokka --force --outdir genome_annotation/ --usegenus --Genus Enterococcus --compliant --prefix C7 data/samples/C7.fasta
[22:57:35] Appending to PATH: /home/icaro/Documentos/WGCA/.snakemake/conda/349eb0fd/bin
[22:57:35] Looking for 'aragorn' - found /home/icaro/Documentos/WGCA/.snakemake/conda/349eb0fd/bin/aragorn
[22:57:35] Determined aragorn version is 1.2
[22:57:35] Looking for 'barrnap' - found /home/icaro/Documentos/WGCA/.snakemake/conda/349eb0fd/bin/barrnap
[22:57:36] Determined barrnap version is 0.9
[22:57:36] Looking for 'blastp' - found /home/icaro/Documentos/WGCA/.snakemake/conda/349eb0fd/bin/blastp
[22:57:36] Determined blastp version is 2.9
[22:57:36] Looking for 'cmpress' - found /home/icaro/Documentos/WGCA/.snakemake/conda/349eb0fd/bin/cmpress
[22:57:36] Determined cmpress version is 1.1
[22:57:36] Looking for 'cmscan' - found /home/icaro/Documentos/WGCA/.snakemake/conda/349eb0fd/bin/cmscan
[22:57:36] Determined cmscan version is 1.1
[22:57:36] Looking for 'egrep' - found /bin/egrep
[22:57:36] Looking for 'find' - found /usr/bin/find
[22:57:36] Looking for 'grep' - found /bin/grep
[22:57:36] Looking for 'hmmpress' - found /home/icaro/Documentos/WGCA/.snakemake/conda/349eb0fd/bin/hmmpress
[22:57:36] Determined hmmpress version is 3.2
[22:57:36] Looking for 'hmmscan' - found /home/icaro/Documentos/WGCA/.snakemake/conda/349eb0fd/bin/hmmscan
[22:57:36] Determined hmmscan version is 3.2
[22:57:36] Looking for 'java' - found /home/icaro/Documentos/WGCA/.snakemake/conda/349eb0fd/bin/java
[22:57:36] Looking for 'less' - found /usr/bin/less
[22:57:36] Looking for 'makeblastdb' - found /home/icaro/Documentos/WGCA/.snakemake/conda/349eb0fd/bin/makeblastdb
[22:57:36] Determined makeblastdb version is 2.9
[22:57:36] Looking for 'minced' - found /home/icaro/Documentos/WGCA/.snakemake/conda/349eb0fd/bin/minced
[22:57:36] Determined minced version is 4.2
[22:57:36] Looking for 'parallel' - found /home/icaro/Documentos/WGCA/.snakemake/conda/349eb0fd/bin/parallel
[22:57:36] Determined parallel version is 20190722
[22:57:36] Looking for 'prodigal' - found /home/icaro/Documentos/WGCA/.snakemake/conda/349eb0fd/bin/prodigal
[22:57:36] Determined prodigal version is 2.6
[22:57:36] Looking for 'prokka-genbank_to_fasta_db' - found /home/icaro/Documentos/WGCA/.snakemake/conda/349eb0fd/bin/prokka-genbank_to_fasta_db
[22:57:36] Looking for 'sed' - found /bin/sed
[22:57:36] Looking for 'tbl2asn' - found /home/icaro/Documentos/WGCA/.snakemake/conda/349eb0fd/bin/tbl2asn
[22:57:36] Determined tbl2asn version is 25.7
[22:57:36] Using genetic code table 11.
[22:57:36] Loading and checking input file: data/samples/C7.fasta
[22:57:36] Wrote 108 contigs totalling 3105395 bp.
[22:57:36] Predicting tRNAs and tmRNAs
[22:57:36] Running: aragorn -l -gc11  -w genome_annotation\/\/C7\.fna
[22:57:37] 1 tRNA-Thr c[1062,1134] 34 (ggt)
[22:57:37] 2 tRNA-Asn [1341,1416] 36 (gtt)
[22:57:37] 3 tRNA-Gly [75255,75325] 33 (ccc)
[22:57:37] 1 tRNA-Ser [22593,22680] 33 (cga)
[22:57:37] 2 tRNA-Met [299908,299983] 36 (cat)
[22:57:37] 1 tRNA-Arg c[51961,52036] 36 (cct)
[22:57:37] 1 tmRNA [3998,4362] 92,130 AKNENNSYALAA*
[22:57:37] 1 tRNA-Gln c[3055,3129] 35 (ctg)
[22:57:37] 1 tRNA-Thr [52379,52451] 34 (cgt)
[22:57:37] 1 tRNA-Ser [59,149] 36 (gga)
[22:57:37] 2 tRNA-Glu [160,233] 35 (ttc)
[22:57:37] 3 tRNA-Val [245,319] 35 (tac)
[22:57:37] 4 tRNA-Asp [327,402] 35 (gtc)
[22:57:37] 5 tRNA-Phe [434,509] 34 (gaa)
[22:57:37] 6 tRNA-Tyr [510,592] 36 (gta)
[22:57:37] 7 tRNA-Trp [598,671] 33 (cca)
[22:57:37] 8 tRNA-His [674,747] 34 (gtg)
[22:57:37] 9 tRNA-Gln [755,828] 34 (ttg)
[22:57:37] 10 tRNA-Cys [865,935] 33 (gca)
[22:57:37] 11 tRNA-Leu [956,1042] 36 (caa)
[22:57:37] 12 tRNA-His [1103,1176] 34 (gtg)
[22:57:37] 13 tRNA-Gln [1184,1257] 34 (ttg)
[22:57:37] 14 tRNA-Leu [1266,1350] 35 (caa)
[22:57:37] 1 tRNA-Glu c[114497,114570] 35 (ttc)
[22:57:37] 2 tRNA-Ile c[114581,114656] 36 (gat)
[22:57:37] 3 tRNA-Gly c[114670,114740] 33 (tcc)
[22:57:37] 4 tRNA-Met c[114770,114845] 36 (cat)
[22:57:37] 5 tRNA-Ser c[114891,114980] 37 (tga)
[22:57:37] 1 tRNA-Gln c[11732,11805] 34 (ttg)
[22:57:37] 2 tRNA-Tyr c[11811,11891] 35 (gta)
[22:57:37] 3 tRNA-Arg [43677,43751] 35 (ccg)
[22:57:37] 1 tRNA-Arg c[4503,4578] 36 (tct)
[22:57:37] 1 tRNA-Lys [20254,20328] 35 (ctt)
[22:57:37] 1 tRNA-Leu c[1205,1287] 34 (gag)
[22:57:37] 1 tRNA-SeC c[43294,43387] 36 (tca)
[22:57:37] 1 tRNA-Pro [38,111] 35 (tgg)
[22:57:37] 2 tRNA-Arg [170,245] 36 (acg)
[22:57:37] Found 37 tRNAs
[22:57:37] Predicting Ribosomal RNAs
[22:57:37] Running Barrnap with 4 threads
[22:57:38] 1 gnl|Prokka|NPDMGLKN_26 154 16S ribosomal RNA
[22:57:38] 2 gnl|Prokka|NPDMGLKN_26 1862 23S ribosomal RNA
[22:57:38] 3 gnl|Prokka|NPDMGLKN_26 4868 5S ribosomal RNA
[22:57:38] Found 3 rRNAs
[22:57:38] Skipping ncRNA search, enable with --rfam if desired.
[22:57:38] Total of 39 tRNA + rRNA features
[22:57:38] Searching for CRISPR repeats
[22:57:39] CRISPR1 gnl|Prokka|NPDMGLKN_19 45336 with 6 spacers
[22:57:39] CRISPR2 gnl|Prokka|NPDMGLKN_21 4759 with 4 spacers
[22:57:39] Found 2 CRISPRs
[22:57:39] Predicting coding sequences
[22:57:39] Contigs total 3105395 bp, so using single mode
[22:57:39] Running: prodigal -i genome_annotation\/\/C7\.fna -c -m -g 11 -p single -f sco -q
[22:57:43] Found 2773 CDS
[22:57:43] Connecting features back to sequences
[22:57:43] Using custom Enterococcus database for annotation
[22:57:43] Annotating CDS, please be patient.
[22:57:43] Will use 4 CPUs for similarity searching.
[22:57:43] There are still 2773 unannotated CDS left (started with 2773)
[22:57:43] Will use blast to search against /home/icaro/Documentos/WGCA/.snakemake/conda/349eb0fd/db/genus/Enterococcus with 4 CPUs
[22:57:43] Running: cat genome_annotation\/\/Enterococcus\.faa | parallel --gnu --plain -j 4 --block 108609 --recstart '>' --pipe blastp -query - -db /home/icaro/Documentos/WGCA/.snakemake/conda/349eb0fd/db/genus/Enterococcus -evalue 1e-09 -qcov_hsp_perc 80 -num_threads 1 -num_descriptions 1 -num_alignments 1 -seg no > genome_annotation\/\/Enterococcus\.blast 2> /dev/null
[22:58:00] Modify product: putative RNA-binding protein containing a PIN domain => putative RNA-binding protein containing a PIN domain protein
[22:58:00] Modify product: excisionase family DNA binding domain => excisionase family DNA binding domain protein
[22:58:01] Modify product: Sporulation Regulator WhiA N terminal => hypothetical protein
[22:58:01] Modify product: radical SAM protein family => radical SAM protein family protein
[22:58:02] Modify product: site-specific tyrosine recombinase XerC-family => site-specific tyrosine recombinase XerC-family protein
[22:58:02] Modify product: site-specific tyrosine recombinase XerD-family => site-specific tyrosine recombinase XerD-family protein
[22:58:02] Modify product: site-specific tyrosine recombinase XerC-family => site-specific tyrosine recombinase XerC-family protein
[22:58:02] Modify product: transcriptional regulator Spx-family => transcriptional regulator Spx-family protein
[22:58:02] Modify product: site-specific tyrosine recombinase XerC-family => site-specific tyrosine recombinase XerC-family protein
[22:58:02] Modify product: site-specific tyrosine recombinase XerC-family => site-specific tyrosine recombinase XerC-family protein
[22:58:02] Modify product: site-specific tyrosine recombinase XerC-family => site-specific tyrosine recombinase XerC-family protein
[22:58:02] Cleaned 11 /product names
[22:58:02] Deleting unwanted file: genome_annotation//Enterococcus.faa
[22:58:02] Deleting unwanted file: genome_annotation//Enterococcus.blast
[22:58:03] There are still 1016 unannotated CDS left (started with 2773)
[22:58:03] Will use blast to search against /home/icaro/Documentos/WGCA/.snakemake/conda/349eb0fd/db/kingdom/Bacteria/IS with 4 CPUs
[22:58:03] Running: cat genome_annotation\/\/IS\.faa | parallel --gnu --plain -j 4 --block 34664 --recstart '>' --pipe blastp -query - -db /home/icaro/Documentos/WGCA/.snakemake/conda/349eb0fd/db/kingdom/Bacteria/IS -evalue 1e-30 -qcov_hsp_perc 90 -num_threads 1 -num_descriptions 1 -num_alignments 1 -seg no > genome_annotation\/\/IS\.blast 2> /dev/null
[22:58:10] Deleting unwanted file: genome_annotation//IS.faa
[22:58:10] Deleting unwanted file: genome_annotation//IS.blast
[22:58:10] There are still 1013 unannotated CDS left (started with 2773)
[22:58:10] Will use blast to search against /home/icaro/Documentos/WGCA/.snakemake/conda/349eb0fd/db/kingdom/Bacteria/AMR with 4 CPUs
[22:58:10] Running: cat genome_annotation\/\/AMR\.faa | parallel --gnu --plain -j 4 --block 34572 --recstart '>' --pipe blastp -query - -db /home/icaro/Documentos/WGCA/.snakemake/conda/349eb0fd/db/kingdom/Bacteria/AMR -evalue 9.99999999999999e-301 -qcov_hsp_perc 90 -num_threads 1 -num_descriptions 1 -num_alignments 1 -seg no > genome_annotation\/\/AMR\.blast 2> /dev/null
[22:58:16] Deleting unwanted file: genome_annotation//AMR.faa
[22:58:16] Deleting unwanted file: genome_annotation//AMR.blast
[22:58:16] There are still 1012 unannotated CDS left (started with 2773)
[22:58:16] Will use blast to search against /home/icaro/Documentos/WGCA/.snakemake/conda/349eb0fd/db/kingdom/Bacteria/sprot with 4 CPUs
[22:58:16] Running: cat genome_annotation\/\/sprot\.faa | parallel --gnu --plain -j 4 --block 34491 --recstart '>' --pipe blastp -query - -db /home/icaro/Documentos/WGCA/.snakemake/conda/349eb0fd/db/kingdom/Bacteria/sprot -evalue 1e-09 -qcov_hsp_perc 80 -num_threads 1 -num_descriptions 1 -num_alignments 1 -seg no > genome_annotation\/\/sprot\.blast 2> /dev/null
[22:58:41] Modify product: UPF0701 protein HI_0467 => hypothetical protein
[22:58:41] Modify product: UPF0356 protein M6_Spy1605 => hypothetical protein
[22:58:41] Modify product: Nucleoid-associated protein Cthe_2143 => Nucleoid-associated protein
[22:58:41] Modify product: Uncharacterized protein YaaQ => putative protein YaaQ
[22:58:41] Modify product: UPF0297 protein EF_1202 => hypothetical protein
[22:58:41] Modify product: UPF0473 protein SP_0194 => hypothetical protein
[22:58:41] Modify product: Uncharacterized protein YmcA => putative protein YmcA
[22:58:41] Modify product: Uncharacterized protein YueI => putative protein YueI
[22:58:41] Modify product: UPF0145 protein YbjQ => hypothetical protein
[22:58:41] Modify product: Uncharacterized glycosyltransferase EpsJ => putative glycosyltransferase EpsJ
[22:58:41] Modify product: Uncharacterized protein YqgQ => putative protein YqgQ
[22:58:41] Modify product: UPF0302 protein BA_1542/GBAA_1542/BAS1430 => hypothetical protein
[22:58:41] Modify product: UPF0346 protein YozE => hypothetical protein
[22:58:41] Modify product: Uncharacterized HTH-type transcriptional regulator YtcD => putative HTH-type transcriptional regulator YtcD
[22:58:41] Modify product: Probable transport protein HsrA => putative transport protein HsrA
[22:58:41] Modify product: Uncharacterized protein Spy1535 => putative protein
[22:58:41] Modify product: Uncharacterized transmembrane protein YxlG => putative transmembrane protein YxlG
[22:58:41] Modify product: UPF0154 protein SA1178 => hypothetical protein
[22:58:41] Modify product: Putative trans-acting regulator SP_1800 => Putative trans-acting regulator
[22:58:41] Modify product: Putative trans-acting regulator SP_1800 => Putative trans-acting regulator
[22:58:41] Modify product: Putative trans-acting regulator SP_1800 => Putative trans-acting regulator
[22:58:41] Modify product: Uncharacterized membrane protein YuaF => putative membrane protein YuaF
[22:58:41] Modify product: Probable glutamate/gamma-aminobutyrate antiporter => putative glutamate/gamma-aminobutyrate antiporter
[22:58:41] Modify product: Uncharacterized protein YkuJ => putative protein YkuJ
[22:58:41] Modify product: UPF0374 protein SP_1903 => hypothetical protein
[22:58:41] Modify product: UPF0291 protein SP_1473 => hypothetical protein
[22:58:41] Modify product: Putative esterase HI_1161 => Putative esterase
[22:58:41] Modify product: Probable transcriptional regulatory protein YeeN => putative transcriptional regulatory protein YeeN
[22:58:41] Modify product: Probable formate transporter 1 => putative formate transporter 1
[22:58:41] Modify product: Deacetylase EF_0837 => Deacetylase
[22:58:41] Modify product: UPF0358 protein EF_2458 => hypothetical protein
[22:58:41] Modify product: UPF0223 protein BH2638 => hypothetical protein
[22:58:41] Modify product: UPF0340 protein YwlG => hypothetical protein
[22:58:41] Modify product: UPF0342 protein SA1663 => hypothetical protein
[22:58:41] Modify product: UPF0398 protein YpsA => hypothetical protein
[22:58:42] Cleaned 35 /product names
[22:58:42] Deleting unwanted file: genome_annotation//sprot.faa
[22:58:42] Deleting unwanted file: genome_annotation//sprot.blast
[22:58:42] There are still 862 unannotated CDS left (started with 2773)
[22:58:42] Will use hmmer3 to search against /home/icaro/Documentos/WGCA/.snakemake/conda/349eb0fd/db/hmm/HAMAP.hmm with 4 CPUs
[22:58:42] Running: cat genome_annotation\/\/HAMAP\.hmm\.faa | parallel --gnu --plain -j 4 --block 28764 --recstart '>' --pipe hmmscan --noali --notextw --acc -E 1e-09 --cpu 1 /home/icaro/Documentos/WGCA/.snakemake/conda/349eb0fd/db/hmm/HAMAP.hmm /dev/stdin > genome_annotation\/\/HAMAP\.hmm\.hmmer3 2> /dev/null
[22:58:55] Deleting unwanted file: genome_annotation//HAMAP.hmm.faa
[22:58:55] Deleting unwanted file: genome_annotation//HAMAP.hmm.hmmer3
[22:58:55] Labelling remaining 842 proteins as 'hypothetical protein'
[22:58:55] Possible /pseudo 'ABC transporter ATP-binding protein/permease' at gnl|Prokka|NPDMGLKN_3 position 28444
[22:58:55] Possible /pseudo 'iron ABC transporter system permease' at gnl|Prokka|NPDMGLKN_5 position 25565
[22:58:55] Possible /pseudo 'ABC transporter permease' at gnl|Prokka|NPDMGLKN_5 position 43890
[22:58:55] Possible /pseudo 'peptide ABC transporter ATP-binding protein' at gnl|Prokka|NPDMGLKN_5 position 45797
[22:58:55] Possible /pseudo 'ribosomal-protein-alanine acetyltransferase' at gnl|Prokka|NPDMGLKN_8 position 45872
[22:58:55] Possible /pseudo 'ABC transporter permease' at gnl|Prokka|NPDMGLKN_8 position 105749
[22:58:55] Possible /pseudo 'ABC transporter ATP-binding protein' at gnl|Prokka|NPDMGLKN_8 position 211772
[22:58:55] Possible /pseudo 'ABC transporter permease' at gnl|Prokka|NPDMGLKN_8 position 226742
[22:58:55] Possible /pseudo 'glycosyl transferase family protein' at gnl|Prokka|NPDMGLKN_8 position 302793
[22:58:55] Possible /pseudo 'glycosyl transferase family protein' at gnl|Prokka|NPDMGLKN_9 position 43818
[22:58:55] Possible /pseudo 'glycosyl transferase family protein' at gnl|Prokka|NPDMGLKN_9 position 44639
[22:58:55] Possible /pseudo 'copper-translocating P-type ATPase' at gnl|Prokka|NPDMGLKN_11 position 73345
[22:58:55] Possible /pseudo 'chitin binding protein' at gnl|Prokka|NPDMGLKN_12 position 8848
[22:58:55] Possible /pseudo 'SIS domain-containing protein' at gnl|Prokka|NPDMGLKN_12 position 10677
[22:58:55] Possible /pseudo 'ABC transporter ATP-binding protein/permease' at gnl|Prokka|NPDMGLKN_12 position 19199
[22:58:55] Possible /pseudo 'ABC transporter ATP-binding protein' at gnl|Prokka|NPDMGLKN_12 position 45471
[22:58:55] Possible /pseudo 'arylsulfatase' at gnl|Prokka|NPDMGLKN_15 position 4598
[22:58:55] Possible /pseudo 'ABC transporter ATP-binding protein/permease' at gnl|Prokka|NPDMGLKN_15 position 12618
[22:58:55] Possible /pseudo 'translation-associated GTPase' at gnl|Prokka|NPDMGLKN_18 position 9500
[22:58:55] Possible /pseudo 'amino acid permease' at gnl|Prokka|NPDMGLKN_19 position 38475
[22:58:55] Possible /pseudo 'membrane protein' at gnl|Prokka|NPDMGLKN_19 position 44563
[22:58:55] Possible /pseudo 'ABC transporter permease' at gnl|Prokka|NPDMGLKN_19 position 72210
[22:58:55] Possible /pseudo 'LPXTG-motif protein cell wall anchor domain protein' at gnl|Prokka|NPDMGLKN_19 position 98816
[22:58:55] Possible /pseudo 'ABC transporter ATP-binding protein' at gnl|Prokka|NPDMGLKN_19 position 106983
[22:58:55] Possible /pseudo 'SMR family multidrug resistance protein' at gnl|Prokka|NPDMGLKN_22 position 72025
[22:58:55] Possible /pseudo 'ABC transporter permease' at gnl|Prokka|NPDMGLKN_22 position 118814
[22:58:55] Possible /pseudo 'Putative trans-acting regulator' at gnl|Prokka|NPDMGLKN_22 position 138934
[22:58:55] Possible /pseudo 'ABC transporter permease' at gnl|Prokka|NPDMGLKN_23 position 27007
[22:58:55] Possible /pseudo 'purine nucleoside phosphorylase' at gnl|Prokka|NPDMGLKN_23 position 30279
[22:58:55] Possible /pseudo 'fructose-1,6-bisphosphate aldolase' at gnl|Prokka|NPDMGLKN_23 position 45951
[22:58:55] Possible /pseudo 'DNA-3-methyladenine glycosylase' at gnl|Prokka|NPDMGLKN_29 position 4409
[22:58:55] Possible /pseudo 'YycH protein' at gnl|Prokka|NPDMGLKN_30 position 12013
[22:58:55] Possible /pseudo 'prephenate dehydratase' at gnl|Prokka|NPDMGLKN_30 position 83749
[22:58:55] Possible /pseudo 'diaminopimelate decarboxylase' at gnl|Prokka|NPDMGLKN_30 position 115599
[22:58:55] Possible /pseudo 'LPXTG-motif protein cell wall anchor domain protein' at gnl|Prokka|NPDMGLKN_30 position 119918
[22:58:55] Possible /pseudo 'D-proline reductase proprotein PrdA' at gnl|Prokka|NPDMGLKN_32 position 53666
[22:58:55] Possible /pseudo 'D-proline reductase subunit gamma' at gnl|Prokka|NPDMGLKN_32 position 54689
[22:58:55] Possible /pseudo 'ABC transporter permease' at gnl|Prokka|NPDMGLKN_32 position 62299
[22:58:55] Possible /pseudo 'peptidase, U32 family' at gnl|Prokka|NPDMGLKN_38 position 4468
[22:58:55] Possible /pseudo 'glycosyl transferase family protein' at gnl|Prokka|NPDMGLKN_41 position 15908
[22:58:55] Possible /pseudo 'ABC transporter permease' at gnl|Prokka|NPDMGLKN_42 position 12221
[22:58:55] Possible /pseudo 'major facilitator superfamily transporter' at gnl|Prokka|NPDMGLKN_47 position 8183
[22:58:55] Possible /pseudo 'phosphate ABC transporter ATP-binding protein' at gnl|Prokka|NPDMGLKN_50 position 18407
[22:58:55] Possible /pseudo 'Helix-turn-helix domain protein' at gnl|Prokka|NPDMGLKN_68 position 2359
[22:58:55] Possible /pseudo 'tagatose 1,6-diphosphate aldolase' at gnl|Prokka|NPDMGLKN_75 position 5464
[22:58:55] Possible /pseudo 'ISEfa8, transposase' at gnl|Prokka|NPDMGLKN_77 position 402
[22:58:55] Possible /pseudo 'ABC transporter ATP-binding protein/permease' at gnl|Prokka|NPDMGLKN_78 position 2979
[22:58:55] Possible /pseudo 'helix-turn-helix domain-containing protein' at gnl|Prokka|NPDMGLKN_84 position 968
[22:58:55] Possible /pseudo 'HisJ family histidinol phosphate phosphatase' at gnl|Prokka|NPDMGLKN_89 position 982
[22:58:55] Possible /pseudo 'Putative fluoride ion transporter CrcB' at gnl|Prokka|NPDMGLKN_90 position 3909
[22:58:55] Found 578 unique /gene codes.
[22:58:55] Fixed 2 duplicate /gene - ureI_1 ureI_2
[22:58:55] Fixed 2 duplicate /gene - dfrD_1 dfrD_2
[22:58:55] Fixed 2 duplicate /gene - metB_1 metB_2
[22:58:55] Fixed 2 duplicate /gene - esxA_1 esxA_2
[22:58:55] Fixed 2 duplicate /gene - clpX_1 clpX_2
[22:58:55] Fixed 2 duplicate /gene - nox_1 nox_2
[22:58:55] Fixed 3 duplicate /gene - prdA_1 prdA_2 prdA_3
[22:58:55] Fixed 2 duplicate /gene - ureF_1 ureF_2
[22:58:55] Fixed 3 duplicate /gene - lacD2_1 lacD2_2 lacD2_3
[22:58:55] Fixed 2 duplicate /gene - pepV_1 pepV_2
[22:58:55] Fixed 2 duplicate /gene - metQ_1 metQ_2
[22:58:55] Fixed 2 duplicate /gene - cbiO_1 cbiO_2
[22:58:55] Fixed 2 duplicate /gene - arcB_1 arcB_2
[22:58:55] Fixed 2 duplicate /gene - ureE_1 ureE_2
[22:58:55] Fixed 2 duplicate /gene - ureA_1 ureA_2
[22:58:55] Fixed 3 duplicate /gene - msrA_1 msrA_2 msrA_3
[22:58:55] Fixed 2 duplicate /gene - arcC_1 arcC_2
[22:58:55] Fixed 3 duplicate /gene - soj_1 soj_2 soj_3
[22:58:55] Fixed 2 duplicate /gene - oppD_1 oppD_2
[22:58:55] Fixed 3 duplicate /gene - pglF_1 pglF_2 pglF_3
[22:58:55] Fixed 2 duplicate /gene - xerD_1 xerD_2
[22:58:55] Fixed 2 duplicate /gene - ureG_1 ureG_2
[22:58:55] Fixed 4 duplicate /gene - rhaR_1 rhaR_2 rhaR_3 rhaR_4
[22:58:55] Fixed 2 duplicate /gene - lacG_1 lacG_2
[22:58:55] Fixed 2 duplicate /gene - tkt_1 tkt_2
[22:58:55] Fixed 2 duplicate /gene - prdB_1 prdB_2
[22:58:55] Fixed 2 duplicate /gene - crcB_1 crcB_2
[22:58:55] Fixed 3 duplicate /gene - btuD_1 btuD_2 btuD_3
[22:58:55] Fixed 2 duplicate /gene - ubiE_1 ubiE_2
[22:58:55] Fixed 3 duplicate /gene - lacD1_1 lacD1_2 lacD1_3
[22:58:55] Fixed 2 duplicate /gene - artM_1 artM_2
[22:58:55] Fixed 2 duplicate /gene - oppF_1 oppF_2
[22:58:55] Fixed 2 duplicate /gene - tuf_1 tuf_2
[22:58:55] Fixed 2 duplicate /gene - msmK_1 msmK_2
[22:58:55] Fixed 2 duplicate /gene - csd_1 csd_2
[22:58:55] Fixed 4 duplicate /gene - xerC_1 xerC_2 xerC_3 xerC_4
[22:58:55] Fixed 2 duplicate /gene - metN2_1 metN2_2
[22:58:55] Fixed 2 duplicate /gene - ureB_1 ureB_2
[22:58:55] Fixed 2 duplicate /gene - copB_1 copB_2
[22:58:55] Fixed 2 duplicate /gene - ureC_1 ureC_2
[22:58:55] Fixed 2 duplicate /gene - ureD1_1 ureD1_2
[22:58:55] Fixed 41 colliding /gene names.
[22:58:55] Adding /locus_tag identifiers
[22:58:55] Assigned 2813 locus_tags to CDS and RNA features.
[22:58:55] Writing outputs to genome_annotation//
[22:58:57] Generating annotation statistics file
[22:58:57] Generating Genbank and Sequin files
[22:58:57] Running: tbl2asn -V b -a r10k -l paired-ends -M n -N 1 -y 'Annotated using prokka 1.14.0 from https://github.com/tseemann/prokka' -Z genome_annotation\/\/C7\.err -i genome_annotation\/\/C7\.fsa 2> /dev/null
[22:59:04] Deleting unwanted file: genome_annotation//errorsummary.val
[22:59:04] Deleting unwanted file: genome_annotation//C7.dr
[22:59:04] Deleting unwanted file: genome_annotation//C7.fixedproducts
[22:59:04] Deleting unwanted file: genome_annotation//C7.ecn
[22:59:04] Deleting unwanted file: genome_annotation//C7.val
[22:59:04] Repairing broken .GBK output that tbl2asn produces...
[22:59:04] Running: sed 's/COORDINATES: profile/COORDINATES:profile/' < genome_annotation\/\/C7\.gbf > genome_annotation\/\/C7\.gbk
[22:59:04] Deleting unwanted file: genome_annotation//C7.gbf
[22:59:04] Output files:
[22:59:04] genome_annotation/C7.sqn
[22:59:04] genome_annotation/C7.log
[22:59:04] genome_annotation/C7.txt
[22:59:04] genome_annotation/C7.faa
[22:59:04] genome_annotation/C7.tsv
[22:59:04] genome_annotation/C7.fna
[22:59:04] genome_annotation/C7.fsa
[22:59:04] genome_annotation/C7.tbl
[22:59:04] genome_annotation/C7.gff
[22:59:04] genome_annotation/C7.err
[22:59:04] genome_annotation/C7.gbk
[22:59:04] genome_annotation/C7.ffn
[22:59:04] Annotation finished successfully.
[22:59:04] Walltime used: 1.48 minutes
[22:59:04] If you use this result please cite the Prokka paper:
[22:59:04] Seemann T (2014) Prokka: rapid prokaryotic genome annotation. Bioinformatics. 30(14):2068-9.
[22:59:04] Type 'prokka --citation' for more details.
[22:59:04] Share and enjoy!
