[23:07:13] This is prokka 1.14.0
[23:07:13] Written by Torsten Seemann <torsten.seemann@gmail.com>
[23:07:13] Homepage is https://github.com/tseemann/prokka
[23:07:13] Local time is Thu Sep  5 23:07:13 2019
[23:07:13] You are icaro
[23:07:13] Operating system is linux
[23:07:13] You have BioPerl 1.007002
[23:07:13] System has 4 cores.
[23:07:13] Option --cpu asked for 8 cores, but system only has 4
[23:07:13] Will use maximum of 4 cores.
[23:07:13] Annotating as >>> Bacteria <<<
[23:07:13] Generating locus_tag from 'data/samples/DMW1-1.fasta' contents.
[23:07:13] Setting --locustag CIDCOKEI from MD5 c2dc84e247718ac7ce5cdbdcd9e54d77
[23:07:13] Enabling options to ensure Genbank/ENA/DDJB submission compliance.
[23:07:13] Re-using existing --outdir genome_annotation/
[23:07:13] Using filename prefix: DMW1-1.XXX
[23:07:13] Setting HMMER_NCPU=1
[23:07:13] Writing log to: genome_annotation//DMW1-1.log
[23:07:13] Command: /home/icaro/Documentos/WGCA/.snakemake/conda/349eb0fd/bin/prokka --force --outdir genome_annotation/ --usegenus --Genus Enterococcus --compliant --prefix DMW1-1 data/samples/DMW1-1.fasta
[23:07:13] Appending to PATH: /home/icaro/Documentos/WGCA/.snakemake/conda/349eb0fd/bin
[23:07:13] Looking for 'aragorn' - found /home/icaro/Documentos/WGCA/.snakemake/conda/349eb0fd/bin/aragorn
[23:07:13] Determined aragorn version is 1.2
[23:07:13] Looking for 'barrnap' - found /home/icaro/Documentos/WGCA/.snakemake/conda/349eb0fd/bin/barrnap
[23:07:13] Determined barrnap version is 0.9
[23:07:13] Looking for 'blastp' - found /home/icaro/Documentos/WGCA/.snakemake/conda/349eb0fd/bin/blastp
[23:07:13] Determined blastp version is 2.9
[23:07:13] Looking for 'cmpress' - found /home/icaro/Documentos/WGCA/.snakemake/conda/349eb0fd/bin/cmpress
[23:07:13] Determined cmpress version is 1.1
[23:07:13] Looking for 'cmscan' - found /home/icaro/Documentos/WGCA/.snakemake/conda/349eb0fd/bin/cmscan
[23:07:13] Determined cmscan version is 1.1
[23:07:13] Looking for 'egrep' - found /bin/egrep
[23:07:13] Looking for 'find' - found /usr/bin/find
[23:07:13] Looking for 'grep' - found /bin/grep
[23:07:13] Looking for 'hmmpress' - found /home/icaro/Documentos/WGCA/.snakemake/conda/349eb0fd/bin/hmmpress
[23:07:13] Determined hmmpress version is 3.2
[23:07:13] Looking for 'hmmscan' - found /home/icaro/Documentos/WGCA/.snakemake/conda/349eb0fd/bin/hmmscan
[23:07:13] Determined hmmscan version is 3.2
[23:07:13] Looking for 'java' - found /home/icaro/Documentos/WGCA/.snakemake/conda/349eb0fd/bin/java
[23:07:13] Looking for 'less' - found /usr/bin/less
[23:07:13] Looking for 'makeblastdb' - found /home/icaro/Documentos/WGCA/.snakemake/conda/349eb0fd/bin/makeblastdb
[23:07:13] Determined makeblastdb version is 2.9
[23:07:13] Looking for 'minced' - found /home/icaro/Documentos/WGCA/.snakemake/conda/349eb0fd/bin/minced
[23:07:13] Determined minced version is 4.2
[23:07:13] Looking for 'parallel' - found /home/icaro/Documentos/WGCA/.snakemake/conda/349eb0fd/bin/parallel
[23:07:13] Determined parallel version is 20190722
[23:07:13] Looking for 'prodigal' - found /home/icaro/Documentos/WGCA/.snakemake/conda/349eb0fd/bin/prodigal
[23:07:13] Determined prodigal version is 2.6
[23:07:13] Looking for 'prokka-genbank_to_fasta_db' - found /home/icaro/Documentos/WGCA/.snakemake/conda/349eb0fd/bin/prokka-genbank_to_fasta_db
[23:07:13] Looking for 'sed' - found /bin/sed
[23:07:13] Looking for 'tbl2asn' - found /home/icaro/Documentos/WGCA/.snakemake/conda/349eb0fd/bin/tbl2asn
[23:07:13] Determined tbl2asn version is 25.7
[23:07:13] Using genetic code table 11.
[23:07:13] Loading and checking input file: data/samples/DMW1-1.fasta
[23:07:13] Wrote 63 contigs totalling 3081981 bp.
[23:07:13] Predicting tRNAs and tmRNAs
[23:07:13] Running: aragorn -l -gc11  -w genome_annotation\/\/DMW1\-1\.fna
[23:07:14] 1 tRNA-Ser c[248744,248831] 33 (cga)
[23:07:14] 2 tmRNA [274597,274961] 92,130 AKNENNSYALAA*
[23:07:14] 3 tRNA-Met c[276230,276305] 36 (cat)
[23:07:14] 1 tRNA-Leu c[1171,1253] 34 (gag)
[23:07:14] 2 tRNA-Met [83878,83953] 36 (cat)
[23:07:14] 1 tRNA-Ser [60,150] 36 (gga)
[23:07:14] 2 tRNA-Glu [161,234] 35 (ttc)
[23:07:14] 3 tRNA-Val [246,320] 35 (tac)
[23:07:14] 4 tRNA-Asp [328,403] 35 (gtc)
[23:07:14] 5 tRNA-Phe [435,510] 34 (gaa)
[23:07:14] 6 tRNA-Tyr [511,593] 36 (gta)
[23:07:14] 7 tRNA-Trp [599,672] 33 (cca)
[23:07:14] 8 tRNA-His [675,748] 34 (gtg)
[23:07:14] 9 tRNA-Gln [756,829] 34 (ttg)
[23:07:14] 10 tRNA-Cys [866,936] 33 (gca)
[23:07:14] 11 tRNA-Leu [957,1044] 36 (caa)
[23:07:14] 1 tRNA-Glu c[125748,125821] 35 (ttc)
[23:07:14] 2 tRNA-Ile c[125832,125906] 35 (gat)
[23:07:14] 3 tRNA-Gly c[125922,125992] 33 (tcc)
[23:07:14] 4 tRNA-Phe c[125996,126070] 35 (gaa)
[23:07:14] 5 tRNA-Asp c[126072,126147] 36 (gtc)
[23:07:14] 6 tRNA-Met c[126189,126264] 36 (cat)
[23:07:14] 7 tRNA-Ser c[126310,126399] 37 (tga)
[23:07:14] 8 tRNA-Glu c[126417,126490] 35 (ttc)
[23:07:14] 9 tRNA-Ser c[126505,126594] 36 (gct)
[23:07:14] 10 tRNA-Ile c[126617,126692] 36 (gat)
[23:07:14] 11 tRNA-Gly c[126707,126777] 33 (tcc)
[23:07:14] 12 tRNA-Asp c[126779,126855] 35 (gtc)
[23:07:14] 13 tRNA-Met c[126901,126976] 36 (cat)
[23:07:14] 14 tRNA-Ser c[127022,127111] 37 (tga)
[23:07:14] 15 tRNA-Met c[127135,127210] 36 (cat)
[23:07:14] 16 tRNA-Met c[127223,127298] 36 (cat)
[23:07:14] 17 tRNA-Ala c[127326,127398] 34 (tgc)
[23:07:14] 18 tRNA-Pro c[127418,127491] 35 (tgg)
[23:07:14] 19 tRNA-Arg c[127501,127576] 36 (acg)
[23:07:14] 20 tRNA-Leu c[127586,127671] 35 (taa)
[23:07:14] 21 tRNA-Gly c[127688,127759] 33 (gcc)
[23:07:14] 22 tRNA-Thr c[127768,127843] 35 (tgt)
[23:07:14] 23 tRNA-Leu c[127865,127948] 36 (tag)
[23:07:14] 1 tRNA-Asn [108,183] 36 (gtt)
[23:07:14] 2 tRNA-Thr c[1228,1300] 34 (ggt)
[23:07:14] 3 tRNA-Asn [1507,1582] 36 (gtt)
[23:07:14] 4 tRNA-Gly [75741,75811] 33 (ccc)
[23:07:14] 5 tRNA-Arg c[135140,135214] 35 (ccg)
[23:07:14] 6 tRNA-Tyr [167031,167111] 35 (gta)
[23:07:14] 7 tRNA-Gln [167117,167190] 34 (ttg)
[23:07:14] 1 tRNA-Arg c[133020,133095] 36 (cct)
[23:07:14] 2 tRNA-Arg c[190306,190381] 36 (tct)
[23:07:14] 3 tRNA-Thr c[420848,420920] 34 (cgt)
[23:07:14] 1 tRNA-Gln c[3018,3092] 35 (ctg)
[23:07:14] 1 tRNA-Leu [27,110] 36 (tag)
[23:07:14] 2 tRNA-Thr [132,207] 35 (tgt)
[23:07:14] 3 tRNA-Gly [216,287] 33 (gcc)
[23:07:14] 4 tRNA-Leu [304,389] 35 (taa)
[23:07:14] 5 tRNA-Arg [399,474] 36 (acg)
[23:07:14] 6 tRNA-Pro [491,566] 36 (tgg)
[23:07:14] 7 tRNA-Arg [624,699] 36 (acg)
[23:07:14] 1 tRNA-Lys [73970,74044] 35 (ctt)
[23:07:14] 1 tRNA-Met [37241,37316] 36 (cat)
[23:07:14] 1 tRNA-Val c[37,111] 35 (tac)
[23:07:14] Found 60 tRNAs
[23:07:14] Predicting Ribosomal RNAs
[23:07:14] Running Barrnap with 4 threads
[23:07:16] 1 gnl|Prokka|CIDCOKEI_36 127 5S ribosomal RNA
[23:07:16] 2 gnl|Prokka|CIDCOKEI_36 335 23S ribosomal RNA
[23:07:16] 3 gnl|Prokka|CIDCOKEI_36 3463 16S ribosomal RNA
[23:07:16] 4 gnl|Prokka|CIDCOKEI_42 15997 5S ribosomal RNA
[23:07:16] Found 4 rRNAs
[23:07:16] Skipping ncRNA search, enable with --rfam if desired.
[23:07:16] Total of 63 tRNA + rRNA features
[23:07:16] Searching for CRISPR repeats
[23:07:16] Found 0 CRISPRs
[23:07:16] Predicting coding sequences
[23:07:16] Contigs total 3081981 bp, so using single mode
[23:07:16] Running: prodigal -i genome_annotation\/\/DMW1\-1\.fna -c -m -g 11 -p single -f sco -q
[23:07:20] Found 2890 CDS
[23:07:20] Connecting features back to sequences
[23:07:20] Using custom Enterococcus database for annotation
[23:07:20] Annotating CDS, please be patient.
[23:07:20] Will use 4 CPUs for similarity searching.
[23:07:21] There are still 2890 unannotated CDS left (started with 2890)
[23:07:21] Will use blast to search against /home/icaro/Documentos/WGCA/.snakemake/conda/349eb0fd/db/genus/Enterococcus with 4 CPUs
[23:07:21] Running: cat genome_annotation\/\/Enterococcus\.faa | parallel --gnu --plain -j 4 --block 107905 --recstart '>' --pipe blastp -query - -db /home/icaro/Documentos/WGCA/.snakemake/conda/349eb0fd/db/genus/Enterococcus -evalue 1e-09 -qcov_hsp_perc 80 -num_threads 1 -num_descriptions 1 -num_alignments 1 -seg no > genome_annotation\/\/Enterococcus\.blast 2> /dev/null
[23:07:39] Modify product: site-specific tyrosine recombinase XerD-family => site-specific tyrosine recombinase XerD-family protein
[23:07:39] Modify product: site-specific tyrosine recombinase XerC-family => site-specific tyrosine recombinase XerC-family protein
[23:07:39] Modify product: radical SAM protein family => radical SAM protein family protein
[23:07:40] Modify product: Sporulation Regulator WhiA N terminal => hypothetical protein
[23:07:40] Modify product: excisionase family DNA binding domain => excisionase family DNA binding domain protein
[23:07:41] Modify product: site-specific tyrosine recombinase XerC-family => site-specific tyrosine recombinase XerC-family protein
[23:07:41] Modify product: site-specific tyrosine recombinase XerC-family => site-specific tyrosine recombinase XerC-family protein
[23:07:41] Modify product: site-specific tyrosine recombinase XerC-family => site-specific tyrosine recombinase XerC-family protein
[23:07:41] Modify product: site-specific tyrosine recombinase XerC-family => site-specific tyrosine recombinase XerC-family protein
[23:07:41] Modify product: putative RNA-binding protein containing a PIN domain => putative RNA-binding protein containing a PIN domain protein
[23:07:41] Modify product: site-specific tyrosine recombinase XerC-family => site-specific tyrosine recombinase XerC-family protein
[23:07:41] Modify product: transcriptional regulator Spx-family => transcriptional regulator Spx-family protein
[23:07:42] Modify product: transcriptional regulator Spx-family => transcriptional regulator Spx-family protein
[23:07:42] Cleaned 13 /product names
[23:07:42] Deleting unwanted file: genome_annotation//Enterococcus.faa
[23:07:42] Deleting unwanted file: genome_annotation//Enterococcus.blast
[23:07:42] There are still 1154 unannotated CDS left (started with 2890)
[23:07:42] Will use blast to search against /home/icaro/Documentos/WGCA/.snakemake/conda/349eb0fd/db/kingdom/Bacteria/IS with 4 CPUs
[23:07:42] Running: cat genome_annotation\/\/IS\.faa | parallel --gnu --plain -j 4 --block 35284 --recstart '>' --pipe blastp -query - -db /home/icaro/Documentos/WGCA/.snakemake/conda/349eb0fd/db/kingdom/Bacteria/IS -evalue 1e-30 -qcov_hsp_perc 90 -num_threads 1 -num_descriptions 1 -num_alignments 1 -seg no > genome_annotation\/\/IS\.blast 2> /dev/null
[23:07:51] Deleting unwanted file: genome_annotation//IS.faa
[23:07:51] Deleting unwanted file: genome_annotation//IS.blast
[23:07:51] There are still 1152 unannotated CDS left (started with 2890)
[23:07:51] Will use blast to search against /home/icaro/Documentos/WGCA/.snakemake/conda/349eb0fd/db/kingdom/Bacteria/AMR with 4 CPUs
[23:07:51] Running: cat genome_annotation\/\/AMR\.faa | parallel --gnu --plain -j 4 --block 35211 --recstart '>' --pipe blastp -query - -db /home/icaro/Documentos/WGCA/.snakemake/conda/349eb0fd/db/kingdom/Bacteria/AMR -evalue 9.99999999999999e-301 -qcov_hsp_perc 90 -num_threads 1 -num_descriptions 1 -num_alignments 1 -seg no > genome_annotation\/\/AMR\.blast 2> /dev/null
[23:07:58] Deleting unwanted file: genome_annotation//AMR.faa
[23:07:58] Deleting unwanted file: genome_annotation//AMR.blast
[23:07:58] There are still 1152 unannotated CDS left (started with 2890)
[23:07:58] Will use blast to search against /home/icaro/Documentos/WGCA/.snakemake/conda/349eb0fd/db/kingdom/Bacteria/sprot with 4 CPUs
[23:07:58] Running: cat genome_annotation\/\/sprot\.faa | parallel --gnu --plain -j 4 --block 35211 --recstart '>' --pipe blastp -query - -db /home/icaro/Documentos/WGCA/.snakemake/conda/349eb0fd/db/kingdom/Bacteria/sprot -evalue 1e-09 -qcov_hsp_perc 80 -num_threads 1 -num_descriptions 1 -num_alignments 1 -seg no > genome_annotation\/\/sprot\.blast 2> /dev/null
[23:08:25] Modify product: Uncharacterized protein YbdM => putative protein YbdM
[23:08:25] Modify product: Uncharacterized membrane protein YuaF => putative membrane protein YuaF
[23:08:25] Modify product: Uncharacterized protein NMB0459 => putative protein
[23:08:25] Modify product: UPF0223 protein BH2638 => hypothetical protein
[23:08:25] Modify product: UPF0358 protein EF_2458 => hypothetical protein
[23:08:25] Modify product: UPF0302 protein BA_1542/GBAA_1542/BAS1430 => hypothetical protein
[23:08:25] Modify product: UPF0346 protein YozE => hypothetical protein
[23:08:25] Modify product: Uncharacterized HTH-type transcriptional regulator YtcD => putative HTH-type transcriptional regulator YtcD
[23:08:26] Modify product: Uncharacterized protein YqgQ => putative protein YqgQ
[23:08:26] Modify product: Putative acetyltransferase SA2342 => Putative acetyltransferase
[23:08:26] Modify product: Uncharacterized protein PA2218 => putative protein
[23:08:26] Modify product: Uncharacterized transmembrane protein YxlG => putative transmembrane protein YxlG
[23:08:26] Modify product: Putative trans-acting regulator SP_1800 => Putative trans-acting regulator
[23:08:26] Modify product: Putative trans-acting regulator SP_1800 => Putative trans-acting regulator
[23:08:26] Modify product: UPF0342 protein SA1663 => hypothetical protein
[23:08:26] Modify product: UPF0356 protein M6_Spy1605 => hypothetical protein
[23:08:26] Modify product: Nucleoid-associated protein Cthe_2143 => Nucleoid-associated protein
[23:08:26] Modify product: Uncharacterized protein YaaQ => putative protein YaaQ
[23:08:26] Modify product: UPF0297 protein EF_1202 => hypothetical protein
[23:08:26] Modify product: UPF0473 protein SP_0194 => hypothetical protein
[23:08:26] Modify product: UPF0154 protein SA1178 => hypothetical protein
[23:08:26] Modify product: Probable transcriptional regulatory protein YeeN => putative transcriptional regulatory protein YeeN
[23:08:26] Modify product: Uncharacterized protein YkuJ => putative protein YkuJ
[23:08:26] Modify product: UPF0374 protein SP_1903 => hypothetical protein
[23:08:26] Modify product: Uncharacterized protein Spy1535 => putative protein
[23:08:26] Modify product: Deacetylase EF_0837 => Deacetylase
[23:08:26] Modify product: Probable formate transporter 1 => putative formate transporter 1
[23:08:26] Modify product: Probable type I restriction enzyme BthVORF4518P M protein => putative type I restriction enzymeP M protein
[23:08:26] Modify product: UPF0145 protein YbjQ => hypothetical protein
[23:08:26] Modify product: Uncharacterized protein YmcA => putative protein YmcA
[23:08:26] Modify product: Uncharacterized protein YueI => putative protein YueI
[23:08:26] Modify product: Putative trans-acting regulator SP_1800 => Putative trans-acting regulator
[23:08:26] Modify product: UPF0291 protein SP_1473 => hypothetical protein
[23:08:26] Modify product: UPF0398 protein YpsA => hypothetical protein
[23:08:26] Modify product: UPF0340 protein YwlG => hypothetical protein
[23:08:26] Modify product: UPF0701 protein HI_0467 => hypothetical protein
[23:08:26] Cleaned 36 /product names
[23:08:26] Deleting unwanted file: genome_annotation//sprot.faa
[23:08:26] Deleting unwanted file: genome_annotation//sprot.blast
[23:08:26] There are still 1027 unannotated CDS left (started with 2890)
[23:08:26] Will use hmmer3 to search against /home/icaro/Documentos/WGCA/.snakemake/conda/349eb0fd/db/hmm/HAMAP.hmm with 4 CPUs
[23:08:26] Running: cat genome_annotation\/\/HAMAP\.hmm\.faa | parallel --gnu --plain -j 4 --block 30525 --recstart '>' --pipe hmmscan --noali --notextw --acc -E 1e-09 --cpu 1 /home/icaro/Documentos/WGCA/.snakemake/conda/349eb0fd/db/hmm/HAMAP.hmm /dev/stdin > genome_annotation\/\/HAMAP\.hmm\.hmmer3 2> /dev/null
[23:08:43] Deleting unwanted file: genome_annotation//HAMAP.hmm.faa
[23:08:43] Deleting unwanted file: genome_annotation//HAMAP.hmm.hmmer3
[23:08:43] Labelling remaining 1006 proteins as 'hypothetical protein'
[23:08:43] Possible /pseudo 'ABC transporter permease' at gnl|Prokka|CIDCOKEI_1 position 55937
[23:08:43] Possible /pseudo 'ABC transporter ATP-binding protein' at gnl|Prokka|CIDCOKEI_1 position 70909
[23:08:43] Possible /pseudo 'ABC transporter permease' at gnl|Prokka|CIDCOKEI_1 position 165943
[23:08:43] Possible /pseudo 'oxidoreductase, aldo/keto reductase family protein' at gnl|Prokka|CIDCOKEI_1 position 198341
[23:08:43] Possible /pseudo 'ribosomal-protein-alanine acetyltransferase' at gnl|Prokka|CIDCOKEI_1 position 225841
[23:08:43] Possible /pseudo 'Galactose-6-phosphate isomerase subunit LacB' at gnl|Prokka|CIDCOKEI_1 position 321674
[23:08:43] Possible /pseudo 'copper-translocating P-type ATPase' at gnl|Prokka|CIDCOKEI_1 position 358359
[23:08:43] Possible /pseudo 'tagatose 1,6-diphosphate aldolase' at gnl|Prokka|CIDCOKEI_1 position 387110
[23:08:43] Possible /pseudo '1-phosphofructokinase' at gnl|Prokka|CIDCOKEI_1 position 389819
[23:08:43] Possible /pseudo 'acetyl-CoA acetyltransferase/hydroxymethylglutaryl-CoA reductase, degradative' at gnl|Prokka|CIDCOKEI_4 position 65277
[23:08:43] Possible /pseudo 'membrane protein' at gnl|Prokka|CIDCOKEI_4 position 80162
[23:08:43] Possible /pseudo 'SMR family multidrug resistance protein' at gnl|Prokka|CIDCOKEI_4 position 126099
[23:08:43] Possible /pseudo 'Putative trans-acting regulator' at gnl|Prokka|CIDCOKEI_4 position 178105
[23:08:43] Possible /pseudo 'coenzyme A disulfide reductase' at gnl|Prokka|CIDCOKEI_5 position 20464
[23:08:43] Possible /pseudo 'amino acid permease' at gnl|Prokka|CIDCOKEI_5 position 51368
[23:08:43] Possible /pseudo 'membrane protein' at gnl|Prokka|CIDCOKEI_5 position 57456
[23:08:43] Possible /pseudo 'CRISPR-associated endonuclease Cas9' at gnl|Prokka|CIDCOKEI_5 position 63302
[23:08:43] Possible /pseudo 'ABC transporter permease' at gnl|Prokka|CIDCOKEI_5 position 83286
[23:08:43] Possible /pseudo 'LPXTG-motif protein cell wall anchor domain protein' at gnl|Prokka|CIDCOKEI_5 position 110063
[23:08:43] Possible /pseudo 'ABC transporter ATP-binding protein' at gnl|Prokka|CIDCOKEI_5 position 118231
[23:08:43] Possible /pseudo 'ISEf1, transposase' at gnl|Prokka|CIDCOKEI_7 position 31008
[23:08:43] Possible /pseudo 'ISEfa8, transposase' at gnl|Prokka|CIDCOKEI_7 position 33806
[23:08:43] Possible /pseudo 'ABC transporter ATP-binding protein/permease' at gnl|Prokka|CIDCOKEI_9 position 28724
[23:08:43] Possible /pseudo 'phosphate ABC transporter ATP-binding protein' at gnl|Prokka|CIDCOKEI_9 position 184532
[23:08:43] Possible /pseudo 'glycosyl transferase family protein' at gnl|Prokka|CIDCOKEI_11 position 53699
[23:08:43] Possible /pseudo 'glycosyl transferase family protein' at gnl|Prokka|CIDCOKEI_11 position 124863
[23:08:43] Possible /pseudo 'glycosyl transferase family protein' at gnl|Prokka|CIDCOKEI_11 position 125684
[23:08:43] Possible /pseudo 'efflux ABC transporter permease' at gnl|Prokka|CIDCOKEI_11 position 204221
[23:08:43] Possible /pseudo 'ABC transporter, ATP-binding protein/permease' at gnl|Prokka|CIDCOKEI_11 position 241372
[23:08:43] Possible /pseudo 'PTS system, sugar-specific IIBC component' at gnl|Prokka|CIDCOKEI_11 position 274415
[23:08:43] Possible /pseudo 'ABC transporter permease' at gnl|Prokka|CIDCOKEI_11 position 313148
[23:08:43] Possible /pseudo 'Vitamin B12 import ATP-binding protein BtuD' at gnl|Prokka|CIDCOKEI_11 position 345737
[23:08:43] Possible /pseudo 'PTS system, trehalose/maltose-specific, IIBCA component' at gnl|Prokka|CIDCOKEI_13 position 158683
[23:08:43] Possible /pseudo 'iron ABC transporter system permease' at gnl|Prokka|CIDCOKEI_13 position 183687
[23:08:43] Possible /pseudo 'ABC transporter permease' at gnl|Prokka|CIDCOKEI_13 position 202091
[23:08:43] Possible /pseudo 'peptide ABC transporter ATP-binding protein' at gnl|Prokka|CIDCOKEI_13 position 203998
[23:08:43] Possible /pseudo 'fructose-1,6-bisphosphate aldolase' at gnl|Prokka|CIDCOKEI_13 position 240930
[23:08:43] Possible /pseudo 'purine nucleoside phosphorylase' at gnl|Prokka|CIDCOKEI_13 position 256604
[23:08:43] Possible /pseudo 'ABC transporter permease' at gnl|Prokka|CIDCOKEI_13 position 259858
[23:08:43] Possible /pseudo 'helix-turn-helix domain-containing protein' at gnl|Prokka|CIDCOKEI_13 position 324623
[23:08:43] Possible /pseudo 'translation-associated GTPase' at gnl|Prokka|CIDCOKEI_13 position 338342
[23:08:43] Possible /pseudo 'ABC transporter permease' at gnl|Prokka|CIDCOKEI_16 position 26585
[23:08:43] Possible /pseudo 'peptidase, U32 family' at gnl|Prokka|CIDCOKEI_22 position 4921
[23:08:43] Possible /pseudo 'ABC transporter ATP-binding protein/permease' at gnl|Prokka|CIDCOKEI_23 position 40923
[23:08:43] Possible /pseudo 'YycH protein' at gnl|Prokka|CIDCOKEI_23 position 65835
[23:08:43] Possible /pseudo 'DNA directed DNA polymerase' at gnl|Prokka|CIDCOKEI_23 position 151274
[23:08:43] Possible /pseudo 'LPXTG-motif protein cell wall anchor domain protein' at gnl|Prokka|CIDCOKEI_23 position 176797
[23:08:43] Possible /pseudo 'alpha3-beta1 integrin-binding family protein' at gnl|Prokka|CIDCOKEI_24 position 20530
[23:08:43] Possible /pseudo 'glycosyl transferase family protein' at gnl|Prokka|CIDCOKEI_24 position 40126
[23:08:43] Possible /pseudo 'major facilitator superfamily transporter' at gnl|Prokka|CIDCOKEI_24 position 70495
[23:08:43] Possible /pseudo 'M protein trans-acting positive regulator' at gnl|Prokka|CIDCOKEI_24 position 77297
[23:08:43] Possible /pseudo 'ABC transporter permease' at gnl|Prokka|CIDCOKEI_24 position 97003
[23:08:43] Possible /pseudo 'DNA-3-methyladenine glycosylase' at gnl|Prokka|CIDCOKEI_29 position 7836
[23:08:43] Possible /pseudo 'Cytochrome P450' at gnl|Prokka|CIDCOKEI_29 position 13576
[23:08:43] Possible /pseudo 'ABC transporter ATP-binding protein' at gnl|Prokka|CIDCOKEI_29 position 122288
[23:08:43] Possible /pseudo 'ABC transporter ATP-binding protein/permease' at gnl|Prokka|CIDCOKEI_29 position 149655
[23:08:43] Possible /pseudo 'SIS domain-containing protein' at gnl|Prokka|CIDCOKEI_29 position 158175
[23:08:43] Possible /pseudo 'chitin binding protein' at gnl|Prokka|CIDCOKEI_29 position 160335
[23:08:43] Found 554 unique /gene codes.
[23:08:43] Fixed 2 duplicate /gene - yafQ_1 yafQ_2
[23:08:43] Fixed 2 duplicate /gene - rhaR_1 rhaR_2
[23:08:43] Fixed 2 duplicate /gene - metQ_1 metQ_2
[23:08:43] Fixed 2 duplicate /gene - cspLA_1 cspLA_2
[23:08:43] Fixed 2 duplicate /gene - dfrD_1 dfrD_2
[23:08:43] Fixed 2 duplicate /gene - pepV_1 pepV_2
[23:08:43] Fixed 2 duplicate /gene - nox_1 nox_2
[23:08:43] Fixed 2 duplicate /gene - yozG_1 yozG_2
[23:08:43] Fixed 2 duplicate /gene - lacD1_1 lacD1_2
[23:08:43] Fixed 2 duplicate /gene - artM_1 artM_2
[23:08:43] Fixed 2 duplicate /gene - msrA_1 msrA_2
[23:08:43] Fixed 2 duplicate /gene - soj_1 soj_2
[23:08:43] Fixed 2 duplicate /gene - agrB_1 agrB_2
[23:08:43] Fixed 3 duplicate /gene - esxA_1 esxA_2 esxA_3
[23:08:43] Fixed 2 duplicate /gene - metN2_1 metN2_2
[23:08:43] Fixed 2 duplicate /gene - prgN_1 prgN_2
[23:08:43] Fixed 2 duplicate /gene - lexA_1 lexA_2
[23:08:43] Fixed 4 duplicate /gene - rep_1 rep_2 rep_3 rep_4
[23:08:43] Fixed 2 duplicate /gene - arcB_1 arcB_2
[23:08:43] Fixed 3 duplicate /gene - btuD_1 btuD_2 btuD_3
[23:08:43] Fixed 2 duplicate /gene - cas9_1 cas9_2
[23:08:43] Fixed 2 duplicate /gene - msmK_1 msmK_2
[23:08:43] Fixed 2 duplicate /gene - lacG_1 lacG_2
[23:08:43] Fixed 2 duplicate /gene - dnaB_1 dnaB_2
[23:08:43] Fixed 3 duplicate /gene - bin3_1 bin3_2 bin3_3
[23:08:43] Fixed 2 duplicate /gene - ligA_1 ligA_2
[23:08:43] Fixed 2 duplicate /gene - metB_1 metB_2
[23:08:43] Fixed 2 duplicate /gene - pglF_1 pglF_2
[23:08:43] Fixed 2 duplicate /gene - tuf_1 tuf_2
[23:08:43] Fixed 2 duplicate /gene - essB_1 essB_2
[23:08:43] Fixed 2 duplicate /gene - cbiO_1 cbiO_2
[23:08:43] Fixed 7 duplicate /gene - xerC_1 xerC_2 xerC_3 xerC_4 xerC_5 xerC_6 xerC_7
[23:08:43] Fixed 2 duplicate /gene - repB_1 repB_2
[23:08:43] Fixed 2 duplicate /gene - tkt_1 tkt_2
[23:08:43] Fixed 2 duplicate /gene - lacB_1 lacB_2
[23:08:43] Fixed 2 duplicate /gene - clpX_1 clpX_2
[23:08:43] Fixed 36 colliding /gene names.
[23:08:43] Adding /locus_tag identifiers
[23:08:44] Assigned 2954 locus_tags to CDS and RNA features.
[23:08:44] Writing outputs to genome_annotation//
[23:08:46] Generating annotation statistics file
[23:08:46] Generating Genbank and Sequin files
[23:08:46] Running: tbl2asn -V b -a r10k -l paired-ends -M n -N 1 -y 'Annotated using prokka 1.14.0 from https://github.com/tseemann/prokka' -Z genome_annotation\/\/DMW1\-1\.err -i genome_annotation\/\/DMW1\-1\.fsa 2> /dev/null
[23:08:53] Deleting unwanted file: genome_annotation//errorsummary.val
[23:08:53] Deleting unwanted file: genome_annotation//DMW1-1.dr
[23:08:53] Deleting unwanted file: genome_annotation//DMW1-1.fixedproducts
[23:08:53] Deleting unwanted file: genome_annotation//DMW1-1.ecn
[23:08:53] Deleting unwanted file: genome_annotation//DMW1-1.val
[23:08:53] Repairing broken .GBK output that tbl2asn produces...
[23:08:53] Running: sed 's/COORDINATES: profile/COORDINATES:profile/' < genome_annotation\/\/DMW1\-1\.gbf > genome_annotation\/\/DMW1\-1\.gbk
[23:08:53] Deleting unwanted file: genome_annotation//DMW1-1.gbf
[23:08:53] Output files:
[23:08:53] genome_annotation/DMW1-1.tbl
[23:08:53] genome_annotation/DMW1-1.faa
[23:08:53] genome_annotation/DMW1-1.sqn
[23:08:53] genome_annotation/DMW1-1.tsv
[23:08:53] genome_annotation/DMW1-1.txt
[23:08:53] genome_annotation/DMW1-1.ffn
[23:08:53] genome_annotation/DMW1-1.fna
[23:08:53] genome_annotation/DMW1-1.fsa
[23:08:53] genome_annotation/DMW1-1.log
[23:08:53] genome_annotation/DMW1-1.gff
[23:08:53] genome_annotation/DMW1-1.gbk
[23:08:53] genome_annotation/DMW1-1.err
[23:08:53] Annotation finished successfully.
[23:08:53] Walltime used: 1.67 minutes
[23:08:53] If you use this result please cite the Prokka paper:
[23:08:53] Seemann T (2014) Prokka: rapid prokaryotic genome annotation. Bioinformatics. 30(14):2068-9.
[23:08:53] Type 'prokka --citation' for more details.
[23:08:53] Thank you, come again.
