[23:44:31] This is prokka 1.14.0
[23:44:31] Written by Torsten Seemann <torsten.seemann@gmail.com>
[23:44:31] Homepage is https://github.com/tseemann/prokka
[23:44:31] Local time is Thu Sep  5 23:44:31 2019
[23:44:31] You are icaro
[23:44:31] Operating system is linux
[23:44:31] You have BioPerl 1.007002
[23:44:31] System has 4 cores.
[23:44:31] Option --cpu asked for 8 cores, but system only has 4
[23:44:31] Will use maximum of 4 cores.
[23:44:31] Annotating as >>> Bacteria <<<
[23:44:31] Generating locus_tag from 'data/samples/GT5-1.fasta' contents.
[23:44:31] Setting --locustag HDFMCFNB from MD5 1df6cf7b9f028c289b8d0c67a110c82c
[23:44:31] Enabling options to ensure Genbank/ENA/DDJB submission compliance.
[23:44:31] Re-using existing --outdir genome_annotation/
[23:44:31] Using filename prefix: GT5-1.XXX
[23:44:31] Setting HMMER_NCPU=1
[23:44:31] Writing log to: genome_annotation//GT5-1.log
[23:44:31] Command: /home/icaro/Documentos/WGCA/.snakemake/conda/349eb0fd/bin/prokka --force --outdir genome_annotation/ --usegenus --Genus Enterococcus --compliant --prefix GT5-1 data/samples/GT5-1.fasta
[23:44:31] Appending to PATH: /home/icaro/Documentos/WGCA/.snakemake/conda/349eb0fd/bin
[23:44:31] Looking for 'aragorn' - found /home/icaro/Documentos/WGCA/.snakemake/conda/349eb0fd/bin/aragorn
[23:44:31] Determined aragorn version is 1.2
[23:44:31] Looking for 'barrnap' - found /home/icaro/Documentos/WGCA/.snakemake/conda/349eb0fd/bin/barrnap
[23:44:31] Determined barrnap version is 0.9
[23:44:31] Looking for 'blastp' - found /home/icaro/Documentos/WGCA/.snakemake/conda/349eb0fd/bin/blastp
[23:44:31] Determined blastp version is 2.9
[23:44:31] Looking for 'cmpress' - found /home/icaro/Documentos/WGCA/.snakemake/conda/349eb0fd/bin/cmpress
[23:44:31] Determined cmpress version is 1.1
[23:44:31] Looking for 'cmscan' - found /home/icaro/Documentos/WGCA/.snakemake/conda/349eb0fd/bin/cmscan
[23:44:31] Determined cmscan version is 1.1
[23:44:31] Looking for 'egrep' - found /bin/egrep
[23:44:31] Looking for 'find' - found /usr/bin/find
[23:44:31] Looking for 'grep' - found /bin/grep
[23:44:31] Looking for 'hmmpress' - found /home/icaro/Documentos/WGCA/.snakemake/conda/349eb0fd/bin/hmmpress
[23:44:31] Determined hmmpress version is 3.2
[23:44:31] Looking for 'hmmscan' - found /home/icaro/Documentos/WGCA/.snakemake/conda/349eb0fd/bin/hmmscan
[23:44:31] Determined hmmscan version is 3.2
[23:44:31] Looking for 'java' - found /home/icaro/Documentos/WGCA/.snakemake/conda/349eb0fd/bin/java
[23:44:31] Looking for 'less' - found /usr/bin/less
[23:44:31] Looking for 'makeblastdb' - found /home/icaro/Documentos/WGCA/.snakemake/conda/349eb0fd/bin/makeblastdb
[23:44:31] Determined makeblastdb version is 2.9
[23:44:31] Looking for 'minced' - found /home/icaro/Documentos/WGCA/.snakemake/conda/349eb0fd/bin/minced
[23:44:31] Determined minced version is 4.2
[23:44:31] Looking for 'parallel' - found /home/icaro/Documentos/WGCA/.snakemake/conda/349eb0fd/bin/parallel
[23:44:31] Determined parallel version is 20190722
[23:44:31] Looking for 'prodigal' - found /home/icaro/Documentos/WGCA/.snakemake/conda/349eb0fd/bin/prodigal
[23:44:31] Determined prodigal version is 2.6
[23:44:31] Looking for 'prokka-genbank_to_fasta_db' - found /home/icaro/Documentos/WGCA/.snakemake/conda/349eb0fd/bin/prokka-genbank_to_fasta_db
[23:44:31] Looking for 'sed' - found /bin/sed
[23:44:31] Looking for 'tbl2asn' - found /home/icaro/Documentos/WGCA/.snakemake/conda/349eb0fd/bin/tbl2asn
[23:44:31] Determined tbl2asn version is 25.7
[23:44:31] Using genetic code table 11.
[23:44:31] Loading and checking input file: data/samples/GT5-1.fasta
[23:44:31] Wrote 24 contigs totalling 2871521 bp.
[23:44:31] Predicting tRNAs and tmRNAs
[23:44:31] Running: aragorn -l -gc11  -w genome_annotation\/\/GT5\-1\.fna
[23:44:32] 1 tRNA-Arg c[34465,34538] 35 (ccg)
[23:44:32] 1 tRNA-Thr [33193,33265] 34 (ggt)
[23:44:32] 1 tRNA-Pro [109,182] 35 (tgg)
[23:44:32] 1 tRNA-Gln c[6397,6470] 34 (ttg)
[23:44:32] 2 tRNA-Tyr c[6478,6560] 36 (gta)
[23:44:32] 3 tRNA-Leu c[17807,17893] 36 (gag)
[23:44:32] 1 tmRNA c[56497,56860] 91,129 AKNENNSFALAA*
[23:44:32] 1 tRNA-Lys c[137908,137981] 35 (ctt)
[23:44:32] 2 tRNA-Glu c[288882,288955] 35 (ttc)
[23:44:32] 3 tRNA-Ser c[288969,289058] 36 (gct)
[23:44:32] 4 tRNA-Ile c[289068,289141] 35 (gat)
[23:44:32] 5 tRNA-Gly c[289155,289225] 33 (tcc)
[23:44:32] 6 tRNA-Phe c[289236,289313] 35 (gaa)
[23:44:32] 7 tRNA-Asp c[289317,289392] 36 (gtc)
[23:44:32] 8 tRNA-Met c[289439,289514] 36 (cat)
[23:44:32] 9 tRNA-Ser c[289547,289636] 37 (tga)
[23:44:32] 10 tRNA-Glu c[289648,289721] 35 (ttc)
[23:44:32] 11 tRNA-Ile c[289734,289809] 36 (gat)
[23:44:32] 12 tRNA-Gly c[289818,289888] 33 (tcc)
[23:44:32] 13 tRNA-Asp c[289890,289966] 35 (gtc)
[23:44:32] 14 tRNA-Met c[290004,290079] 36 (cat)
[23:44:32] 15 tRNA-Ser c[290112,290201] 37 (tga)
[23:44:32] 16 tRNA-Met c[290234,290309] 36 (cat)
[23:44:32] 17 tRNA-Met c[290328,290403] 36 (cat)
[23:44:32] 18 tRNA-Ala c[290424,290498] 35 (tgc)
[23:44:32] 19 tRNA-Pro c[290511,290584] 35 (tgg)
[23:44:32] 1 tRNA-Thr [105109,105181] 34 (cgt)
[23:44:32] 1 tRNA-Ser [61,151] 36 (gga)
[23:44:32] 2 tRNA-Glu [167,240] 35 (ttc)
[23:44:32] 3 tRNA-Val [266,340] 35 (tac)
[23:44:32] 4 tRNA-Asp [350,425] 34 (gtc)
[23:44:32] 5 tRNA-Phe [471,543] 34 (gaa)
[23:44:32] 6 tRNA-Tyr [548,630] 36 (gta)
[23:44:32] 7 tRNA-Trp [634,707] 33 (cca)
[23:44:32] 8 tRNA-His [744,817] 34 (gtg)
[23:44:32] 9 tRNA-Gln [830,903] 34 (ttg)
[23:44:32] 10 tRNA-Cys [928,998] 33 (gca)
[23:44:32] 11 tRNA-Leu [1011,1096] 36 (caa)
[23:44:32] 1 tRNA-Arg c[37142,37217] 36 (cct)
[23:44:32] 2 tRNA-Arg [86557,86632] 36 (tct)
[23:44:32] 1 tRNA-Ser c[12159,12248] 37 (cga)
[23:44:32] Found 41 tRNAs
[23:44:32] Predicting Ribosomal RNAs
[23:44:32] Running Barrnap with 4 threads
[23:44:34] 1 gnl|Prokka|HDFMCFNB_17 251 16S ribosomal RNA
[23:44:34] 2 gnl|Prokka|HDFMCFNB_17 2037 23S ribosomal RNA
[23:44:34] 3 gnl|Prokka|HDFMCFNB_17 5047 5S ribosomal RNA
[23:44:34] Found 3 rRNAs
[23:44:34] Skipping ncRNA search, enable with --rfam if desired.
[23:44:34] Total of 43 tRNA + rRNA features
[23:44:34] Searching for CRISPR repeats
[23:44:34] CRISPR1 gnl|Prokka|HDFMCFNB_3 12456 with 9 spacers
[23:44:34] CRISPR2 gnl|Prokka|HDFMCFNB_9 81234 with 6 spacers
[23:44:34] Found 2 CRISPRs
[23:44:34] Predicting coding sequences
[23:44:34] Contigs total 2871521 bp, so using single mode
[23:44:34] Running: prodigal -i genome_annotation\/\/GT5\-1\.fna -c -m -g 11 -p single -f sco -q
[23:44:38] Found 2694 CDS
[23:44:38] Connecting features back to sequences
[23:44:38] Using custom Enterococcus database for annotation
[23:44:38] Annotating CDS, please be patient.
[23:44:38] Will use 4 CPUs for similarity searching.
[23:44:38] There are still 2694 unannotated CDS left (started with 2694)
[23:44:38] Will use blast to search against /home/icaro/Documentos/WGCA/.snakemake/conda/349eb0fd/db/genus/Enterococcus with 4 CPUs
[23:44:38] Running: cat genome_annotation\/\/Enterococcus\.faa | parallel --gnu --plain -j 4 --block 107453 --recstart '>' --pipe blastp -query - -db /home/icaro/Documentos/WGCA/.snakemake/conda/349eb0fd/db/genus/Enterococcus -evalue 1e-09 -qcov_hsp_perc 80 -num_threads 1 -num_descriptions 1 -num_alignments 1 -seg no > genome_annotation\/\/Enterococcus\.blast 2> /dev/null
[23:44:56] Modify product: site-specific tyrosine recombinase XerC-family => site-specific tyrosine recombinase XerC-family protein
[23:44:56] Modify product: site-specific tyrosine recombinase XerD-family => site-specific tyrosine recombinase XerD-family protein
[23:44:56] Modify product: Sporulation Regulator WhiA N terminal => hypothetical protein
[23:44:56] Modify product: radical SAM protein family => radical SAM protein family protein
[23:44:57] Modify product: putative RNA-binding protein containing a PIN domain => putative RNA-binding protein containing a PIN domain protein
[23:44:57] Modify product: site-specific tyrosine recombinase XerC-family => site-specific tyrosine recombinase XerC-family protein
[23:44:57] Modify product: site-specific tyrosine recombinase XerC-family => site-specific tyrosine recombinase XerC-family protein
[23:44:58] Cleaned 7 /product names
[23:44:58] Deleting unwanted file: genome_annotation//Enterococcus.faa
[23:44:58] Deleting unwanted file: genome_annotation//Enterococcus.blast
[23:44:58] There are still 1005 unannotated CDS left (started with 2694)
[23:44:58] Will use blast to search against /home/icaro/Documentos/WGCA/.snakemake/conda/349eb0fd/db/kingdom/Bacteria/IS with 4 CPUs
[23:44:58] Running: cat genome_annotation\/\/IS\.faa | parallel --gnu --plain -j 4 --block 34957 --recstart '>' --pipe blastp -query - -db /home/icaro/Documentos/WGCA/.snakemake/conda/349eb0fd/db/kingdom/Bacteria/IS -evalue 1e-30 -qcov_hsp_perc 90 -num_threads 1 -num_descriptions 1 -num_alignments 1 -seg no > genome_annotation\/\/IS\.blast 2> /dev/null
[23:45:05] Deleting unwanted file: genome_annotation//IS.faa
[23:45:05] Deleting unwanted file: genome_annotation//IS.blast
[23:45:05] There are still 1005 unannotated CDS left (started with 2694)
[23:45:05] Will use blast to search against /home/icaro/Documentos/WGCA/.snakemake/conda/349eb0fd/db/kingdom/Bacteria/AMR with 4 CPUs
[23:45:05] Running: cat genome_annotation\/\/AMR\.faa | parallel --gnu --plain -j 4 --block 34957 --recstart '>' --pipe blastp -query - -db /home/icaro/Documentos/WGCA/.snakemake/conda/349eb0fd/db/kingdom/Bacteria/AMR -evalue 9.99999999999999e-301 -qcov_hsp_perc 90 -num_threads 1 -num_descriptions 1 -num_alignments 1 -seg no > genome_annotation\/\/AMR\.blast 2> /dev/null
[23:45:11] Deleting unwanted file: genome_annotation//AMR.faa
[23:45:11] Deleting unwanted file: genome_annotation//AMR.blast
[23:45:11] There are still 1005 unannotated CDS left (started with 2694)
[23:45:11] Will use blast to search against /home/icaro/Documentos/WGCA/.snakemake/conda/349eb0fd/db/kingdom/Bacteria/sprot with 4 CPUs
[23:45:11] Running: cat genome_annotation\/\/sprot\.faa | parallel --gnu --plain -j 4 --block 34957 --recstart '>' --pipe blastp -query - -db /home/icaro/Documentos/WGCA/.snakemake/conda/349eb0fd/db/kingdom/Bacteria/sprot -evalue 1e-09 -qcov_hsp_perc 80 -num_threads 1 -num_descriptions 1 -num_alignments 1 -seg no > genome_annotation\/\/sprot\.blast 2> /dev/null
[23:45:38] Modify product: UPF0358 protein EF_2458 => hypothetical protein
[23:45:38] Modify product: UPF0223 protein BH2638 => hypothetical protein
[23:45:38] Modify product: Nucleoid-associated protein Cthe_2143 => Nucleoid-associated protein
[23:45:38] Modify product: Uncharacterized HTH-type transcriptional regulator YtcD => putative HTH-type transcriptional regulator YtcD
[23:45:38] Modify product: Uncharacterized protein YaaQ => putative protein YaaQ
[23:45:38] Modify product: Probable iron export permease protein FetB => putative iron export permease protein FetB
[23:45:38] Modify product: UPF0340 protein YwlG => hypothetical protein
[23:45:38] Modify product: Probable fused nickel transport protein LarMN => putative fused nickel transport protein LarMN
[23:45:38] Modify product: UPF0154 protein SA1178 => hypothetical protein
[23:45:38] Modify product: UPF0346 protein YozE => hypothetical protein
[23:45:38] Modify product: Probable butyrate kinase 2 => putative butyrate kinase 2
[23:45:38] Modify product: Probable transcriptional regulatory protein pdtaR => putative transcriptional regulatory protein pdtaR
[23:45:38] Modify product: UPF0316 protein SA1727 => hypothetical protein
[23:45:38] Modify product: UPF0291 protein SP_1473 => hypothetical protein
[23:45:38] Modify product: UPF0302 protein BA_1542/GBAA_1542/BAS1430 => hypothetical protein
[23:45:38] Modify product: Probable molybdenum cofactor guanylyltransferase => putative molybdenum cofactor guanylyltransferase
[23:45:38] Modify product: Deacetylase EF_0837 => Deacetylase
[23:45:38] Modify product: Probable ABC transporter ATP-binding protein HI_0664 => putative ABC transporter ATP-binding protein
[23:45:38] Modify product: UPF0397 protein SP_0482 => hypothetical protein
[23:45:38] Modify product: Uncharacterized protein YmcA => putative protein YmcA
[23:45:38] Modify product: UPF0701 protein YicC => hypothetical protein
[23:45:38] Modify product: Uncharacterized protein YueI => putative protein YueI
[23:45:38] Modify product: UPF0637 protein SA0957 => hypothetical protein
[23:45:38] Modify product: Uncharacterized HTH-type transcriptional regulator YbbH => putative HTH-type transcriptional regulator YbbH
[23:45:38] Modify product: Probable sulfoacetate transporter SauU => putative sulfoacetate transporter SauU
[23:45:38] Modify product: Uncharacterized membrane protein YuaF => putative membrane protein YuaF
[23:45:38] Modify product: UPF0398 protein YpsA => hypothetical protein
[23:45:38] Modify product: UPF0297 protein EF_1202 => hypothetical protein
[23:45:38] Modify product: UPF0473 protein SP_0194 => hypothetical protein
[23:45:38] Modify product: UPF0374 protein SP_1903 => hypothetical protein
[23:45:38] Modify product: Uncharacterized protein YhaN => putative protein YhaN
[23:45:38] Modify product: UPF0342 protein SA1663 => hypothetical protein
[23:45:38] Modify product: Probable transcriptional regulatory protein aq_1575 => putative transcriptional regulatory protein
[23:45:38] Modify product: Uncharacterized HTH-type transcriptional regulator YtcD => putative HTH-type transcriptional regulator YtcD
[23:45:38] Modify product: Uncharacterized lipoprotein YehR => putative lipoprotein YehR
[23:45:38] Modify product: Uncharacterized protein PA2218 => putative protein
[23:45:38] Modify product: Putative acetyltransferase SA2342 => Putative acetyltransferase
[23:45:38] Modify product: Uncharacterized HTH-type transcriptional regulator YybR => putative HTH-type transcriptional regulator YybR
[23:45:38] Modify product: Uncharacterized HTH-type transcriptional regulator YybR => putative HTH-type transcriptional regulator YybR
[23:45:38] Modify product: UPF0356 protein M6_Spy1605 => hypothetical protein
[23:45:38] Modify product: Probable xanthine dehydrogenase subunit A => putative xanthine dehydrogenase subunit A
[23:45:38] Modify product: Probable peptide export permease protein YydJ => putative peptide export permease protein YydJ
[23:45:38] Modify product: Uncharacterized N-acetyltransferase YjaB => putative N-acetyltransferase YjaB
[23:45:38] Modify product: Uncharacterized protein YqgQ => putative protein YqgQ
[23:45:38] Modify product: Probable transcriptional regulatory protein SA0624 => putative transcriptional regulatory protein
[23:45:38] Modify product: Uncharacterized protein YkuJ => putative protein YkuJ
[23:45:38] Modify product: UPF0145 protein YbjQ => hypothetical protein
[23:45:38] Modify product: Probable formate transporter 1 => putative formate transporter 1
[23:45:38] Modify product: UPF0291 protein YnzC => hypothetical protein
[23:45:38] Cleaned 49 /product names
[23:45:38] Deleting unwanted file: genome_annotation//sprot.faa
[23:45:38] Deleting unwanted file: genome_annotation//sprot.blast
[23:45:39] There are still 776 unannotated CDS left (started with 2694)
[23:45:39] Will use hmmer3 to search against /home/icaro/Documentos/WGCA/.snakemake/conda/349eb0fd/db/hmm/HAMAP.hmm with 4 CPUs
[23:45:39] Running: cat genome_annotation\/\/HAMAP\.hmm\.faa | parallel --gnu --plain -j 4 --block 25787 --recstart '>' --pipe hmmscan --noali --notextw --acc -E 1e-09 --cpu 1 /home/icaro/Documentos/WGCA/.snakemake/conda/349eb0fd/db/hmm/HAMAP.hmm /dev/stdin > genome_annotation\/\/HAMAP\.hmm\.hmmer3 2> /dev/null
[23:45:52] Deleting unwanted file: genome_annotation//HAMAP.hmm.faa
[23:45:52] Deleting unwanted file: genome_annotation//HAMAP.hmm.hmmer3
[23:45:52] Labelling remaining 737 proteins as 'hypothetical protein'
[23:45:52] Possible /pseudo 'DNA-3-methyladenine glycosylase' at gnl|Prokka|HDFMCFNB_1 position 2738
[23:45:52] Possible /pseudo 'SIS domain-containing protein' at gnl|Prokka|HDFMCFNB_1 position 29977
[23:45:52] Possible /pseudo 'glycosyl transferase family protein' at gnl|Prokka|HDFMCFNB_1 position 138293
[23:45:52] Possible /pseudo 'phosphate ABC transporter ATP-binding protein' at gnl|Prokka|HDFMCFNB_1 position 189670
[23:45:52] Possible /pseudo 'ABC transporter ATP-binding protein/permease' at gnl|Prokka|HDFMCFNB_1 position 351848
[23:45:52] Possible /pseudo 'ABC transporter permease' at gnl|Prokka|HDFMCFNB_1 position 538867
[23:45:52] Possible /pseudo 'ESAT-6 secretion machinery protein EssC' at gnl|Prokka|HDFMCFNB_1 position 555759
[23:45:52] Possible /pseudo 'ABC transporter ATP-binding protein' at gnl|Prokka|HDFMCFNB_2 position 44585
[23:45:52] Possible /pseudo 'glycosyl transferase family protein' at gnl|Prokka|HDFMCFNB_3 position 90758
[23:45:52] Possible /pseudo 'glycosyl transferase family protein' at gnl|Prokka|HDFMCFNB_3 position 91585
[23:45:52] Possible /pseudo 'ABC transporter permease' at gnl|Prokka|HDFMCFNB_3 position 117281
[23:45:52] Possible /pseudo 'ABC transporter ATP-binding protein' at gnl|Prokka|HDFMCFNB_3 position 126054
[23:45:52] Possible /pseudo 'ribosomal-protein-alanine acetyltransferase' at gnl|Prokka|HDFMCFNB_3 position 257863
[23:45:52] Possible /pseudo 'peptidase, U32 family' at gnl|Prokka|HDFMCFNB_6 position 9211
[23:45:52] Possible /pseudo 'peptide ABC transporter ATP-binding protein' at gnl|Prokka|HDFMCFNB_6 position 175176
[23:45:52] Possible /pseudo 'ABC transporter permease' at gnl|Prokka|HDFMCFNB_6 position 177110
[23:45:52] Possible /pseudo 'iron ABC transporter system permease' at gnl|Prokka|HDFMCFNB_6 position 194152
[23:45:52] Possible /pseudo 'HTH-type transcriptional regulator CynR' at gnl|Prokka|HDFMCFNB_7 position 32413
[23:45:52] Possible /pseudo 'FtsW/RodA/SpoVE family cell cycle protein' at gnl|Prokka|HDFMCFNB_7 position 34476
[23:45:52] Possible /pseudo 'LPXTG-motif protein cell wall anchor domain protein' at gnl|Prokka|HDFMCFNB_8 position 18867
[23:45:52] Possible /pseudo 'ABC transporter permease' at gnl|Prokka|HDFMCFNB_8 position 81244
[23:45:52] Possible /pseudo 'YycH protein' at gnl|Prokka|HDFMCFNB_8 position 149499
[23:45:52] Possible /pseudo 'ABC transporter permease' at gnl|Prokka|HDFMCFNB_8 position 186280
[23:45:52] Possible /pseudo 'SMR family multidrug resistance protein' at gnl|Prokka|HDFMCFNB_9 position 253017
[23:45:52] Possible /pseudo '6-phospho-beta-glucosidase' at gnl|Prokka|HDFMCFNB_9 position 284372
[23:45:52] Possible /pseudo 'purine nucleoside phosphorylase' at gnl|Prokka|HDFMCFNB_10 position 65654
[23:45:52] Possible /pseudo 'ABC transporter permease' at gnl|Prokka|HDFMCFNB_10 position 69771
[23:45:52] Possible /pseudo 'Basic membrane lipopprotein' at gnl|Prokka|HDFMCFNB_10 position 73810
[23:45:52] Possible /pseudo 'arginine repressor protein' at gnl|Prokka|HDFMCFNB_10 position 112797
[23:45:52] Possible /pseudo 'alkaline shock protein 23 family protein' at gnl|Prokka|HDFMCFNB_10 position 144155
[23:45:52] Possible /pseudo 'translation-associated GTPase' at gnl|Prokka|HDFMCFNB_10 position 261629
[23:45:52] Possible /pseudo 'ABC transporter ATP-binding protein/permease' at gnl|Prokka|HDFMCFNB_11 position 56423
[23:45:52] Possible /pseudo 'ABC transporter ATP-binding protein/permease' at gnl|Prokka|HDFMCFNB_13 position 112454
[23:45:52] Possible /pseudo 'ABC transporter ATP-binding protein' at gnl|Prokka|HDFMCFNB_13 position 140173
[23:45:52] Possible /pseudo 'glycosyl transferase family protein' at gnl|Prokka|HDFMCFNB_14 position 42553
[23:45:52] Possible /pseudo 'ribonucleotide-diphosphate reductase, beta subunit' at gnl|Prokka|HDFMCFNB_15 position 17310
[23:45:52] Possible /pseudo 'ABC transporter ATP-binding protein/permease' at gnl|Prokka|HDFMCFNB_16 position 63414
[23:45:52] Possible /pseudo 'ABC transporter ATP-binding protein' at gnl|Prokka|HDFMCFNB_16 position 76331
[23:45:52] Possible /pseudo 'YibE/F-like protein' at gnl|Prokka|HDFMCFNB_21 position 33557
[23:45:52] Found 660 unique /gene codes.
[23:45:52] Fixed 2 duplicate /gene - yabJ_1 yabJ_2
[23:45:52] Fixed 3 duplicate /gene - artM_1 artM_2 artM_3
[23:45:52] Fixed 2 duplicate /gene - metQ_1 metQ_2
[23:45:52] Fixed 4 duplicate /gene - arcC_1 arcC_2 arcC_3 arcC_4
[23:45:52] Fixed 2 duplicate /gene - yclP_1 yclP_2
[23:45:52] Fixed 4 duplicate /gene - lytR_1 lytR_2 lytR_3 lytR_4
[23:45:52] Fixed 2 duplicate /gene - essC_1 essC_2
[23:45:52] Fixed 2 duplicate /gene - btuD_1 btuD_2
[23:45:52] Fixed 2 duplicate /gene - maeB_1 maeB_2
[23:45:52] Fixed 2 duplicate /gene - cpdA_1 cpdA_2
[23:45:52] Fixed 2 duplicate /gene - murQ_1 murQ_2
[23:45:52] Fixed 2 duplicate /gene - tyrS1_1 tyrS1_2
[23:45:52] Fixed 2 duplicate /gene - lpxG_1 lpxG_2
[23:45:52] Fixed 2 duplicate /gene - cynR_1 cynR_2
[23:45:52] Fixed 2 duplicate /gene - ytcD_1 ytcD_2
[23:45:52] Fixed 3 duplicate /gene - xerC_1 xerC_2 xerC_3
[23:45:52] Fixed 2 duplicate /gene - csd_1 csd_2
[23:45:52] Fixed 2 duplicate /gene - yeiL_1 yeiL_2
[23:45:52] Fixed 3 duplicate /gene - gatA_1 gatA_2 gatA_3
[23:45:52] Fixed 2 duplicate /gene - atzC_1 atzC_2
[23:45:52] Fixed 2 duplicate /gene - metB_1 metB_2
[23:45:52] Fixed 2 duplicate /gene - ndoA_1 ndoA_2
[23:45:52] Fixed 2 duplicate /gene - hcxA_1 hcxA_2
[23:45:52] Fixed 2 duplicate /gene - repA_1 repA_2
[23:45:52] Fixed 2 duplicate /gene - pepT_1 pepT_2
[23:45:52] Fixed 2 duplicate /gene - yybR_1 yybR_2
[23:45:52] Fixed 2 duplicate /gene - pepV_1 pepV_2
[23:45:52] Fixed 2 duplicate /gene - clpP_1 clpP_2
[23:45:52] Fixed 2 duplicate /gene - macB_1 macB_2
[23:45:52] Fixed 2 duplicate /gene - msmK_1 msmK_2
[23:45:52] Fixed 2 duplicate /gene - arnC_1 arnC_2
[23:45:52] Fixed 2 duplicate /gene - adcC_1 adcC_2
[23:45:52] Fixed 2 duplicate /gene - serS2_1 serS2_2
[23:45:52] Fixed 3 duplicate /gene - cbiO_1 cbiO_2 cbiO_3
[23:45:52] Fixed 2 duplicate /gene - pdhD_1 pdhD_2
[23:45:52] Fixed 2 duplicate /gene - gyrB_1 gyrB_2
[23:45:52] Fixed 2 duplicate /gene - uspA_1 uspA_2
[23:45:52] Fixed 3 duplicate /gene - pyrC_1 pyrC_2 pyrC_3
[23:45:52] Fixed 2 duplicate /gene - napA_1 napA_2
[23:45:52] Fixed 2 duplicate /gene - yfhO_1 yfhO_2
[23:45:52] Fixed 2 duplicate /gene - prs2_1 prs2_2
[23:45:52] Fixed 2 duplicate /gene - prgN_1 prgN_2
[23:45:52] Fixed 2 duplicate /gene - yfkN_1 yfkN_2
[23:45:52] Fixed 2 duplicate /gene - rpmF2_1 rpmF2_2
[23:45:52] Fixed 2 duplicate /gene - arcB_1 arcB_2
[23:45:52] Fixed 2 duplicate /gene - rmlB_1 rmlB_2
[23:45:52] Fixed 3 duplicate /gene - pucR_1 pucR_2 pucR_3
[23:45:52] Fixed 2 duplicate /gene - pdhB_1 pdhB_2
[23:45:52] Fixed 2 duplicate /gene - metN2_1 metN2_2
[23:45:52] Fixed 2 duplicate /gene - potC_1 potC_2
[23:45:52] Fixed 2 duplicate /gene - uvrA_1 uvrA_2
[23:45:52] Fixed 2 duplicate /gene - fhuB_1 fhuB_2
[23:45:52] Fixed 2 duplicate /gene - bga_1 bga_2
[23:45:52] Fixed 2 duplicate /gene - pdhA_1 pdhA_2
[23:45:52] Fixed 3 duplicate /gene - nrdI_1 nrdI_2 nrdI_3
[23:45:52] Fixed 2 duplicate /gene - trpS_1 trpS_2
[23:45:52] Fixed 2 duplicate /gene - murR_1 murR_2
[23:45:52] Fixed 57 colliding /gene names.
[23:45:52] Adding /locus_tag identifiers
[23:45:52] Assigned 2738 locus_tags to CDS and RNA features.
[23:45:52] Writing outputs to genome_annotation//
[23:45:54] Generating annotation statistics file
[23:45:54] Generating Genbank and Sequin files
[23:45:54] Running: tbl2asn -V b -a r10k -l paired-ends -M n -N 1 -y 'Annotated using prokka 1.14.0 from https://github.com/tseemann/prokka' -Z genome_annotation\/\/GT5\-1\.err -i genome_annotation\/\/GT5\-1\.fsa 2> /dev/null
[23:46:00] Deleting unwanted file: genome_annotation//errorsummary.val
[23:46:00] Deleting unwanted file: genome_annotation//GT5-1.dr
[23:46:00] Deleting unwanted file: genome_annotation//GT5-1.fixedproducts
[23:46:00] Deleting unwanted file: genome_annotation//GT5-1.ecn
[23:46:00] Deleting unwanted file: genome_annotation//GT5-1.val
[23:46:00] Repairing broken .GBK output that tbl2asn produces...
[23:46:00] Running: sed 's/COORDINATES: profile/COORDINATES:profile/' < genome_annotation\/\/GT5\-1\.gbf > genome_annotation\/\/GT5\-1\.gbk
[23:46:00] Deleting unwanted file: genome_annotation//GT5-1.gbf
[23:46:00] Output files:
[23:46:00] genome_annotation/GT5-1.ffn
[23:46:00] genome_annotation/GT5-1.fna
[23:46:00] genome_annotation/GT5-1.tsv
[23:46:00] genome_annotation/GT5-1.faa
[23:46:00] genome_annotation/GT5-1.tbl
[23:46:00] genome_annotation/GT5-1.gff
[23:46:00] genome_annotation/GT5-1.gbk
[23:46:00] genome_annotation/GT5-1.sqn
[23:46:00] genome_annotation/GT5-1.fsa
[23:46:00] genome_annotation/GT5-1.log
[23:46:00] genome_annotation/GT5-1.txt
[23:46:00] genome_annotation/GT5-1.err
[23:46:00] Annotation finished successfully.
[23:46:00] Walltime used: 1.48 minutes
[23:46:00] If you use this result please cite the Prokka paper:
[23:46:00] Seemann T (2014) Prokka: rapid prokaryotic genome annotation. Bioinformatics. 30(14):2068-9.
[23:46:00] Type 'prokka --citation' for more details.
[23:46:00] Share and enjoy!
