[00:19:16] This is prokka 1.14.0
[00:19:16] Written by Torsten Seemann <torsten.seemann@gmail.com>
[00:19:16] Homepage is https://github.com/tseemann/prokka
[00:19:16] Local time is Fri Sep  6 00:19:16 2019
[00:19:16] You are icaro
[00:19:16] Operating system is linux
[00:19:16] You have BioPerl 1.007002
[00:19:16] System has 4 cores.
[00:19:16] Option --cpu asked for 8 cores, but system only has 4
[00:19:16] Will use maximum of 4 cores.
[00:19:16] Annotating as >>> Bacteria <<<
[00:19:16] Generating locus_tag from 'data/samples/HT1-12.fasta' contents.
[00:19:16] Setting --locustag PALEPJKG from MD5 9a5e93409625ab90ff4db73d6d85fe9a
[00:19:16] Enabling options to ensure Genbank/ENA/DDJB submission compliance.
[00:19:16] Re-using existing --outdir genome_annotation/
[00:19:16] Using filename prefix: HT1-12.XXX
[00:19:16] Setting HMMER_NCPU=1
[00:19:16] Writing log to: genome_annotation//HT1-12.log
[00:19:16] Command: /home/icaro/Documentos/WGCA/.snakemake/conda/349eb0fd/bin/prokka --force --outdir genome_annotation/ --usegenus --Genus Enterococcus --compliant --prefix HT1-12 data/samples/HT1-12.fasta
[00:19:16] Appending to PATH: /home/icaro/Documentos/WGCA/.snakemake/conda/349eb0fd/bin
[00:19:16] Looking for 'aragorn' - found /home/icaro/Documentos/WGCA/.snakemake/conda/349eb0fd/bin/aragorn
[00:19:16] Determined aragorn version is 1.2
[00:19:16] Looking for 'barrnap' - found /home/icaro/Documentos/WGCA/.snakemake/conda/349eb0fd/bin/barrnap
[00:19:16] Determined barrnap version is 0.9
[00:19:16] Looking for 'blastp' - found /home/icaro/Documentos/WGCA/.snakemake/conda/349eb0fd/bin/blastp
[00:19:17] Determined blastp version is 2.9
[00:19:17] Looking for 'cmpress' - found /home/icaro/Documentos/WGCA/.snakemake/conda/349eb0fd/bin/cmpress
[00:19:17] Determined cmpress version is 1.1
[00:19:17] Looking for 'cmscan' - found /home/icaro/Documentos/WGCA/.snakemake/conda/349eb0fd/bin/cmscan
[00:19:17] Determined cmscan version is 1.1
[00:19:17] Looking for 'egrep' - found /bin/egrep
[00:19:17] Looking for 'find' - found /usr/bin/find
[00:19:17] Looking for 'grep' - found /bin/grep
[00:19:17] Looking for 'hmmpress' - found /home/icaro/Documentos/WGCA/.snakemake/conda/349eb0fd/bin/hmmpress
[00:19:17] Determined hmmpress version is 3.2
[00:19:17] Looking for 'hmmscan' - found /home/icaro/Documentos/WGCA/.snakemake/conda/349eb0fd/bin/hmmscan
[00:19:17] Determined hmmscan version is 3.2
[00:19:17] Looking for 'java' - found /home/icaro/Documentos/WGCA/.snakemake/conda/349eb0fd/bin/java
[00:19:17] Looking for 'less' - found /usr/bin/less
[00:19:17] Looking for 'makeblastdb' - found /home/icaro/Documentos/WGCA/.snakemake/conda/349eb0fd/bin/makeblastdb
[00:19:17] Determined makeblastdb version is 2.9
[00:19:17] Looking for 'minced' - found /home/icaro/Documentos/WGCA/.snakemake/conda/349eb0fd/bin/minced
[00:19:17] Determined minced version is 4.2
[00:19:17] Looking for 'parallel' - found /home/icaro/Documentos/WGCA/.snakemake/conda/349eb0fd/bin/parallel
[00:19:17] Determined parallel version is 20190722
[00:19:17] Looking for 'prodigal' - found /home/icaro/Documentos/WGCA/.snakemake/conda/349eb0fd/bin/prodigal
[00:19:17] Determined prodigal version is 2.6
[00:19:17] Looking for 'prokka-genbank_to_fasta_db' - found /home/icaro/Documentos/WGCA/.snakemake/conda/349eb0fd/bin/prokka-genbank_to_fasta_db
[00:19:17] Looking for 'sed' - found /bin/sed
[00:19:17] Looking for 'tbl2asn' - found /home/icaro/Documentos/WGCA/.snakemake/conda/349eb0fd/bin/tbl2asn
[00:19:17] Determined tbl2asn version is 25.7
[00:19:17] Using genetic code table 11.
[00:19:17] Loading and checking input file: data/samples/HT1-12.fasta
[00:19:17] Wrote 24 contigs totalling 2637955 bp.
[00:19:17] Predicting tRNAs and tmRNAs
[00:19:17] Running: aragorn -l -gc11  -w genome_annotation\/\/HT1\-12\.fna
[00:19:18] 1 tRNA-Thr c[63280,63352] 34 (ggt)
[00:19:18] 1 tRNA-Pro c[253803,253878] 36 (tgg)
[00:19:18] 2 tRNA-Arg c[253967,254040] 35 (acg)
[00:19:18] 3 tRNA-Leu c[254055,254140] 35 (taa)
[00:19:18] 4 tRNA-Gly c[254156,254227] 33 (gcc)
[00:19:18] 1 tRNA-Arg [26,99] 35 (acg)
[00:19:18] 2 tRNA-Pro [111,184] 35 (tgg)
[00:19:18] 3 tRNA-Ala [197,271] 35 (tgc)
[00:19:18] 4 tRNA-Met [293,368] 36 (cat)
[00:19:18] 5 tRNA-Met [387,462] 36 (cat)
[00:19:18] 6 tRNA-Ser [495,584] 37 (tga)
[00:19:18] 7 tRNA-Met [617,692] 36 (cat)
[00:19:18] 8 tRNA-Asp [730,806] 35 (gtc)
[00:19:18] 9 tRNA-Gly [808,878] 33 (tcc)
[00:19:18] 10 tRNA-Ile [887,962] 36 (gat)
[00:19:18] 11 tRNA-Glu [975,1048] 35 (ttc)
[00:19:18] 12 tRNA-Ser [1060,1149] 37 (tga)
[00:19:18] 13 tRNA-Met [1182,1257] 36 (cat)
[00:19:18] 14 tRNA-Asp [1304,1379] 36 (gtc)
[00:19:18] 15 tRNA-Phe [1383,1460] 35 (gaa)
[00:19:18] 16 tRNA-Gly [1471,1541] 33 (tcc)
[00:19:18] 17 tRNA-Ile [1555,1628] 35 (gat)
[00:19:18] 18 tRNA-Ser [1638,1727] 36 (gct)
[00:19:18] 19 tRNA-Glu [1741,1814] 35 (ttc)
[00:19:18] 20 tRNA-Lys [142172,142245] 35 (ctt)
[00:19:18] 21 tRNA-Arg c[304347,304420] 35 (ccg)
[00:19:18] 1 tRNA-Ser [34229,34318] 37 (cga)
[00:19:18] 1 tRNA-Arg c[49070,49145] 36 (tct)
[00:19:18] 2 tRNA-Arg [100261,100336] 36 (cct)
[00:19:18] 1 tRNA-Ser [61,151] 36 (gga)
[00:19:18] 2 tRNA-Glu [167,240] 35 (ttc)
[00:19:18] 3 tRNA-Val [266,340] 35 (tac)
[00:19:18] 4 tRNA-Asp [350,425] 34 (gtc)
[00:19:18] 5 tRNA-Phe [471,543] 34 (gaa)
[00:19:18] 6 tRNA-Tyr [548,630] 36 (gta)
[00:19:18] 7 tRNA-Trp [634,707] 33 (cca)
[00:19:18] 8 tRNA-His [744,817] 34 (gtg)
[00:19:18] 9 tRNA-Gln [830,903] 34 (ttg)
[00:19:18] 10 tRNA-Cys [928,998] 33 (gca)
[00:19:18] 11 tRNA-Leu [1012,1097] 36 (caa)
[00:19:18] 12 tmRNA c[44183,44546] 91,129 AKNENNSFALAA*
[00:19:18] 13 tRNA-Leu [255122,255208] 36 (gag)
[00:19:18] 1 tRNA-Thr [81090,81162] 34 (cgt)
[00:19:18] 1 tRNA-Gln c[6397,6470] 34 (ttg)
[00:19:18] 2 tRNA-Tyr c[6478,6560] 36 (gta)
[00:19:18] 1 tRNA-Val [5221,5295] 35 (tac)
[00:19:18] Found 46 tRNAs
[00:19:18] Predicting Ribosomal RNAs
[00:19:18] Running Barrnap with 4 threads
[00:19:19] 1 gnl|Prokka|PALEPJKG_21 299 16S ribosomal RNA
[00:19:19] 2 gnl|Prokka|PALEPJKG_21 2085 23S ribosomal RNA
[00:19:19] 3 gnl|Prokka|PALEPJKG_21 5095 5S ribosomal RNA
[00:19:19] Found 3 rRNAs
[00:19:19] Skipping ncRNA search, enable with --rfam if desired.
[00:19:19] Total of 48 tRNA + rRNA features
[00:19:19] Searching for CRISPR repeats
[00:19:20] CRISPR1 gnl|Prokka|PALEPJKG_2 83453 with 4 spacers
[00:19:20] Found 1 CRISPRs
[00:19:20] Predicting coding sequences
[00:19:20] Contigs total 2637955 bp, so using single mode
[00:19:20] Running: prodigal -i genome_annotation\/\/HT1\-12\.fna -c -m -g 11 -p single -f sco -q
[00:19:23] Found 2434 CDS
[00:19:23] Connecting features back to sequences
[00:19:23] Using custom Enterococcus database for annotation
[00:19:23] Annotating CDS, please be patient.
[00:19:23] Will use 4 CPUs for similarity searching.
[00:19:24] There are still 2434 unannotated CDS left (started with 2434)
[00:19:24] Will use blast to search against /home/icaro/Documentos/WGCA/.snakemake/conda/349eb0fd/db/genus/Enterococcus with 4 CPUs
[00:19:24] Running: cat genome_annotation\/\/Enterococcus\.faa | parallel --gnu --plain -j 4 --block 98899 --recstart '>' --pipe blastp -query - -db /home/icaro/Documentos/WGCA/.snakemake/conda/349eb0fd/db/genus/Enterococcus -evalue 1e-09 -qcov_hsp_perc 80 -num_threads 1 -num_descriptions 1 -num_alignments 1 -seg no > genome_annotation\/\/Enterococcus\.blast 2> /dev/null
[00:19:39] Modify product: site-specific tyrosine recombinase XerD-family => site-specific tyrosine recombinase XerD-family protein
[00:19:40] Modify product: putative RNA-binding protein containing a PIN domain => putative RNA-binding protein containing a PIN domain protein
[00:19:40] Modify product: site-specific tyrosine recombinase XerC-family => site-specific tyrosine recombinase XerC-family protein
[00:19:40] Modify product: site-specific tyrosine recombinase XerC-family => site-specific tyrosine recombinase XerC-family protein
[00:19:40] Modify product: excisionase family DNA binding domain => excisionase family DNA binding domain protein
[00:19:40] Modify product: Sporulation Regulator WhiA N terminal => hypothetical protein
[00:19:41] Modify product: radical SAM protein family => radical SAM protein family protein
[00:19:41] Cleaned 7 /product names
[00:19:41] Deleting unwanted file: genome_annotation//Enterococcus.faa
[00:19:41] Deleting unwanted file: genome_annotation//Enterococcus.blast
[00:19:41] There are still 821 unannotated CDS left (started with 2434)
[00:19:41] Will use blast to search against /home/icaro/Documentos/WGCA/.snakemake/conda/349eb0fd/db/kingdom/Bacteria/IS with 4 CPUs
[00:19:41] Running: cat genome_annotation\/\/IS\.faa | parallel --gnu --plain -j 4 --block 29289 --recstart '>' --pipe blastp -query - -db /home/icaro/Documentos/WGCA/.snakemake/conda/349eb0fd/db/kingdom/Bacteria/IS -evalue 1e-30 -qcov_hsp_perc 90 -num_threads 1 -num_descriptions 1 -num_alignments 1 -seg no > genome_annotation\/\/IS\.blast 2> /dev/null
[00:19:48] Deleting unwanted file: genome_annotation//IS.faa
[00:19:48] Deleting unwanted file: genome_annotation//IS.blast
[00:19:48] There are still 820 unannotated CDS left (started with 2434)
[00:19:48] Will use blast to search against /home/icaro/Documentos/WGCA/.snakemake/conda/349eb0fd/db/kingdom/Bacteria/AMR with 4 CPUs
[00:19:48] Running: cat genome_annotation\/\/AMR\.faa | parallel --gnu --plain -j 4 --block 29275 --recstart '>' --pipe blastp -query - -db /home/icaro/Documentos/WGCA/.snakemake/conda/349eb0fd/db/kingdom/Bacteria/AMR -evalue 9.99999999999999e-301 -qcov_hsp_perc 90 -num_threads 1 -num_descriptions 1 -num_alignments 1 -seg no > genome_annotation\/\/AMR\.blast 2> /dev/null
[00:19:53] Deleting unwanted file: genome_annotation//AMR.faa
[00:19:53] Deleting unwanted file: genome_annotation//AMR.blast
[00:19:53] There are still 820 unannotated CDS left (started with 2434)
[00:19:53] Will use blast to search against /home/icaro/Documentos/WGCA/.snakemake/conda/349eb0fd/db/kingdom/Bacteria/sprot with 4 CPUs
[00:19:53] Running: cat genome_annotation\/\/sprot\.faa | parallel --gnu --plain -j 4 --block 29275 --recstart '>' --pipe blastp -query - -db /home/icaro/Documentos/WGCA/.snakemake/conda/349eb0fd/db/kingdom/Bacteria/sprot -evalue 1e-09 -qcov_hsp_perc 80 -num_threads 1 -num_descriptions 1 -num_alignments 1 -seg no > genome_annotation\/\/sprot\.blast 2> /dev/null
[00:20:18] Modify product: UPF0302 protein BA_1542/GBAA_1542/BAS1430 => hypothetical protein
[00:20:18] Modify product: Probable molybdenum cofactor guanylyltransferase => putative molybdenum cofactor guanylyltransferase
[00:20:18] Modify product: UPF0397 protein SP_0482 => hypothetical protein
[00:20:18] Modify product: Probable ABC transporter ATP-binding protein HI_0664 => putative ABC transporter ATP-binding protein
[00:20:18] Modify product: UPF0340 protein YwlG => hypothetical protein
[00:20:18] Modify product: Probable fused nickel transport protein LarMN => putative fused nickel transport protein LarMN
[00:20:18] Modify product: UPF0154 protein SA1178 => hypothetical protein
[00:20:18] Modify product: UPF0346 protein YozE => hypothetical protein
[00:20:18] Modify product: Probable butyrate kinase 2 => putative butyrate kinase 2
[00:20:18] Modify product: Probable transcriptional regulatory protein pdtaR => putative transcriptional regulatory protein pdtaR
[00:20:18] Modify product: UPF0316 protein SA1727 => hypothetical protein
[00:20:18] Modify product: UPF0291 protein SP_1473 => hypothetical protein
[00:20:18] Modify product: UPF0637 protein SA0957 => hypothetical protein
[00:20:18] Modify product: Uncharacterized protein YueI => putative protein YueI
[00:20:18] Modify product: UPF0701 protein YicC => hypothetical protein
[00:20:18] Modify product: Uncharacterized protein YmcA => putative protein YmcA
[00:20:18] Modify product: UPF0291 protein YnzC => hypothetical protein
[00:20:18] Modify product: Probable formate transporter 1 => putative formate transporter 1
[00:20:18] Modify product: UPF0145 protein YbjQ => hypothetical protein
[00:20:18] Modify product: N-acetylmuramoyl-L-alanine amidase domain-containing protein SAOUHSC_02979 => N-acetylmuramoyl-L-alanine amidase domain-containing protein
[00:20:18] Modify product: Uncharacterized lipoprotein YehR => putative lipoprotein YehR
[00:20:18] Modify product: Uncharacterized HTH-type transcriptional regulator YtcD => putative HTH-type transcriptional regulator YtcD
[00:20:18] Modify product: Probable transcriptional regulatory protein aq_1575 => putative transcriptional regulatory protein
[00:20:18] Modify product: UPF0342 protein SA1663 => hypothetical protein
[00:20:18] Modify product: Uncharacterized protein YhaN => putative protein YhaN
[00:20:18] Modify product: UPF0374 protein SP_1903 => hypothetical protein
[00:20:18] Modify product: Uncharacterized ABC transporter ATP-binding protein HI_1470 => putative ABC transporter ATP-binding protein
[00:20:18] Modify product: Uncharacterized protein YkuJ => putative protein YkuJ
[00:20:18] Modify product: Probable transcriptional regulatory protein SA0624 => putative transcriptional regulatory protein
[00:20:18] Modify product: Uncharacterized protein YqgQ => putative protein YqgQ
[00:20:18] Modify product: Nucleoid-associated protein Cthe_2143 => Nucleoid-associated protein
[00:20:18] Modify product: Uncharacterized HTH-type transcriptional regulator YtcD => putative HTH-type transcriptional regulator YtcD
[00:20:18] Modify product: Uncharacterized protein YaaQ => putative protein YaaQ
[00:20:18] Modify product: Probable iron export permease protein FetB => putative iron export permease protein FetB
[00:20:18] Modify product: UPF0223 protein BH2638 => hypothetical protein
[00:20:18] Modify product: UPF0398 protein YpsA => hypothetical protein
[00:20:18] Modify product: UPF0297 protein EF_1202 => hypothetical protein
[00:20:18] Modify product: UPF0473 protein SP_0194 => hypothetical protein
[00:20:18] Modify product: Probable sulfoacetate transporter SauU => putative sulfoacetate transporter SauU
[00:20:18] Modify product: UPF0356 protein M6_Spy1605 => hypothetical protein
[00:20:18] Modify product: Deacetylase EF_0837 => Deacetylase
[00:20:18] Modify product: UPF0358 protein EF_2458 => hypothetical protein
[00:20:18] Modify product: Probable xanthine dehydrogenase subunit A => putative xanthine dehydrogenase subunit A
[00:20:18] Modify product: Uncharacterized membrane protein YuaF => putative membrane protein YuaF
[00:20:18] Modify product: Uncharacterized N-acetyltransferase YjaB => putative N-acetyltransferase YjaB
[00:20:18] Cleaned 45 /product names
[00:20:18] Deleting unwanted file: genome_annotation//sprot.faa
[00:20:18] Deleting unwanted file: genome_annotation//sprot.blast
[00:20:18] There are still 605 unannotated CDS left (started with 2434)
[00:20:18] Will use hmmer3 to search against /home/icaro/Documentos/WGCA/.snakemake/conda/349eb0fd/db/hmm/HAMAP.hmm with 4 CPUs
[00:20:18] Running: cat genome_annotation\/\/HAMAP\.hmm\.faa | parallel --gnu --plain -j 4 --block 20734 --recstart '>' --pipe hmmscan --noali --notextw --acc -E 1e-09 --cpu 1 /home/icaro/Documentos/WGCA/.snakemake/conda/349eb0fd/db/hmm/HAMAP.hmm /dev/stdin > genome_annotation\/\/HAMAP\.hmm\.hmmer3 2> /dev/null
[00:20:29] Deleting unwanted file: genome_annotation//HAMAP.hmm.faa
[00:20:29] Deleting unwanted file: genome_annotation//HAMAP.hmm.hmmer3
[00:20:29] Labelling remaining 569 proteins as 'hypothetical protein'
[00:20:29] Possible /pseudo 'ABC transporter permease' at gnl|Prokka|PALEPJKG_1 position 165094
[00:20:29] Possible /pseudo 'glycosyl transferase family protein' at gnl|Prokka|PALEPJKG_2 position 7275
[00:20:29] Possible /pseudo 'glycosyl transferase family protein' at gnl|Prokka|PALEPJKG_2 position 8106
[00:20:29] Possible /pseudo 'DNA-3-methyladenine glycosylase' at gnl|Prokka|PALEPJKG_2 position 112244
[00:20:29] Possible /pseudo 'SIS domain-containing protein' at gnl|Prokka|PALEPJKG_2 position 139478
[00:20:29] Possible /pseudo 'glycosyl transferase family protein' at gnl|Prokka|PALEPJKG_2 position 237708
[00:20:29] Possible /pseudo 'phosphate ABC transporter ATP-binding protein' at gnl|Prokka|PALEPJKG_2 position 289861
[00:20:29] Possible /pseudo 'ABC transporter ATP-binding protein/permease' at gnl|Prokka|PALEPJKG_2 position 445062
[00:20:29] Possible /pseudo 'translation-associated GTPase' at gnl|Prokka|PALEPJKG_3 position 5575
[00:20:29] Possible /pseudo 'alkaline shock protein 23 family protein' at gnl|Prokka|PALEPJKG_3 position 121205
[00:20:29] Possible /pseudo 'arginine repressor protein' at gnl|Prokka|PALEPJKG_3 position 155535
[00:20:29] Possible /pseudo 'Basic membrane lipopprotein' at gnl|Prokka|PALEPJKG_3 position 186074
[00:20:29] Possible /pseudo 'ABC transporter permease' at gnl|Prokka|PALEPJKG_3 position 190059
[00:20:29] Possible /pseudo 'purine nucleoside phosphorylase' at gnl|Prokka|PALEPJKG_3 position 194200
[00:20:29] Possible /pseudo 'iron ABC transporter system permease' at gnl|Prokka|PALEPJKG_4 position 72283
[00:20:29] Possible /pseudo 'ABC transporter permease' at gnl|Prokka|PALEPJKG_4 position 89863
[00:20:29] Possible /pseudo 'peptide ABC transporter ATP-binding protein' at gnl|Prokka|PALEPJKG_4 position 91769
[00:20:29] Possible /pseudo 'peptidase, U32 family' at gnl|Prokka|PALEPJKG_4 position 244803
[00:20:29] Possible /pseudo '6-phospho-beta-glucosidase' at gnl|Prokka|PALEPJKG_5 position 6447
[00:20:29] Possible /pseudo 'SMR family multidrug resistance protein' at gnl|Prokka|PALEPJKG_5 position 38730
[00:20:29] Possible /pseudo 'glycosyl transferase family protein' at gnl|Prokka|PALEPJKG_6 position 1262
[00:20:29] Possible /pseudo 'ABC transporter ATP-binding protein/permease' at gnl|Prokka|PALEPJKG_7 position 63779
[00:20:29] Possible /pseudo 'ABC transporter ATP-binding protein' at gnl|Prokka|PALEPJKG_7 position 76699
[00:20:29] Possible /pseudo 'ABC transporter ATP-binding protein/permease' at gnl|Prokka|PALEPJKG_9 position 20934
[00:20:29] Possible /pseudo 'ribosomal-protein-alanine acetyltransferase' at gnl|Prokka|PALEPJKG_10 position 90505
[00:20:29] Possible /pseudo 'LPXTG-motif protein cell wall anchor domain protein' at gnl|Prokka|PALEPJKG_11 position 37493
[00:20:29] Possible /pseudo 'ABC transporter permease' at gnl|Prokka|PALEPJKG_11 position 68910
[00:20:29] Possible /pseudo 'YycH protein' at gnl|Prokka|PALEPJKG_11 position 137143
[00:20:29] Possible /pseudo 'ABC transporter permease' at gnl|Prokka|PALEPJKG_11 position 173915
[00:20:29] Possible /pseudo 'FtsW/RodA/SpoVE family cell cycle protein' at gnl|Prokka|PALEPJKG_11 position 238506
[00:20:29] Possible /pseudo 'HTH-type transcriptional regulator CynR' at gnl|Prokka|PALEPJKG_11 position 240627
[00:20:29] Possible /pseudo 'ABC transporter ATP-binding protein/permease' at gnl|Prokka|PALEPJKG_12 position 32404
[00:20:29] Possible /pseudo 'ABC transporter ATP-binding protein' at gnl|Prokka|PALEPJKG_14 position 6976
[00:20:29] Possible /pseudo 'ABC transporter permease' at gnl|Prokka|PALEPJKG_16 position 17803
[00:20:29] Possible /pseudo 'ABC transporter ATP-binding protein' at gnl|Prokka|PALEPJKG_16 position 27507
[00:20:29] Possible /pseudo 'ABC transporter ATP-binding protein' at gnl|Prokka|PALEPJKG_20 position 15870
[00:20:29] Found 640 unique /gene codes.
[00:20:29] Fixed 2 duplicate /gene - artM_1 artM_2
[00:20:29] Fixed 2 duplicate /gene - vanR_1 vanR_2
[00:20:29] Fixed 2 duplicate /gene - potC_1 potC_2
[00:20:29] Fixed 2 duplicate /gene - pdhD_1 pdhD_2
[00:20:29] Fixed 2 duplicate /gene - metN2_1 metN2_2
[00:20:29] Fixed 2 duplicate /gene - pepT_1 pepT_2
[00:20:29] Fixed 2 duplicate /gene - uvrA_1 uvrA_2
[00:20:29] Fixed 2 duplicate /gene - arnC_1 arnC_2
[00:20:29] Fixed 2 duplicate /gene - dgaF_1 dgaF_2
[00:20:29] Fixed 4 duplicate /gene - arcC_1 arcC_2 arcC_3 arcC_4
[00:20:29] Fixed 2 duplicate /gene - btuD_1 btuD_2
[00:20:29] Fixed 2 duplicate /gene - napA_1 napA_2
[00:20:29] Fixed 3 duplicate /gene - pyrC_1 pyrC_2 pyrC_3
[00:20:29] Fixed 3 duplicate /gene - cbiO_1 cbiO_2 cbiO_3
[00:20:29] Fixed 2 duplicate /gene - trpS_1 trpS_2
[00:20:29] Fixed 2 duplicate /gene - murR_1 murR_2
[00:20:29] Fixed 2 duplicate /gene - gyrB_1 gyrB_2
[00:20:29] Fixed 2 duplicate /gene - tyrS1_1 tyrS1_2
[00:20:29] Fixed 2 duplicate /gene - traL_1 traL_2
[00:20:29] Fixed 4 duplicate /gene - lytR_1 lytR_2 lytR_3 lytR_4
[00:20:29] Fixed 2 duplicate /gene - maeB_1 maeB_2
[00:20:29] Fixed 2 duplicate /gene - yabJ_1 yabJ_2
[00:20:29] Fixed 2 duplicate /gene - pdhB_1 pdhB_2
[00:20:29] Fixed 2 duplicate /gene - ndoA_1 ndoA_2
[00:20:29] Fixed 2 duplicate /gene - rmlB_1 rmlB_2
[00:20:29] Fixed 2 duplicate /gene - metQ_1 metQ_2
[00:20:29] Fixed 2 duplicate /gene - yclP_1 yclP_2
[00:20:29] Fixed 2 duplicate /gene - metB_1 metB_2
[00:20:29] Fixed 2 duplicate /gene - nagB_1 nagB_2
[00:20:29] Fixed 2 duplicate /gene - cynR_1 cynR_2
[00:20:29] Fixed 2 duplicate /gene - yfkN_1 yfkN_2
[00:20:29] Fixed 2 duplicate /gene - pepV_1 pepV_2
[00:20:29] Fixed 3 duplicate /gene - pucR_1 pucR_2 pucR_3
[00:20:29] Fixed 2 duplicate /gene - fhuB_1 fhuB_2
[00:20:29] Fixed 2 duplicate /gene - esxA_1 esxA_2
[00:20:29] Fixed 2 duplicate /gene - nrdI_1 nrdI_2
[00:20:29] Fixed 2 duplicate /gene - hcxA_1 hcxA_2
[00:20:29] Fixed 2 duplicate /gene - uspA_1 uspA_2
[00:20:29] Fixed 2 duplicate /gene - arcB_1 arcB_2
[00:20:29] Fixed 2 duplicate /gene - xerC_1 xerC_2
[00:20:29] Fixed 2 duplicate /gene - lpxG_1 lpxG_2
[00:20:29] Fixed 3 duplicate /gene - gatA_1 gatA_2 gatA_3
[00:20:29] Fixed 2 duplicate /gene - murQ_1 murQ_2
[00:20:29] Fixed 2 duplicate /gene - yfhO_1 yfhO_2
[00:20:29] Fixed 2 duplicate /gene - csd_1 csd_2
[00:20:29] Fixed 2 duplicate /gene - msmK_1 msmK_2
[00:20:29] Fixed 2 duplicate /gene - macB_1 macB_2
[00:20:29] Fixed 2 duplicate /gene - dgaE_1 dgaE_2
[00:20:29] Fixed 2 duplicate /gene - ytcD_1 ytcD_2
[00:20:29] Fixed 2 duplicate /gene - bga_1 bga_2
[00:20:29] Fixed 2 duplicate /gene - pdhA_1 pdhA_2
[00:20:29] Fixed 2 duplicate /gene - serS2_1 serS2_2
[00:20:29] Fixed 2 duplicate /gene - atzC_1 atzC_2
[00:20:29] Fixed 53 colliding /gene names.
[00:20:29] Adding /locus_tag identifiers
[00:20:29] Assigned 2483 locus_tags to CDS and RNA features.
[00:20:29] Writing outputs to genome_annotation//
[00:20:31] Generating annotation statistics file
[00:20:31] Generating Genbank and Sequin files
[00:20:31] Running: tbl2asn -V b -a r10k -l paired-ends -M n -N 1 -y 'Annotated using prokka 1.14.0 from https://github.com/tseemann/prokka' -Z genome_annotation\/\/HT1\-12\.err -i genome_annotation\/\/HT1\-12\.fsa 2> /dev/null
[00:20:37] Deleting unwanted file: genome_annotation//errorsummary.val
[00:20:37] Deleting unwanted file: genome_annotation//HT1-12.dr
[00:20:37] Deleting unwanted file: genome_annotation//HT1-12.fixedproducts
[00:20:37] Deleting unwanted file: genome_annotation//HT1-12.ecn
[00:20:37] Deleting unwanted file: genome_annotation//HT1-12.val
[00:20:37] Repairing broken .GBK output that tbl2asn produces...
[00:20:37] Running: sed 's/COORDINATES: profile/COORDINATES:profile/' < genome_annotation\/\/HT1\-12\.gbf > genome_annotation\/\/HT1\-12\.gbk
[00:20:37] Deleting unwanted file: genome_annotation//HT1-12.gbf
[00:20:37] Output files:
[00:20:37] genome_annotation/HT1-12.tsv
[00:20:37] genome_annotation/HT1-12.err
[00:20:37] genome_annotation/HT1-12.gff
[00:20:37] genome_annotation/HT1-12.fna
[00:20:37] genome_annotation/HT1-12.sqn
[00:20:37] genome_annotation/HT1-12.log
[00:20:37] genome_annotation/HT1-12.txt
[00:20:37] genome_annotation/HT1-12.tbl
[00:20:37] genome_annotation/HT1-12.fsa
[00:20:37] genome_annotation/HT1-12.faa
[00:20:37] genome_annotation/HT1-12.gbk
[00:20:37] genome_annotation/HT1-12.ffn
[00:20:37] Annotation finished successfully.
[00:20:37] Walltime used: 1.35 minutes
[00:20:37] If you use this result please cite the Prokka paper:
[00:20:37] Seemann T (2014) Prokka: rapid prokaryotic genome annotation. Bioinformatics. 30(14):2068-9.
[00:20:37] Type 'prokka --citation' for more details.
[00:20:37] Share and enjoy!
