[23:59:16] This is prokka 1.14.0
[23:59:16] Written by Torsten Seemann <torsten.seemann@gmail.com>
[23:59:16] Homepage is https://github.com/tseemann/prokka
[23:59:16] Local time is Thu Sep  5 23:59:16 2019
[23:59:16] You are icaro
[23:59:16] Operating system is linux
[23:59:16] You have BioPerl 1.007002
[23:59:16] System has 4 cores.
[23:59:16] Option --cpu asked for 8 cores, but system only has 4
[23:59:16] Will use maximum of 4 cores.
[23:59:16] Annotating as >>> Bacteria <<<
[23:59:16] Generating locus_tag from 'data/samples/HW1-1.fasta' contents.
[23:59:16] Setting --locustag IBJBGECL from MD5 2b3b0ec586ff02731fa2bf55b5ff68a6
[23:59:16] Enabling options to ensure Genbank/ENA/DDJB submission compliance.
[23:59:16] Re-using existing --outdir genome_annotation/
[23:59:16] Using filename prefix: HW1-1.XXX
[23:59:16] Setting HMMER_NCPU=1
[23:59:16] Writing log to: genome_annotation//HW1-1.log
[23:59:16] Command: /home/icaro/Documentos/WGCA/.snakemake/conda/349eb0fd/bin/prokka --force --outdir genome_annotation/ --usegenus --Genus Enterococcus --compliant --prefix HW1-1 data/samples/HW1-1.fasta
[23:59:16] Appending to PATH: /home/icaro/Documentos/WGCA/.snakemake/conda/349eb0fd/bin
[23:59:16] Looking for 'aragorn' - found /home/icaro/Documentos/WGCA/.snakemake/conda/349eb0fd/bin/aragorn
[23:59:16] Determined aragorn version is 1.2
[23:59:16] Looking for 'barrnap' - found /home/icaro/Documentos/WGCA/.snakemake/conda/349eb0fd/bin/barrnap
[23:59:16] Determined barrnap version is 0.9
[23:59:16] Looking for 'blastp' - found /home/icaro/Documentos/WGCA/.snakemake/conda/349eb0fd/bin/blastp
[23:59:16] Determined blastp version is 2.9
[23:59:16] Looking for 'cmpress' - found /home/icaro/Documentos/WGCA/.snakemake/conda/349eb0fd/bin/cmpress
[23:59:16] Determined cmpress version is 1.1
[23:59:16] Looking for 'cmscan' - found /home/icaro/Documentos/WGCA/.snakemake/conda/349eb0fd/bin/cmscan
[23:59:16] Determined cmscan version is 1.1
[23:59:16] Looking for 'egrep' - found /bin/egrep
[23:59:16] Looking for 'find' - found /usr/bin/find
[23:59:16] Looking for 'grep' - found /bin/grep
[23:59:16] Looking for 'hmmpress' - found /home/icaro/Documentos/WGCA/.snakemake/conda/349eb0fd/bin/hmmpress
[23:59:16] Determined hmmpress version is 3.2
[23:59:16] Looking for 'hmmscan' - found /home/icaro/Documentos/WGCA/.snakemake/conda/349eb0fd/bin/hmmscan
[23:59:16] Determined hmmscan version is 3.2
[23:59:16] Looking for 'java' - found /home/icaro/Documentos/WGCA/.snakemake/conda/349eb0fd/bin/java
[23:59:16] Looking for 'less' - found /usr/bin/less
[23:59:16] Looking for 'makeblastdb' - found /home/icaro/Documentos/WGCA/.snakemake/conda/349eb0fd/bin/makeblastdb
[23:59:16] Determined makeblastdb version is 2.9
[23:59:16] Looking for 'minced' - found /home/icaro/Documentos/WGCA/.snakemake/conda/349eb0fd/bin/minced
[23:59:16] Determined minced version is 4.2
[23:59:16] Looking for 'parallel' - found /home/icaro/Documentos/WGCA/.snakemake/conda/349eb0fd/bin/parallel
[23:59:16] Determined parallel version is 20190722
[23:59:16] Looking for 'prodigal' - found /home/icaro/Documentos/WGCA/.snakemake/conda/349eb0fd/bin/prodigal
[23:59:16] Determined prodigal version is 2.6
[23:59:16] Looking for 'prokka-genbank_to_fasta_db' - found /home/icaro/Documentos/WGCA/.snakemake/conda/349eb0fd/bin/prokka-genbank_to_fasta_db
[23:59:16] Looking for 'sed' - found /bin/sed
[23:59:16] Looking for 'tbl2asn' - found /home/icaro/Documentos/WGCA/.snakemake/conda/349eb0fd/bin/tbl2asn
[23:59:16] Determined tbl2asn version is 25.7
[23:59:16] Using genetic code table 11.
[23:59:16] Loading and checking input file: data/samples/HW1-1.fasta
[23:59:16] Wrote 20 contigs totalling 2746983 bp.
[23:59:16] Predicting tRNAs and tmRNAs
[23:59:16] Running: aragorn -l -gc11  -w genome_annotation\/\/HW1\-1\.fna
[23:59:17] 1 tRNA-Lys [21423,21496] 35 (ctt)
[23:59:17] 2 tRNA-Arg c[201488,201561] 35 (ccg)
[23:59:17] 1 tmRNA [80609,80972] 91,129 AKNENNSFALAA*
[23:59:17] 2 tRNA-Leu c[122899,122984] 36 (caa)
[23:59:17] 3 tRNA-Cys c[122997,123067] 33 (gca)
[23:59:17] 4 tRNA-Gln c[123092,123165] 34 (ttg)
[23:59:17] 5 tRNA-His c[123178,123251] 34 (gtg)
[23:59:17] 6 tRNA-Trp c[123288,123361] 33 (cca)
[23:59:17] 7 tRNA-Tyr c[123365,123447] 36 (gta)
[23:59:17] 8 tRNA-Phe c[123452,123524] 34 (gaa)
[23:59:17] 9 tRNA-Asp c[123570,123645] 34 (gtc)
[23:59:17] 10 tRNA-Val c[123655,123729] 35 (tac)
[23:59:17] 11 tRNA-Glu c[123755,123828] 35 (ttc)
[23:59:17] 12 tRNA-Ser c[123844,123934] 36 (gga)
[23:59:17] 13 tRNA-Asn c[123977,124050] 35 (gtt)
[23:59:17] 1 tRNA-Leu [133077,133163] 36 (gag)
[23:59:17] 2 tRNA-Tyr [144411,144493] 36 (gta)
[23:59:17] 3 tRNA-Gln [144501,144574] 34 (ttg)
[23:59:17] 1 tRNA-Thr c[49412,49484] 34 (cgt)
[23:59:17] 2 tRNA-Ser c[284470,284559] 37 (cga)
[23:59:17] 3 tRNA-Asn c[316063,316138] 36 (gtt)
[23:59:17] 1 tRNA-Gly [68,139] 33 (gcc)
[23:59:17] 2 tRNA-Leu [155,240] 35 (taa)
[23:59:17] 3 tRNA-Arg [255,328] 35 (acg)
[23:59:17] 4 tRNA-Pro [418,491] 35 (tgg)
[23:59:17] 1 tRNA-Arg c[37763,37838] 36 (cct)
[23:59:17] 2 tRNA-Arg [87176,87251] 36 (tct)
[23:59:17] 1 tRNA-Val c[58,132] 35 (tac)
[23:59:17] 1 tRNA-Met c[28613,28688] 36 (cat)
[23:59:17] 2 tRNA-Trp c[45476,45547] 34 (cca)
[23:59:17] 3 tRNA-Thr [98554,98626] 34 (ggt)
[23:59:17] 1 tRNA-Leu [25,110] 35 (taa)
[23:59:17] 2 tRNA-Arg [125,198] 35 (acg)
[23:59:17] 3 tRNA-Pro [210,283] 35 (tgg)
[23:59:17] 4 tRNA-Ala [296,370] 35 (tgc)
[23:59:17] 5 tRNA-Met [392,467] 36 (cat)
[23:59:17] 6 tRNA-Met [486,561] 36 (cat)
[23:59:17] 7 tRNA-Ser [594,683] 37 (tga)
[23:59:17] 8 tRNA-Met [716,791] 36 (cat)
[23:59:17] 9 tRNA-Asp [829,905] 35 (gtc)
[23:59:17] 10 tRNA-Gly [907,977] 33 (tcc)
[23:59:17] 11 tRNA-Ile [986,1061] 36 (gat)
[23:59:17] 12 tRNA-Glu [1074,1147] 35 (ttc)
[23:59:17] 13 tRNA-Ser [1159,1248] 37 (tga)
[23:59:17] 14 tRNA-Met [1281,1356] 36 (cat)
[23:59:17] 15 tRNA-Asp [1403,1478] 36 (gtc)
[23:59:17] 16 tRNA-Phe [1482,1559] 35 (gaa)
[23:59:17] 17 tRNA-Gly [1570,1640] 33 (tcc)
[23:59:17] 18 tRNA-Ile [1654,1727] 35 (gat)
[23:59:17] 19 tRNA-Ser [1737,1826] 36 (gct)
[23:59:17] 20 tRNA-Glu [1840,1913] 35 (ttc)
[23:59:17] Found 51 tRNAs
[23:59:17] Predicting Ribosomal RNAs
[23:59:17] Running Barrnap with 4 threads
[23:59:19] 1 gnl|Prokka|IBJBGECL_11 149 5S ribosomal RNA
[23:59:19] 2 gnl|Prokka|IBJBGECL_11 360 23S ribosomal RNA
[23:59:19] 3 gnl|Prokka|IBJBGECL_11 3497 16S ribosomal RNA
[23:59:19] Found 3 rRNAs
[23:59:19] Skipping ncRNA search, enable with --rfam if desired.
[23:59:19] Total of 53 tRNA + rRNA features
[23:59:19] Searching for CRISPR repeats
[23:59:20] Found 0 CRISPRs
[23:59:20] Predicting coding sequences
[23:59:20] Contigs total 2746983 bp, so using single mode
[23:59:20] Running: prodigal -i genome_annotation\/\/HW1\-1\.fna -c -m -g 11 -p single -f sco -q
[23:59:23] Found 2550 CDS
[23:59:23] Connecting features back to sequences
[23:59:23] Using custom Enterococcus database for annotation
[23:59:23] Annotating CDS, please be patient.
[23:59:23] Will use 4 CPUs for similarity searching.
[23:59:24] There are still 2550 unannotated CDS left (started with 2550)
[23:59:24] Will use blast to search against /home/icaro/Documentos/WGCA/.snakemake/conda/349eb0fd/db/genus/Enterococcus with 4 CPUs
[23:59:24] Running: cat genome_annotation\/\/Enterococcus\.faa | parallel --gnu --plain -j 4 --block 103078 --recstart '>' --pipe blastp -query - -db /home/icaro/Documentos/WGCA/.snakemake/conda/349eb0fd/db/genus/Enterococcus -evalue 1e-09 -qcov_hsp_perc 80 -num_threads 1 -num_descriptions 1 -num_alignments 1 -seg no > genome_annotation\/\/Enterococcus\.blast 2> /dev/null
[23:59:41] Modify product: site-specific tyrosine recombinase XerD-family => site-specific tyrosine recombinase XerD-family protein
[23:59:41] Modify product: site-specific tyrosine recombinase XerC-family => site-specific tyrosine recombinase XerC-family protein
[23:59:41] Modify product: Sporulation Regulator WhiA N terminal => hypothetical protein
[23:59:41] Modify product: radical SAM protein family => radical SAM protein family protein
[23:59:41] Modify product: putative RNA-binding protein containing a PIN domain => putative RNA-binding protein containing a PIN domain protein
[23:59:42] Modify product: site-specific tyrosine recombinase XerC-family => site-specific tyrosine recombinase XerC-family protein
[23:59:42] Modify product: site-specific tyrosine recombinase XerC-family => site-specific tyrosine recombinase XerC-family protein
[23:59:43] Modify product: site-specific tyrosine recombinase XerC-family => site-specific tyrosine recombinase XerC-family protein
[23:59:43] Cleaned 8 /product names
[23:59:43] Deleting unwanted file: genome_annotation//Enterococcus.faa
[23:59:43] Deleting unwanted file: genome_annotation//Enterococcus.blast
[23:59:43] There are still 895 unannotated CDS left (started with 2550)
[23:59:43] Will use blast to search against /home/icaro/Documentos/WGCA/.snakemake/conda/349eb0fd/db/kingdom/Bacteria/IS with 4 CPUs
[23:59:43] Running: cat genome_annotation\/\/IS\.faa | parallel --gnu --plain -j 4 --block 32097 --recstart '>' --pipe blastp -query - -db /home/icaro/Documentos/WGCA/.snakemake/conda/349eb0fd/db/kingdom/Bacteria/IS -evalue 1e-30 -qcov_hsp_perc 90 -num_threads 1 -num_descriptions 1 -num_alignments 1 -seg no > genome_annotation\/\/IS\.blast 2> /dev/null
[23:59:50] Deleting unwanted file: genome_annotation//IS.faa
[23:59:50] Deleting unwanted file: genome_annotation//IS.blast
[23:59:50] There are still 895 unannotated CDS left (started with 2550)
[23:59:50] Will use blast to search against /home/icaro/Documentos/WGCA/.snakemake/conda/349eb0fd/db/kingdom/Bacteria/AMR with 4 CPUs
[23:59:50] Running: cat genome_annotation\/\/AMR\.faa | parallel --gnu --plain -j 4 --block 32097 --recstart '>' --pipe blastp -query - -db /home/icaro/Documentos/WGCA/.snakemake/conda/349eb0fd/db/kingdom/Bacteria/AMR -evalue 9.99999999999999e-301 -qcov_hsp_perc 90 -num_threads 1 -num_descriptions 1 -num_alignments 1 -seg no > genome_annotation\/\/AMR\.blast 2> /dev/null
[23:59:55] Deleting unwanted file: genome_annotation//AMR.faa
[23:59:55] Deleting unwanted file: genome_annotation//AMR.blast
[23:59:55] There are still 895 unannotated CDS left (started with 2550)
[23:59:55] Will use blast to search against /home/icaro/Documentos/WGCA/.snakemake/conda/349eb0fd/db/kingdom/Bacteria/sprot with 4 CPUs
[23:59:55] Running: cat genome_annotation\/\/sprot\.faa | parallel --gnu --plain -j 4 --block 32097 --recstart '>' --pipe blastp -query - -db /home/icaro/Documentos/WGCA/.snakemake/conda/349eb0fd/db/kingdom/Bacteria/sprot -evalue 1e-09 -qcov_hsp_perc 80 -num_threads 1 -num_descriptions 1 -num_alignments 1 -seg no > genome_annotation\/\/sprot\.blast 2> /dev/null
[00:00:21] Modify product: Probable xanthine dehydrogenase subunit A => putative xanthine dehydrogenase subunit A
[00:00:21] Modify product: Probable iron export permease protein FetB => putative iron export permease protein FetB
[00:00:21] Modify product: Uncharacterized protein YaaQ => putative protein YaaQ
[00:00:21] Modify product: Uncharacterized HTH-type transcriptional regulator YtcD => putative HTH-type transcriptional regulator YtcD
[00:00:21] Modify product: Nucleoid-associated protein Cthe_2143 => Nucleoid-associated protein
[00:00:21] Modify product: Uncharacterized protein YqgQ => putative protein YqgQ
[00:00:21] Modify product: UPF0297 protein EF_1202 => hypothetical protein
[00:00:21] Modify product: UPF0473 protein SP_0194 => hypothetical protein
[00:00:21] Modify product: Uncharacterized membrane protein YuaF => putative membrane protein YuaF
[00:00:21] Modify product: Probable molybdenum cofactor guanylyltransferase => putative molybdenum cofactor guanylyltransferase
[00:00:21] Modify product: UPF0145 protein YbjQ => hypothetical protein
[00:00:21] Modify product: Uncharacterized lipoprotein YehR => putative lipoprotein YehR
[00:00:21] Modify product: Uncharacterized HTH-type transcriptional regulator YtcD => putative HTH-type transcriptional regulator YtcD
[00:00:21] Modify product: Probable transcriptional regulatory protein aq_1575 => putative transcriptional regulatory protein
[00:00:21] Modify product: UPF0342 protein SA1663 => hypothetical protein
[00:00:21] Modify product: Uncharacterized protein YhaN => putative protein YhaN
[00:00:21] Modify product: UPF0374 protein SP_1903 => hypothetical protein
[00:00:21] Modify product: UPF0398 protein YpsA => hypothetical protein
[00:00:21] Modify product: UPF0302 protein BA_1542/GBAA_1542/BAS1430 => hypothetical protein
[00:00:21] Modify product: UPF0291 protein SP_1473 => hypothetical protein
[00:00:21] Modify product: UPF0316 protein SA1727 => hypothetical protein
[00:00:21] Modify product: Probable transcriptional regulatory protein pdtaR => putative transcriptional regulatory protein pdtaR
[00:00:21] Modify product: Probable butyrate kinase 2 => putative butyrate kinase 2
[00:00:21] Modify product: UPF0346 protein YozE => hypothetical protein
[00:00:21] Modify product: UPF0154 protein SA1178 => hypothetical protein
[00:00:21] Modify product: Probable fused nickel transport protein LarMN => putative fused nickel transport protein LarMN
[00:00:21] Modify product: Uncharacterized HTH-type transcriptional regulator YybR => putative HTH-type transcriptional regulator YybR
[00:00:21] Modify product: UPF0340 protein YwlG => hypothetical protein
[00:00:21] Modify product: Probable ABC transporter ATP-binding protein HI_0664 => putative ABC transporter ATP-binding protein
[00:00:21] Modify product: UPF0397 protein SP_0482 => hypothetical protein
[00:00:21] Modify product: Uncharacterized glycosyltransferase EpsJ => putative glycosyltransferase EpsJ
[00:00:21] Modify product: Probable formate transporter 1 => putative formate transporter 1
[00:00:21] Modify product: UPF0291 protein YnzC => hypothetical protein
[00:00:21] Modify product: Probable peptide export permease protein YydJ => putative peptide export permease protein YydJ
[00:00:21] Modify product: Uncharacterized N-acetyltransferase YjaB => putative N-acetyltransferase YjaB
[00:00:21] Modify product: UPF0356 protein M6_Spy1605 => hypothetical protein
[00:00:21] Modify product: Probable transcriptional regulatory protein SA0624 => putative transcriptional regulatory protein
[00:00:21] Modify product: Uncharacterized protein YkuJ => putative protein YkuJ
[00:00:21] Modify product: Uncharacterized protein YmcA => putative protein YmcA
[00:00:21] Modify product: UPF0701 protein YicC => hypothetical protein
[00:00:21] Modify product: Uncharacterized protein YueI => putative protein YueI
[00:00:21] Modify product: UPF0637 protein SA0957 => hypothetical protein
[00:00:21] Modify product: Uncharacterized HTH-type transcriptional regulator YbbH => putative HTH-type transcriptional regulator YbbH
[00:00:21] Modify product: UPF0358 protein EF_2458 => hypothetical protein
[00:00:21] Modify product: UPF0223 protein BH2638 => hypothetical protein
[00:00:21] Modify product: Probable sulfoacetate transporter SauU => putative sulfoacetate transporter SauU
[00:00:21] Modify product: Deacetylase EF_0837 => Deacetylase
[00:00:21] Cleaned 47 /product names
[00:00:21] Deleting unwanted file: genome_annotation//sprot.faa
[00:00:21] Deleting unwanted file: genome_annotation//sprot.blast
[00:00:21] There are still 674 unannotated CDS left (started with 2550)
[00:00:21] Will use hmmer3 to search against /home/icaro/Documentos/WGCA/.snakemake/conda/349eb0fd/db/hmm/HAMAP.hmm with 4 CPUs
[00:00:21] Running: cat genome_annotation\/\/HAMAP\.hmm\.faa | parallel --gnu --plain -j 4 --block 23433 --recstart '>' --pipe hmmscan --noali --notextw --acc -E 1e-09 --cpu 1 /home/icaro/Documentos/WGCA/.snakemake/conda/349eb0fd/db/hmm/HAMAP.hmm /dev/stdin > genome_annotation\/\/HAMAP\.hmm\.hmmer3 2> /dev/null
[00:00:33] Deleting unwanted file: genome_annotation//HAMAP.hmm.faa
[00:00:33] Deleting unwanted file: genome_annotation//HAMAP.hmm.hmmer3
[00:00:33] Labelling remaining 636 proteins as 'hypothetical protein'
[00:00:33] Possible /pseudo 'purine nucleoside phosphorylase' at gnl|Prokka|IBJBGECL_1 position 65593
[00:00:33] Possible /pseudo 'ABC transporter permease' at gnl|Prokka|IBJBGECL_1 position 69715
[00:00:33] Possible /pseudo 'Basic membrane lipopprotein' at gnl|Prokka|IBJBGECL_1 position 73754
[00:00:33] Possible /pseudo 'ABC transporter ATP-binding protein' at gnl|Prokka|IBJBGECL_2 position 211601
[00:00:33] Possible /pseudo 'ABC transporter permease' at gnl|Prokka|IBJBGECL_3 position 56199
[00:00:33] Possible /pseudo 'LPXTG-motif protein cell wall anchor domain protein' at gnl|Prokka|IBJBGECL_3 position 85739
[00:00:33] Possible /pseudo 'YycH protein' at gnl|Prokka|IBJBGECL_4 position 15173
[00:00:33] Possible /pseudo 'ABC transporter permease' at gnl|Prokka|IBJBGECL_4 position 51928
[00:00:33] Possible /pseudo 'FtsW/RodA/SpoVE family cell cycle protein' at gnl|Prokka|IBJBGECL_4 position 116461
[00:00:33] Possible /pseudo 'HTH-type transcriptional regulator CynR' at gnl|Prokka|IBJBGECL_4 position 118582
[00:00:33] Possible /pseudo 'ABC transporter permease' at gnl|Prokka|IBJBGECL_4 position 165999
[00:00:33] Possible /pseudo 'ABC transporter ATP-binding protein/permease' at gnl|Prokka|IBJBGECL_4 position 348647
[00:00:33] Possible /pseudo 'Deoxyribodipyrimidine photo-lyase' at gnl|Prokka|IBJBGECL_4 position 354884
[00:00:33] Possible /pseudo 'phosphate ABC transporter ATP-binding protein' at gnl|Prokka|IBJBGECL_4 position 505869
[00:00:33] Possible /pseudo 'glycosyl transferase family protein' at gnl|Prokka|IBJBGECL_4 position 558000
[00:00:33] Possible /pseudo 'ribosomal-protein-alanine acetyltransferase' at gnl|Prokka|IBJBGECL_6 position 8333
[00:00:33] Possible /pseudo 'ABC transporter ATP-binding protein/permease' at gnl|Prokka|IBJBGECL_6 position 98675
[00:00:33] Possible /pseudo 'glycosyl transferase family protein' at gnl|Prokka|IBJBGECL_6 position 314867
[00:00:33] Possible /pseudo 'peptidase, U32 family' at gnl|Prokka|IBJBGECL_7 position 9520
[00:00:33] Possible /pseudo 'peptide ABC transporter ATP-binding protein' at gnl|Prokka|IBJBGECL_7 position 171223
[00:00:33] Possible /pseudo 'ABC transporter permease' at gnl|Prokka|IBJBGECL_7 position 173157
[00:00:33] Possible /pseudo 'iron ABC transporter system permease' at gnl|Prokka|IBJBGECL_7 position 193726
[00:00:33] Possible /pseudo 'Helix-turn-helix domain protein' at gnl|Prokka|IBJBGECL_8 position 88581
[00:00:33] Possible /pseudo 'helix-turn-helix domain-containing protein' at gnl|Prokka|IBJBGECL_8 position 91494
[00:00:33] Possible /pseudo 'translation-associated GTPase' at gnl|Prokka|IBJBGECL_8 position 107734
[00:00:33] Possible /pseudo 'arginine repressor protein' at gnl|Prokka|IBJBGECL_9 position 800
[00:00:33] Possible /pseudo 'alkaline shock protein 23 family protein' at gnl|Prokka|IBJBGECL_9 position 28433
[00:00:33] Possible /pseudo 'ABC transporter ATP-binding protein/permease' at gnl|Prokka|IBJBGECL_10 position 112086
[00:00:33] Possible /pseudo 'ABC transporter ATP-binding protein' at gnl|Prokka|IBJBGECL_10 position 139934
[00:00:33] Possible /pseudo 'ABC transporter ATP-binding protein' at gnl|Prokka|IBJBGECL_12 position 11911
[00:00:33] Possible /pseudo 'ABC transporter ATP-binding protein/permease' at gnl|Prokka|IBJBGECL_12 position 24824
[00:00:33] Possible /pseudo 'DNA-3-methyladenine glycosylase' at gnl|Prokka|IBJBGECL_13 position 20182
[00:00:33] Possible /pseudo 'glycosyl transferase family protein' at gnl|Prokka|IBJBGECL_13 position 156821
[00:00:33] Possible /pseudo 'glycosyl transferase family protein' at gnl|Prokka|IBJBGECL_13 position 157648
[00:00:33] Possible /pseudo 'ABC transporter permease' at gnl|Prokka|IBJBGECL_13 position 183332
[00:00:33] Possible /pseudo 'ABC transporter ATP-binding protein' at gnl|Prokka|IBJBGECL_13 position 192114
[00:00:33] Possible /pseudo 'oxidoreductase family, NAD-binding Rossmann fold protein' at gnl|Prokka|IBJBGECL_13 position 213430
[00:00:33] Possible /pseudo '6-phospho-beta-glucosidase' at gnl|Prokka|IBJBGECL_14 position 6546
[00:00:33] Possible /pseudo 'SMR family multidrug resistance protein' at gnl|Prokka|IBJBGECL_14 position 37802
[00:00:33] Possible /pseudo 'PTS system, mannose/fructose/sorbose-specific IIC component' at gnl|Prokka|IBJBGECL_18 position 4938
[00:00:33] Found 650 unique /gene codes.
[00:00:33] Fixed 2 duplicate /gene - accD_1 accD_2
[00:00:33] Fixed 3 duplicate /gene - btuD_1 btuD_2 btuD_3
[00:00:33] Fixed 2 duplicate /gene - hcxA_1 hcxA_2
[00:00:33] Fixed 4 duplicate /gene - arcC_1 arcC_2 arcC_3 arcC_4
[00:00:33] Fixed 2 duplicate /gene - murQ_1 murQ_2
[00:00:33] Fixed 2 duplicate /gene - metQ_1 metQ_2
[00:00:33] Fixed 2 duplicate /gene - ytcD_1 ytcD_2
[00:00:33] Fixed 2 duplicate /gene - arcB_1 arcB_2
[00:00:33] Fixed 2 duplicate /gene - msmK_1 msmK_2
[00:00:33] Fixed 2 duplicate /gene - uspA_1 uspA_2
[00:00:33] Fixed 2 duplicate /gene - murB_1 murB_2
[00:00:33] Fixed 2 duplicate /gene - arnC_1 arnC_2
[00:00:33] Fixed 2 duplicate /gene - uvrB_1 uvrB_2
[00:00:33] Fixed 3 duplicate /gene - gatA_1 gatA_2 gatA_3
[00:00:33] Fixed 2 duplicate /gene - gyrB_1 gyrB_2
[00:00:33] Fixed 4 duplicate /gene - xerC_1 xerC_2 xerC_3 xerC_4
[00:00:33] Fixed 4 duplicate /gene - lytR_1 lytR_2 lytR_3 lytR_4
[00:00:33] Fixed 2 duplicate /gene - napA_1 napA_2
[00:00:33] Fixed 2 duplicate /gene - pepT_1 pepT_2
[00:00:33] Fixed 2 duplicate /gene - accA_1 accA_2
[00:00:33] Fixed 2 duplicate /gene - pdhD_1 pdhD_2
[00:00:33] Fixed 2 duplicate /gene - artM_1 artM_2
[00:00:33] Fixed 2 duplicate /gene - trpS_1 trpS_2
[00:00:33] Fixed 2 duplicate /gene - vanR_1 vanR_2
[00:00:33] Fixed 2 duplicate /gene - potC_1 potC_2
[00:00:33] Fixed 2 duplicate /gene - pdhA_1 pdhA_2
[00:00:33] Fixed 3 duplicate /gene - pyrC_1 pyrC_2 pyrC_3
[00:00:33] Fixed 2 duplicate /gene - yfkN_1 yfkN_2
[00:00:33] Fixed 2 duplicate /gene - maeB_1 maeB_2
[00:00:33] Fixed 2 duplicate /gene - fabZ1_1 fabZ1_2
[00:00:33] Fixed 2 duplicate /gene - murR_1 murR_2
[00:00:33] Fixed 3 duplicate /gene - cbiO_1 cbiO_2 cbiO_3
[00:00:33] Fixed 2 duplicate /gene - metB_1 metB_2
[00:00:33] Fixed 2 duplicate /gene - cspA_1 cspA_2
[00:00:33] Fixed 2 duplicate /gene - uvrA_1 uvrA_2
[00:00:33] Fixed 2 duplicate /gene - pdhB_1 pdhB_2
[00:00:33] Fixed 2 duplicate /gene - tyrS1_1 tyrS1_2
[00:00:33] Fixed 2 duplicate /gene - nrdI_1 nrdI_2
[00:00:33] Fixed 2 duplicate /gene - lpxG_1 lpxG_2
[00:00:33] Fixed 2 duplicate /gene - csd_1 csd_2
[00:00:33] Fixed 2 duplicate /gene - mobA_1 mobA_2
[00:00:33] Fixed 2 duplicate /gene - atzC_1 atzC_2
[00:00:33] Fixed 2 duplicate /gene - serS2_1 serS2_2
[00:00:33] Fixed 2 duplicate /gene - yfhO_1 yfhO_2
[00:00:33] Fixed 4 duplicate /gene - pucR_1 pucR_2 pucR_3 pucR_4
[00:00:33] Fixed 2 duplicate /gene - nagB_1 nagB_2
[00:00:33] Fixed 2 duplicate /gene - fhuB_1 fhuB_2
[00:00:33] Fixed 2 duplicate /gene - rmlB_1 rmlB_2
[00:00:33] Fixed 2 duplicate /gene - pepV_1 pepV_2
[00:00:33] Fixed 2 duplicate /gene - macB_1 macB_2
[00:00:33] Fixed 2 duplicate /gene - ndoA_1 ndoA_2
[00:00:33] Fixed 2 duplicate /gene - dgaF_1 dgaF_2
[00:00:33] Fixed 2 duplicate /gene - cynR_1 cynR_2
[00:00:33] Fixed 2 duplicate /gene - yclP_1 yclP_2
[00:00:33] Fixed 2 duplicate /gene - metN2_1 metN2_2
[00:00:33] Fixed 2 duplicate /gene - yabJ_1 yabJ_2
[00:00:33] Fixed 2 duplicate /gene - bga_1 bga_2
[00:00:33] Fixed 57 colliding /gene names.
[00:00:33] Adding /locus_tag identifiers
[00:00:33] Assigned 2604 locus_tags to CDS and RNA features.
[00:00:33] Writing outputs to genome_annotation//
[00:00:35] Generating annotation statistics file
[00:00:35] Generating Genbank and Sequin files
[00:00:35] Running: tbl2asn -V b -a r10k -l paired-ends -M n -N 1 -y 'Annotated using prokka 1.14.0 from https://github.com/tseemann/prokka' -Z genome_annotation\/\/HW1\-1\.err -i genome_annotation\/\/HW1\-1\.fsa 2> /dev/null
[00:00:41] Deleting unwanted file: genome_annotation//errorsummary.val
[00:00:41] Deleting unwanted file: genome_annotation//HW1-1.dr
[00:00:41] Deleting unwanted file: genome_annotation//HW1-1.fixedproducts
[00:00:41] Deleting unwanted file: genome_annotation//HW1-1.ecn
[00:00:41] Deleting unwanted file: genome_annotation//HW1-1.val
[00:00:41] Repairing broken .GBK output that tbl2asn produces...
[00:00:41] Running: sed 's/COORDINATES: profile/COORDINATES:profile/' < genome_annotation\/\/HW1\-1\.gbf > genome_annotation\/\/HW1\-1\.gbk
[00:00:41] Deleting unwanted file: genome_annotation//HW1-1.gbf
[00:00:41] Output files:
[00:00:41] genome_annotation/HW1-1.tbl
[00:00:41] genome_annotation/HW1-1.gbk
[00:00:41] genome_annotation/HW1-1.tsv
[00:00:41] genome_annotation/HW1-1.log
[00:00:41] genome_annotation/HW1-1.txt
[00:00:41] genome_annotation/HW1-1.err
[00:00:41] genome_annotation/HW1-1.fna
[00:00:41] genome_annotation/HW1-1.sqn
[00:00:41] genome_annotation/HW1-1.fsa
[00:00:41] genome_annotation/HW1-1.ffn
[00:00:41] genome_annotation/HW1-1.gff
[00:00:41] genome_annotation/HW1-1.faa
[00:00:41] Annotation finished successfully.
[00:00:41] Walltime used: 1.42 minutes
[00:00:41] If you use this result please cite the Prokka paper:
[00:00:41] Seemann T (2014) Prokka: rapid prokaryotic genome annotation. Bioinformatics. 30(14):2068-9.
[00:00:41] Type 'prokka --citation' for more details.
[00:00:41] Share and enjoy!
