[22:33:45] This is prokka 1.14.0
[22:33:45] Written by Torsten Seemann <torsten.seemann@gmail.com>
[22:33:45] Homepage is https://github.com/tseemann/prokka
[22:33:45] Local time is Thu Sep  5 22:33:45 2019
[22:33:45] You are icaro
[22:33:45] Operating system is linux
[22:33:45] You have BioPerl 1.007002
[22:33:45] System has 4 cores.
[22:33:45] Option --cpu asked for 8 cores, but system only has 4
[22:33:45] Will use maximum of 4 cores.
[22:33:45] Annotating as >>> Bacteria <<<
[22:33:45] Generating locus_tag from 'data/samples/J2.fasta' contents.
[22:33:45] Setting --locustag JJOFAEME from MD5 338fae6ee5515fb7324a44fb5a402c71
[22:33:45] Enabling options to ensure Genbank/ENA/DDJB submission compliance.
[22:33:45] Re-using existing --outdir genome_annotation/
[22:33:45] Using filename prefix: J2.XXX
[22:33:45] Setting HMMER_NCPU=1
[22:33:45] Writing log to: genome_annotation//J2.log
[22:33:45] Command: /home/icaro/Documentos/WGCA/.snakemake/conda/349eb0fd/bin/prokka --force --outdir genome_annotation/ --usegenus --Genus Enterococcus --compliant --prefix J2 data/samples/J2.fasta
[22:33:45] Appending to PATH: /home/icaro/Documentos/WGCA/.snakemake/conda/349eb0fd/bin
[22:33:45] Looking for 'aragorn' - found /home/icaro/Documentos/WGCA/.snakemake/conda/349eb0fd/bin/aragorn
[22:33:45] Determined aragorn version is 1.2
[22:33:45] Looking for 'barrnap' - found /home/icaro/Documentos/WGCA/.snakemake/conda/349eb0fd/bin/barrnap
[22:33:45] Determined barrnap version is 0.9
[22:33:45] Looking for 'blastp' - found /home/icaro/Documentos/WGCA/.snakemake/conda/349eb0fd/bin/blastp
[22:33:45] Determined blastp version is 2.9
[22:33:45] Looking for 'cmpress' - found /home/icaro/Documentos/WGCA/.snakemake/conda/349eb0fd/bin/cmpress
[22:33:45] Determined cmpress version is 1.1
[22:33:45] Looking for 'cmscan' - found /home/icaro/Documentos/WGCA/.snakemake/conda/349eb0fd/bin/cmscan
[22:33:45] Determined cmscan version is 1.1
[22:33:45] Looking for 'egrep' - found /bin/egrep
[22:33:45] Looking for 'find' - found /usr/bin/find
[22:33:45] Looking for 'grep' - found /bin/grep
[22:33:45] Looking for 'hmmpress' - found /home/icaro/Documentos/WGCA/.snakemake/conda/349eb0fd/bin/hmmpress
[22:33:45] Determined hmmpress version is 3.2
[22:33:45] Looking for 'hmmscan' - found /home/icaro/Documentos/WGCA/.snakemake/conda/349eb0fd/bin/hmmscan
[22:33:45] Determined hmmscan version is 3.2
[22:33:45] Looking for 'java' - found /home/icaro/Documentos/WGCA/.snakemake/conda/349eb0fd/bin/java
[22:33:45] Looking for 'less' - found /usr/bin/less
[22:33:45] Looking for 'makeblastdb' - found /home/icaro/Documentos/WGCA/.snakemake/conda/349eb0fd/bin/makeblastdb
[22:33:45] Determined makeblastdb version is 2.9
[22:33:45] Looking for 'minced' - found /home/icaro/Documentos/WGCA/.snakemake/conda/349eb0fd/bin/minced
[22:33:45] Determined minced version is 4.2
[22:33:45] Looking for 'parallel' - found /home/icaro/Documentos/WGCA/.snakemake/conda/349eb0fd/bin/parallel
[22:33:45] Determined parallel version is 20190722
[22:33:45] Looking for 'prodigal' - found /home/icaro/Documentos/WGCA/.snakemake/conda/349eb0fd/bin/prodigal
[22:33:45] Determined prodigal version is 2.6
[22:33:45] Looking for 'prokka-genbank_to_fasta_db' - found /home/icaro/Documentos/WGCA/.snakemake/conda/349eb0fd/bin/prokka-genbank_to_fasta_db
[22:33:45] Looking for 'sed' - found /bin/sed
[22:33:45] Looking for 'tbl2asn' - found /home/icaro/Documentos/WGCA/.snakemake/conda/349eb0fd/bin/tbl2asn
[22:33:45] Determined tbl2asn version is 25.7
[22:33:45] Using genetic code table 11.
[22:33:45] Loading and checking input file: data/samples/J2.fasta
[22:33:45] Wrote 32 contigs totalling 3812858 bp.
[22:33:45] Predicting tRNAs and tmRNAs
[22:33:45] Running: aragorn -l -gc11  -w genome_annotation\/\/J2\.fna
[22:33:47] 1 tRNA-Arg c[135954,136027] 35 (ccg)
[22:33:47] 2 tRNA-Tyr [199484,199567] 35 (gta)
[22:33:47] 3 tRNA-Gln [199571,199645] 34 (ttg)
[22:33:47] 4 tRNA-Leu c[289317,289400] 35 (cag)
[22:33:47] 1 tRNA-Ser c[19802,19889] 33 (cga)
[22:33:47] 2 tmRNA [40654,41014] 100,126 ENSYALAA*
[22:33:47] 3 tRNA-Lys [210031,210105] 35 (ctt)
[22:33:47] 1 tRNA-Pro [31,104] 35 (tgg)
[22:33:47] 2 tRNA-Ala [118,190] 34 (tgc)
[22:33:47] 3 tRNA-Met [219,292] 35 (cat)
[22:33:47] 4 tRNA-Met [306,381] 36 (cat)
[22:33:47] 5 tRNA-Ser [407,496] 37 (tga)
[22:33:47] 6 tRNA-Met [562,637] 36 (cat)
[22:33:47] 7 tRNA-Asp [675,751] 35 (gtc)
[22:33:47] 8 tRNA-Gly [753,823] 33 (tcc)
[22:33:47] 9 tRNA-Ile [841,914] 35 (gat)
[22:33:47] 10 tRNA-Ser [935,1024] 36 (gct)
[22:33:47] 11 tRNA-Glu [1033,1106] 35 (ttc)
[22:33:47] 12 tRNA-Ser [1118,1207] 37 (tga)
[22:33:47] 13 tRNA-Met [1273,1349] 36 (cat)
[22:33:47] 14 tRNA-Asp [1386,1461] 36 (gtc)
[22:33:47] 15 tRNA-Phe [1468,1542] 35 (gaa)
[22:33:47] 16 tRNA-Gly [1549,1619] 33 (tcc)
[22:33:47] 17 tRNA-Ile [1636,1709] 35 (gat)
[22:33:47] 18 tRNA-Glu [1724,1797] 35 (ttc)
[22:33:47] 19 tRNA-Thr [118387,118459] 34 (cgt)
[22:33:47] 1 tRNA-Arg c[56677,56752] 36 (tct)
[22:33:47] 2 tRNA-Lys [239278,239352] 35 (ttt)
[22:33:47] 1 tRNA-Asn [377,452] 36 (gtt)
[22:33:47] 2 tRNA-Ser [499,589] 36 (gga)
[22:33:47] 3 tRNA-Glu [600,671] 34 (ttc)
[22:33:47] 4 tRNA-Val [695,767] 34 (tac)
[22:33:47] 5 tRNA-Asp [771,846] 36 (gtc)
[22:33:47] 6 tRNA-Phe [882,957] 34 (gaa)
[22:33:47] 7 tRNA-Tyr [958,1040] 36 (gta)
[22:33:47] 8 tRNA-Trp [1045,1118] 33 (cca)
[22:33:47] 9 tRNA-His [1147,1220] 34 (gtg)
[22:33:47] 10 tRNA-Gln [1229,1302] 34 (ttg)
[22:33:47] 11 tRNA-Cys [1343,1413] 33 (gca)
[22:33:47] 12 tRNA-Leu [1440,1527] 36 (caa)
[22:33:47] 13 tRNA-Arg c[115968,116041] 35 (cct)
[22:33:47] 14 tRNA-Ile [284257,284329] 34 (aat)
[22:33:47] 15 tRNA-Leu c[417480,417566] 35 (gag)
[22:33:47] 1 tRNA-Asn [81,156] 36 (gtt)
[22:33:47] 2 tRNA-Thr c[2897,2969] 34 (ggt)
[22:33:47] 3 tRNA-Asn [3163,3238] 36 (gtt)
[22:33:47] 1 tRNA-Pro [51,126] 36 (tgg)
[22:33:47] Found 47 tRNAs
[22:33:47] Predicting Ribosomal RNAs
[22:33:47] Running Barrnap with 4 threads
[22:33:49] 1 gnl|Prokka|JJOFAEME_10 253 5S ribosomal RNA
[22:33:49] 2 gnl|Prokka|JJOFAEME_16 275 16S ribosomal RNA
[22:33:49] 3 gnl|Prokka|JJOFAEME_16 2048 23S ribosomal RNA
[22:33:49] 4 gnl|Prokka|JJOFAEME_8 607613 5S ribosomal RNA
[22:33:49] Found 4 rRNAs
[22:33:49] Skipping ncRNA search, enable with --rfam if desired.
[22:33:49] Total of 50 tRNA + rRNA features
[22:33:49] Searching for CRISPR repeats
[22:33:49] CRISPR1 gnl|Prokka|JJOFAEME_18 112871 with 6 spacers
[22:33:49] Found 1 CRISPRs
[22:33:49] Predicting coding sequences
[22:33:49] Contigs total 3812858 bp, so using single mode
[22:33:49] Running: prodigal -i genome_annotation\/\/J2\.fna -c -m -g 11 -p single -f sco -q
[22:33:52] Excluding CDS which overlaps existing RNA (tRNA) at gnl|Prokka|JJOFAEME_1:289241..289336 on + strand
[22:33:55] Found 3571 CDS
[22:33:55] Connecting features back to sequences
[22:33:55] Using custom Enterococcus database for annotation
[22:33:55] Annotating CDS, please be patient.
[22:33:55] Will use 4 CPUs for similarity searching.
[22:33:56] There are still 3571 unannotated CDS left (started with 3571)
[22:33:56] Will use blast to search against /home/icaro/Documentos/WGCA/.snakemake/conda/349eb0fd/db/genus/Enterococcus with 4 CPUs
[22:33:56] Running: cat genome_annotation\/\/Enterococcus\.faa | parallel --gnu --plain -j 4 --block 140573 --recstart '>' --pipe blastp -query - -db /home/icaro/Documentos/WGCA/.snakemake/conda/349eb0fd/db/genus/Enterococcus -evalue 1e-09 -qcov_hsp_perc 80 -num_threads 1 -num_descriptions 1 -num_alignments 1 -seg no > genome_annotation\/\/Enterococcus\.blast 2> /dev/null
[22:34:16] Modify product: site-specific tyrosine recombinase XerC-family => site-specific tyrosine recombinase XerC-family protein
[22:34:16] Modify product: putative RNA-binding protein containing a PIN domain => putative RNA-binding protein containing a PIN domain protein
[22:34:17] Modify product: site-specific tyrosine recombinase XerC-family => site-specific tyrosine recombinase XerC-family protein
[22:34:17] Modify product: radical SAM protein family => radical SAM protein family protein
[22:34:17] Modify product: Class II Aldolase and Adducin N-terminal domain protein => hypothetical protein
[22:34:17] Modify product: site-specific tyrosine recombinase XerC-family => site-specific tyrosine recombinase XerC-family protein
[22:34:17] Modify product: site-specific tyrosine recombinase XerC-family => site-specific tyrosine recombinase XerC-family protein
[22:34:18] Modify product: site-specific tyrosine recombinase XerC-family => site-specific tyrosine recombinase XerC-family protein
[22:34:18] Modify product: Sporulation Regulator WhiA N terminal => hypothetical protein
[22:34:18] Modify product: site-specific tyrosine recombinase XerD-family => site-specific tyrosine recombinase XerD-family protein
[22:34:18] Modify product: site-specific tyrosine recombinase XerC-family => site-specific tyrosine recombinase XerC-family protein
[22:34:18] Modify product: site-specific tyrosine recombinase XerC-family => site-specific tyrosine recombinase XerC-family protein
[22:34:18] Modify product: site-specific tyrosine recombinase XerC-family => site-specific tyrosine recombinase XerC-family protein
[22:34:18] Modify product: excisionase family DNA binding domain => excisionase family DNA binding domain protein
[22:34:18] Modify product: Transglutaminase-like superfamily => Transglutaminase-like superfamily protein
[22:34:19] Cleaned 15 /product names
[22:34:19] Deleting unwanted file: genome_annotation//Enterococcus.faa
[22:34:19] Deleting unwanted file: genome_annotation//Enterococcus.blast
[22:34:19] There are still 1590 unannotated CDS left (started with 3571)
[22:34:19] Will use blast to search against /home/icaro/Documentos/WGCA/.snakemake/conda/349eb0fd/db/kingdom/Bacteria/IS with 4 CPUs
[22:34:19] Running: cat genome_annotation\/\/IS\.faa | parallel --gnu --plain -j 4 --block 55034 --recstart '>' --pipe blastp -query - -db /home/icaro/Documentos/WGCA/.snakemake/conda/349eb0fd/db/kingdom/Bacteria/IS -evalue 1e-30 -qcov_hsp_perc 90 -num_threads 1 -num_descriptions 1 -num_alignments 1 -seg no > genome_annotation\/\/IS\.blast 2> /dev/null
[22:34:31] Deleting unwanted file: genome_annotation//IS.faa
[22:34:31] Deleting unwanted file: genome_annotation//IS.blast
[22:34:31] There are still 1589 unannotated CDS left (started with 3571)
[22:34:31] Will use blast to search against /home/icaro/Documentos/WGCA/.snakemake/conda/349eb0fd/db/kingdom/Bacteria/AMR with 4 CPUs
[22:34:31] Running: cat genome_annotation\/\/AMR\.faa | parallel --gnu --plain -j 4 --block 54967 --recstart '>' --pipe blastp -query - -db /home/icaro/Documentos/WGCA/.snakemake/conda/349eb0fd/db/kingdom/Bacteria/AMR -evalue 9.99999999999999e-301 -qcov_hsp_perc 90 -num_threads 1 -num_descriptions 1 -num_alignments 1 -seg no > genome_annotation\/\/AMR\.blast 2> /dev/null
[22:34:40] Deleting unwanted file: genome_annotation//AMR.faa
[22:34:40] Deleting unwanted file: genome_annotation//AMR.blast
[22:34:41] There are still 1588 unannotated CDS left (started with 3571)
[22:34:41] Will use blast to search against /home/icaro/Documentos/WGCA/.snakemake/conda/349eb0fd/db/kingdom/Bacteria/sprot with 4 CPUs
[22:34:41] Running: cat genome_annotation\/\/sprot\.faa | parallel --gnu --plain -j 4 --block 54879 --recstart '>' --pipe blastp -query - -db /home/icaro/Documentos/WGCA/.snakemake/conda/349eb0fd/db/kingdom/Bacteria/sprot -evalue 1e-09 -qcov_hsp_perc 80 -num_threads 1 -num_descriptions 1 -num_alignments 1 -seg no > genome_annotation\/\/sprot\.blast 2> /dev/null
[22:35:22] Modify product: Uncharacterized lipoprotein YehR => putative lipoprotein YehR
[22:35:22] Modify product: D-galactonate dehydratase family member EGBG_01401 => D-galactonate dehydratase family member
[22:35:22] Modify product: Deacetylase EF_0837 => Deacetylase
[22:35:22] Modify product: Uncharacterized protein YqbN => putative protein YqbN
[22:35:22] Modify product: UPF0340 protein YwlG => hypothetical protein
[22:35:22] Modify product: UPF0342 protein SA1663 => hypothetical protein
[22:35:22] Modify product: Uncharacterized HTH-type transcriptional regulator HI_0186 => putative HTH-type transcriptional regulator
[22:35:22] Modify product: Uncharacterized protein YesU => putative protein YesU
[22:35:22] Modify product: Uncharacterized protein YesV => putative protein YesV
[22:35:22] Modify product: UPF0297 protein EF_1202 => hypothetical protein
[22:35:22] Modify product: UPF0473 protein SP_0194 => hypothetical protein
[22:35:22] Modify product: Putative esterase HI_1161 => Putative esterase
[22:35:22] Modify product: Probable cyclic di-GMP phosphodiesterase PdeN => putative cyclic di-GMP phosphodiesterase PdeN
[22:35:22] Modify product: UPF0397 protein SP_0482 => hypothetical protein
[22:35:22] Modify product: UPF0309 protein BH3325 => hypothetical protein
[22:35:22] Modify product: Probable ABC transporter ATP-binding protein HI_0664 => putative ABC transporter ATP-binding protein
[22:35:22] Modify product: Uncharacterized MFS-type transporter YhjX => putative MFS-type transporter YhjX
[22:35:22] Modify product: Uncharacterized protein YueI => putative protein YueI
[22:35:22] Modify product: Probable ABC transporter phosphonate/phosphite binding protein PhnD2 => putative ABC transporter phosphonate/phosphite binding protein PhnD2
[22:35:22] Modify product: Uncharacterized protein Spy1535 => putative protein
[22:35:22] Modify product: UPF0154 protein SA1178 => hypothetical protein
[22:35:22] Modify product: Probable FMN/FAD exporter YeeO => putative FMN/FAD exporter YeeO
[22:35:22] Modify product: UPF0374 protein SP_1903 => hypothetical protein
[22:35:22] Modify product: Uncharacterized protein YkuJ => putative protein YkuJ
[22:35:22] Modify product: Probable transcriptional regulatory protein SA0624 => putative transcriptional regulatory protein
[22:35:22] Modify product: Uncharacterized methyltransferase YrrT => putative methyltransferase YrrT
[22:35:22] Modify product: UPF0358 protein EF_2458 => hypothetical protein
[22:35:23] Modify product: UPF0398 protein YpsA => hypothetical protein
[22:35:23] Modify product: UPF0291 protein SP_1473 => hypothetical protein
[22:35:23] Modify product: UPF0302 protein BA_1542/GBAA_1542/BAS1430 => hypothetical protein
[22:35:23] Modify product: Uncharacterized protein YqgQ => putative protein YqgQ
[22:35:23] Modify product: UPF0346 protein SP_0947 => hypothetical protein
[22:35:23] Modify product: UPF0316 protein SA1727 => hypothetical protein
[22:35:23] Modify product: Nucleoid-associated protein Cthe_2143 => Nucleoid-associated protein
[22:35:23] Modify product: Uncharacterized protein YaaQ => putative protein YaaQ
[22:35:23] Modify product: UPF0637 protein YktB => hypothetical protein
[22:35:23] Modify product: UPF0223 protein BH2638 => hypothetical protein
[22:35:23] Modify product: Uncharacterized protein PA2218 => putative protein
[22:35:23] Modify product: Putative acetyltransferase SA2342 => Putative acetyltransferase
[22:35:23] Modify product: Uncharacterized membrane protein YuaF => putative membrane protein YuaF
[22:35:23] Modify product: UPF0237 protein SP_0238 => hypothetical protein
[22:35:23] Modify product: UPF0210 protein SP_0239 => hypothetical protein
[22:35:23] Modify product: Uncharacterized HTH-type transcriptional regulator YtcD => putative HTH-type transcriptional regulator YtcD
[22:35:23] Modify product: Multifunctional alkaline phosphatase superfamily protein pRL90232 => Multifunctional alkaline phosphatase superfamily protein
[22:35:23] Modify product: UPF0701 protein HI_0467 => hypothetical protein
[22:35:23] Modify product: Uncharacterized protein YbdM => putative protein YbdM
[22:35:23] Modify product: Uncharacterized N-acetyltransferase YycN => putative N-acetyltransferase YycN
[22:35:23] Modify product: Uncharacterized HTH-type transcriptional regulator HI_0186 => putative HTH-type transcriptional regulator
[22:35:23] Modify product: UPF0356 protein M6_Spy1605 => hypothetical protein
[22:35:23] Modify product: UPF0098 protein Rv2140c => hypothetical protein
[22:35:23] Modify product: Uncharacterized N-acetyltransferase YjaB => putative N-acetyltransferase YjaB
[22:35:23] Modify product: Probable ABC transporter phosphonate/phosphite binding protein PhnD2 => putative ABC transporter phosphonate/phosphite binding protein PhnD2
[22:35:23] Cleaned 52 /product names
[22:35:23] Deleting unwanted file: genome_annotation//sprot.faa
[22:35:23] Deleting unwanted file: genome_annotation//sprot.blast
[22:35:23] There are still 1280 unannotated CDS left (started with 3571)
[22:35:23] Will use hmmer3 to search against /home/icaro/Documentos/WGCA/.snakemake/conda/349eb0fd/db/hmm/HAMAP.hmm with 4 CPUs
[22:35:23] Running: cat genome_annotation\/\/HAMAP\.hmm\.faa | parallel --gnu --plain -j 4 --block 41624 --recstart '>' --pipe hmmscan --noali --notextw --acc -E 1e-09 --cpu 1 /home/icaro/Documentos/WGCA/.snakemake/conda/349eb0fd/db/hmm/HAMAP.hmm /dev/stdin > genome_annotation\/\/HAMAP\.hmm\.hmmer3 2> /dev/null
[22:35:44] Deleting unwanted file: genome_annotation//HAMAP.hmm.faa
[22:35:44] Deleting unwanted file: genome_annotation//HAMAP.hmm.hmmer3
[22:35:44] Labelling remaining 1217 proteins as 'hypothetical protein'
[22:35:44] Possible /pseudo 'ABC transporter permease' at gnl|Prokka|JJOFAEME_1 position 45283
[22:35:44] Possible /pseudo 'ABC transporter permease' at gnl|Prokka|JJOFAEME_1 position 56455
[22:35:44] Possible /pseudo 'PTS system, fructose-specific IIBC component' at gnl|Prokka|JJOFAEME_1 position 211429
[22:35:44] Possible /pseudo 'translation-associated GTPase' at gnl|Prokka|JJOFAEME_3 position 13746
[22:35:44] Possible /pseudo 'ABC transporter permease' at gnl|Prokka|JJOFAEME_3 position 87766
[22:35:44] Possible /pseudo 'Flagellar basal-body rod protein FlgG' at gnl|Prokka|JJOFAEME_3 position 160787
[22:35:44] Possible /pseudo 'ABC transporter ATP-binding protein/permease' at gnl|Prokka|JJOFAEME_3 position 183436
[22:35:44] Possible /pseudo 'glyoxalase family protein' at gnl|Prokka|JJOFAEME_3 position 242180
[22:35:44] Possible /pseudo 'ABC transporter permease' at gnl|Prokka|JJOFAEME_3 position 278331
[22:35:44] Possible /pseudo 'purine nucleoside phosphorylase' at gnl|Prokka|JJOFAEME_3 position 281500
[22:35:44] Possible /pseudo 'peptide ABC transporter ATP-binding protein' at gnl|Prokka|JJOFAEME_3 position 325790
[22:35:44] Possible /pseudo 'ABC transporter permease' at gnl|Prokka|JJOFAEME_3 position 327706
[22:35:44] Possible /pseudo 'ABC transporter permease' at gnl|Prokka|JJOFAEME_3 position 370151
[22:35:44] Possible /pseudo 'ABC transporter ATP-binding protein/permease' at gnl|Prokka|JJOFAEME_3 position 421887
[22:35:44] Possible /pseudo 'ABC transporter permease' at gnl|Prokka|JJOFAEME_3 position 430697
[22:35:44] Possible /pseudo 'helix-turn-helix domain-containing protein' at gnl|Prokka|JJOFAEME_3 position 541664
[22:35:44] Possible /pseudo 'ABC transporter permease' at gnl|Prokka|JJOFAEME_6 position 135322
[22:35:44] Possible /pseudo '6-phospho-beta-glucosidase' at gnl|Prokka|JJOFAEME_6 position 170671
[22:35:44] Possible /pseudo 'YycH protein' at gnl|Prokka|JJOFAEME_6 position 202567
[22:35:44] Possible /pseudo 'DNA-3-methyladenine glycosylase' at gnl|Prokka|JJOFAEME_7 position 52272
[22:35:44] Possible /pseudo 'ABC transporter ATP-binding protein/permease' at gnl|Prokka|JJOFAEME_7 position 63986
[22:35:44] Possible /pseudo 'ABC transporter ATP-binding protein' at gnl|Prokka|JJOFAEME_7 position 162685
[22:35:44] Possible /pseudo 'ABC transporter ATP-binding protein' at gnl|Prokka|JJOFAEME_7 position 174319
[22:35:44] Possible /pseudo 'ABC transporter permease' at gnl|Prokka|JJOFAEME_7 position 199224
[22:35:44] Possible /pseudo 'ABC transporter permease' at gnl|Prokka|JJOFAEME_7 position 271817
[22:35:44] Possible /pseudo 'hydantoinase/oxoprolinase' at gnl|Prokka|JJOFAEME_7 position 322516
[22:35:44] Possible /pseudo 'ABC transporter permease' at gnl|Prokka|JJOFAEME_7 position 351580
[22:35:44] Possible /pseudo 'ABC transporter permease' at gnl|Prokka|JJOFAEME_7 position 368290
[22:35:44] Possible /pseudo 'ABC transporter ATP-binding protein' at gnl|Prokka|JJOFAEME_7 position 402802
[22:35:44] Possible /pseudo 'putative permease' at gnl|Prokka|JJOFAEME_7 position 505519
[22:35:44] Possible /pseudo 'IS1476 , transposase' at gnl|Prokka|JJOFAEME_7 position 508111
[22:35:44] Possible /pseudo 'Phosphate-import permease protein PhnE' at gnl|Prokka|JJOFAEME_8 position 68252
[22:35:44] Possible /pseudo 'phosphate ABC transporter ATP-binding protein' at gnl|Prokka|JJOFAEME_8 position 91933
[22:35:44] Possible /pseudo 'glycosyl transferase family protein' at gnl|Prokka|JJOFAEME_8 position 196011
[22:35:44] Possible /pseudo 'glycosyl transferase, MGT family' at gnl|Prokka|JJOFAEME_8 position 434810
[22:35:44] Possible /pseudo 'ABC transporter permease' at gnl|Prokka|JJOFAEME_8 position 546188
[22:35:44] Possible /pseudo 'FtsW/RodA/SpoVE family cell cycle protein' at gnl|Prokka|JJOFAEME_8 position 586987
[22:35:44] Possible /pseudo 'iron ABC transporter system permease' at gnl|Prokka|JJOFAEME_8 position 597921
[22:35:44] Possible /pseudo 'ribosomal-protein-alanine acetyltransferase' at gnl|Prokka|JJOFAEME_10 position 78729
[22:35:44] Possible /pseudo 'Glycosyltransferase Gtf1' at gnl|Prokka|JJOFAEME_10 position 133936
[22:35:44] Possible /pseudo 'ABC-2 family transporter protein' at gnl|Prokka|JJOFAEME_10 position 262540
[22:35:44] Possible /pseudo 'ABC transporter permease' at gnl|Prokka|JJOFAEME_10 position 379600
[22:35:44] Possible /pseudo 'ABC transporter permease' at gnl|Prokka|JJOFAEME_10 position 402466
[22:35:44] Possible /pseudo 'Alpha/beta hydrolase family protein' at gnl|Prokka|JJOFAEME_10 position 407214
[22:35:44] Possible /pseudo 'penicillin binding protein transpeptidase domain protein' at gnl|Prokka|JJOFAEME_10 position 442187
[22:35:44] Possible /pseudo 'ABC transporter ATP-binding protein/permease' at gnl|Prokka|JJOFAEME_11 position 34159
[22:35:44] Possible /pseudo 'ABC transporter permease' at gnl|Prokka|JJOFAEME_17 position 86740
[22:35:44] Possible /pseudo 'YibE/F-like protein' at gnl|Prokka|JJOFAEME_17 position 98988
[22:35:44] Possible /pseudo 'ABC transporter permease' at gnl|Prokka|JJOFAEME_17 position 104272
[22:35:44] Possible /pseudo 'ABC transporter ATP-binding protein' at gnl|Prokka|JJOFAEME_17 position 127085
[22:35:44] Possible /pseudo 'ABC transporter permease' at gnl|Prokka|JJOFAEME_17 position 162981
[22:35:44] Possible /pseudo 'ABC transporter ATP-binding protein/permease' at gnl|Prokka|JJOFAEME_17 position 168585
[22:35:44] Possible /pseudo 'peptidase, U32 family' at gnl|Prokka|JJOFAEME_18 position 44221
[22:35:44] Possible /pseudo 'fructose-1,6-bisphosphate aldolase' at gnl|Prokka|JJOFAEME_18 position 68298
[22:35:44] Possible /pseudo 'ABC transporter permease' at gnl|Prokka|JJOFAEME_18 position 106418
[22:35:44] Possible /pseudo 'transketolase' at gnl|Prokka|JJOFAEME_19 position 31026
[22:35:44] Possible /pseudo 'ABC transporter ATP-binding protein' at gnl|Prokka|JJOFAEME_20 position 12976
[22:35:44] Found 727 unique /gene codes.
[22:35:44] Fixed 2 duplicate /gene - hisK_1 hisK_2
[22:35:44] Fixed 4 duplicate /gene - tkt_1 tkt_2 tkt_3 tkt_4
[22:35:44] Fixed 2 duplicate /gene - proS_1 proS_2
[22:35:44] Fixed 3 duplicate /gene - cpdA_1 cpdA_2 cpdA_3
[22:35:44] Fixed 2 duplicate /gene - xre_1 xre_2
[22:35:44] Fixed 2 duplicate /gene - atpD_1 atpD_2
[22:35:44] Fixed 2 duplicate /gene - ebgA_1 ebgA_2
[22:35:44] Fixed 2 duplicate /gene - fhuC_1 fhuC_2
[22:35:44] Fixed 2 duplicate /gene - carA_1 carA_2
[22:35:44] Fixed 2 duplicate /gene - oppD_1 oppD_2
[22:35:44] Fixed 3 duplicate /gene - flgG_1 flgG_2 flgG_3
[22:35:44] Fixed 2 duplicate /gene - yeiL_1 yeiL_2
[22:35:44] Fixed 2 duplicate /gene - yybA_1 yybA_2
[22:35:44] Fixed 2 duplicate /gene - uxuA_1 uxuA_2
[22:35:44] Fixed 2 duplicate /gene - psiE_1 psiE_2
[22:35:44] Fixed 8 duplicate /gene - yteP_1 yteP_2 yteP_3 yteP_4 yteP_5 yteP_6 yteP_7 yteP_8
[22:35:44] Fixed 2 duplicate /gene - pepT_1 pepT_2
[22:35:44] Fixed 2 duplicate /gene - ccpA_1 ccpA_2
[22:35:44] Fixed 2 duplicate /gene - phnD2_1 phnD2_2
[22:35:44] Fixed 2 duplicate /gene - yycJ_1 yycJ_2
[22:35:44] Fixed 2 duplicate /gene - vanT_1 vanT_2
[22:35:44] Fixed 2 duplicate /gene - yuaG_1 yuaG_2
[22:35:44] Fixed 2 duplicate /gene - pucR_1 pucR_2
[22:35:44] Fixed 2 duplicate /gene - fhuB_1 fhuB_2
[22:35:44] Fixed 2 duplicate /gene - ntpA_1 ntpA_2
[22:35:44] Fixed 2 duplicate /gene - hcxA_1 hcxA_2
[22:35:44] Fixed 2 duplicate /gene - ntpK_1 ntpK_2
[22:35:44] Fixed 2 duplicate /gene - tuf_1 tuf_2
[22:35:44] Fixed 2 duplicate /gene - ntpI_1 ntpI_2
[22:35:44] Fixed 3 duplicate /gene - metQ_1 metQ_2 metQ_3
[22:35:44] Fixed 3 duplicate /gene - cbiO_1 cbiO_2 cbiO_3
[22:35:44] Fixed 5 duplicate /gene - gtf1_1 gtf1_2 gtf1_3 gtf1_4 gtf1_5
[22:35:44] Fixed 2 duplicate /gene - cheB_1 cheB_2
[22:35:44] Fixed 4 duplicate /gene - rhaR_1 rhaR_2 rhaR_3 rhaR_4
[22:35:44] Fixed 2 duplicate /gene - msmK_1 msmK_2
[22:35:44] Fixed 2 duplicate /gene - vanR_1 vanR_2
[22:35:44] Fixed 4 duplicate /gene - metN2_1 metN2_2 metN2_3 metN2_4
[22:35:44] Fixed 3 duplicate /gene - phnE_1 phnE_2 phnE_3
[22:35:44] Fixed 2 duplicate /gene - secA_1 secA_2
[22:35:44] Fixed 2 duplicate /gene - murR_1 murR_2
[22:35:44] Fixed 2 duplicate /gene - ntpG_1 ntpG_2
[22:35:44] Fixed 2 duplicate /gene - arcA_1 arcA_2
[22:35:44] Fixed 2 duplicate /gene - spxA_1 spxA_2
[22:35:44] Fixed 4 duplicate /gene - artM_1 artM_2 artM_3 artM_4
[22:35:44] Fixed 2 duplicate /gene - gltB_1 gltB_2
[22:35:44] Fixed 2 duplicate /gene - ntpD_1 ntpD_2
[22:35:44] Fixed 2 duplicate /gene - secY_1 secY_2
[22:35:44] Fixed 3 duplicate /gene - metB_1 metB_2 metB_3
[22:35:44] Fixed 3 duplicate /gene - uvrA_1 uvrA_2 uvrA_3
[22:35:44] Fixed 4 duplicate /gene - btuD_1 btuD_2 btuD_3 btuD_4
[22:35:44] Fixed 2 duplicate /gene - allD_1 allD_2
[22:35:44] Fixed 2 duplicate /gene - ntpC_1 ntpC_2
[22:35:44] Fixed 2 duplicate /gene - pdhB_1 pdhB_2
[22:35:44] Fixed 4 duplicate /gene - sasA_1 sasA_2 sasA_3 sasA_4
[22:35:44] Fixed 9 duplicate /gene - xerC_1 xerC_2 xerC_3 xerC_4 xerC_5 xerC_6 xerC_7 xerC_8 xerC_9
[22:35:44] Fixed 2 duplicate /gene - pepV_1 pepV_2
[22:35:44] Fixed 2 duplicate /gene - nagB_1 nagB_2
[22:35:44] Fixed 2 duplicate /gene - mgtE_1 mgtE_2
[22:35:44] Fixed 2 duplicate /gene - sagG_1 sagG_2
[22:35:44] Fixed 3 duplicate /gene - arcC_1 arcC_2 arcC_3
[22:35:44] Fixed 2 duplicate /gene - bga_1 bga_2
[22:35:44] Fixed 3 duplicate /gene - ftsE_1 ftsE_2 ftsE_3
[22:35:44] Fixed 2 duplicate /gene - guaB_1 guaB_2
[22:35:44] Fixed 2 duplicate /gene - ybjI_1 ybjI_2
[22:35:44] Fixed 8 duplicate /gene - ytcP_1 ytcP_2 ytcP_3 ytcP_4 ytcP_5 ytcP_6 ytcP_7 ytcP_8
[22:35:44] Fixed 2 duplicate /gene - ecfT_1 ecfT_2
[22:35:44] Fixed 2 duplicate /gene - mcpC_1 mcpC_2
[22:35:44] Fixed 2 duplicate /gene - rpoD_1 rpoD_2
[22:35:44] Fixed 3 duplicate /gene - rssB_1 rssB_2 rssB_3
[22:35:44] Fixed 4 duplicate /gene - lacG_1 lacG_2 lacG_3 lacG_4
[22:35:44] Fixed 2 duplicate /gene - clpX_1 clpX_2
[22:35:44] Fixed 2 duplicate /gene - lytR_1 lytR_2
[22:35:44] Fixed 2 duplicate /gene - rsgA_1 rsgA_2
[22:35:44] Fixed 2 duplicate /gene - mnaA_1 mnaA_2
[22:35:44] Fixed 2 duplicate /gene - pgdA_1 pgdA_2
[22:35:44] Fixed 2 duplicate /gene - ganA_1 ganA_2
[22:35:44] Fixed 9 duplicate /gene - rhaS_1 rhaS_2 rhaS_3 rhaS_4 rhaS_5 rhaS_6 rhaS_7 rhaS_8 rhaS_9
[22:35:44] Fixed 2 duplicate /gene - gatB_1 gatB_2
[22:35:44] Fixed 2 duplicate /gene - arcB_1 arcB_2
[22:35:44] Fixed 2 duplicate /gene - glpK_1 glpK_2
[22:35:44] Fixed 2 duplicate /gene - lexA_1 lexA_2
[22:35:44] Fixed 2 duplicate /gene - mdxG_1 mdxG_2
[22:35:44] Fixed 2 duplicate /gene - recF_1 recF_2
[22:35:44] Fixed 83 colliding /gene names.
[22:35:44] Adding /locus_tag identifiers
[22:35:44] Assigned 3622 locus_tags to CDS and RNA features.
[22:35:44] Writing outputs to genome_annotation//
[22:35:47] Generating annotation statistics file
[22:35:47] Generating Genbank and Sequin files
[22:35:47] Running: tbl2asn -V b -a r10k -l paired-ends -M n -N 1 -y 'Annotated using prokka 1.14.0 from https://github.com/tseemann/prokka' -Z genome_annotation\/\/J2\.err -i genome_annotation\/\/J2\.fsa 2> /dev/null
[22:35:55] Deleting unwanted file: genome_annotation//errorsummary.val
[22:35:55] Deleting unwanted file: genome_annotation//J2.dr
[22:35:55] Deleting unwanted file: genome_annotation//J2.fixedproducts
[22:35:55] Deleting unwanted file: genome_annotation//J2.ecn
[22:35:55] Deleting unwanted file: genome_annotation//J2.val
[22:35:55] Repairing broken .GBK output that tbl2asn produces...
[22:35:55] Running: sed 's/COORDINATES: profile/COORDINATES:profile/' < genome_annotation\/\/J2\.gbf > genome_annotation\/\/J2\.gbk
[22:35:55] Deleting unwanted file: genome_annotation//J2.gbf
[22:35:55] Output files:
[22:35:55] genome_annotation/J2.sqn
[22:35:55] genome_annotation/J2.gff
[22:35:55] genome_annotation/J2.ffn
[22:35:55] genome_annotation/J2.fna
[22:35:55] genome_annotation/J2.tsv
[22:35:55] genome_annotation/J2.gbk
[22:35:55] genome_annotation/J2.faa
[22:35:55] genome_annotation/J2.fsa
[22:35:55] genome_annotation/J2.tbl
[22:35:55] genome_annotation/J2.err
[22:35:55] genome_annotation/J2.txt
[22:35:55] genome_annotation/J2.log
[22:35:55] Annotation finished successfully.
[22:35:55] Walltime used: 2.17 minutes
[22:35:55] If you use this result please cite the Prokka paper:
[22:35:55] Seemann T (2014) Prokka: rapid prokaryotic genome annotation. Bioinformatics. 30(14):2068-9.
[22:35:55] Type 'prokka --citation' for more details.
[22:35:55] Thank you, come again.
