[00:24:10] This is prokka 1.14.0
[00:24:10] Written by Torsten Seemann <torsten.seemann@gmail.com>
[00:24:10] Homepage is https://github.com/tseemann/prokka
[00:24:10] Local time is Fri Sep  6 00:24:10 2019
[00:24:10] You are icaro
[00:24:10] Operating system is linux
[00:24:10] You have BioPerl 1.007002
[00:24:10] System has 4 cores.
[00:24:10] Option --cpu asked for 8 cores, but system only has 4
[00:24:10] Will use maximum of 4 cores.
[00:24:10] Annotating as >>> Bacteria <<<
[00:24:10] Generating locus_tag from 'data/samples/MP1-4.fasta' contents.
[00:24:10] Setting --locustag IDLHMKFH from MD5 2d5164f172dab2e2c60501c38a6a738f
[00:24:10] Enabling options to ensure Genbank/ENA/DDJB submission compliance.
[00:24:10] Re-using existing --outdir genome_annotation/
[00:24:10] Using filename prefix: MP1-4.XXX
[00:24:10] Setting HMMER_NCPU=1
[00:24:10] Writing log to: genome_annotation//MP1-4.log
[00:24:10] Command: /home/icaro/Documentos/WGCA/.snakemake/conda/349eb0fd/bin/prokka --force --outdir genome_annotation/ --usegenus --Genus Enterococcus --compliant --prefix MP1-4 data/samples/MP1-4.fasta
[00:24:10] Appending to PATH: /home/icaro/Documentos/WGCA/.snakemake/conda/349eb0fd/bin
[00:24:10] Looking for 'aragorn' - found /home/icaro/Documentos/WGCA/.snakemake/conda/349eb0fd/bin/aragorn
[00:24:10] Determined aragorn version is 1.2
[00:24:10] Looking for 'barrnap' - found /home/icaro/Documentos/WGCA/.snakemake/conda/349eb0fd/bin/barrnap
[00:24:10] Determined barrnap version is 0.9
[00:24:10] Looking for 'blastp' - found /home/icaro/Documentos/WGCA/.snakemake/conda/349eb0fd/bin/blastp
[00:24:10] Determined blastp version is 2.9
[00:24:10] Looking for 'cmpress' - found /home/icaro/Documentos/WGCA/.snakemake/conda/349eb0fd/bin/cmpress
[00:24:10] Determined cmpress version is 1.1
[00:24:10] Looking for 'cmscan' - found /home/icaro/Documentos/WGCA/.snakemake/conda/349eb0fd/bin/cmscan
[00:24:10] Determined cmscan version is 1.1
[00:24:10] Looking for 'egrep' - found /bin/egrep
[00:24:10] Looking for 'find' - found /usr/bin/find
[00:24:10] Looking for 'grep' - found /bin/grep
[00:24:10] Looking for 'hmmpress' - found /home/icaro/Documentos/WGCA/.snakemake/conda/349eb0fd/bin/hmmpress
[00:24:10] Determined hmmpress version is 3.2
[00:24:10] Looking for 'hmmscan' - found /home/icaro/Documentos/WGCA/.snakemake/conda/349eb0fd/bin/hmmscan
[00:24:10] Determined hmmscan version is 3.2
[00:24:10] Looking for 'java' - found /home/icaro/Documentos/WGCA/.snakemake/conda/349eb0fd/bin/java
[00:24:10] Looking for 'less' - found /usr/bin/less
[00:24:10] Looking for 'makeblastdb' - found /home/icaro/Documentos/WGCA/.snakemake/conda/349eb0fd/bin/makeblastdb
[00:24:10] Determined makeblastdb version is 2.9
[00:24:10] Looking for 'minced' - found /home/icaro/Documentos/WGCA/.snakemake/conda/349eb0fd/bin/minced
[00:24:10] Determined minced version is 4.2
[00:24:10] Looking for 'parallel' - found /home/icaro/Documentos/WGCA/.snakemake/conda/349eb0fd/bin/parallel
[00:24:10] Determined parallel version is 20190722
[00:24:10] Looking for 'prodigal' - found /home/icaro/Documentos/WGCA/.snakemake/conda/349eb0fd/bin/prodigal
[00:24:10] Determined prodigal version is 2.6
[00:24:10] Looking for 'prokka-genbank_to_fasta_db' - found /home/icaro/Documentos/WGCA/.snakemake/conda/349eb0fd/bin/prokka-genbank_to_fasta_db
[00:24:10] Looking for 'sed' - found /bin/sed
[00:24:10] Looking for 'tbl2asn' - found /home/icaro/Documentos/WGCA/.snakemake/conda/349eb0fd/bin/tbl2asn
[00:24:10] Determined tbl2asn version is 25.7
[00:24:10] Using genetic code table 11.
[00:24:10] Loading and checking input file: data/samples/MP1-4.fasta
[00:24:10] Wrote 22 contigs totalling 2624579 bp.
[00:24:10] Predicting tRNAs and tmRNAs
[00:24:10] Running: aragorn -l -gc11  -w genome_annotation\/\/MP1\-4\.fna
[00:24:11] 1 tRNA-Asn [86,161] 36 (gtt)
[00:24:11] 2 tRNA-Thr c[1205,1277] 34 (ggt)
[00:24:11] 3 tRNA-Asn [1484,1559] 36 (gtt)
[00:24:11] 4 tRNA-Gly [75420,75490] 33 (ccc)
[00:24:11] 5 tRNA-Arg c[136203,136277] 35 (ccg)
[00:24:11] 6 tRNA-Tyr [168091,168171] 35 (gta)
[00:24:11] 7 tRNA-Gln [168177,168250] 34 (ttg)
[00:24:11] 1 tRNA-Pro [30,103] 35 (tgg)
[00:24:11] 2 tRNA-Ala [123,195] 34 (tgc)
[00:24:11] 3 tRNA-Met [223,298] 36 (cat)
[00:24:11] 4 tRNA-Met [311,386] 36 (cat)
[00:24:11] 5 tRNA-Ser [410,499] 37 (tga)
[00:24:11] 6 tRNA-Met [544,619] 36 (cat)
[00:24:11] 7 tRNA-Asp [666,742] 35 (gtc)
[00:24:11] 8 tRNA-Gly [744,814] 33 (tcc)
[00:24:11] 9 tRNA-Ile [828,903] 36 (gat)
[00:24:11] 10 tRNA-Ser [926,1015] 36 (gct)
[00:24:11] 11 tRNA-Glu [1030,1103] 35 (ttc)
[00:24:11] 12 tRNA-Ser [1121,1210] 37 (tga)
[00:24:11] 13 tRNA-Met [1256,1331] 36 (cat)
[00:24:11] 14 tRNA-Asp [1373,1448] 36 (gtc)
[00:24:11] 15 tRNA-Phe [1450,1524] 35 (gaa)
[00:24:11] 16 tRNA-Gly [1528,1598] 33 (tcc)
[00:24:11] 17 tRNA-Ile [1613,1688] 36 (gat)
[00:24:11] 18 tRNA-Glu [1699,1772] 35 (ttc)
[00:24:11] 1 tRNA-SeC [44962,45055] 36 (tca)
[00:24:11] 2 tRNA-Gln [218539,218613] 35 (ctg)
[00:24:11] 1 tRNA-Arg c[155514,155589] 36 (acg)
[00:24:11] 2 tRNA-Pro c[155647,155722] 36 (tgg)
[00:24:11] 3 tRNA-Arg c[155739,155814] 36 (acg)
[00:24:11] 1 tRNA-Lys c[107248,107322] 35 (ctt)
[00:24:11] 2 tRNA-Thr [180207,180279] 34 (cgt)
[00:24:11] 1 tRNA-Leu c[1206,1288] 34 (gag)
[00:24:11] 1 tRNA-Arg [174518,174593] 36 (tct)
[00:24:11] 2 tRNA-Arg [231072,231147] 36 (cct)
[00:24:11] 1 tmRNA c[59778,60142] 92,130 AKNENNSYALAA*
[00:24:11] 2 tRNA-Met [91548,91620] 35 (cat)
[00:24:11] 3 tRNA-Met [94122,94196] 35 (cat)
[00:24:11] 4 tRNA-Ser [108419,108506] 33 (cga)
[00:24:11] 5 tRNA-Met [306425,306500] 36 (cat)
[00:24:11] 1 tRNA-Leu c[178014,178098] 35 (caa)
[00:24:11] 2 tRNA-Gln c[178106,178179] 34 (ttg)
[00:24:11] 3 tRNA-His c[178187,178260] 34 (gtg)
[00:24:11] 4 tRNA-Leu c[178321,178407] 36 (caa)
[00:24:11] 5 tRNA-Cys c[178428,178498] 33 (gca)
[00:24:11] 6 tRNA-Gln c[178535,178608] 34 (ttg)
[00:24:11] 7 tRNA-His c[178616,178689] 34 (gtg)
[00:24:11] 8 tRNA-Trp c[178692,178765] 33 (cca)
[00:24:11] 9 tRNA-Tyr c[178771,178853] 36 (gta)
[00:24:11] 10 tRNA-Phe c[178854,178929] 34 (gaa)
[00:24:11] 11 tRNA-Asp c[178961,179036] 35 (gtc)
[00:24:11] 12 tRNA-Val c[179044,179118] 35 (tac)
[00:24:11] 13 tRNA-Glu c[179130,179203] 35 (ttc)
[00:24:11] 14 tRNA-Ser c[179214,179304] 36 (gga)
[00:24:11] 15 tRNA-Asn c[179343,179418] 36 (gtt)
[00:24:11] Found 55 tRNAs
[00:24:11] Predicting Ribosomal RNAs
[00:24:11] Running Barrnap with 4 threads
[00:24:13] 1 gnl|Prokka|IDLHMKFH_13 179487 5S ribosomal RNA
[00:24:13] 2 gnl|Prokka|IDLHMKFH_17 236 16S ribosomal RNA
[00:24:13] 3 gnl|Prokka|IDLHMKFH_17 1977 23S ribosomal RNA
[00:24:13] 4 gnl|Prokka|IDLHMKFH_17 4984 5S ribosomal RNA
[00:24:13] 5 gnl|Prokka|IDLHMKFH_9 210855 5S ribosomal RNA
[00:24:13] Found 5 rRNAs
[00:24:13] Skipping ncRNA search, enable with --rfam if desired.
[00:24:13] Total of 59 tRNA + rRNA features
[00:24:13] Searching for CRISPR repeats
[00:24:13] Found 0 CRISPRs
[00:24:13] Predicting coding sequences
[00:24:13] Contigs total 2624579 bp, so using single mode
[00:24:13] Running: prodigal -i genome_annotation\/\/MP1\-4\.fna -c -m -g 11 -p single -f sco -q
[00:24:16] Found 2406 CDS
[00:24:16] Connecting features back to sequences
[00:24:16] Using custom Enterococcus database for annotation
[00:24:16] Annotating CDS, please be patient.
[00:24:16] Will use 4 CPUs for similarity searching.
[00:24:17] There are still 2406 unannotated CDS left (started with 2406)
[00:24:17] Will use blast to search against /home/icaro/Documentos/WGCA/.snakemake/conda/349eb0fd/db/genus/Enterococcus with 4 CPUs
[00:24:17] Running: cat genome_annotation\/\/Enterococcus\.faa | parallel --gnu --plain -j 4 --block 93366 --recstart '>' --pipe blastp -query - -db /home/icaro/Documentos/WGCA/.snakemake/conda/349eb0fd/db/genus/Enterococcus -evalue 1e-09 -qcov_hsp_perc 80 -num_threads 1 -num_descriptions 1 -num_alignments 1 -seg no > genome_annotation\/\/Enterococcus\.blast 2> /dev/null
[00:24:31] Modify product: site-specific tyrosine recombinase XerC-family => site-specific tyrosine recombinase XerC-family protein
[00:24:31] Modify product: radical SAM protein family => radical SAM protein family protein
[00:24:32] Modify product: putative RNA-binding protein containing a PIN domain => putative RNA-binding protein containing a PIN domain protein
[00:24:32] Modify product: transcriptional regulator Spx-family => transcriptional regulator Spx-family protein
[00:24:32] Modify product: site-specific tyrosine recombinase XerC-family => site-specific tyrosine recombinase XerC-family protein
[00:24:32] Modify product: site-specific tyrosine recombinase XerD-family => site-specific tyrosine recombinase XerD-family protein
[00:24:32] Modify product: site-specific tyrosine recombinase XerC-family => site-specific tyrosine recombinase XerC-family protein
[00:24:32] Modify product: excisionase family DNA binding domain => excisionase family DNA binding domain protein
[00:24:32] Modify product: Sporulation Regulator WhiA N terminal => hypothetical protein
[00:24:33] Modify product: site-specific tyrosine recombinase XerC-family => site-specific tyrosine recombinase XerC-family protein
[00:24:33] Modify product: site-specific tyrosine recombinase XerC-family => site-specific tyrosine recombinase XerC-family protein
[00:24:33] Cleaned 11 /product names
[00:24:33] Deleting unwanted file: genome_annotation//Enterococcus.faa
[00:24:33] Deleting unwanted file: genome_annotation//Enterococcus.blast
[00:24:33] There are still 730 unannotated CDS left (started with 2406)
[00:24:33] Will use blast to search against /home/icaro/Documentos/WGCA/.snakemake/conda/349eb0fd/db/kingdom/Bacteria/IS with 4 CPUs
[00:24:33] Running: cat genome_annotation\/\/IS\.faa | parallel --gnu --plain -j 4 --block 22800 --recstart '>' --pipe blastp -query - -db /home/icaro/Documentos/WGCA/.snakemake/conda/349eb0fd/db/kingdom/Bacteria/IS -evalue 1e-30 -qcov_hsp_perc 90 -num_threads 1 -num_descriptions 1 -num_alignments 1 -seg no > genome_annotation\/\/IS\.blast 2> /dev/null
[00:24:38] Deleting unwanted file: genome_annotation//IS.faa
[00:24:38] Deleting unwanted file: genome_annotation//IS.blast
[00:24:38] There are still 729 unannotated CDS left (started with 2406)
[00:24:38] Will use blast to search against /home/icaro/Documentos/WGCA/.snakemake/conda/349eb0fd/db/kingdom/Bacteria/AMR with 4 CPUs
[00:24:38] Running: cat genome_annotation\/\/AMR\.faa | parallel --gnu --plain -j 4 --block 22783 --recstart '>' --pipe blastp -query - -db /home/icaro/Documentos/WGCA/.snakemake/conda/349eb0fd/db/kingdom/Bacteria/AMR -evalue 9.99999999999999e-301 -qcov_hsp_perc 90 -num_threads 1 -num_descriptions 1 -num_alignments 1 -seg no > genome_annotation\/\/AMR\.blast 2> /dev/null
[00:24:42] Deleting unwanted file: genome_annotation//AMR.faa
[00:24:42] Deleting unwanted file: genome_annotation//AMR.blast
[00:24:42] There are still 729 unannotated CDS left (started with 2406)
[00:24:42] Will use blast to search against /home/icaro/Documentos/WGCA/.snakemake/conda/349eb0fd/db/kingdom/Bacteria/sprot with 4 CPUs
[00:24:42] Running: cat genome_annotation\/\/sprot\.faa | parallel --gnu --plain -j 4 --block 22783 --recstart '>' --pipe blastp -query - -db /home/icaro/Documentos/WGCA/.snakemake/conda/349eb0fd/db/kingdom/Bacteria/sprot -evalue 1e-09 -qcov_hsp_perc 80 -num_threads 1 -num_descriptions 1 -num_alignments 1 -seg no > genome_annotation\/\/sprot\.blast 2> /dev/null
[00:24:59] Modify product: UPF0340 protein YwlG => hypothetical protein
[00:24:59] Modify product: UPF0398 protein YpsA => hypothetical protein
[00:24:59] Modify product: UPF0291 protein SP_1473 => hypothetical protein
[00:24:59] Modify product: Putative trans-acting regulator SP_1800 => Putative trans-acting regulator
[00:24:59] Modify product: UPF0701 protein HI_0467 => hypothetical protein
[00:24:59] Modify product: Uncharacterized protein YueI => putative protein YueI
[00:24:59] Modify product: Uncharacterized protein YmcA => putative protein YmcA
[00:24:59] Modify product: UPF0145 protein YbjQ => hypothetical protein
[00:24:59] Modify product: UPF0374 protein SP_1903 => hypothetical protein
[00:24:59] Modify product: Uncharacterized protein YkuJ => putative protein YkuJ
[00:24:59] Modify product: Probable transcriptional regulatory protein YeeN => putative transcriptional regulatory protein YeeN
[00:24:59] Modify product: UPF0356 protein M6_Spy1605 => hypothetical protein
[00:24:59] Modify product: UPF0309 protein BH3325 => hypothetical protein
[00:24:59] Modify product: Nucleoid-associated protein Cthe_2143 => Nucleoid-associated protein
[00:24:59] Modify product: Uncharacterized protein YaaQ => putative protein YaaQ
[00:24:59] Modify product: UPF0297 protein EF_1202 => hypothetical protein
[00:24:59] Modify product: UPF0473 protein SP_0194 => hypothetical protein
[00:24:59] Modify product: UPF0154 protein SA1178 => hypothetical protein
[00:24:59] Modify product: Uncharacterized membrane protein YuaF => putative membrane protein YuaF
[00:24:59] Modify product: UPF0223 protein BH2638 => hypothetical protein
[00:24:59] Modify product: UPF0358 protein EF_2458 => hypothetical protein
[00:24:59] Modify product: Probable glutamate/gamma-aminobutyrate antiporter => putative glutamate/gamma-aminobutyrate antiporter
[00:24:59] Modify product: Probable formate transporter 1 => putative formate transporter 1
[00:24:59] Modify product: Deacetylase EF_0837 => Deacetylase
[00:24:59] Modify product: Uncharacterized protein YqgQ => putative protein YqgQ
[00:24:59] Modify product: Uncharacterized HTH-type transcriptional regulator YtcD => putative HTH-type transcriptional regulator YtcD
[00:24:59] Modify product: Putative trans-acting regulator SP_1800 => Putative trans-acting regulator
[00:24:59] Modify product: Putative trans-acting regulator SP_1800 => Putative trans-acting regulator
[00:24:59] Modify product: UPF0346 protein YozE => hypothetical protein
[00:24:59] Modify product: UPF0302 protein BA_1542/GBAA_1542/BAS1430 => hypothetical protein
[00:24:59] Modify product: UPF0342 protein SA1663 => hypothetical protein
[00:24:59] Modify product: Uncharacterized protein Spy1535 => putative protein
[00:24:59] Modify product: Uncharacterized transmembrane protein YxlG => putative transmembrane protein YxlG
[00:24:59] Cleaned 33 /product names
[00:24:59] Deleting unwanted file: genome_annotation//sprot.faa
[00:24:59] Deleting unwanted file: genome_annotation//sprot.blast
[00:24:59] There are still 623 unannotated CDS left (started with 2406)
[00:24:59] Will use hmmer3 to search against /home/icaro/Documentos/WGCA/.snakemake/conda/349eb0fd/db/hmm/HAMAP.hmm with 4 CPUs
[00:24:59] Running: cat genome_annotation\/\/HAMAP\.hmm\.faa | parallel --gnu --plain -j 4 --block 19212 --recstart '>' --pipe hmmscan --noali --notextw --acc -E 1e-09 --cpu 1 /home/icaro/Documentos/WGCA/.snakemake/conda/349eb0fd/db/hmm/HAMAP.hmm /dev/stdin > genome_annotation\/\/HAMAP\.hmm\.hmmer3 2> /dev/null
[00:25:09] Deleting unwanted file: genome_annotation//HAMAP.hmm.faa
[00:25:09] Deleting unwanted file: genome_annotation//HAMAP.hmm.hmmer3
[00:25:09] Labelling remaining 602 proteins as 'hypothetical protein'
[00:25:09] Possible /pseudo 'peptide ABC transporter ATP-binding protein' at gnl|Prokka|IDLHMKFH_1 position 1245
[00:25:09] Possible /pseudo 'ABC transporter permease' at gnl|Prokka|IDLHMKFH_1 position 3179
[00:25:09] Possible /pseudo 'iron ABC transporter system permease' at gnl|Prokka|IDLHMKFH_1 position 21577
[00:25:09] Possible /pseudo 'glycosyl transferase family protein' at gnl|Prokka|IDLHMKFH_2 position 32132
[00:25:09] Possible /pseudo 'ABC transporter ATP-binding protein/permease' at gnl|Prokka|IDLHMKFH_3 position 28509
[00:25:09] Possible /pseudo 'phosphate ABC transporter ATP-binding protein' at gnl|Prokka|IDLHMKFH_3 position 185747
[00:25:09] Possible /pseudo 'copper-translocating P-type ATPase' at gnl|Prokka|IDLHMKFH_3 position 273187
[00:25:09] Possible /pseudo 'ABC transporter ATP-binding protein' at gnl|Prokka|IDLHMKFH_4 position 9291
[00:25:09] Possible /pseudo 'LPXTG-motif protein cell wall anchor domain protein' at gnl|Prokka|IDLHMKFH_4 position 17441
[00:25:09] Possible /pseudo 'ABC transporter permease' at gnl|Prokka|IDLHMKFH_4 position 56615
[00:25:09] Possible /pseudo 'membrane protein' at gnl|Prokka|IDLHMKFH_4 position 78643
[00:25:09] Possible /pseudo 'amino acid permease' at gnl|Prokka|IDLHMKFH_4 position 84758
[00:25:09] Possible /pseudo 'ABC transporter permease' at gnl|Prokka|IDLHMKFH_5 position 36912
[00:25:09] Possible /pseudo 'ABC transporter permease' at gnl|Prokka|IDLHMKFH_5 position 195061
[00:25:09] Possible /pseudo 'translation-associated GTPase' at gnl|Prokka|IDLHMKFH_6 position 8341
[00:25:09] Possible /pseudo 'ABC transporter permease' at gnl|Prokka|IDLHMKFH_6 position 64899
[00:25:09] Possible /pseudo 'purine nucleoside phosphorylase' at gnl|Prokka|IDLHMKFH_6 position 68172
[00:25:09] Possible /pseudo 'fructose-1,6-bisphosphate aldolase' at gnl|Prokka|IDLHMKFH_6 position 83841
[00:25:09] Possible /pseudo 'peptidase, U32 family' at gnl|Prokka|IDLHMKFH_7 position 151311
[00:25:09] Possible /pseudo 'LPXTG-motif protein cell wall anchor domain protein' at gnl|Prokka|IDLHMKFH_8 position 11247
[00:25:09] Possible /pseudo 'YycH protein' at gnl|Prokka|IDLHMKFH_8 position 115472
[00:25:09] Possible /pseudo 'ABC transporter ATP-binding protein/permease' at gnl|Prokka|IDLHMKFH_8 position 140499
[00:25:09] Possible /pseudo 'chitin binding protein' at gnl|Prokka|IDLHMKFH_9 position 37895
[00:25:09] Possible /pseudo 'SIS domain-containing protein' at gnl|Prokka|IDLHMKFH_9 position 39724
[00:25:09] Possible /pseudo 'ABC transporter ATP-binding protein/permease' at gnl|Prokka|IDLHMKFH_9 position 48246
[00:25:09] Possible /pseudo 'ABC transporter ATP-binding protein' at gnl|Prokka|IDLHMKFH_9 position 75544
[00:25:09] Possible /pseudo 'DNA-3-methyladenine glycosylase' at gnl|Prokka|IDLHMKFH_9 position 185805
[00:25:09] Possible /pseudo 'ornithine carbamoyltransferase' at gnl|Prokka|IDLHMKFH_11 position 17985
[00:25:09] Possible /pseudo 'Vitamin B12 import ATP-binding protein BtuD' at gnl|Prokka|IDLHMKFH_11 position 24468
[00:25:09] Possible /pseudo 'glycosyl transferase family protein' at gnl|Prokka|IDLHMKFH_11 position 238480
[00:25:09] Possible /pseudo 'glycosyl transferase family protein' at gnl|Prokka|IDLHMKFH_11 position 239318
[00:25:09] Possible /pseudo 'ribosomal-protein-alanine acetyltransferase' at gnl|Prokka|IDLHMKFH_12 position 131646
[00:25:09] Possible /pseudo 'ROK family protein' at gnl|Prokka|IDLHMKFH_12 position 300959
[00:25:09] Possible /pseudo 'glycosyl transferase family protein' at gnl|Prokka|IDLHMKFH_12 position 309310
[00:25:09] Possible /pseudo 'Putative trans-acting regulator' at gnl|Prokka|IDLHMKFH_13 position 5218
[00:25:09] Possible /pseudo 'ABC transporter permease' at gnl|Prokka|IDLHMKFH_13 position 24970
[00:25:09] Possible /pseudo 'SMR family multidrug resistance protein' at gnl|Prokka|IDLHMKFH_13 position 70152
[00:25:09] Possible /pseudo '6-phospho-beta-glucosidase' at gnl|Prokka|IDLHMKFH_16 position 11640
[00:25:09] Possible /pseudo 'Integrase core domain protein' at gnl|Prokka|IDLHMKFH_18 position 18886
[00:25:09] Found 547 unique /gene codes.
[00:25:09] Fixed 2 duplicate /gene - rmlB_1 rmlB_2
[00:25:09] Fixed 5 duplicate /gene - xerC_1 xerC_2 xerC_3 xerC_4 xerC_5
[00:25:09] Fixed 2 duplicate /gene - pepV_1 pepV_2
[00:25:09] Fixed 2 duplicate /gene - msrA_1 msrA_2
[00:25:09] Fixed 2 duplicate /gene - dfrD_1 dfrD_2
[00:25:09] Fixed 2 duplicate /gene - arcC_1 arcC_2
[00:25:09] Fixed 2 duplicate /gene - artM_1 artM_2
[00:25:09] Fixed 2 duplicate /gene - metB_1 metB_2
[00:25:09] Fixed 2 duplicate /gene - clpX_1 clpX_2
[00:25:09] Fixed 2 duplicate /gene - msmK_1 msmK_2
[00:25:09] Fixed 2 duplicate /gene - lacD2_1 lacD2_2
[00:25:09] Fixed 2 duplicate /gene - cbiO_1 cbiO_2
[00:25:09] Fixed 2 duplicate /gene - metN2_1 metN2_2
[00:25:09] Fixed 2 duplicate /gene - tuf_1 tuf_2
[00:25:09] Fixed 2 duplicate /gene - pglF_1 pglF_2
[00:25:09] Fixed 3 duplicate /gene - arcB_1 arcB_2 arcB_3
[00:25:09] Fixed 3 duplicate /gene - btuD_1 btuD_2 btuD_3
[00:25:09] Fixed 2 duplicate /gene - nox_1 nox_2
[00:25:09] Fixed 3 duplicate /gene - lacG_1 lacG_2 lacG_3
[00:25:09] Fixed 2 duplicate /gene - arnC_1 arnC_2
[00:25:09] Fixed 3 duplicate /gene - lgt_1 lgt_2 lgt_3
[00:25:09] Fixed 2 duplicate /gene - metQ_1 metQ_2
[00:25:09] Fixed 22 colliding /gene names.
[00:25:09] Adding /locus_tag identifiers
[00:25:09] Assigned 2466 locus_tags to CDS and RNA features.
[00:25:09] Writing outputs to genome_annotation//
[00:25:10] Generating annotation statistics file
[00:25:10] Generating Genbank and Sequin files
[00:25:10] Running: tbl2asn -V b -a r10k -l paired-ends -M n -N 1 -y 'Annotated using prokka 1.14.0 from https://github.com/tseemann/prokka' -Z genome_annotation\/\/MP1\-4\.err -i genome_annotation\/\/MP1\-4\.fsa 2> /dev/null
[00:25:16] Deleting unwanted file: genome_annotation//errorsummary.val
[00:25:16] Deleting unwanted file: genome_annotation//MP1-4.dr
[00:25:16] Deleting unwanted file: genome_annotation//MP1-4.fixedproducts
[00:25:16] Deleting unwanted file: genome_annotation//MP1-4.ecn
[00:25:16] Deleting unwanted file: genome_annotation//MP1-4.val
[00:25:16] Repairing broken .GBK output that tbl2asn produces...
[00:25:16] Running: sed 's/COORDINATES: profile/COORDINATES:profile/' < genome_annotation\/\/MP1\-4\.gbf > genome_annotation\/\/MP1\-4\.gbk
[00:25:16] Deleting unwanted file: genome_annotation//MP1-4.gbf
[00:25:16] Output files:
[00:25:16] genome_annotation/MP1-4.txt
[00:25:16] genome_annotation/MP1-4.tbl
[00:25:16] genome_annotation/MP1-4.sqn
[00:25:16] genome_annotation/MP1-4.fsa
[00:25:16] genome_annotation/MP1-4.gff
[00:25:16] genome_annotation/MP1-4.tsv
[00:25:16] genome_annotation/MP1-4.log
[00:25:16] genome_annotation/MP1-4.fna
[00:25:16] genome_annotation/MP1-4.err
[00:25:16] genome_annotation/MP1-4.gbk
[00:25:16] genome_annotation/MP1-4.faa
[00:25:16] genome_annotation/MP1-4.ffn
[00:25:16] Annotation finished successfully.
[00:25:16] Walltime used: 1.10 minutes
[00:25:16] If you use this result please cite the Prokka paper:
[00:25:16] Seemann T (2014) Prokka: rapid prokaryotic genome annotation. Bioinformatics. 30(14):2068-9.
[00:25:16] Type 'prokka --citation' for more details.
[00:25:16] Thank you, come again.
