[23:55:37] This is prokka 1.14.0
[23:55:37] Written by Torsten Seemann <torsten.seemann@gmail.com>
[23:55:37] Homepage is https://github.com/tseemann/prokka
[23:55:37] Local time is Thu Sep  5 23:55:37 2019
[23:55:37] You are icaro
[23:55:37] Operating system is linux
[23:55:37] You have BioPerl 1.007002
[23:55:37] System has 4 cores.
[23:55:37] Option --cpu asked for 8 cores, but system only has 4
[23:55:37] Will use maximum of 4 cores.
[23:55:37] Annotating as >>> Bacteria <<<
[23:55:37] Generating locus_tag from 'data/samples/MP1-5.fasta' contents.
[23:55:37] Setting --locustag HMECLBPC from MD5 16ec5b9cfc101baaf119eb0459b96ccb
[23:55:37] Enabling options to ensure Genbank/ENA/DDJB submission compliance.
[23:55:37] Re-using existing --outdir genome_annotation/
[23:55:37] Using filename prefix: MP1-5.XXX
[23:55:37] Setting HMMER_NCPU=1
[23:55:37] Writing log to: genome_annotation//MP1-5.log
[23:55:37] Command: /home/icaro/Documentos/WGCA/.snakemake/conda/349eb0fd/bin/prokka --force --outdir genome_annotation/ --usegenus --Genus Enterococcus --compliant --prefix MP1-5 data/samples/MP1-5.fasta
[23:55:37] Appending to PATH: /home/icaro/Documentos/WGCA/.snakemake/conda/349eb0fd/bin
[23:55:37] Looking for 'aragorn' - found /home/icaro/Documentos/WGCA/.snakemake/conda/349eb0fd/bin/aragorn
[23:55:37] Determined aragorn version is 1.2
[23:55:37] Looking for 'barrnap' - found /home/icaro/Documentos/WGCA/.snakemake/conda/349eb0fd/bin/barrnap
[23:55:37] Determined barrnap version is 0.9
[23:55:37] Looking for 'blastp' - found /home/icaro/Documentos/WGCA/.snakemake/conda/349eb0fd/bin/blastp
[23:55:37] Determined blastp version is 2.9
[23:55:37] Looking for 'cmpress' - found /home/icaro/Documentos/WGCA/.snakemake/conda/349eb0fd/bin/cmpress
[23:55:37] Determined cmpress version is 1.1
[23:55:37] Looking for 'cmscan' - found /home/icaro/Documentos/WGCA/.snakemake/conda/349eb0fd/bin/cmscan
[23:55:37] Determined cmscan version is 1.1
[23:55:37] Looking for 'egrep' - found /bin/egrep
[23:55:37] Looking for 'find' - found /usr/bin/find
[23:55:37] Looking for 'grep' - found /bin/grep
[23:55:37] Looking for 'hmmpress' - found /home/icaro/Documentos/WGCA/.snakemake/conda/349eb0fd/bin/hmmpress
[23:55:37] Determined hmmpress version is 3.2
[23:55:37] Looking for 'hmmscan' - found /home/icaro/Documentos/WGCA/.snakemake/conda/349eb0fd/bin/hmmscan
[23:55:37] Determined hmmscan version is 3.2
[23:55:37] Looking for 'java' - found /home/icaro/Documentos/WGCA/.snakemake/conda/349eb0fd/bin/java
[23:55:37] Looking for 'less' - found /usr/bin/less
[23:55:37] Looking for 'makeblastdb' - found /home/icaro/Documentos/WGCA/.snakemake/conda/349eb0fd/bin/makeblastdb
[23:55:37] Determined makeblastdb version is 2.9
[23:55:37] Looking for 'minced' - found /home/icaro/Documentos/WGCA/.snakemake/conda/349eb0fd/bin/minced
[23:55:37] Determined minced version is 4.2
[23:55:37] Looking for 'parallel' - found /home/icaro/Documentos/WGCA/.snakemake/conda/349eb0fd/bin/parallel
[23:55:37] Determined parallel version is 20190722
[23:55:37] Looking for 'prodigal' - found /home/icaro/Documentos/WGCA/.snakemake/conda/349eb0fd/bin/prodigal
[23:55:37] Determined prodigal version is 2.6
[23:55:37] Looking for 'prokka-genbank_to_fasta_db' - found /home/icaro/Documentos/WGCA/.snakemake/conda/349eb0fd/bin/prokka-genbank_to_fasta_db
[23:55:37] Looking for 'sed' - found /bin/sed
[23:55:37] Looking for 'tbl2asn' - found /home/icaro/Documentos/WGCA/.snakemake/conda/349eb0fd/bin/tbl2asn
[23:55:37] Determined tbl2asn version is 25.7
[23:55:37] Using genetic code table 11.
[23:55:37] Loading and checking input file: data/samples/MP1-5.fasta
[23:55:38] Wrote 17 contigs totalling 2899806 bp.
[23:55:38] Predicting tRNAs and tmRNAs
[23:55:38] Running: aragorn -l -gc11  -w genome_annotation\/\/MP1\-5\.fna
[23:55:39] 1 tRNA-Gln c[55666,55739] 34 (ttg)
[23:55:39] 2 tRNA-Tyr c[55745,55825] 35 (gta)
[23:55:39] 3 tRNA-Arg [87621,87695] 35 (ccg)
[23:55:39] 4 tRNA-Gly c[165488,165558] 33 (ccc)
[23:55:39] 5 tRNA-Asn c[239642,239717] 36 (gtt)
[23:55:39] 6 tRNA-Thr [239923,239995] 34 (ggt)
[23:55:39] 7 tRNA-Asn c[241038,241113] 36 (gtt)
[23:55:39] 1 tmRNA c[39822,40186] 92,130 AKNENNSYALAA*
[23:55:39] 2 tRNA-Ser [66760,66847] 33 (cga)
[23:55:39] 3 tRNA-Met [337190,337265] 36 (cat)
[23:55:39] 4 tRNA-SeC [418875,418968] 36 (tca)
[23:55:39] 5 tRNA-Gln [609133,609207] 35 (ctg)
[23:55:39] 6 tRNA-Leu [712679,712761] 34 (gag)
[23:55:39] 1 tRNA-Pro [30,103] 35 (tgg)
[23:55:39] 2 tRNA-Ala [123,195] 34 (tgc)
[23:55:39] 3 tRNA-Met [223,298] 36 (cat)
[23:55:39] 4 tRNA-Met [311,386] 36 (cat)
[23:55:39] 5 tRNA-Ser [410,499] 37 (tga)
[23:55:39] 6 tRNA-Met [545,620] 36 (cat)
[23:55:39] 7 tRNA-Asp [666,742] 35 (gtc)
[23:55:39] 8 tRNA-Gly [744,814] 33 (tcc)
[23:55:39] 9 tRNA-Ile [828,903] 36 (gat)
[23:55:39] 10 tRNA-Ser [926,1015] 36 (gct)
[23:55:39] 11 tRNA-Glu [1030,1103] 35 (ttc)
[23:55:39] 12 tRNA-Ser [1121,1210] 37 (tga)
[23:55:39] 13 tRNA-Met [1256,1331] 36 (cat)
[23:55:39] 14 tRNA-Asp [1373,1448] 36 (gtc)
[23:55:39] 15 tRNA-Phe [1450,1524] 35 (gaa)
[23:55:39] 16 tRNA-Gly [1528,1598] 33 (tcc)
[23:55:39] 17 tRNA-Ile [1613,1688] 36 (gat)
[23:55:39] 18 tRNA-Glu [1699,1772] 35 (ttc)
[23:55:39] 1 tRNA-Lys c[62882,62956] 35 (ctt)
[23:55:39] 2 tRNA-Thr [155234,155306] 34 (cgt)
[23:55:39] 3 tRNA-Arg [349429,349504] 36 (tct)
[23:55:39] 4 tRNA-Arg [408391,408466] 36 (cct)
[23:55:39] 1 tRNA-Leu c[15527,15611] 35 (caa)
[23:55:39] 2 tRNA-Gln c[15620,15693] 34 (ttg)
[23:55:39] 3 tRNA-His c[15701,15774] 34 (gtg)
[23:55:39] 4 tRNA-Leu c[15835,15921] 36 (caa)
[23:55:39] 5 tRNA-Cys c[15942,16012] 33 (gca)
[23:55:39] 6 tRNA-Gln c[16049,16122] 34 (ttg)
[23:55:39] 7 tRNA-His c[16130,16203] 34 (gtg)
[23:55:39] 8 tRNA-Trp c[16206,16279] 33 (cca)
[23:55:39] 9 tRNA-Tyr c[16285,16367] 36 (gta)
[23:55:39] 10 tRNA-Phe c[16368,16443] 34 (gaa)
[23:55:39] 11 tRNA-Asp c[16475,16550] 35 (gtc)
[23:55:39] 12 tRNA-Val c[16558,16632] 35 (tac)
[23:55:39] 13 tRNA-Glu c[16644,16717] 35 (ttc)
[23:55:39] 14 tRNA-Ser c[16728,16818] 36 (gga)
[23:55:39] 15 tRNA-Asn c[16857,16932] 36 (gtt)
[23:55:39] 1 tRNA-Pro [38,113] 36 (tgg)
[23:55:39] 2 tRNA-Arg [171,246] 36 (acg)
[23:55:39] Found 52 tRNAs
[23:55:39] Predicting Ribosomal RNAs
[23:55:39] Running Barrnap with 4 threads
[23:55:40] 1 gnl|Prokka|HMECLBPC_13 132 23S ribosomal RNA
[23:55:40] 2 gnl|Prokka|HMECLBPC_13 3225 16S ribosomal RNA
[23:55:40] 3 gnl|Prokka|HMECLBPC_2 241181 5S ribosomal RNA
[23:55:40] Found 3 rRNAs
[23:55:40] Skipping ncRNA search, enable with --rfam if desired.
[23:55:40] Total of 54 tRNA + rRNA features
[23:55:40] Searching for CRISPR repeats
[23:55:41] CRISPR1 gnl|Prokka|HMECLBPC_5 72460 with 6 spacers
[23:55:41] Found 1 CRISPRs
[23:55:41] Predicting coding sequences
[23:55:41] Contigs total 2899806 bp, so using single mode
[23:55:41] Running: prodigal -i genome_annotation\/\/MP1\-5\.fna -c -m -g 11 -p single -f sco -q
[23:55:44] Excluding CDS which overlaps existing RNA (tRNA) at gnl|Prokka|HMECLBPC_12:15968..16285 on + strand
[23:55:44] Excluding CDS which overlaps existing RNA (rRNA) at gnl|Prokka|HMECLBPC_13:391..729 on - strand
[23:55:44] Found 2515 CDS
[23:55:44] Connecting features back to sequences
[23:55:44] Using custom Enterococcus database for annotation
[23:55:44] Annotating CDS, please be patient.
[23:55:44] Will use 4 CPUs for similarity searching.
[23:55:45] There are still 2515 unannotated CDS left (started with 2515)
[23:55:45] Will use blast to search against /home/icaro/Documentos/WGCA/.snakemake/conda/349eb0fd/db/genus/Enterococcus with 4 CPUs
[23:55:45] Running: cat genome_annotation\/\/Enterococcus\.faa | parallel --gnu --plain -j 4 --block 103023 --recstart '>' --pipe blastp -query - -db /home/icaro/Documentos/WGCA/.snakemake/conda/349eb0fd/db/genus/Enterococcus -evalue 1e-09 -qcov_hsp_perc 80 -num_threads 1 -num_descriptions 1 -num_alignments 1 -seg no > genome_annotation\/\/Enterococcus\.blast 2> /dev/null
[23:56:02] Modify product: site-specific tyrosine recombinase XerC-family => site-specific tyrosine recombinase XerC-family protein
[23:56:02] Modify product: transcriptional regulator Spx-family => transcriptional regulator Spx-family protein
[23:56:02] Modify product: excisionase family DNA binding domain => excisionase family DNA binding domain protein
[23:56:02] Modify product: Sporulation Regulator WhiA N terminal => hypothetical protein
[23:56:03] Modify product: site-specific tyrosine recombinase XerC-family => site-specific tyrosine recombinase XerC-family protein
[23:56:03] Modify product: site-specific tyrosine recombinase XerD-family => site-specific tyrosine recombinase XerD-family protein
[23:56:03] Modify product: radical SAM protein family => radical SAM protein family protein
[23:56:04] Modify product: putative RNA-binding protein containing a PIN domain => putative RNA-binding protein containing a PIN domain protein
[23:56:04] Cleaned 8 /product names
[23:56:04] Deleting unwanted file: genome_annotation//Enterococcus.faa
[23:56:04] Deleting unwanted file: genome_annotation//Enterococcus.blast
[23:56:04] There are still 840 unannotated CDS left (started with 2515)
[23:56:04] Will use blast to search against /home/icaro/Documentos/WGCA/.snakemake/conda/349eb0fd/db/kingdom/Bacteria/IS with 4 CPUs
[23:56:04] Running: cat genome_annotation\/\/IS\.faa | parallel --gnu --plain -j 4 --block 31244 --recstart '>' --pipe blastp -query - -db /home/icaro/Documentos/WGCA/.snakemake/conda/349eb0fd/db/kingdom/Bacteria/IS -evalue 1e-30 -qcov_hsp_perc 90 -num_threads 1 -num_descriptions 1 -num_alignments 1 -seg no > genome_annotation\/\/IS\.blast 2> /dev/null
[23:56:11] Deleting unwanted file: genome_annotation//IS.faa
[23:56:11] Deleting unwanted file: genome_annotation//IS.blast
[23:56:11] There are still 840 unannotated CDS left (started with 2515)
[23:56:11] Will use blast to search against /home/icaro/Documentos/WGCA/.snakemake/conda/349eb0fd/db/kingdom/Bacteria/AMR with 4 CPUs
[23:56:11] Running: cat genome_annotation\/\/AMR\.faa | parallel --gnu --plain -j 4 --block 31244 --recstart '>' --pipe blastp -query - -db /home/icaro/Documentos/WGCA/.snakemake/conda/349eb0fd/db/kingdom/Bacteria/AMR -evalue 9.99999999999999e-301 -qcov_hsp_perc 90 -num_threads 1 -num_descriptions 1 -num_alignments 1 -seg no > genome_annotation\/\/AMR\.blast 2> /dev/null
[23:56:16] Deleting unwanted file: genome_annotation//AMR.faa
[23:56:16] Deleting unwanted file: genome_annotation//AMR.blast
[23:56:16] There are still 840 unannotated CDS left (started with 2515)
[23:56:16] Will use blast to search against /home/icaro/Documentos/WGCA/.snakemake/conda/349eb0fd/db/kingdom/Bacteria/sprot with 4 CPUs
[23:56:16] Running: cat genome_annotation\/\/sprot\.faa | parallel --gnu --plain -j 4 --block 31244 --recstart '>' --pipe blastp -query - -db /home/icaro/Documentos/WGCA/.snakemake/conda/349eb0fd/db/kingdom/Bacteria/sprot -evalue 1e-09 -qcov_hsp_perc 80 -num_threads 1 -num_descriptions 1 -num_alignments 1 -seg no > genome_annotation\/\/sprot\.blast 2> /dev/null
[23:56:40] Modify product: Uncharacterized protein YqgQ => putative protein YqgQ
[23:56:40] Modify product: Uncharacterized HTH-type transcriptional regulator YtcD => putative HTH-type transcriptional regulator YtcD
[23:56:40] Modify product: Putative esterase HI_1161 => Putative esterase
[23:56:40] Modify product: UPF0340 protein YwlG => hypothetical protein
[23:56:40] Modify product: UPF0398 protein YpsA => hypothetical protein
[23:56:40] Modify product: UPF0291 protein SP_1473 => hypothetical protein
[23:56:40] Modify product: UPF0358 protein EF_2458 => hypothetical protein
[23:56:40] Modify product: UPF0223 protein BH2638 => hypothetical protein
[23:56:40] Modify product: UPF0154 protein SA1178 => hypothetical protein
[23:56:40] Modify product: UPF0473 protein SP_0194 => hypothetical protein
[23:56:40] Modify product: UPF0297 protein EF_1202 => hypothetical protein
[23:56:40] Modify product: Uncharacterized protein YaaQ => putative protein YaaQ
[23:56:40] Modify product: Nucleoid-associated protein Cthe_2143 => Nucleoid-associated protein
[23:56:40] Modify product: UPF0356 protein M6_Spy1605 => hypothetical protein
[23:56:40] Modify product: Putative trans-acting regulator SP_1800 => Putative trans-acting regulator
[23:56:40] Modify product: Uncharacterized protein YueI => putative protein YueI
[23:56:40] Modify product: Uncharacterized protein YmcA => putative protein YmcA
[23:56:40] Modify product: Uncharacterized glycosyltransferase EpsJ => putative glycosyltransferase EpsJ
[23:56:40] Modify product: UPF0145 protein YbjQ => hypothetical protein
[23:56:40] Modify product: Uncharacterized membrane protein YuaF => putative membrane protein YuaF
[23:56:40] Modify product: Putative trans-acting regulator SP_1800 => Putative trans-acting regulator
[23:56:40] Modify product: Putative trans-acting regulator SP_1800 => Putative trans-acting regulator
[23:56:40] Modify product: UPF0346 protein YozE => hypothetical protein
[23:56:40] Modify product: UPF0302 protein BA_1542/GBAA_1542/BAS1430 => hypothetical protein
[23:56:40] Modify product: UPF0342 protein SA1663 => hypothetical protein
[23:56:40] Modify product: Probable glutamate/gamma-aminobutyrate antiporter => putative glutamate/gamma-aminobutyrate antiporter
[23:56:40] Modify product: UPF0701 protein HI_0467 => hypothetical protein
[23:56:40] Modify product: Uncharacterized transmembrane protein YxlG => putative transmembrane protein YxlG
[23:56:40] Modify product: Probable formate transporter 1 => putative formate transporter 1
[23:56:40] Modify product: Deacetylase EF_0837 => Deacetylase
[23:56:40] Modify product: Uncharacterized protein Spy1535 => putative protein
[23:56:40] Modify product: UPF0374 protein SP_1903 => hypothetical protein
[23:56:41] Modify product: Uncharacterized protein YkuJ => putative protein YkuJ
[23:56:41] Modify product: Probable transcriptional regulatory protein YeeN => putative transcriptional regulatory protein YeeN
[23:56:41] Cleaned 34 /product names
[23:56:41] Deleting unwanted file: genome_annotation//sprot.faa
[23:56:41] Deleting unwanted file: genome_annotation//sprot.blast
[23:56:41] There are still 711 unannotated CDS left (started with 2515)
[23:56:41] Will use hmmer3 to search against /home/icaro/Documentos/WGCA/.snakemake/conda/349eb0fd/db/hmm/HAMAP.hmm with 4 CPUs
[23:56:41] Running: cat genome_annotation\/\/HAMAP\.hmm\.faa | parallel --gnu --plain -j 4 --block 26435 --recstart '>' --pipe hmmscan --noali --notextw --acc -E 1e-09 --cpu 1 /home/icaro/Documentos/WGCA/.snakemake/conda/349eb0fd/db/hmm/HAMAP.hmm /dev/stdin > genome_annotation\/\/HAMAP\.hmm\.hmmer3 2> /dev/null
[23:56:53] Deleting unwanted file: genome_annotation//HAMAP.hmm.faa
[23:56:53] Deleting unwanted file: genome_annotation//HAMAP.hmm.hmmer3
[23:56:53] Labelling remaining 694 proteins as 'hypothetical protein'
[23:56:53] Possible /pseudo 'DNA-3-methyladenine glycosylase' at gnl|Prokka|HMECLBPC_1 position 28352
[23:56:53] Possible /pseudo 'ABC transporter ATP-binding protein' at gnl|Prokka|HMECLBPC_1 position 138755
[23:56:53] Possible /pseudo 'ABC transporter ATP-binding protein/permease' at gnl|Prokka|HMECLBPC_1 position 164889
[23:56:53] Possible /pseudo 'SIS domain-containing protein' at gnl|Prokka|HMECLBPC_1 position 173422
[23:56:53] Possible /pseudo 'chitin binding protein' at gnl|Prokka|HMECLBPC_1 position 175582
[23:56:53] Possible /pseudo 'phosphate ABC transporter ATP-binding protein' at gnl|Prokka|HMECLBPC_2 position 37422
[23:56:53] Possible /pseudo 'ABC transporter ATP-binding protein/permease' at gnl|Prokka|HMECLBPC_2 position 156840
[23:56:53] Possible /pseudo 'ABC transporter ATP-binding protein/permease' at gnl|Prokka|HMECLBPC_2 position 212665
[23:56:53] Possible /pseudo 'translation-associated GTPase' at gnl|Prokka|HMECLBPC_3 position 9526
[23:56:53] Possible /pseudo 'ABC transporter permease' at gnl|Prokka|HMECLBPC_3 position 70756
[23:56:53] Possible /pseudo 'purine nucleoside phosphorylase' at gnl|Prokka|HMECLBPC_3 position 74029
[23:56:53] Possible /pseudo 'fructose-1,6-bisphosphate aldolase' at gnl|Prokka|HMECLBPC_3 position 89699
[23:56:53] Possible /pseudo 'peptide ABC transporter ATP-binding protein' at gnl|Prokka|HMECLBPC_3 position 128021
[23:56:53] Possible /pseudo 'ABC transporter permease' at gnl|Prokka|HMECLBPC_3 position 129955
[23:56:53] Possible /pseudo 'iron ABC transporter system permease' at gnl|Prokka|HMECLBPC_3 position 148325
[23:56:53] Possible /pseudo 'ribosomal-protein-alanine acetyltransferase' at gnl|Prokka|HMECLBPC_4 position 90048
[23:56:53] Possible /pseudo 'CobQ/CobB/MinD/ParA nucleotide binding protein' at gnl|Prokka|HMECLBPC_4 position 95642
[23:56:53] Possible /pseudo 'ABC transporter permease' at gnl|Prokka|HMECLBPC_4 position 149918
[23:56:53] Possible /pseudo 'ABC transporter ATP-binding protein' at gnl|Prokka|HMECLBPC_4 position 246261
[23:56:53] Possible /pseudo 'ABC transporter permease' at gnl|Prokka|HMECLBPC_4 position 261230
[23:56:53] Possible /pseudo 'glycosyl transferase family protein' at gnl|Prokka|HMECLBPC_4 position 340075
[23:56:53] Possible /pseudo 'ABC transporter permease' at gnl|Prokka|HMECLBPC_4 position 399852
[23:56:53] Possible /pseudo 'D-proline reductase subunit gamma' at gnl|Prokka|HMECLBPC_4 position 407595
[23:56:53] Possible /pseudo 'D-proline reductase proprotein PrdA' at gnl|Prokka|HMECLBPC_4 position 408618
[23:56:53] Possible /pseudo 'ABC transporter permease' at gnl|Prokka|HMECLBPC_4 position 585656
[23:56:53] Possible /pseudo 'Putative trans-acting regulator' at gnl|Prokka|HMECLBPC_4 position 719800
[23:56:53] Possible /pseudo 'ABC transporter permease' at gnl|Prokka|HMECLBPC_4 position 739552
[23:56:53] Possible /pseudo 'lipoyltransferase and lipoate-protein ligase A' at gnl|Prokka|HMECLBPC_4 position 774587
[23:56:53] Possible /pseudo 'SMR family multidrug resistance protein' at gnl|Prokka|HMECLBPC_4 position 784732
[23:56:53] Possible /pseudo 'ABC transporter ATP-binding protein' at gnl|Prokka|HMECLBPC_5 position 9289
[23:56:53] Possible /pseudo 'LPXTG-motif protein cell wall anchor domain protein' at gnl|Prokka|HMECLBPC_5 position 17447
[23:56:53] Possible /pseudo 'ABC transporter permease' at gnl|Prokka|HMECLBPC_5 position 45922
[23:56:53] Possible /pseudo 'membrane protein' at gnl|Prokka|HMECLBPC_5 position 73588
[23:56:53] Possible /pseudo 'amino acid permease' at gnl|Prokka|HMECLBPC_5 position 79703
[23:56:53] Possible /pseudo 'YycH protein' at gnl|Prokka|HMECLBPC_6 position 71244
[23:56:53] Possible /pseudo 'ABC transporter ATP-binding protein/permease' at gnl|Prokka|HMECLBPC_6 position 115145
[23:56:53] Possible /pseudo 'Vitamin B12 import ATP-binding protein BtuD' at gnl|Prokka|HMECLBPC_6 position 208084
[23:56:53] Possible /pseudo 'permease' at gnl|Prokka|HMECLBPC_6 position 324564
[23:56:53] Possible /pseudo 'glycosyl transferase family protein' at gnl|Prokka|HMECLBPC_6 position 415799
[23:56:53] Possible /pseudo 'glycosyl transferase family protein' at gnl|Prokka|HMECLBPC_6 position 416637
[23:56:53] Possible /pseudo 'glycosyl transferase family protein' at gnl|Prokka|HMECLBPC_7 position 32357
[23:56:53] Possible /pseudo 'LPXTG-motif protein cell wall anchor domain protein' at gnl|Prokka|HMECLBPC_8 position 36634
[23:56:53] Possible /pseudo 'copper-translocating P-type ATPase' at gnl|Prokka|HMECLBPC_11 position 29546
[23:56:53] Possible /pseudo 'peptidase, U32 family' at gnl|Prokka|HMECLBPC_14 position 4468
[23:56:53] Found 561 unique /gene codes.
[23:56:53] Fixed 2 duplicate /gene - metN2_1 metN2_2
[23:56:53] Fixed 2 duplicate /gene - arcB_1 arcB_2
[23:56:53] Fixed 2 duplicate /gene - metB_1 metB_2
[23:56:53] Fixed 2 duplicate /gene - lysM_1 lysM_2
[23:56:53] Fixed 2 duplicate /gene - cbiO_1 cbiO_2
[23:56:53] Fixed 3 duplicate /gene - rhaR_1 rhaR_2 rhaR_3
[23:56:53] Fixed 2 duplicate /gene - oppD_1 oppD_2
[23:56:53] Fixed 2 duplicate /gene - pglF_1 pglF_2
[23:56:53] Fixed 2 duplicate /gene - msmK_1 msmK_2
[23:56:53] Fixed 3 duplicate /gene - btuD_1 btuD_2 btuD_3
[23:56:53] Fixed 3 duplicate /gene - artM_1 artM_2 artM_3
[23:56:53] Fixed 2 duplicate /gene - prdB_1 prdB_2
[23:56:53] Fixed 2 duplicate /gene - pepV_1 pepV_2
[23:56:53] Fixed 2 duplicate /gene - clpX_1 clpX_2
[23:56:53] Fixed 2 duplicate /gene - csd_1 csd_2
[23:56:53] Fixed 2 duplicate /gene - lacG_1 lacG_2
[23:56:53] Fixed 2 duplicate /gene - msrA_1 msrA_2
[23:56:53] Fixed 2 duplicate /gene - metQ_1 metQ_2
[23:56:53] Fixed 3 duplicate /gene - tuf_1 tuf_2 tuf_3
[23:56:53] Fixed 2 duplicate /gene - nox_1 nox_2
[23:56:53] Fixed 2 duplicate /gene - copB_1 copB_2
[23:56:53] Fixed 2 duplicate /gene - tkt_1 tkt_2
[23:56:53] Fixed 2 duplicate /gene - xerC_1 xerC_2
[23:56:53] Fixed 2 duplicate /gene - soj_1 soj_2
[23:56:53] Fixed 3 duplicate /gene - prdA_1 prdA_2 prdA_3
[23:56:53] Fixed 3 duplicate /gene - lacD2_1 lacD2_2 lacD2_3
[23:56:53] Fixed 2 duplicate /gene - dfrD_1 dfrD_2
[23:56:53] Fixed 2 duplicate /gene - bglB_1 bglB_2
[23:56:53] Fixed 28 colliding /gene names.
[23:56:53] Adding /locus_tag identifiers
[23:56:54] Assigned 2570 locus_tags to CDS and RNA features.
[23:56:54] Writing outputs to genome_annotation//
[23:56:55] Generating annotation statistics file
[23:56:55] Generating Genbank and Sequin files
[23:56:55] Running: tbl2asn -V b -a r10k -l paired-ends -M n -N 1 -y 'Annotated using prokka 1.14.0 from https://github.com/tseemann/prokka' -Z genome_annotation\/\/MP1\-5\.err -i genome_annotation\/\/MP1\-5\.fsa 2> /dev/null
[23:57:02] Deleting unwanted file: genome_annotation//errorsummary.val
[23:57:02] Deleting unwanted file: genome_annotation//MP1-5.dr
[23:57:02] Deleting unwanted file: genome_annotation//MP1-5.fixedproducts
[23:57:02] Deleting unwanted file: genome_annotation//MP1-5.ecn
[23:57:02] Deleting unwanted file: genome_annotation//MP1-5.val
[23:57:02] Repairing broken .GBK output that tbl2asn produces...
[23:57:02] Running: sed 's/COORDINATES: profile/COORDINATES:profile/' < genome_annotation\/\/MP1\-5\.gbf > genome_annotation\/\/MP1\-5\.gbk
[23:57:02] Deleting unwanted file: genome_annotation//MP1-5.gbf
[23:57:02] Output files:
[23:57:02] genome_annotation/MP1-5.gbk
[23:57:02] genome_annotation/MP1-5.err
[23:57:02] genome_annotation/MP1-5.fsa
[23:57:02] genome_annotation/MP1-5.gff
[23:57:02] genome_annotation/MP1-5.ffn
[23:57:02] genome_annotation/MP1-5.tsv
[23:57:02] genome_annotation/MP1-5.fna
[23:57:02] genome_annotation/MP1-5.sqn
[23:57:02] genome_annotation/MP1-5.faa
[23:57:02] genome_annotation/MP1-5.log
[23:57:02] genome_annotation/MP1-5.txt
[23:57:02] genome_annotation/MP1-5.tbl
[23:57:02] Annotation finished successfully.
[23:57:02] Walltime used: 1.42 minutes
[23:57:02] If you use this result please cite the Prokka paper:
[23:57:02] Seemann T (2014) Prokka: rapid prokaryotic genome annotation. Bioinformatics. 30(14):2068-9.
[23:57:02] Type 'prokka --citation' for more details.
[23:57:02] Share and enjoy!
