[23:33:16] This is prokka 1.14.0
[23:33:16] Written by Torsten Seemann <torsten.seemann@gmail.com>
[23:33:16] Homepage is https://github.com/tseemann/prokka
[23:33:16] Local time is Thu Sep  5 23:33:16 2019
[23:33:16] You are icaro
[23:33:16] Operating system is linux
[23:33:16] You have BioPerl 1.007002
[23:33:16] System has 4 cores.
[23:33:16] Option --cpu asked for 8 cores, but system only has 4
[23:33:16] Will use maximum of 4 cores.
[23:33:16] Annotating as >>> Bacteria <<<
[23:33:16] Generating locus_tag from 'data/samples/MP1-1.fasta' contents.
[23:33:16] Setting --locustag GADMLKNP from MD5 0ad65479e5fca1045eab0c5d9ae4363c
[23:33:16] Enabling options to ensure Genbank/ENA/DDJB submission compliance.
[23:33:16] Re-using existing --outdir genome_annotation/
[23:33:16] Using filename prefix: MP1-1.XXX
[23:33:16] Setting HMMER_NCPU=1
[23:33:16] Writing log to: genome_annotation//MP1-1.log
[23:33:16] Command: /home/icaro/Documentos/WGCA/.snakemake/conda/349eb0fd/bin/prokka --force --outdir genome_annotation/ --usegenus --Genus Enterococcus --compliant --prefix MP1-1 data/samples/MP1-1.fasta
[23:33:16] Appending to PATH: /home/icaro/Documentos/WGCA/.snakemake/conda/349eb0fd/bin
[23:33:16] Looking for 'aragorn' - found /home/icaro/Documentos/WGCA/.snakemake/conda/349eb0fd/bin/aragorn
[23:33:16] Determined aragorn version is 1.2
[23:33:16] Looking for 'barrnap' - found /home/icaro/Documentos/WGCA/.snakemake/conda/349eb0fd/bin/barrnap
[23:33:16] Determined barrnap version is 0.9
[23:33:16] Looking for 'blastp' - found /home/icaro/Documentos/WGCA/.snakemake/conda/349eb0fd/bin/blastp
[23:33:16] Determined blastp version is 2.9
[23:33:16] Looking for 'cmpress' - found /home/icaro/Documentos/WGCA/.snakemake/conda/349eb0fd/bin/cmpress
[23:33:16] Determined cmpress version is 1.1
[23:33:16] Looking for 'cmscan' - found /home/icaro/Documentos/WGCA/.snakemake/conda/349eb0fd/bin/cmscan
[23:33:16] Determined cmscan version is 1.1
[23:33:16] Looking for 'egrep' - found /bin/egrep
[23:33:16] Looking for 'find' - found /usr/bin/find
[23:33:16] Looking for 'grep' - found /bin/grep
[23:33:16] Looking for 'hmmpress' - found /home/icaro/Documentos/WGCA/.snakemake/conda/349eb0fd/bin/hmmpress
[23:33:16] Determined hmmpress version is 3.2
[23:33:16] Looking for 'hmmscan' - found /home/icaro/Documentos/WGCA/.snakemake/conda/349eb0fd/bin/hmmscan
[23:33:16] Determined hmmscan version is 3.2
[23:33:16] Looking for 'java' - found /home/icaro/Documentos/WGCA/.snakemake/conda/349eb0fd/bin/java
[23:33:16] Looking for 'less' - found /usr/bin/less
[23:33:16] Looking for 'makeblastdb' - found /home/icaro/Documentos/WGCA/.snakemake/conda/349eb0fd/bin/makeblastdb
[23:33:16] Determined makeblastdb version is 2.9
[23:33:16] Looking for 'minced' - found /home/icaro/Documentos/WGCA/.snakemake/conda/349eb0fd/bin/minced
[23:33:16] Determined minced version is 4.2
[23:33:16] Looking for 'parallel' - found /home/icaro/Documentos/WGCA/.snakemake/conda/349eb0fd/bin/parallel
[23:33:16] Determined parallel version is 20190722
[23:33:16] Looking for 'prodigal' - found /home/icaro/Documentos/WGCA/.snakemake/conda/349eb0fd/bin/prodigal
[23:33:16] Determined prodigal version is 2.6
[23:33:16] Looking for 'prokka-genbank_to_fasta_db' - found /home/icaro/Documentos/WGCA/.snakemake/conda/349eb0fd/bin/prokka-genbank_to_fasta_db
[23:33:16] Looking for 'sed' - found /bin/sed
[23:33:16] Looking for 'tbl2asn' - found /home/icaro/Documentos/WGCA/.snakemake/conda/349eb0fd/bin/tbl2asn
[23:33:16] Determined tbl2asn version is 25.7
[23:33:16] Using genetic code table 11.
[23:33:16] Loading and checking input file: data/samples/MP1-1.fasta
[23:33:16] Wrote 11 contigs totalling 2929511 bp.
[23:33:16] Predicting tRNAs and tmRNAs
[23:33:16] Running: aragorn -l -gc11  -w genome_annotation\/\/MP1\-1\.fna
[23:33:17] 1 tRNA-Arg c[174259,174334] 36 (acg)
[23:33:17] 2 tRNA-Pro c[174392,174467] 36 (tgg)
[23:33:17] 3 tRNA-Arg c[174484,174559] 36 (acg)
[23:33:17] 4 tRNA-Leu c[174569,174654] 35 (taa)
[23:33:17] 1 tRNA-Glu c[147720,147793] 35 (ttc)
[23:33:17] 2 tRNA-Ile c[147804,147879] 36 (gat)
[23:33:17] 3 tRNA-Gly c[147894,147964] 33 (tcc)
[23:33:17] 4 tRNA-Phe c[147968,148042] 35 (gaa)
[23:33:17] 5 tRNA-Asp c[148044,148119] 36 (gtc)
[23:33:17] 6 tRNA-Met c[148161,148236] 36 (cat)
[23:33:17] 7 tRNA-Ser c[148282,148371] 37 (tga)
[23:33:17] 8 tRNA-Glu c[148389,148462] 35 (ttc)
[23:33:17] 9 tRNA-Ser c[148477,148566] 36 (gct)
[23:33:17] 10 tRNA-Ile c[148589,148664] 36 (gat)
[23:33:17] 11 tRNA-Gly c[148678,148748] 33 (tcc)
[23:33:17] 12 tRNA-Asp c[148750,148826] 35 (gtc)
[23:33:17] 13 tRNA-Met c[148872,148947] 36 (cat)
[23:33:17] 14 tRNA-Ser c[148992,149081] 37 (tga)
[23:33:17] 15 tRNA-Met c[149105,149180] 36 (cat)
[23:33:17] 16 tRNA-Met c[149193,149268] 36 (cat)
[23:33:17] 17 tRNA-Ala c[149296,149368] 34 (tgc)
[23:33:17] 18 tRNA-Pro c[149388,149461] 35 (tgg)
[23:33:17] 19 tRNA-Arg c[149471,149546] 36 (acg)
[23:33:17] 20 tRNA-Leu c[149556,149641] 35 (taa)
[23:33:17] 1 tRNA-Gln c[55025,55099] 35 (ctg)
[23:33:17] 2 tRNA-Met c[300436,300511] 36 (cat)
[23:33:17] 3 tRNA-Ser c[583698,583785] 33 (cga)
[23:33:17] 4 tmRNA [648446,648810] 92,130 AKNENNSYALAA*
[23:33:17] 5 tRNA-Gln c[822191,822264] 34 (ttg)
[23:33:17] 6 tRNA-Tyr c[822270,822350] 35 (gta)
[23:33:17] 7 tRNA-Arg [854159,854233] 35 (ccg)
[23:33:17] 8 tRNA-Gly c[924724,924794] 33 (ccc)
[23:33:17] 9 tRNA-Asn c[998965,999040] 36 (gtt)
[23:33:17] 10 tRNA-Thr [999247,999319] 34 (ggt)
[23:33:17] 1 tRNA-Lys c[113073,113147] 35 (ctt)
[23:33:17] 2 tRNA-Thr [188836,188908] 34 (cgt)
[23:33:17] 3 tRNA-Arg [383852,383927] 36 (tct)
[23:33:17] 4 tRNA-Met [420147,420222] 36 (cat)
[23:33:17] 5 tRNA-Arg [480588,480663] 36 (cct)
[23:33:17] 1 tRNA-Ser [60,150] 36 (gga)
[23:33:17] 2 tRNA-Glu [161,234] 35 (ttc)
[23:33:17] 3 tRNA-Val [246,320] 35 (tac)
[23:33:17] 4 tRNA-Asp [328,403] 35 (gtc)
[23:33:17] 5 tRNA-Phe [435,510] 34 (gaa)
[23:33:17] 6 tRNA-Tyr [511,593] 36 (gta)
[23:33:17] 7 tRNA-Trp [599,672] 33 (cca)
[23:33:17] 8 tRNA-His [675,748] 34 (gtg)
[23:33:17] 9 tRNA-Gln [756,829] 34 (ttg)
[23:33:17] 10 tRNA-Cys [866,936] 33 (gca)
[23:33:17] 11 tRNA-Leu [957,1043] 36 (caa)
[23:33:17] 12 tRNA-His [1104,1177] 34 (gtg)
[23:33:17] 13 tRNA-Gln [1185,1258] 34 (ttg)
[23:33:17] 14 tRNA-Leu [1267,1351] 35 (caa)
[23:33:17] 15 tRNA-Leu c[188199,188281] 34 (gag)
[23:33:17] Found 54 tRNAs
[23:33:17] Predicting Ribosomal RNAs
[23:33:17] Running Barrnap with 4 threads
[23:33:19] 1 gnl|Prokka|GADMLKNP_10 162 23S ribosomal RNA
[23:33:19] 2 gnl|Prokka|GADMLKNP_10 3216 16S ribosomal RNA
[23:33:19] Found 2 rRNAs
[23:33:19] Skipping ncRNA search, enable with --rfam if desired.
[23:33:19] Total of 55 tRNA + rRNA features
[23:33:19] Searching for CRISPR repeats
[23:33:20] Found 0 CRISPRs
[23:33:20] Predicting coding sequences
[23:33:20] Contigs total 2929511 bp, so using single mode
[23:33:20] Running: prodigal -i genome_annotation\/\/MP1\-1\.fna -c -m -g 11 -p single -f sco -q
[23:33:23] Excluding CDS which overlaps existing RNA (tRNA) at gnl|Prokka|GADMLKNP_6:593..910 on - strand
[23:33:23] Excluding CDS which overlaps existing RNA (rRNA) at gnl|Prokka|GADMLKNP_10:421..759 on - strand
[23:33:23] Found 2652 CDS
[23:33:23] Connecting features back to sequences
[23:33:23] Using custom Enterococcus database for annotation
[23:33:23] Annotating CDS, please be patient.
[23:33:23] Will use 4 CPUs for similarity searching.
[23:33:24] There are still 2652 unannotated CDS left (started with 2652)
[23:33:24] Will use blast to search against /home/icaro/Documentos/WGCA/.snakemake/conda/349eb0fd/db/genus/Enterococcus with 4 CPUs
[23:33:24] Running: cat genome_annotation\/\/Enterococcus\.faa | parallel --gnu --plain -j 4 --block 104456 --recstart '>' --pipe blastp -query - -db /home/icaro/Documentos/WGCA/.snakemake/conda/349eb0fd/db/genus/Enterococcus -evalue 1e-09 -qcov_hsp_perc 80 -num_threads 1 -num_descriptions 1 -num_alignments 1 -seg no > genome_annotation\/\/Enterococcus\.blast 2> /dev/null
[23:33:41] Modify product: site-specific tyrosine recombinase XerC-family => site-specific tyrosine recombinase XerC-family protein
[23:33:41] Modify product: Sporulation Regulator WhiA N terminal => hypothetical protein
[23:33:41] Modify product: excisionase family DNA binding domain => excisionase family DNA binding domain protein
[23:33:41] Modify product: site-specific tyrosine recombinase XerC-family => site-specific tyrosine recombinase XerC-family protein
[23:33:41] Modify product: site-specific tyrosine recombinase XerC-family => site-specific tyrosine recombinase XerC-family protein
[23:33:42] Modify product: putative RNA-binding protein containing a PIN domain => putative RNA-binding protein containing a PIN domain protein
[23:33:42] Modify product: radical SAM protein family => radical SAM protein family protein
[23:33:42] Modify product: transcriptional regulator Spx-family => transcriptional regulator Spx-family protein
[23:33:43] Modify product: site-specific tyrosine recombinase XerD-family => site-specific tyrosine recombinase XerD-family protein
[23:33:43] Modify product: site-specific tyrosine recombinase XerC-family => site-specific tyrosine recombinase XerC-family protein
[23:33:43] Modify product: site-specific tyrosine recombinase XerC-family => site-specific tyrosine recombinase XerC-family protein
[23:33:43] Modify product: site-specific tyrosine recombinase XerC-family => site-specific tyrosine recombinase XerC-family protein
[23:33:43] Cleaned 12 /product names
[23:33:43] Deleting unwanted file: genome_annotation//Enterococcus.faa
[23:33:43] Deleting unwanted file: genome_annotation//Enterococcus.blast
[23:33:44] There are still 927 unannotated CDS left (started with 2652)
[23:33:44] Will use blast to search against /home/icaro/Documentos/WGCA/.snakemake/conda/349eb0fd/db/kingdom/Bacteria/IS with 4 CPUs
[23:33:44] Running: cat genome_annotation\/\/IS\.faa | parallel --gnu --plain -j 4 --block 31460 --recstart '>' --pipe blastp -query - -db /home/icaro/Documentos/WGCA/.snakemake/conda/349eb0fd/db/kingdom/Bacteria/IS -evalue 1e-30 -qcov_hsp_perc 90 -num_threads 1 -num_descriptions 1 -num_alignments 1 -seg no > genome_annotation\/\/IS\.blast 2> /dev/null
[23:33:51] Deleting unwanted file: genome_annotation//IS.faa
[23:33:51] Deleting unwanted file: genome_annotation//IS.blast
[23:33:51] There are still 926 unannotated CDS left (started with 2652)
[23:33:51] Will use blast to search against /home/icaro/Documentos/WGCA/.snakemake/conda/349eb0fd/db/kingdom/Bacteria/AMR with 4 CPUs
[23:33:51] Running: cat genome_annotation\/\/AMR\.faa | parallel --gnu --plain -j 4 --block 31437 --recstart '>' --pipe blastp -query - -db /home/icaro/Documentos/WGCA/.snakemake/conda/349eb0fd/db/kingdom/Bacteria/AMR -evalue 9.99999999999999e-301 -qcov_hsp_perc 90 -num_threads 1 -num_descriptions 1 -num_alignments 1 -seg no > genome_annotation\/\/AMR\.blast 2> /dev/null
[23:33:57] Deleting unwanted file: genome_annotation//AMR.faa
[23:33:57] Deleting unwanted file: genome_annotation//AMR.blast
[23:33:57] There are still 925 unannotated CDS left (started with 2652)
[23:33:57] Will use blast to search against /home/icaro/Documentos/WGCA/.snakemake/conda/349eb0fd/db/kingdom/Bacteria/sprot with 4 CPUs
[23:33:57] Running: cat genome_annotation\/\/sprot\.faa | parallel --gnu --plain -j 4 --block 31357 --recstart '>' --pipe blastp -query - -db /home/icaro/Documentos/WGCA/.snakemake/conda/349eb0fd/db/kingdom/Bacteria/sprot -evalue 1e-09 -qcov_hsp_perc 80 -num_threads 1 -num_descriptions 1 -num_alignments 1 -seg no > genome_annotation\/\/sprot\.blast 2> /dev/null
[23:34:20] Modify product: UPF0701 protein HI_0467 => hypothetical protein
[23:34:20] Modify product: UPF0223 protein BH2638 => hypothetical protein
[23:34:20] Modify product: UPF0358 protein EF_2458 => hypothetical protein
[23:34:20] Modify product: UPF0291 protein SP_1473 => hypothetical protein
[23:34:20] Modify product: UPF0398 protein YpsA => hypothetical protein
[23:34:20] Modify product: UPF0340 protein YwlG => hypothetical protein
[23:34:20] Modify product: Putative esterase HI_1161 => Putative esterase
[23:34:20] Modify product: Uncharacterized transmembrane protein YxlG => putative transmembrane protein YxlG
[23:34:20] Modify product: UPF0154 protein SA1178 => hypothetical protein
[23:34:20] Modify product: UPF0473 protein SP_0194 => hypothetical protein
[23:34:20] Modify product: UPF0297 protein EF_1202 => hypothetical protein
[23:34:20] Modify product: Uncharacterized protein YaaQ => putative protein YaaQ
[23:34:20] Modify product: Nucleoid-associated protein Cthe_2143 => Nucleoid-associated protein
[23:34:20] Modify product: UPF0356 protein M6_Spy1605 => hypothetical protein
[23:34:20] Modify product: Putative trans-acting regulator SP_1800 => Putative trans-acting regulator
[23:34:20] Modify product: Uncharacterized HTH-type transcriptional regulator YtcD => putative HTH-type transcriptional regulator YtcD
[23:34:20] Modify product: Uncharacterized protein YqgQ => putative protein YqgQ
[23:34:20] Modify product: Uncharacterized protein YueI => putative protein YueI
[23:34:20] Modify product: Uncharacterized protein YmcA => putative protein YmcA
[23:34:20] Modify product: UPF0145 protein YbjQ => hypothetical protein
[23:34:20] Modify product: UPF0302 protein BA_1542/GBAA_1542/BAS1430 => hypothetical protein
[23:34:20] Modify product: UPF0346 protein YozE => hypothetical protein
[23:34:20] Modify product: Putative trans-acting regulator SP_1800 => Putative trans-acting regulator
[23:34:20] Modify product: Putative trans-acting regulator SP_1800 => Putative trans-acting regulator
[23:34:20] Modify product: Uncharacterized membrane protein YuaF => putative membrane protein YuaF
[23:34:20] Modify product: UPF0342 protein SA1663 => hypothetical protein
[23:34:20] Modify product: Probable glutamate/gamma-aminobutyrate antiporter => putative glutamate/gamma-aminobutyrate antiporter
[23:34:20] Modify product: Probable formate transporter 1 => putative formate transporter 1
[23:34:20] Modify product: Deacetylase EF_0837 => Deacetylase
[23:34:20] Modify product: Uncharacterized protein Spy1535 => putative protein
[23:34:20] Modify product: UPF0374 protein SP_1903 => hypothetical protein
[23:34:20] Modify product: Uncharacterized protein YkuJ => putative protein YkuJ
[23:34:20] Modify product: Probable transcriptional regulatory protein YeeN => putative transcriptional regulatory protein YeeN
[23:34:20] Cleaned 33 /product names
[23:34:20] Deleting unwanted file: genome_annotation//sprot.faa
[23:34:20] Deleting unwanted file: genome_annotation//sprot.blast
[23:34:20] There are still 812 unannotated CDS left (started with 2652)
[23:34:20] Will use hmmer3 to search against /home/icaro/Documentos/WGCA/.snakemake/conda/349eb0fd/db/hmm/HAMAP.hmm with 4 CPUs
[23:34:20] Running: cat genome_annotation\/\/HAMAP\.hmm\.faa | parallel --gnu --plain -j 4 --block 26929 --recstart '>' --pipe hmmscan --noali --notextw --acc -E 1e-09 --cpu 1 /home/icaro/Documentos/WGCA/.snakemake/conda/349eb0fd/db/hmm/HAMAP.hmm /dev/stdin > genome_annotation\/\/HAMAP\.hmm\.hmmer3 2> /dev/null
[23:34:33] Deleting unwanted file: genome_annotation//HAMAP.hmm.faa
[23:34:33] Deleting unwanted file: genome_annotation//HAMAP.hmm.hmmer3
[23:34:33] Labelling remaining 796 proteins as 'hypothetical protein'
[23:34:33] Possible /pseudo 'fructose-1,6-bisphosphate aldolase' at gnl|Prokka|GADMLKNP_1 position 110413
[23:34:33] Possible /pseudo 'peptidase, U32 family' at gnl|Prokka|GADMLKNP_1 position 170056
[23:34:33] Possible /pseudo 'glycosyl transferase' at gnl|Prokka|GADMLKNP_2 position 34061
[23:34:33] Possible /pseudo 'amino acid permease' at gnl|Prokka|GADMLKNP_2 position 71883
[23:34:33] Possible /pseudo 'membrane protein' at gnl|Prokka|GADMLKNP_2 position 77970
[23:34:33] Possible /pseudo 'ABC transporter permease' at gnl|Prokka|GADMLKNP_2 position 105330
[23:34:33] Possible /pseudo 'LPXTG-motif protein cell wall anchor domain protein' at gnl|Prokka|GADMLKNP_2 position 132038
[23:34:33] Possible /pseudo 'ABC transporter ATP-binding protein' at gnl|Prokka|GADMLKNP_2 position 140205
[23:34:33] Possible /pseudo 'ABC transporter permease' at gnl|Prokka|GADMLKNP_3 position 77176
[23:34:33] Possible /pseudo 'ABC transporter permease' at gnl|Prokka|GADMLKNP_3 position 244131
[23:34:33] Possible /pseudo 'glycosyl transferase family protein' at gnl|Prokka|GADMLKNP_3 position 297610
[23:34:33] Possible /pseudo 'ABC transporter permease' at gnl|Prokka|GADMLKNP_3 position 376517
[23:34:33] Possible /pseudo 'ABC transporter ATP-binding protein' at gnl|Prokka|GADMLKNP_3 position 390151
[23:34:33] Possible /pseudo 'ABC transporter ATP-binding protein' at gnl|Prokka|GADMLKNP_3 position 391491
[23:34:33] Possible /pseudo 'ABC transporter permease' at gnl|Prokka|GADMLKNP_3 position 496633
[23:34:33] Possible /pseudo 'ribosomal-protein-alanine acetyltransferase' at gnl|Prokka|GADMLKNP_3 position 556472
[23:34:33] Possible /pseudo 'PTS system, lactose/cellobiose-specific IIC component' at gnl|Prokka|GADMLKNP_3 position 692769
[23:34:33] Possible /pseudo 'copper-translocating P-type ATPase' at gnl|Prokka|GADMLKNP_3 position 719288
[23:34:33] Possible /pseudo 'phosphate ABC transporter ATP-binding protein' at gnl|Prokka|GADMLKNP_3 position 804711
[23:34:33] Possible /pseudo 'esterase' at gnl|Prokka|GADMLKNP_3 position 846436
[23:34:33] Possible /pseudo 'ABC transporter ATP-binding protein/permease' at gnl|Prokka|GADMLKNP_3 position 971987
[23:34:33] Possible /pseudo 'translation-associated GTPase' at gnl|Prokka|GADMLKNP_4 position 9971
[23:34:33] Possible /pseudo 'pyruvate oxidase' at gnl|Prokka|GADMLKNP_4 position 49177
[23:34:33] Possible /pseudo 'ABC transporter permease' at gnl|Prokka|GADMLKNP_4 position 72929
[23:34:33] Possible /pseudo 'purine nucleoside phosphorylase' at gnl|Prokka|GADMLKNP_4 position 76202
[23:34:33] Possible /pseudo 'fructose-1,6-bisphosphate aldolase' at gnl|Prokka|GADMLKNP_4 position 91871
[23:34:33] Possible /pseudo 'peptide ABC transporter ATP-binding protein' at gnl|Prokka|GADMLKNP_4 position 130451
[23:34:33] Possible /pseudo 'ABC transporter permease' at gnl|Prokka|GADMLKNP_4 position 132385
[23:34:33] Possible /pseudo 'iron ABC transporter system permease' at gnl|Prokka|GADMLKNP_4 position 150712
[23:34:33] Possible /pseudo 'membrane protein' at gnl|Prokka|GADMLKNP_4 position 164351
[23:34:33] Possible /pseudo 'NAD-dependent deacetylase' at gnl|Prokka|GADMLKNP_4 position 191065
[23:34:33] Possible /pseudo 'zinc-containing alcohol dehydrogenase' at gnl|Prokka|GADMLKNP_4 position 223301
[23:34:33] Possible /pseudo 'CorA-like Mg2+ transporter protein' at gnl|Prokka|GADMLKNP_4 position 275416
[23:34:33] Possible /pseudo 'LPXTG-motif protein cell wall anchor domain protein' at gnl|Prokka|GADMLKNP_5 position 11279
[23:34:33] Possible /pseudo 'YycH protein' at gnl|Prokka|GADMLKNP_5 position 121266
[23:34:33] Possible /pseudo 'ABC transporter ATP-binding protein/permease' at gnl|Prokka|GADMLKNP_5 position 148510
[23:34:33] Possible /pseudo 'phage tail tape measure protein TP901' at gnl|Prokka|GADMLKNP_5 position 408842
[23:34:33] Possible /pseudo 'glycosyl transferase family protein' at gnl|Prokka|GADMLKNP_5 position 487996
[23:34:33] Possible /pseudo 'glycosyl transferase family protein' at gnl|Prokka|GADMLKNP_5 position 488834
[23:34:33] Possible /pseudo 'glycosyl transferase family protein' at gnl|Prokka|GADMLKNP_5 position 564913
[23:34:33] Possible /pseudo 'SMR family multidrug resistance protein' at gnl|Prokka|GADMLKNP_6 position 116226
[23:34:33] Possible /pseudo 'ABC transporter permease' at gnl|Prokka|GADMLKNP_6 position 161427
[23:34:33] Possible /pseudo '6-phospho-beta-glucosidase' at gnl|Prokka|GADMLKNP_6 position 164990
[23:34:33] Possible /pseudo 'Putative trans-acting regulator' at gnl|Prokka|GADMLKNP_6 position 181532
[23:34:33] Possible /pseudo 'chitin binding protein' at gnl|Prokka|GADMLKNP_7 position 39054
[23:34:33] Possible /pseudo 'SIS domain-containing protein' at gnl|Prokka|GADMLKNP_7 position 40883
[23:34:33] Possible /pseudo 'ABC transporter ATP-binding protein/permease' at gnl|Prokka|GADMLKNP_7 position 49393
[23:34:33] Possible /pseudo 'ABC transporter ATP-binding protein' at gnl|Prokka|GADMLKNP_7 position 77008
[23:34:33] Possible /pseudo 'DNA-3-methyladenine glycosylase' at gnl|Prokka|GADMLKNP_7 position 191031
[23:34:33] Possible /pseudo 'ISEfa8, transposase' at gnl|Prokka|GADMLKNP_9 position 14452
[23:34:33] Found 555 unique /gene codes.
[23:34:33] Fixed 2 duplicate /gene - msrA_1 msrA_2
[23:34:33] Fixed 2 duplicate /gene - btuD_1 btuD_2
[23:34:33] Fixed 2 duplicate /gene - dfrD_1 dfrD_2
[23:34:33] Fixed 2 duplicate /gene - lacA_1 lacA_2
[23:34:33] Fixed 5 duplicate /gene - xerC_1 xerC_2 xerC_3 xerC_4 xerC_5
[23:34:33] Fixed 2 duplicate /gene - pepV_1 pepV_2
[23:34:33] Fixed 2 duplicate /gene - nox_1 nox_2
[23:34:33] Fixed 2 duplicate /gene - cspC_1 cspC_2
[23:34:33] Fixed 2 duplicate /gene - lysM_1 lysM_2
[23:34:33] Fixed 2 duplicate /gene - metQ_1 metQ_2
[23:34:33] Fixed 2 duplicate /gene - tuf_1 tuf_2
[23:34:33] Fixed 2 duplicate /gene - lacD2_1 lacD2_2
[23:34:33] Fixed 2 duplicate /gene - metN2_1 metN2_2
[23:34:33] Fixed 2 duplicate /gene - metB_1 metB_2
[23:34:33] Fixed 4 duplicate /gene - rhaR_1 rhaR_2 rhaR_3 rhaR_4
[23:34:33] Fixed 2 duplicate /gene - artM_1 artM_2
[23:34:33] Fixed 2 duplicate /gene - bin3_1 bin3_2
[23:34:33] Fixed 2 duplicate /gene - cbiO_1 cbiO_2
[23:34:33] Fixed 2 duplicate /gene - smc_1 smc_2
[23:34:33] Fixed 2 duplicate /gene - tkt_1 tkt_2
[23:34:33] Fixed 2 duplicate /gene - msmK_1 msmK_2
[23:34:33] Fixed 2 duplicate /gene - clpX_1 clpX_2
[23:34:33] Fixed 2 duplicate /gene - lacG_1 lacG_2
[23:34:33] Fixed 2 duplicate /gene - pglF_1 pglF_2
[23:34:33] Fixed 2 duplicate /gene - arcB_1 arcB_2
[23:34:33] Fixed 2 duplicate /gene - hsdR_1 hsdR_2
[23:34:33] Fixed 2 duplicate /gene - tdk_1 tdk_2
[23:34:33] Fixed 2 duplicate /gene - rmlB_1 rmlB_2
[23:34:33] Fixed 28 colliding /gene names.
[23:34:33] Adding /locus_tag identifiers
[23:34:33] Assigned 2708 locus_tags to CDS and RNA features.
[23:34:33] Writing outputs to genome_annotation//
[23:34:35] Generating annotation statistics file
[23:34:35] Generating Genbank and Sequin files
[23:34:35] Running: tbl2asn -V b -a r10k -l paired-ends -M n -N 1 -y 'Annotated using prokka 1.14.0 from https://github.com/tseemann/prokka' -Z genome_annotation\/\/MP1\-1\.err -i genome_annotation\/\/MP1\-1\.fsa 2> /dev/null
[23:34:41] Deleting unwanted file: genome_annotation//errorsummary.val
[23:34:41] Deleting unwanted file: genome_annotation//MP1-1.dr
[23:34:41] Deleting unwanted file: genome_annotation//MP1-1.fixedproducts
[23:34:41] Deleting unwanted file: genome_annotation//MP1-1.ecn
[23:34:41] Deleting unwanted file: genome_annotation//MP1-1.val
[23:34:41] Repairing broken .GBK output that tbl2asn produces...
[23:34:41] Running: sed 's/COORDINATES: profile/COORDINATES:profile/' < genome_annotation\/\/MP1\-1\.gbf > genome_annotation\/\/MP1\-1\.gbk
[23:34:42] Deleting unwanted file: genome_annotation//MP1-1.gbf
[23:34:42] Output files:
[23:34:42] genome_annotation/MP1-1.sqn
[23:34:42] genome_annotation/MP1-1.fsa
[23:34:42] genome_annotation/MP1-1.fna
[23:34:42] genome_annotation/MP1-1.tbl
[23:34:42] genome_annotation/MP1-1.gbk
[23:34:42] genome_annotation/MP1-1.gff
[23:34:42] genome_annotation/MP1-1.faa
[23:34:42] genome_annotation/MP1-1.tsv
[23:34:42] genome_annotation/MP1-1.ffn
[23:34:42] genome_annotation/MP1-1.log
[23:34:42] genome_annotation/MP1-1.err
[23:34:42] genome_annotation/MP1-1.txt
[23:34:42] Annotation finished successfully.
[23:34:42] Walltime used: 1.43 minutes
[23:34:42] If you use this result please cite the Prokka paper:
[23:34:42] Seemann T (2014) Prokka: rapid prokaryotic genome annotation. Bioinformatics. 30(14):2068-9.
[23:34:42] Type 'prokka --citation' for more details.
[23:34:42] Thank you, come again.
