[00:22:46] This is prokka 1.14.0
[00:22:46] Written by Torsten Seemann <torsten.seemann@gmail.com>
[00:22:46] Homepage is https://github.com/tseemann/prokka
[00:22:46] Local time is Fri Sep  6 00:22:46 2019
[00:22:46] You are icaro
[00:22:46] Operating system is linux
[00:22:46] You have BioPerl 1.007002
[00:22:46] System has 4 cores.
[00:22:46] Option --cpu asked for 8 cores, but system only has 4
[00:22:46] Will use maximum of 4 cores.
[00:22:46] Annotating as >>> Bacteria <<<
[00:22:46] Generating locus_tag from 'data/samples/MP10-1.fasta' contents.
[00:22:46] Setting --locustag EEEOIMIJ from MD5 eee826231fa912a273747c47c754a6ad
[00:22:46] Enabling options to ensure Genbank/ENA/DDJB submission compliance.
[00:22:46] Re-using existing --outdir genome_annotation/
[00:22:46] Using filename prefix: MP10-1.XXX
[00:22:46] Setting HMMER_NCPU=1
[00:22:46] Writing log to: genome_annotation//MP10-1.log
[00:22:46] Command: /home/icaro/Documentos/WGCA/.snakemake/conda/349eb0fd/bin/prokka --force --outdir genome_annotation/ --usegenus --Genus Enterococcus --compliant --prefix MP10-1 data/samples/MP10-1.fasta
[00:22:46] Appending to PATH: /home/icaro/Documentos/WGCA/.snakemake/conda/349eb0fd/bin
[00:22:46] Looking for 'aragorn' - found /home/icaro/Documentos/WGCA/.snakemake/conda/349eb0fd/bin/aragorn
[00:22:46] Determined aragorn version is 1.2
[00:22:46] Looking for 'barrnap' - found /home/icaro/Documentos/WGCA/.snakemake/conda/349eb0fd/bin/barrnap
[00:22:46] Determined barrnap version is 0.9
[00:22:46] Looking for 'blastp' - found /home/icaro/Documentos/WGCA/.snakemake/conda/349eb0fd/bin/blastp
[00:22:46] Determined blastp version is 2.9
[00:22:46] Looking for 'cmpress' - found /home/icaro/Documentos/WGCA/.snakemake/conda/349eb0fd/bin/cmpress
[00:22:46] Determined cmpress version is 1.1
[00:22:46] Looking for 'cmscan' - found /home/icaro/Documentos/WGCA/.snakemake/conda/349eb0fd/bin/cmscan
[00:22:46] Determined cmscan version is 1.1
[00:22:46] Looking for 'egrep' - found /bin/egrep
[00:22:46] Looking for 'find' - found /usr/bin/find
[00:22:46] Looking for 'grep' - found /bin/grep
[00:22:46] Looking for 'hmmpress' - found /home/icaro/Documentos/WGCA/.snakemake/conda/349eb0fd/bin/hmmpress
[00:22:46] Determined hmmpress version is 3.2
[00:22:46] Looking for 'hmmscan' - found /home/icaro/Documentos/WGCA/.snakemake/conda/349eb0fd/bin/hmmscan
[00:22:46] Determined hmmscan version is 3.2
[00:22:46] Looking for 'java' - found /home/icaro/Documentos/WGCA/.snakemake/conda/349eb0fd/bin/java
[00:22:46] Looking for 'less' - found /usr/bin/less
[00:22:46] Looking for 'makeblastdb' - found /home/icaro/Documentos/WGCA/.snakemake/conda/349eb0fd/bin/makeblastdb
[00:22:46] Determined makeblastdb version is 2.9
[00:22:46] Looking for 'minced' - found /home/icaro/Documentos/WGCA/.snakemake/conda/349eb0fd/bin/minced
[00:22:46] Determined minced version is 4.2
[00:22:46] Looking for 'parallel' - found /home/icaro/Documentos/WGCA/.snakemake/conda/349eb0fd/bin/parallel
[00:22:46] Determined parallel version is 20190722
[00:22:46] Looking for 'prodigal' - found /home/icaro/Documentos/WGCA/.snakemake/conda/349eb0fd/bin/prodigal
[00:22:46] Determined prodigal version is 2.6
[00:22:46] Looking for 'prokka-genbank_to_fasta_db' - found /home/icaro/Documentos/WGCA/.snakemake/conda/349eb0fd/bin/prokka-genbank_to_fasta_db
[00:22:46] Looking for 'sed' - found /bin/sed
[00:22:46] Looking for 'tbl2asn' - found /home/icaro/Documentos/WGCA/.snakemake/conda/349eb0fd/bin/tbl2asn
[00:22:46] Determined tbl2asn version is 25.7
[00:22:46] Using genetic code table 11.
[00:22:46] Loading and checking input file: data/samples/MP10-1.fasta
[00:22:46] Wrote 61 contigs totalling 2625750 bp.
[00:22:46] Predicting tRNAs and tmRNAs
[00:22:46] Running: aragorn -l -gc11  -w genome_annotation\/\/MP10\-1\.fna
[00:22:47] 1 tRNA-Met c[107238,107313] 36 (cat)
[00:22:47] 1 tRNA-Arg c[86190,86266] 36 (acg)
[00:22:47] 2 tRNA-Pro c[86322,86395] 35 (tgg)
[00:22:47] 3 tRNA-Arg c[86416,86491] 36 (acg)
[00:22:47] 4 tRNA-Leu c[86501,86586] 35 (taa)
[00:22:47] 5 tRNA-Gly c[86603,86674] 33 (gcc)
[00:22:47] 6 tRNA-Thr c[86684,86759] 35 (tgt)
[00:22:47] 7 tRNA-Leu c[86775,86858] 36 (tag)
[00:22:47] 8 tRNA-Lys c[86864,86938] 35 (ttt)
[00:22:47] 9 tRNA-Val c[86940,87014] 35 (tac)
[00:22:47] 1 tRNA-Leu c[351,436] 36 (cag)
[00:22:47] 1 tRNA-Gly [10274,10344] 33 (ccc)
[00:22:47] 2 tRNA-Ser [19232,19324] 32 (tga)
[00:22:47] 1 tRNA-Arg [8681,8754] 35 (ccg)
[00:22:47] 1 tRNA-Arg [44483,44557] 35 (tct)
[00:22:47] 1 tRNA-Glu c[72981,73054] 35 (ttc)
[00:22:47] 2 tRNA-Ile c[73064,73139] 36 (gat)
[00:22:47] 3 tRNA-Gly c[73151,73221] 33 (tcc)
[00:22:47] 4 tRNA-Phe c[73225,73299] 35 (gaa)
[00:22:47] 5 tRNA-Asp c[73301,73375] 35 (gtc)
[00:22:47] 6 tRNA-Met c[73393,73466] 35 (cat)
[00:22:47] 7 tRNA-Ser c[73479,73568] 37 (tga)
[00:22:47] 8 tRNA-Met c[73591,73666] 36 (cat)
[00:22:47] 9 tRNA-Met c[73678,73753] 36 (cat)
[00:22:47] 10 tRNA-Ala c[73780,73852] 34 (tgc)
[00:22:47] 11 tRNA-Pro c[73871,73944] 35 (tgg)
[00:22:47] 12 tRNA-Arg c[73953,74028] 36 (acg)
[00:22:47] 1 tRNA-Leu c[16429,16515] 36 (caa)
[00:22:47] 2 tRNA-Gln c[16529,16602] 34 (ttg)
[00:22:47] 3 tRNA-His c[16610,16683] 34 (gtg)
[00:22:47] 4 tRNA-Leu c[16744,16830] 36 (caa)
[00:22:47] 5 tRNA-Cys c[16850,16920] 33 (gca)
[00:22:47] 6 tRNA-Gln c[16965,17038] 34 (ttg)
[00:22:47] 7 tRNA-His c[17048,17121] 34 (gtg)
[00:22:47] 8 tRNA-Trp c[17124,17197] 33 (cca)
[00:22:47] 9 tRNA-Tyr c[17203,17285] 36 (gta)
[00:22:47] 10 tRNA-Phe c[17286,17361] 34 (gaa)
[00:22:47] 11 tRNA-Asp c[17395,17470] 35 (gtc)
[00:22:47] 12 tRNA-Val c[17478,17552] 35 (tac)
[00:22:47] 13 tRNA-Glu c[17566,17639] 35 (ttc)
[00:22:47] 14 tRNA-Ser c[17652,17742] 36 (gga)
[00:22:47] 15 tRNA-Asn c[17780,17855] 36 (gtt)
[00:22:47] 1 tRNA-Lys c[110098,110172] 35 (ctt)
[00:22:47] 2 tRNA-Thr [224063,224135] 34 (cgt)
[00:22:47] 1 tRNA-Ser [11968,12055] 33 (cga)
[00:22:47] 1 tRNA-Arg c[27016,27091] 36 (cct)
[00:22:47] tRNA [58216,58290] is a pseudo/wacky gene - skipping.
[00:22:47] 2 tmRNA c[59342,59705] 91,129 AKNENNSYALAA*
[00:22:47] 1 tRNA-Asn c[3860,3935] 36 (gtt)
[00:22:47] 2 tRNA-Thr [4150,4222] 34 (ggt)
[00:22:47] 1 tRNA-Tyr [19819,19899] 35 (gta)
[00:22:47] 2 tRNA-Gln [19905,19978] 34 (ttg)
[00:22:47] 1 tRNA-Leu [6471,6555] 35 (gag)
[00:22:47] 1 tRNA-Asn c[5391,5466] 36 (gtt)
[00:22:47] 1 tRNA-Gln c[1965,2037] 34 (ctg)
[00:22:47] Found 54 tRNAs
[00:22:47] Predicting Ribosomal RNAs
[00:22:47] Running Barrnap with 4 threads
[00:22:49] 1 gnl|Prokka|EEEOIMIJ_46 4 5S ribosomal RNA
[00:22:49] 2 gnl|Prokka|EEEOIMIJ_46 213 23S ribosomal RNA
[00:22:49] 3 gnl|Prokka|EEEOIMIJ_46 3284 16S ribosomal RNA
[00:22:49] Found 3 rRNAs
[00:22:49] Skipping ncRNA search, enable with --rfam if desired.
[00:22:49] Total of 56 tRNA + rRNA features
[00:22:49] Searching for CRISPR repeats
[00:22:49] Found 0 CRISPRs
[00:22:49] Predicting coding sequences
[00:22:49] Contigs total 2625750 bp, so using single mode
[00:22:49] Running: prodigal -i genome_annotation\/\/MP10\-1\.fna -c -m -g 11 -p single -f sco -q
[00:22:52] Excluding CDS which overlaps existing RNA (tRNA) at gnl|Prokka|EEEOIMIJ_11:18445..19548 on + strand
[00:22:53] Found 2512 CDS
[00:22:53] Connecting features back to sequences
[00:22:53] Using custom Enterococcus database for annotation
[00:22:53] Annotating CDS, please be patient.
[00:22:53] Will use 4 CPUs for similarity searching.
[00:22:53] There are still 2512 unannotated CDS left (started with 2512)
[00:22:53] Will use blast to search against /home/icaro/Documentos/WGCA/.snakemake/conda/349eb0fd/db/genus/Enterococcus with 4 CPUs
[00:22:53] Running: cat genome_annotation\/\/Enterococcus\.faa | parallel --gnu --plain -j 4 --block 96561 --recstart '>' --pipe blastp -query - -db /home/icaro/Documentos/WGCA/.snakemake/conda/349eb0fd/db/genus/Enterococcus -evalue 1e-09 -qcov_hsp_perc 80 -num_threads 1 -num_descriptions 1 -num_alignments 1 -seg no > genome_annotation\/\/Enterococcus\.blast 2> /dev/null
[00:23:09] Modify product: putative RNA-binding protein containing a PIN domain => putative RNA-binding protein containing a PIN domain protein
[00:23:09] Modify product: Sporulation Regulator WhiA N terminal => hypothetical protein
[00:23:09] Modify product: Class II Aldolase and Adducin N-terminal domain protein => hypothetical protein
[00:23:09] Modify product: site-specific tyrosine recombinase XerD-family => site-specific tyrosine recombinase XerD-family protein
[00:23:09] Modify product: site-specific tyrosine recombinase XerC-family => site-specific tyrosine recombinase XerC-family protein
[00:23:10] Modify product: transcriptional regulator Spx-family => transcriptional regulator Spx-family protein
[00:23:10] Modify product: site-specific tyrosine recombinase XerC-family => site-specific tyrosine recombinase XerC-family protein
[00:23:10] Modify product: site-specific tyrosine recombinase XerC-family => site-specific tyrosine recombinase XerC-family protein
[00:23:10] Modify product: excisionase family DNA binding domain => excisionase family DNA binding domain protein
[00:23:10] Modify product: site-specific tyrosine recombinase XerC-family => site-specific tyrosine recombinase XerC-family protein
[00:23:10] Modify product: site-specific tyrosine recombinase XerC-family => site-specific tyrosine recombinase XerC-family protein
[00:23:10] Modify product: site-specific tyrosine recombinase XerC-family => site-specific tyrosine recombinase XerC-family protein
[00:23:10] Modify product: radical SAM protein family => radical SAM protein family protein
[00:23:11] Modify product: Transglutaminase-like superfamily => Transglutaminase-like superfamily protein
[00:23:11] Cleaned 14 /product names
[00:23:11] Deleting unwanted file: genome_annotation//Enterococcus.faa
[00:23:11] Deleting unwanted file: genome_annotation//Enterococcus.blast
[00:23:11] There are still 653 unannotated CDS left (started with 2512)
[00:23:11] Will use blast to search against /home/icaro/Documentos/WGCA/.snakemake/conda/349eb0fd/db/kingdom/Bacteria/IS with 4 CPUs
[00:23:11] Running: cat genome_annotation\/\/IS\.faa | parallel --gnu --plain -j 4 --block 18314 --recstart '>' --pipe blastp -query - -db /home/icaro/Documentos/WGCA/.snakemake/conda/349eb0fd/db/kingdom/Bacteria/IS -evalue 1e-30 -qcov_hsp_perc 90 -num_threads 1 -num_descriptions 1 -num_alignments 1 -seg no > genome_annotation\/\/IS\.blast 2> /dev/null
[00:23:15] Deleting unwanted file: genome_annotation//IS.faa
[00:23:15] Deleting unwanted file: genome_annotation//IS.blast
[00:23:15] There are still 652 unannotated CDS left (started with 2512)
[00:23:15] Will use blast to search against /home/icaro/Documentos/WGCA/.snakemake/conda/349eb0fd/db/kingdom/Bacteria/AMR with 4 CPUs
[00:23:15] Running: cat genome_annotation\/\/AMR\.faa | parallel --gnu --plain -j 4 --block 18273 --recstart '>' --pipe blastp -query - -db /home/icaro/Documentos/WGCA/.snakemake/conda/349eb0fd/db/kingdom/Bacteria/AMR -evalue 9.99999999999999e-301 -qcov_hsp_perc 90 -num_threads 1 -num_descriptions 1 -num_alignments 1 -seg no > genome_annotation\/\/AMR\.blast 2> /dev/null
[00:23:18] Deleting unwanted file: genome_annotation//AMR.faa
[00:23:18] Deleting unwanted file: genome_annotation//AMR.blast
[00:23:18] There are still 652 unannotated CDS left (started with 2512)
[00:23:18] Will use blast to search against /home/icaro/Documentos/WGCA/.snakemake/conda/349eb0fd/db/kingdom/Bacteria/sprot with 4 CPUs
[00:23:18] Running: cat genome_annotation\/\/sprot\.faa | parallel --gnu --plain -j 4 --block 18273 --recstart '>' --pipe blastp -query - -db /home/icaro/Documentos/WGCA/.snakemake/conda/349eb0fd/db/kingdom/Bacteria/sprot -evalue 1e-09 -qcov_hsp_perc 80 -num_threads 1 -num_descriptions 1 -num_alignments 1 -seg no > genome_annotation\/\/sprot\.blast 2> /dev/null
[00:23:32] Modify product: UPF0309 protein BH3325 => hypothetical protein
[00:23:32] Modify product: UPF0145 protein YbjQ => hypothetical protein
[00:23:32] Modify product: Uncharacterized membrane protein YdfK => putative membrane protein YdfK
[00:23:32] Modify product: UPF0340 protein YwlG => hypothetical protein
[00:23:32] Modify product: UPF0291 protein SP_1473 => hypothetical protein
[00:23:32] Modify product: UPF0398 protein YpsA => hypothetical protein
[00:23:32] Modify product: UPF0701 protein YicC => hypothetical protein
[00:23:32] Modify product: UPF0358 protein EF_2458 => hypothetical protein
[00:23:32] Modify product: UPF0223 protein BH2638 => hypothetical protein
[00:23:32] Modify product: Uncharacterized membrane protein YuaF => putative membrane protein YuaF
[00:23:32] Modify product: UPF0297 protein EF_1202 => hypothetical protein
[00:23:32] Modify product: UPF0473 protein SP_0194 => hypothetical protein
[00:23:32] Modify product: Nucleoid-associated protein SP_1102 => Nucleoid-associated protein
[00:23:32] Modify product: Uncharacterized protein YaaQ => putative protein YaaQ
[00:23:32] Modify product: UPF0302 protein BA_1542/GBAA_1542/BAS1430 => hypothetical protein
[00:23:32] Modify product: UPF0346 protein YozE => hypothetical protein
[00:23:32] Modify product: UPF0316 protein SA1727 => hypothetical protein
[00:23:32] Modify product: Uncharacterized protein YueI => putative protein YueI
[00:23:32] Modify product: Uncharacterized protein YmcA => putative protein YmcA
[00:23:32] Modify product: UPF0342 protein SA1663 => hypothetical protein
[00:23:32] Modify product: Uncharacterized response regulatory protein SACOL0201 => putative response regulatory protein
[00:23:32] Modify product: Deacetylase EF_0837 => Deacetylase
[00:23:32] Modify product: UPF0397 protein SP_0482 => hypothetical protein
[00:23:32] Modify product: Uncharacterized protein PA2218 => putative protein
[00:23:32] Modify product: UPF0356 protein M6_Spy1605 => hypothetical protein
[00:23:32] Modify product: Uncharacterized protein YqgQ => putative protein YqgQ
[00:23:32] Modify product: Probable transcriptional regulatory protein HI_0315 => putative transcriptional regulatory protein
[00:23:32] Modify product: Uncharacterized protein Spy1535 => putative protein
[00:23:32] Modify product: UPF0374 protein SP_1903 => hypothetical protein
[00:23:32] Modify product: Uncharacterized protein YkuJ => putative protein YkuJ
[00:23:32] Modify product: Probable transcriptional regulatory protein SA0624 => putative transcriptional regulatory protein
[00:23:32] Modify product: UPF0154 protein SA1178 => hypothetical protein
[00:23:32] Cleaned 32 /product names
[00:23:32] Deleting unwanted file: genome_annotation//sprot.faa
[00:23:32] Deleting unwanted file: genome_annotation//sprot.blast
[00:23:33] There are still 558 unannotated CDS left (started with 2512)
[00:23:33] Will use hmmer3 to search against /home/icaro/Documentos/WGCA/.snakemake/conda/349eb0fd/db/hmm/HAMAP.hmm with 4 CPUs
[00:23:33] Running: cat genome_annotation\/\/HAMAP\.hmm\.faa | parallel --gnu --plain -j 4 --block 14648 --recstart '>' --pipe hmmscan --noali --notextw --acc -E 1e-09 --cpu 1 /home/icaro/Documentos/WGCA/.snakemake/conda/349eb0fd/db/hmm/HAMAP.hmm /dev/stdin > genome_annotation\/\/HAMAP\.hmm\.hmmer3 2> /dev/null
[00:23:42] Deleting unwanted file: genome_annotation//HAMAP.hmm.faa
[00:23:42] Deleting unwanted file: genome_annotation//HAMAP.hmm.hmmer3
[00:23:42] Labelling remaining 543 proteins as 'hypothetical protein'
[00:23:42] Possible /pseudo 'membrane protein' at gnl|Prokka|EEEOIMIJ_1 position 20020
[00:23:42] Possible /pseudo 'amino acid permease' at gnl|Prokka|EEEOIMIJ_1 position 26029
[00:23:42] Possible /pseudo 'AMP-binding family protein' at gnl|Prokka|EEEOIMIJ_2 position 19673
[00:23:42] Possible /pseudo 'ABC transporter permease' at gnl|Prokka|EEEOIMIJ_2 position 50200
[00:23:42] Possible /pseudo 'glycosyl transferase family protein' at gnl|Prokka|EEEOIMIJ_2 position 104182
[00:23:42] Possible /pseudo 'ABC transporter permease' at gnl|Prokka|EEEOIMIJ_3 position 4241
[00:23:42] Possible /pseudo 'p-aminobenzoyl-glutamate transport protein' at gnl|Prokka|EEEOIMIJ_3 position 51252
[00:23:42] Possible /pseudo 'Na+/H+ antiporter' at gnl|Prokka|EEEOIMIJ_4 position 13762
[00:23:42] Possible /pseudo 'translation-associated GTPase' at gnl|Prokka|EEEOIMIJ_5 position 24327
[00:23:42] Possible /pseudo 'LPXTG-motif protein cell wall anchor domain protein' at gnl|Prokka|EEEOIMIJ_6 position 13892
[00:23:42] Possible /pseudo 'peptidase, U32 family' at gnl|Prokka|EEEOIMIJ_8 position 81952
[00:23:42] Possible /pseudo 'ABC transporter permease' at gnl|Prokka|EEEOIMIJ_10 position 71175
[00:23:42] Possible /pseudo 'putative permease' at gnl|Prokka|EEEOIMIJ_11 position 6111
[00:23:42] Possible /pseudo 'LytTr DNA-binding domain protein' at gnl|Prokka|EEEOIMIJ_11 position 8067
[00:23:42] Possible /pseudo 'M protein trans-acting positive regulator' at gnl|Prokka|EEEOIMIJ_11 position 25436
[00:23:42] Possible /pseudo 'AraC family transcriptional regulator' at gnl|Prokka|EEEOIMIJ_12 position 61762
[00:23:42] Possible /pseudo 'Lactaldehyde reductase' at gnl|Prokka|EEEOIMIJ_12 position 67077
[00:23:42] Possible /pseudo 'TetR family dihydroxyacetone kinase regulator' at gnl|Prokka|EEEOIMIJ_14 position 7662
[00:23:42] Possible /pseudo 'ABC transporter ATP-binding protein/permease' at gnl|Prokka|EEEOIMIJ_18 position 19460
[00:23:42] Possible /pseudo 'ABC transporter ATP-binding protein' at gnl|Prokka|EEEOIMIJ_19 position 6337
[00:23:42] Possible /pseudo 'ABC transporter ATP-binding protein/permease' at gnl|Prokka|EEEOIMIJ_19 position 22455
[00:23:42] Possible /pseudo 'SIS domain-containing protein' at gnl|Prokka|EEEOIMIJ_19 position 32501
[00:23:42] Possible /pseudo 'peptide ABC transporter ATP-binding protein' at gnl|Prokka|EEEOIMIJ_23 position 36162
[00:23:42] Possible /pseudo 'ABC transporter permease' at gnl|Prokka|EEEOIMIJ_23 position 38095
[00:23:42] Possible /pseudo 'iron ABC transporter system permease' at gnl|Prokka|EEEOIMIJ_23 position 52569
[00:23:42] Possible /pseudo 'extracellular solute-binding protein' at gnl|Prokka|EEEOIMIJ_24 position 9924
[00:23:42] Possible /pseudo 'extracellular solute-binding protein' at gnl|Prokka|EEEOIMIJ_24 position 10772
[00:23:42] Possible /pseudo 'ABC transporter permease' at gnl|Prokka|EEEOIMIJ_24 position 13050
[00:23:42] Possible /pseudo 'AraC family transcriptional regulator' at gnl|Prokka|EEEOIMIJ_24 position 15934
[00:23:42] Possible /pseudo 'ABC transporter permease' at gnl|Prokka|EEEOIMIJ_24 position 44292
[00:23:42] Possible /pseudo 'ABC transporter ATP-binding protein' at gnl|Prokka|EEEOIMIJ_24 position 66489
[00:23:42] Possible /pseudo 'cadmium-translocating P-type ATPase' at gnl|Prokka|EEEOIMIJ_28 position 5668
[00:23:42] Possible /pseudo 'glucan 1,6-alpha-glucosidase' at gnl|Prokka|EEEOIMIJ_28 position 7578
[00:23:42] Possible /pseudo 'DNA-3-methyladenine glycosylase' at gnl|Prokka|EEEOIMIJ_29 position 23618
[00:23:42] Possible /pseudo 'YycH protein' at gnl|Prokka|EEEOIMIJ_29 position 116017
[00:23:42] Possible /pseudo 'phage minor structural protein' at gnl|Prokka|EEEOIMIJ_29 position 152559
[00:23:42] Possible /pseudo 'ABC transporter ATP-binding protein/permease' at gnl|Prokka|EEEOIMIJ_29 position 193776
[00:23:42] Possible /pseudo 'methyltransferase domain protein' at gnl|Prokka|EEEOIMIJ_29 position 215896
[00:23:42] Possible /pseudo 'ribosomal-protein-alanine acetyltransferase' at gnl|Prokka|EEEOIMIJ_30 position 30855
[00:23:42] Possible /pseudo 'ATP-dependent metalloprotease' at gnl|Prokka|EEEOIMIJ_31 position 5315
[00:23:42] Possible /pseudo 'ABC transporter permease' at gnl|Prokka|EEEOIMIJ_32 position 58014
[00:23:42] Possible /pseudo 'esterase' at gnl|Prokka|EEEOIMIJ_32 position 78653
[00:23:42] Possible /pseudo 'ABC transporter ATP-binding protein' at gnl|Prokka|EEEOIMIJ_32 position 83131
[00:23:42] Possible /pseudo 'Undecaprenyl-phosphate 4-deoxy-4-formamido-L-arabinose transferase' at gnl|Prokka|EEEOIMIJ_33 position 1221
[00:23:42] Possible /pseudo 'glycosyl transferase family protein' at gnl|Prokka|EEEOIMIJ_33 position 18299
[00:23:42] Possible /pseudo 'glycosyl transferase family protein' at gnl|Prokka|EEEOIMIJ_33 position 19126
[00:23:42] Possible /pseudo 'glycosyl transferase family protein' at gnl|Prokka|EEEOIMIJ_34 position 42295
[00:23:42] Possible /pseudo 'LPXTG-motif protein cell wall anchor domain protein' at gnl|Prokka|EEEOIMIJ_35 position 1933
[00:23:42] Possible /pseudo 'site-specific tyrosine recombinase XerC-family protein' at gnl|Prokka|EEEOIMIJ_35 position 74366
[00:23:42] Possible /pseudo 'copper-translocating P-type ATPase' at gnl|Prokka|EEEOIMIJ_40 position 30206
[00:23:42] Possible /pseudo 'isochorismatase hydrolase' at gnl|Prokka|EEEOIMIJ_41 position 45120
[00:23:42] Possible /pseudo 'phosphate ABC transporter ATP-binding protein' at gnl|Prokka|EEEOIMIJ_43 position 36732
[00:23:42] Possible /pseudo 'YibE/F-like protein' at gnl|Prokka|EEEOIMIJ_43 position 39443
[00:23:42] Possible /pseudo 'ABC transporter ATP-binding protein' at gnl|Prokka|EEEOIMIJ_44 position 17589
[00:23:42] Possible /pseudo 'ABC transporter permease' at gnl|Prokka|EEEOIMIJ_48 position 12997
[00:23:42] Possible /pseudo 'purine nucleoside phosphorylase' at gnl|Prokka|EEEOIMIJ_48 position 16078
[00:23:42] Possible /pseudo 'LPXTG-motif protein cell wall anchor domain protein' at gnl|Prokka|EEEOIMIJ_51 position 3529
[00:23:42] Possible /pseudo 'ISEfa8, transposase' at gnl|Prokka|EEEOIMIJ_61 position 402
[00:23:42] Found 531 unique /gene codes.
[00:23:42] Fixed 2 duplicate /gene - glvR_1 glvR_2
[00:23:42] Fixed 2 duplicate /gene - clpX_1 clpX_2
[00:23:42] Fixed 2 duplicate /gene - pepV_1 pepV_2
[00:23:42] Fixed 2 duplicate /gene - arcB_1 arcB_2
[00:23:42] Fixed 2 duplicate /gene - oppD_1 oppD_2
[00:23:42] Fixed 2 duplicate /gene - tuf_1 tuf_2
[00:23:42] Fixed 2 duplicate /gene - gatB_1 gatB_2
[00:23:42] Fixed 2 duplicate /gene - lexA_1 lexA_2
[00:23:42] Fixed 2 duplicate /gene - cbiO_1 cbiO_2
[00:23:42] Fixed 2 duplicate /gene - yadG_1 yadG_2
[00:23:42] Fixed 2 duplicate /gene - dnaJ_1 dnaJ_2
[00:23:42] Fixed 2 duplicate /gene - abgT_1 abgT_2
[00:23:42] Fixed 6 duplicate /gene - xerC_1 xerC_2 xerC_3 xerC_4 xerC_5 xerC_6
[00:23:42] Fixed 3 duplicate /gene - uvrA_1 uvrA_2 uvrA_3
[00:23:42] Fixed 3 duplicate /gene - dexB_1 dexB_2 dexB_3
[00:23:42] Fixed 2 duplicate /gene - cspC_1 cspC_2
[00:23:42] Fixed 2 duplicate /gene - prsA_1 prsA_2
[00:23:42] Fixed 2 duplicate /gene - arnC_1 arnC_2
[00:23:42] Fixed 2 duplicate /gene - hflB_1 hflB_2
[00:23:42] Fixed 2 duplicate /gene - fucO_1 fucO_2
[00:23:42] Fixed 2 duplicate /gene - dfrD_1 dfrD_2
[00:23:42] Fixed 2 duplicate /gene - gatA_1 gatA_2
[00:23:42] Fixed 2 duplicate /gene - msrA_1 msrA_2
[00:23:42] Fixed 2 duplicate /gene - rfbX_1 rfbX_2
[00:23:42] Fixed 2 duplicate /gene - lacD1_1 lacD1_2
[00:23:42] Fixed 2 duplicate /gene - arcC_1 arcC_2
[00:23:42] Fixed 2 duplicate /gene - spxA_1 spxA_2
[00:23:42] Fixed 27 colliding /gene names.
[00:23:42] Adding /locus_tag identifiers
[00:23:42] Assigned 2569 locus_tags to CDS and RNA features.
[00:23:42] Writing outputs to genome_annotation//
[00:23:43] Generating annotation statistics file
[00:23:43] Generating Genbank and Sequin files
[00:23:43] Running: tbl2asn -V b -a r10k -l paired-ends -M n -N 1 -y 'Annotated using prokka 1.14.0 from https://github.com/tseemann/prokka' -Z genome_annotation\/\/MP10\-1\.err -i genome_annotation\/\/MP10\-1\.fsa 2> /dev/null
[00:23:49] Deleting unwanted file: genome_annotation//errorsummary.val
[00:23:49] Deleting unwanted file: genome_annotation//MP10-1.dr
[00:23:49] Deleting unwanted file: genome_annotation//MP10-1.fixedproducts
[00:23:49] Deleting unwanted file: genome_annotation//MP10-1.ecn
[00:23:49] Deleting unwanted file: genome_annotation//MP10-1.val
[00:23:49] Repairing broken .GBK output that tbl2asn produces...
[00:23:49] Running: sed 's/COORDINATES: profile/COORDINATES:profile/' < genome_annotation\/\/MP10\-1\.gbf > genome_annotation\/\/MP10\-1\.gbk
[00:23:49] Deleting unwanted file: genome_annotation//MP10-1.gbf
[00:23:49] Output files:
[00:23:49] genome_annotation/MP10-1.err
[00:23:49] genome_annotation/MP10-1.txt
[00:23:49] genome_annotation/MP10-1.log
[00:23:49] genome_annotation/MP10-1.sqn
[00:23:49] genome_annotation/MP10-1.fsa
[00:23:49] genome_annotation/MP10-1.faa
[00:23:49] genome_annotation/MP10-1.tsv
[00:23:49] genome_annotation/MP10-1.tbl
[00:23:49] genome_annotation/MP10-1.gff
[00:23:49] genome_annotation/MP10-1.fna
[00:23:49] genome_annotation/MP10-1.gbk
[00:23:49] genome_annotation/MP10-1.ffn
[00:23:49] Annotation finished successfully.
[00:23:49] Walltime used: 1.05 minutes
[00:23:49] If you use this result please cite the Prokka paper:
[00:23:49] Seemann T (2014) Prokka: rapid prokaryotic genome annotation. Bioinformatics. 30(14):2068-9.
[00:23:49] Type 'prokka --citation' for more details.
[00:23:49] Share and enjoy!
