[22:51:20] This is prokka 1.14.0
[22:51:20] Written by Torsten Seemann <torsten.seemann@gmail.com>
[22:51:20] Homepage is https://github.com/tseemann/prokka
[22:51:20] Local time is Thu Sep  5 22:51:20 2019
[22:51:20] You are icaro
[22:51:20] Operating system is linux
[22:51:20] You have BioPerl 1.007002
[22:51:20] System has 4 cores.
[22:51:20] Option --cpu asked for 8 cores, but system only has 4
[22:51:20] Will use maximum of 4 cores.
[22:51:20] Annotating as >>> Bacteria <<<
[22:51:20] Generating locus_tag from 'data/samples/MP7-18.fasta' contents.
[22:51:20] Setting --locustag APPIIOAB from MD5 a99228abc983b3d3e7dbb4954f0e2ee4
[22:51:20] Enabling options to ensure Genbank/ENA/DDJB submission compliance.
[22:51:20] Re-using existing --outdir genome_annotation/
[22:51:20] Using filename prefix: MP7-18.XXX
[22:51:20] Setting HMMER_NCPU=1
[22:51:20] Writing log to: genome_annotation//MP7-18.log
[22:51:20] Command: /home/icaro/Documentos/WGCA/.snakemake/conda/349eb0fd/bin/prokka --force --outdir genome_annotation/ --usegenus --Genus Enterococcus --compliant --prefix MP7-18 data/samples/MP7-18.fasta
[22:51:20] Appending to PATH: /home/icaro/Documentos/WGCA/.snakemake/conda/349eb0fd/bin
[22:51:20] Looking for 'aragorn' - found /home/icaro/Documentos/WGCA/.snakemake/conda/349eb0fd/bin/aragorn
[22:51:20] Determined aragorn version is 1.2
[22:51:20] Looking for 'barrnap' - found /home/icaro/Documentos/WGCA/.snakemake/conda/349eb0fd/bin/barrnap
[22:51:20] Determined barrnap version is 0.9
[22:51:20] Looking for 'blastp' - found /home/icaro/Documentos/WGCA/.snakemake/conda/349eb0fd/bin/blastp
[22:51:20] Determined blastp version is 2.9
[22:51:20] Looking for 'cmpress' - found /home/icaro/Documentos/WGCA/.snakemake/conda/349eb0fd/bin/cmpress
[22:51:20] Determined cmpress version is 1.1
[22:51:20] Looking for 'cmscan' - found /home/icaro/Documentos/WGCA/.snakemake/conda/349eb0fd/bin/cmscan
[22:51:20] Determined cmscan version is 1.1
[22:51:20] Looking for 'egrep' - found /bin/egrep
[22:51:20] Looking for 'find' - found /usr/bin/find
[22:51:20] Looking for 'grep' - found /bin/grep
[22:51:20] Looking for 'hmmpress' - found /home/icaro/Documentos/WGCA/.snakemake/conda/349eb0fd/bin/hmmpress
[22:51:20] Determined hmmpress version is 3.2
[22:51:20] Looking for 'hmmscan' - found /home/icaro/Documentos/WGCA/.snakemake/conda/349eb0fd/bin/hmmscan
[22:51:20] Determined hmmscan version is 3.2
[22:51:20] Looking for 'java' - found /home/icaro/Documentos/WGCA/.snakemake/conda/349eb0fd/bin/java
[22:51:20] Looking for 'less' - found /usr/bin/less
[22:51:20] Looking for 'makeblastdb' - found /home/icaro/Documentos/WGCA/.snakemake/conda/349eb0fd/bin/makeblastdb
[22:51:20] Determined makeblastdb version is 2.9
[22:51:20] Looking for 'minced' - found /home/icaro/Documentos/WGCA/.snakemake/conda/349eb0fd/bin/minced
[22:51:20] Determined minced version is 4.2
[22:51:20] Looking for 'parallel' - found /home/icaro/Documentos/WGCA/.snakemake/conda/349eb0fd/bin/parallel
[22:51:20] Determined parallel version is 20190722
[22:51:20] Looking for 'prodigal' - found /home/icaro/Documentos/WGCA/.snakemake/conda/349eb0fd/bin/prodigal
[22:51:20] Determined prodigal version is 2.6
[22:51:20] Looking for 'prokka-genbank_to_fasta_db' - found /home/icaro/Documentos/WGCA/.snakemake/conda/349eb0fd/bin/prokka-genbank_to_fasta_db
[22:51:20] Looking for 'sed' - found /bin/sed
[22:51:20] Looking for 'tbl2asn' - found /home/icaro/Documentos/WGCA/.snakemake/conda/349eb0fd/bin/tbl2asn
[22:51:20] Determined tbl2asn version is 25.7
[22:51:20] Using genetic code table 11.
[22:51:20] Loading and checking input file: data/samples/MP7-18.fasta
[22:51:20] Wrote 30 contigs totalling 3156314 bp.
[22:51:20] Predicting tRNAs and tmRNAs
[22:51:20] Running: aragorn -l -gc11  -w genome_annotation\/\/MP7\-18\.fna
[22:51:22] 1 tRNA-Gln c[59985,60058] 34 (ttg)
[22:51:22] 2 tRNA-Tyr c[60064,60144] 35 (gta)
[22:51:22] 3 tRNA-Arg [101793,101867] 35 (ccg)
[22:51:22] 4 tRNA-Thr c[383549,383621] 34 (cgt)
[22:51:22] 5 tRNA-Lys [471386,471460] 35 (ctt)
[22:51:22] 1 tmRNA [60767,61131] 92,130 AKNENNSYALAA*
[22:51:22] 2 tRNA-Ser [99982,100069] 33 (cga)
[22:51:22] 1 tRNA-Val [238,312] 35 (tac)
[22:51:22] 2 tRNA-Lys [314,388] 35 (ttt)
[22:51:22] 3 tRNA-Leu [394,478] 36 (tag)
[22:51:22] 4 tRNA-Thr [503,575] 34 (tgt)
[22:51:22] 5 tRNA-Gly [586,657] 33 (gcc)
[22:51:22] 6 tRNA-Leu [675,760] 35 (taa)
[22:51:22] 7 tRNA-Arg [770,845] 36 (acg)
[22:51:22] 8 tRNA-Pro [861,936] 36 (tgg)
[22:51:22] 9 tRNA-Arg [998,1073] 36 (acg)
[22:51:22] 1 tRNA-Asn [131,206] 36 (gtt)
[22:51:22] 2 tRNA-Thr c[827,899] 34 (ggt)
[22:51:22] 3 tRNA-Asn [1098,1173] 36 (gtt)
[22:51:22] 4 tRNA-Arg [81566,81641] 36 (tct)
[22:51:22] 5 tRNA-Arg c[145002,145078] 36 (cct)
[22:51:22] 1 tRNA-Glu c[95405,95479] 35 (ttc)
[22:51:22] 2 tRNA-Ile c[95498,95573] 36 (gat)
[22:51:22] 3 tRNA-Gly c[95584,95654] 33 (tcc)
[22:51:22] 4 tRNA-Phe c[95658,95732] 35 (gaa)
[22:51:22] 5 tRNA-Asp c[95734,95808] 35 (gtc)
[22:51:22] 6 tRNA-Met c[95825,95900] 36 (cat)
[22:51:22] 7 tRNA-Ser c[95911,96000] 37 (tga)
[22:51:22] 8 tRNA-Glu c[96013,96086] 35 (ttc)
[22:51:22] 9 tRNA-Ser c[96099,96188] 36 (gct)
[22:51:22] 10 tRNA-Ile c[96211,96286] 36 (gat)
[22:51:22] 11 tRNA-Gly c[96298,96368] 33 (tcc)
[22:51:22] 12 tRNA-Asp c[96370,96445] 34 (gtc)
[22:51:22] 13 tRNA-Met c[96463,96538] 36 (cat)
[22:51:22] 14 tRNA-Ser c[96549,96638] 37 (tga)
[22:51:22] 15 tRNA-Met c[96660,96735] 36 (cat)
[22:51:22] 16 tRNA-Met c[96748,96823] 36 (cat)
[22:51:22] 17 tRNA-Ala c[96851,96923] 34 (tgc)
[22:51:22] 18 tRNA-Pro c[96941,97014] 35 (tgg)
[22:51:22] 19 tRNA-Arg c[97023,97098] 36 (acg)
[22:51:22] 20 tRNA-Leu c[97108,97193] 35 (taa)
[22:51:22] 1 tRNA-Leu [11494,11577] 35 (gag)
[22:51:22] 1 tRNA-Asn c[35,110] 36 (gtt)
[22:51:22] 1 tRNA-Asp c[121452,121526] 35 (gtc)
[22:51:22] 2 tRNA-Trp c[121595,121667] 34 (cca)
[22:51:22] 3 tRNA-Ser c[121909,121995] 34 (tga)
[22:51:22] 4 tRNA-Arg c[122001,122074] 35 (tct)
[22:51:22] 1 tRNA-Leu c[89337,89423] 36 (caa)
[22:51:22] 2 tRNA-Gln c[89438,89511] 34 (ttg)
[22:51:22] 3 tRNA-His c[89520,89593] 34 (gtg)
[22:51:22] 4 tRNA-Leu c[89657,89743] 36 (caa)
[22:51:22] 5 tRNA-Cys c[89759,89829] 33 (gca)
[22:51:22] 6 tRNA-Gln c[89865,89940] 34 (ttg)
[22:51:22] 7 tRNA-His c[89948,90022] 35 (gtg)
[22:51:22] 8 tRNA-Trp c[90024,90097] 33 (cca)
[22:51:22] 9 tRNA-Tyr c[90103,90185] 36 (gta)
[22:51:22] 10 tRNA-Phe c[90186,90261] 34 (gaa)
[22:51:22] 11 tRNA-Asp c[90303,90378] 35 (gtc)
[22:51:22] 12 tRNA-Val c[90386,90460] 35 (tac)
[22:51:22] 13 tRNA-Glu c[90475,90548] 35 (ttc)
[22:51:22] 14 tRNA-Ser c[90563,90653] 36 (gga)
[22:51:22] 15 tRNA-Asn c[90691,90766] 36 (gtt)
[22:51:22] Found 62 tRNAs
[22:51:22] Predicting Ribosomal RNAs
[22:51:22] Running Barrnap with 4 threads
[22:51:23] 1 gnl|Prokka|APPIIOAB_11 114 5S ribosomal RNA
[22:51:23] 2 gnl|Prokka|APPIIOAB_12 7 5S ribosomal RNA
[22:51:23] 3 gnl|Prokka|APPIIOAB_15 250889 5S ribosomal RNA
[22:51:23] 4 gnl|Prokka|APPIIOAB_18 125 5S ribosomal RNA
[22:51:23] 5 gnl|Prokka|APPIIOAB_18 329 23S ribosomal RNA
[22:51:23] 6 gnl|Prokka|APPIIOAB_18 3586 16S ribosomal RNA
[22:51:23] 7 gnl|Prokka|APPIIOAB_21 90781 5S ribosomal RNA
[22:51:23] Found 7 rRNAs
[22:51:23] Skipping ncRNA search, enable with --rfam if desired.
[22:51:23] Total of 68 tRNA + rRNA features
[22:51:23] Searching for CRISPR repeats
[22:51:24] Found 0 CRISPRs
[22:51:24] Predicting coding sequences
[22:51:24] Contigs total 3156314 bp, so using single mode
[22:51:24] Running: prodigal -i genome_annotation\/\/MP7\-18\.fna -c -m -g 11 -p single -f sco -q
[22:51:28] Found 2885 CDS
[22:51:28] Connecting features back to sequences
[22:51:28] Using custom Enterococcus database for annotation
[22:51:28] Annotating CDS, please be patient.
[22:51:28] Will use 4 CPUs for similarity searching.
[22:51:29] There are still 2885 unannotated CDS left (started with 2885)
[22:51:29] Will use blast to search against /home/icaro/Documentos/WGCA/.snakemake/conda/349eb0fd/db/genus/Enterococcus with 4 CPUs
[22:51:29] Running: cat genome_annotation\/\/Enterococcus\.faa | parallel --gnu --plain -j 4 --block 114767 --recstart '>' --pipe blastp -query - -db /home/icaro/Documentos/WGCA/.snakemake/conda/349eb0fd/db/genus/Enterococcus -evalue 1e-09 -qcov_hsp_perc 80 -num_threads 1 -num_descriptions 1 -num_alignments 1 -seg no > genome_annotation\/\/Enterococcus\.blast 2> /dev/null
[22:51:46] Modify product: site-specific tyrosine recombinase XerC-family => site-specific tyrosine recombinase XerC-family protein
[22:51:46] Modify product: excisionase family DNA binding domain => excisionase family DNA binding domain protein
[22:51:46] Modify product: Sporulation Regulator WhiA N terminal => hypothetical protein
[22:51:47] Modify product: transcriptional regulator Spx-family => transcriptional regulator Spx-family protein
[22:51:47] Modify product: putative RNA-binding protein containing a PIN domain => putative RNA-binding protein containing a PIN domain protein
[22:51:48] Modify product: radical SAM protein family => radical SAM protein family protein
[22:51:48] Modify product: site-specific tyrosine recombinase XerC-family => site-specific tyrosine recombinase XerC-family protein
[22:51:48] Modify product: site-specific tyrosine recombinase XerD-family => site-specific tyrosine recombinase XerD-family protein
[22:51:48] Cleaned 8 /product names
[22:51:48] Deleting unwanted file: genome_annotation//Enterococcus.faa
[22:51:48] Deleting unwanted file: genome_annotation//Enterococcus.blast
[22:51:49] There are still 1131 unannotated CDS left (started with 2885)
[22:51:49] Will use blast to search against /home/icaro/Documentos/WGCA/.snakemake/conda/349eb0fd/db/kingdom/Bacteria/IS with 4 CPUs
[22:51:49] Running: cat genome_annotation\/\/IS\.faa | parallel --gnu --plain -j 4 --block 39834 --recstart '>' --pipe blastp -query - -db /home/icaro/Documentos/WGCA/.snakemake/conda/349eb0fd/db/kingdom/Bacteria/IS -evalue 1e-30 -qcov_hsp_perc 90 -num_threads 1 -num_descriptions 1 -num_alignments 1 -seg no > genome_annotation\/\/IS\.blast 2> /dev/null
[22:51:57] Deleting unwanted file: genome_annotation//IS.faa
[22:51:57] Deleting unwanted file: genome_annotation//IS.blast
[22:51:58] There are still 1131 unannotated CDS left (started with 2885)
[22:51:58] Will use blast to search against /home/icaro/Documentos/WGCA/.snakemake/conda/349eb0fd/db/kingdom/Bacteria/AMR with 4 CPUs
[22:51:58] Running: cat genome_annotation\/\/AMR\.faa | parallel --gnu --plain -j 4 --block 39834 --recstart '>' --pipe blastp -query - -db /home/icaro/Documentos/WGCA/.snakemake/conda/349eb0fd/db/kingdom/Bacteria/AMR -evalue 9.99999999999999e-301 -qcov_hsp_perc 90 -num_threads 1 -num_descriptions 1 -num_alignments 1 -seg no > genome_annotation\/\/AMR\.blast 2> /dev/null
[22:52:04] Deleting unwanted file: genome_annotation//AMR.faa
[22:52:04] Deleting unwanted file: genome_annotation//AMR.blast
[22:52:04] There are still 1131 unannotated CDS left (started with 2885)
[22:52:04] Will use blast to search against /home/icaro/Documentos/WGCA/.snakemake/conda/349eb0fd/db/kingdom/Bacteria/sprot with 4 CPUs
[22:52:04] Running: cat genome_annotation\/\/sprot\.faa | parallel --gnu --plain -j 4 --block 39834 --recstart '>' --pipe blastp -query - -db /home/icaro/Documentos/WGCA/.snakemake/conda/349eb0fd/db/kingdom/Bacteria/sprot -evalue 1e-09 -qcov_hsp_perc 80 -num_threads 1 -num_descriptions 1 -num_alignments 1 -seg no > genome_annotation\/\/sprot\.blast 2> /dev/null
[22:52:36] Modify product: Putative esterase HI_1161 => Putative esterase
[22:52:36] Modify product: UPF0291 protein SP_1473 => hypothetical protein
[22:52:36] Modify product: UPF0145 protein YbjQ => hypothetical protein
[22:52:36] Modify product: Uncharacterized protein YueI => putative protein YueI
[22:52:36] Modify product: Uncharacterized protein YqgQ => putative protein YqgQ
[22:52:36] Modify product: UPF0398 protein YpsA => hypothetical protein
[22:52:36] Modify product: UPF0340 protein YwlG => hypothetical protein
[22:52:36] Modify product: UPF0154 protein SA1178 => hypothetical protein
[22:52:36] Modify product: UPF0473 protein SP_0194 => hypothetical protein
[22:52:36] Modify product: UPF0297 protein EF_1202 => hypothetical protein
[22:52:36] Modify product: Deacetylase EF_0837 => Deacetylase
[22:52:36] Modify product: UPF0701 protein YicC => hypothetical protein
[22:52:36] Modify product: UPF0356 protein M6_Spy1605 => hypothetical protein
[22:52:36] Modify product: Nucleoid-associated protein SP_1102 => Nucleoid-associated protein
[22:52:36] Modify product: Uncharacterized protein YaaQ => putative protein YaaQ
[22:52:36] Modify product: Uncharacterized protein Spy1535 => putative protein
[22:52:36] Modify product: UPF0374 protein SP_1903 => hypothetical protein
[22:52:36] Modify product: Uncharacterized protein YkuJ => putative protein YkuJ
[22:52:36] Modify product: Probable transcriptional regulatory protein YeeN => putative transcriptional regulatory protein YeeN
[22:52:36] Modify product: UPF0342 protein SA1663 => hypothetical protein
[22:52:36] Modify product: Uncharacterized membrane protein YuaF => putative membrane protein YuaF
[22:52:36] Modify product: Putative trans-acting regulator SP_1800 => Putative trans-acting regulator
[22:52:36] Modify product: UPF0316 protein SA1727 => hypothetical protein
[22:52:36] Modify product: UPF0346 protein YozE => hypothetical protein
[22:52:36] Modify product: Uncharacterized ABC transporter permease YknZ => putative ABC transporter permease YknZ
[22:52:36] Modify product: D-galactonate dehydratase family member EGBG_01401 => D-galactonate dehydratase family member
[22:52:36] Modify product: Uncharacterized protein SAV1875 => putative protein
[22:52:36] Modify product: UPF0302 protein BA_1542/GBAA_1542/BAS1430 => hypothetical protein
[22:52:36] Modify product: UPF0358 protein EF_2458 => hypothetical protein
[22:52:36] Modify product: UPF0223 protein BH2638 => hypothetical protein
[22:52:36] Cleaned 30 /product names
[22:52:36] Deleting unwanted file: genome_annotation//sprot.faa
[22:52:36] Deleting unwanted file: genome_annotation//sprot.blast
[22:52:37] There are still 1008 unannotated CDS left (started with 2885)
[22:52:37] Will use hmmer3 to search against /home/icaro/Documentos/WGCA/.snakemake/conda/349eb0fd/db/hmm/HAMAP.hmm with 4 CPUs
[22:52:37] Running: cat genome_annotation\/\/HAMAP\.hmm\.faa | parallel --gnu --plain -j 4 --block 34911 --recstart '>' --pipe hmmscan --noali --notextw --acc -E 1e-09 --cpu 1 /home/icaro/Documentos/WGCA/.snakemake/conda/349eb0fd/db/hmm/HAMAP.hmm /dev/stdin > genome_annotation\/\/HAMAP\.hmm\.hmmer3 2> /dev/null
[22:52:55] Deleting unwanted file: genome_annotation//HAMAP.hmm.faa
[22:52:55] Deleting unwanted file: genome_annotation//HAMAP.hmm.hmmer3
[22:52:55] Labelling remaining 978 proteins as 'hypothetical protein'
[22:52:55] Possible /pseudo 'YibE/F-like protein' at gnl|Prokka|APPIIOAB_1 position 35206
[22:52:55] Possible /pseudo 'phosphate ABC transporter ATP-binding protein' at gnl|Prokka|APPIIOAB_1 position 38055
[22:52:55] Possible /pseudo 'Phosphate-import permease protein PhnE' at gnl|Prokka|APPIIOAB_1 position 285232
[22:52:55] Possible /pseudo 'IS1476 , transposase' at gnl|Prokka|APPIIOAB_1 position 350317
[22:52:55] Possible /pseudo 'ABC transporter permease' at gnl|Prokka|APPIIOAB_1 position 374580
[22:52:55] Possible /pseudo 'ABC transporter ATP-binding protein/permease' at gnl|Prokka|APPIIOAB_1 position 429982
[22:52:55] Possible /pseudo 'PTS system lactose/cellobiose-specific transporter subunit IIC' at gnl|Prokka|APPIIOAB_1 position 456027
[22:52:55] Possible /pseudo 'YycH protein' at gnl|Prokka|APPIIOAB_1 position 462727
[22:52:55] Possible /pseudo 'transketolase' at gnl|Prokka|APPIIOAB_1 position 548395
[22:52:55] Possible /pseudo 'DNA-3-methyladenine glycosylase' at gnl|Prokka|APPIIOAB_1 position 589236
[22:52:55] Possible /pseudo 'calcium-translocating P-type ATPase' at gnl|Prokka|APPIIOAB_2 position 89414
[22:52:55] Possible /pseudo 'ABC transporter permease' at gnl|Prokka|APPIIOAB_2 position 154986
[22:52:55] Possible /pseudo 'ABC transporter permease' at gnl|Prokka|APPIIOAB_3 position 28578
[22:52:55] Possible /pseudo 'translation-associated GTPase' at gnl|Prokka|APPIIOAB_5 position 8503
[22:52:55] Possible /pseudo 'iron ABC transporter system permease' at gnl|Prokka|APPIIOAB_7 position 7353
[22:52:55] Possible /pseudo 'ABC transporter permease' at gnl|Prokka|APPIIOAB_7 position 27009
[22:52:55] Possible /pseudo 'peptide ABC transporter ATP-binding protein' at gnl|Prokka|APPIIOAB_7 position 28916
[22:52:55] Possible /pseudo 'purine nucleoside phosphorylase' at gnl|Prokka|APPIIOAB_7 position 68740
[22:52:55] Possible /pseudo 'ABC transporter permease' at gnl|Prokka|APPIIOAB_7 position 71858
[22:52:55] Possible /pseudo 'ABC transporter permease' at gnl|Prokka|APPIIOAB_7 position 95012
[22:52:55] Possible /pseudo 'ribosomal-protein-alanine acetyltransferase' at gnl|Prokka|APPIIOAB_8 position 12358
[22:52:55] Possible /pseudo 'ABC transporter ATP-binding protein' at gnl|Prokka|APPIIOAB_8 position 172858
[22:52:55] Possible /pseudo 'ABC transporter permease' at gnl|Prokka|APPIIOAB_8 position 189425
[22:52:55] Possible /pseudo 'membrane protein' at gnl|Prokka|APPIIOAB_10 position 51816
[22:52:55] Possible /pseudo 'PTS system ascorbate-specific transporter subunit IIA' at gnl|Prokka|APPIIOAB_10 position 101585
[22:52:55] Possible /pseudo 'GlcNAc-binding protein A' at gnl|Prokka|APPIIOAB_10 position 143036
[22:52:55] Possible /pseudo 'peptidase, U32 family' at gnl|Prokka|APPIIOAB_11 position 5367
[22:52:55] Possible /pseudo 'ABC transporter ATP-binding protein/permease' at gnl|Prokka|APPIIOAB_12 position 24067
[22:52:55] Possible /pseudo 'glycosyl transferase family protein' at gnl|Prokka|APPIIOAB_12 position 152475
[22:52:55] Possible /pseudo 'glycosyl transferase family protein' at gnl|Prokka|APPIIOAB_12 position 153304
[22:52:55] Possible /pseudo 'glycosyl transferase family protein' at gnl|Prokka|APPIIOAB_12 position 222195
[22:52:55] Possible /pseudo 'ABC transporter permease' at gnl|Prokka|APPIIOAB_13 position 9955
[22:52:55] Possible /pseudo 'ABC transporter permease' at gnl|Prokka|APPIIOAB_13 position 40795
[22:52:55] Possible /pseudo 'ABC transporter ATP-binding protein' at gnl|Prokka|APPIIOAB_13 position 78426
[22:52:55] Possible /pseudo 'copper-translocating P-type ATPase' at gnl|Prokka|APPIIOAB_14 position 38509
[22:52:55] Possible /pseudo 'ABC transporter ATP-binding protein/permease' at gnl|Prokka|APPIIOAB_15 position 45521
[22:52:55] Possible /pseudo 'ABC transporter ATP-binding protein' at gnl|Prokka|APPIIOAB_15 position 63047
[22:52:55] Possible /pseudo 'LPXTG-motif protein cell wall anchor domain protein' at gnl|Prokka|APPIIOAB_15 position 239531
[22:52:55] Possible /pseudo 'PTS system, fructose-specific IIBC component' at gnl|Prokka|APPIIOAB_16 position 10441
[22:52:55] Possible /pseudo 'glycosyl transferase family protein' at gnl|Prokka|APPIIOAB_20 position 26479
[22:52:55] Possible /pseudo 'FtsW/RodA/SpoVE family cell cycle protein' at gnl|Prokka|APPIIOAB_21 position 47854
[22:52:55] Found 581 unique /gene codes.
[22:52:55] Fixed 2 duplicate /gene - nox_1 nox_2
[22:52:55] Fixed 2 duplicate /gene - dfrD_1 dfrD_2
[22:52:55] Fixed 2 duplicate /gene - bmrR_1 bmrR_2
[22:52:55] Fixed 3 duplicate /gene - tkt_1 tkt_2 tkt_3
[22:52:55] Fixed 3 duplicate /gene - metN2_1 metN2_2 metN2_3
[22:52:55] Fixed 2 duplicate /gene - kdpB_1 kdpB_2
[22:52:55] Fixed 2 duplicate /gene - sagG_1 sagG_2
[22:52:55] Fixed 2 duplicate /gene - cbiO_1 cbiO_2
[22:52:55] Fixed 2 duplicate /gene - phnE_1 phnE_2
[22:52:55] Fixed 3 duplicate /gene - artM_1 artM_2 artM_3
[22:52:55] Fixed 4 duplicate /gene - gbpA_1 gbpA_2 gbpA_3 gbpA_4
[22:52:55] Fixed 2 duplicate /gene - rmlB_1 rmlB_2
[22:52:55] Fixed 2 duplicate /gene - tuf_1 tuf_2
[22:52:55] Fixed 2 duplicate /gene - pfkA_1 pfkA_2
[22:52:55] Fixed 2 duplicate /gene - nrdI_1 nrdI_2
[22:52:55] Fixed 2 duplicate /gene - araG_1 araG_2
[22:52:55] Fixed 2 duplicate /gene - lysM_1 lysM_2
[22:52:55] Fixed 2 duplicate /gene - arcC_1 arcC_2
[22:52:55] Fixed 2 duplicate /gene - ndoA_1 ndoA_2
[22:52:55] Fixed 2 duplicate /gene - lepA_1 lepA_2
[22:52:55] Fixed 2 duplicate /gene - fhuB_1 fhuB_2
[22:52:55] Fixed 2 duplicate /gene - rhaR_1 rhaR_2
[22:52:55] Fixed 2 duplicate /gene - pdhB_1 pdhB_2
[22:52:55] Fixed 2 duplicate /gene - clpX_1 clpX_2
[22:52:55] Fixed 2 duplicate /gene - potC_1 potC_2
[22:52:55] Fixed 2 duplicate /gene - metQ_1 metQ_2
[22:52:55] Fixed 2 duplicate /gene - potA_1 potA_2
[22:52:55] Fixed 2 duplicate /gene - tadA_1 tadA_2
[22:52:55] Fixed 2 duplicate /gene - lacG_1 lacG_2
[22:52:55] Fixed 2 duplicate /gene - csd_1 csd_2
[22:52:55] Fixed 4 duplicate /gene - xerC_1 xerC_2 xerC_3 xerC_4
[22:52:55] Fixed 2 duplicate /gene - soj_1 soj_2
[22:52:55] Fixed 2 duplicate /gene - pepV_1 pepV_2
[22:52:55] Fixed 2 duplicate /gene - uvrA_1 uvrA_2
[22:52:55] Fixed 2 duplicate /gene - mgtE_1 mgtE_2
[22:52:55] Fixed 2 duplicate /gene - fhuC_1 fhuC_2
[22:52:55] Fixed 2 duplicate /gene - nagB_1 nagB_2
[22:52:55] Fixed 37 colliding /gene names.
[22:52:55] Adding /locus_tag identifiers
[22:52:55] Assigned 2954 locus_tags to CDS and RNA features.
[22:52:55] Writing outputs to genome_annotation//
[22:52:57] Generating annotation statistics file
[22:52:57] Generating Genbank and Sequin files
[22:52:57] Running: tbl2asn -V b -a r10k -l paired-ends -M n -N 1 -y 'Annotated using prokka 1.14.0 from https://github.com/tseemann/prokka' -Z genome_annotation\/\/MP7\-18\.err -i genome_annotation\/\/MP7\-18\.fsa 2> /dev/null
[22:53:04] Deleting unwanted file: genome_annotation//errorsummary.val
[22:53:04] Deleting unwanted file: genome_annotation//MP7-18.dr
[22:53:04] Deleting unwanted file: genome_annotation//MP7-18.fixedproducts
[22:53:04] Deleting unwanted file: genome_annotation//MP7-18.ecn
[22:53:04] Deleting unwanted file: genome_annotation//MP7-18.val
[22:53:04] Repairing broken .GBK output that tbl2asn produces...
[22:53:04] Running: sed 's/COORDINATES: profile/COORDINATES:profile/' < genome_annotation\/\/MP7\-18\.gbf > genome_annotation\/\/MP7\-18\.gbk
[22:53:04] Deleting unwanted file: genome_annotation//MP7-18.gbf
[22:53:04] Output files:
[22:53:04] genome_annotation/MP7-18.tbl
[22:53:04] genome_annotation/MP7-18.fsa
[22:53:04] genome_annotation/MP7-18.fna
[22:53:04] genome_annotation/MP7-18.tsv
[22:53:04] genome_annotation/MP7-18.log
[22:53:04] genome_annotation/MP7-18.gbk
[22:53:04] genome_annotation/MP7-18.gff
[22:53:04] genome_annotation/MP7-18.txt
[22:53:04] genome_annotation/MP7-18.faa
[22:53:04] genome_annotation/MP7-18.sqn
[22:53:04] genome_annotation/MP7-18.err
[22:53:04] genome_annotation/MP7-18.ffn
[22:53:04] Annotation finished successfully.
[22:53:04] Walltime used: 1.73 minutes
[22:53:04] If you use this result please cite the Prokka paper:
[22:53:04] Seemann T (2014) Prokka: rapid prokaryotic genome annotation. Bioinformatics. 30(14):2068-9.
[22:53:04] Type 'prokka --citation' for more details.
[22:53:04] Thank you, come again.
