[00:15:41] This is prokka 1.14.0
[00:15:41] Written by Torsten Seemann <torsten.seemann@gmail.com>
[00:15:41] Homepage is https://github.com/tseemann/prokka
[00:15:41] Local time is Fri Sep  6 00:15:41 2019
[00:15:41] You are icaro
[00:15:41] Operating system is linux
[00:15:41] You have BioPerl 1.007002
[00:15:41] System has 4 cores.
[00:15:41] Option --cpu asked for 8 cores, but system only has 4
[00:15:41] Will use maximum of 4 cores.
[00:15:41] Annotating as >>> Bacteria <<<
[00:15:41] Generating locus_tag from 'data/samples/MP8-17.fasta' contents.
[00:15:41] Setting --locustag HOMGNHKM from MD5 186071463e7649addb69bc65df385425
[00:15:41] Enabling options to ensure Genbank/ENA/DDJB submission compliance.
[00:15:41] Re-using existing --outdir genome_annotation/
[00:15:41] Using filename prefix: MP8-17.XXX
[00:15:41] Setting HMMER_NCPU=1
[00:15:41] Writing log to: genome_annotation//MP8-17.log
[00:15:41] Command: /home/icaro/Documentos/WGCA/.snakemake/conda/349eb0fd/bin/prokka --force --outdir genome_annotation/ --usegenus --Genus Enterococcus --compliant --prefix MP8-17 data/samples/MP8-17.fasta
[00:15:41] Appending to PATH: /home/icaro/Documentos/WGCA/.snakemake/conda/349eb0fd/bin
[00:15:41] Looking for 'aragorn' - found /home/icaro/Documentos/WGCA/.snakemake/conda/349eb0fd/bin/aragorn
[00:15:41] Determined aragorn version is 1.2
[00:15:41] Looking for 'barrnap' - found /home/icaro/Documentos/WGCA/.snakemake/conda/349eb0fd/bin/barrnap
[00:15:41] Determined barrnap version is 0.9
[00:15:41] Looking for 'blastp' - found /home/icaro/Documentos/WGCA/.snakemake/conda/349eb0fd/bin/blastp
[00:15:41] Determined blastp version is 2.9
[00:15:41] Looking for 'cmpress' - found /home/icaro/Documentos/WGCA/.snakemake/conda/349eb0fd/bin/cmpress
[00:15:41] Determined cmpress version is 1.1
[00:15:41] Looking for 'cmscan' - found /home/icaro/Documentos/WGCA/.snakemake/conda/349eb0fd/bin/cmscan
[00:15:41] Determined cmscan version is 1.1
[00:15:41] Looking for 'egrep' - found /bin/egrep
[00:15:41] Looking for 'find' - found /usr/bin/find
[00:15:41] Looking for 'grep' - found /bin/grep
[00:15:41] Looking for 'hmmpress' - found /home/icaro/Documentos/WGCA/.snakemake/conda/349eb0fd/bin/hmmpress
[00:15:41] Determined hmmpress version is 3.2
[00:15:41] Looking for 'hmmscan' - found /home/icaro/Documentos/WGCA/.snakemake/conda/349eb0fd/bin/hmmscan
[00:15:41] Determined hmmscan version is 3.2
[00:15:41] Looking for 'java' - found /home/icaro/Documentos/WGCA/.snakemake/conda/349eb0fd/bin/java
[00:15:41] Looking for 'less' - found /usr/bin/less
[00:15:41] Looking for 'makeblastdb' - found /home/icaro/Documentos/WGCA/.snakemake/conda/349eb0fd/bin/makeblastdb
[00:15:41] Determined makeblastdb version is 2.9
[00:15:41] Looking for 'minced' - found /home/icaro/Documentos/WGCA/.snakemake/conda/349eb0fd/bin/minced
[00:15:41] Determined minced version is 4.2
[00:15:41] Looking for 'parallel' - found /home/icaro/Documentos/WGCA/.snakemake/conda/349eb0fd/bin/parallel
[00:15:41] Determined parallel version is 20190722
[00:15:41] Looking for 'prodigal' - found /home/icaro/Documentos/WGCA/.snakemake/conda/349eb0fd/bin/prodigal
[00:15:41] Determined prodigal version is 2.6
[00:15:41] Looking for 'prokka-genbank_to_fasta_db' - found /home/icaro/Documentos/WGCA/.snakemake/conda/349eb0fd/bin/prokka-genbank_to_fasta_db
[00:15:41] Looking for 'sed' - found /bin/sed
[00:15:41] Looking for 'tbl2asn' - found /home/icaro/Documentos/WGCA/.snakemake/conda/349eb0fd/bin/tbl2asn
[00:15:41] Determined tbl2asn version is 25.7
[00:15:41] Using genetic code table 11.
[00:15:41] Loading and checking input file: data/samples/MP8-17.fasta
[00:15:41] Wrote 12 contigs totalling 2742168 bp.
[00:15:41] Predicting tRNAs and tmRNAs
[00:15:41] Running: aragorn -l -gc11  -w genome_annotation\/\/MP8\-17\.fna
[00:15:42] 1 tRNA-Thr [222058,222130] 34 (cgt)
[00:15:42] 2 tRNA-Thr c[500184,500256] 34 (ggt)
[00:15:42] 1 tRNA-Pro [31,104] 35 (tgg)
[00:15:42] 2 tRNA-Ala [117,191] 35 (tgc)
[00:15:42] 3 tRNA-Met [212,287] 36 (cat)
[00:15:42] 4 tRNA-Met [306,381] 36 (cat)
[00:15:42] 5 tRNA-Ser [414,503] 37 (tga)
[00:15:42] 6 tRNA-Met [536,611] 36 (cat)
[00:15:42] 7 tRNA-Asp [649,725] 35 (gtc)
[00:15:42] 8 tRNA-Gly [727,797] 33 (tcc)
[00:15:42] 9 tRNA-Ile [806,881] 36 (gat)
[00:15:42] 10 tRNA-Glu [894,967] 35 (ttc)
[00:15:42] 11 tRNA-Ser [979,1068] 37 (tga)
[00:15:42] 12 tRNA-Met [1101,1176] 36 (cat)
[00:15:42] 13 tRNA-Asp [1223,1298] 36 (gtc)
[00:15:42] 14 tRNA-Phe [1302,1379] 35 (gaa)
[00:15:42] 15 tRNA-Gly [1390,1460] 33 (tcc)
[00:15:42] 16 tRNA-Ile [1474,1547] 35 (gat)
[00:15:42] 17 tRNA-Ser [1557,1646] 36 (gct)
[00:15:42] 18 tRNA-Glu [1660,1733] 35 (ttc)
[00:15:42] 19 tRNA-Lys [152873,152946] 35 (ctt)
[00:15:42] 20 tRNA-Arg c[335628,335701] 35 (ccg)
[00:15:42] 1 tRNA-Gln c[601651,601724] 34 (ttg)
[00:15:42] 2 tRNA-Tyr c[601732,601814] 36 (gta)
[00:15:42] 3 tRNA-Leu c[613115,613201] 36 (gag)
[00:15:42] 4 tmRNA [827167,827530] 91,129 AKNENNSFALAA*
[00:15:42] 1 tRNA-Pro c[317040,317113] 35 (tgg)
[00:15:42] 1 tRNA-Arg c[37035,37110] 36 (cct)
[00:15:42] 2 tRNA-Arg [86218,86293] 36 (tct)
[00:15:42] 1 tRNA-Ser [34190,34279] 37 (cga)
[00:15:42] 1 tRNA-Asn c[22337,22409] 34 (gtt)
[00:15:42] 1 tRNA-Ser [61,151] 36 (gga)
[00:15:42] 2 tRNA-Glu [167,240] 35 (ttc)
[00:15:42] 3 tRNA-Val [266,340] 35 (tac)
[00:15:42] 4 tRNA-Asp [350,425] 34 (gtc)
[00:15:42] 5 tRNA-Phe [471,543] 34 (gaa)
[00:15:42] 6 tRNA-Tyr [548,630] 36 (gta)
[00:15:42] 7 tRNA-Trp [634,707] 33 (cca)
[00:15:42] 8 tRNA-His [744,817] 34 (gtg)
[00:15:42] 9 tRNA-Gln [830,903] 34 (ttg)
[00:15:42] 10 tRNA-Cys [928,998] 33 (gca)
[00:15:42] 11 tRNA-Leu [1011,1096] 36 (caa)
[00:15:42] Found 42 tRNAs
[00:15:42] Predicting Ribosomal RNAs
[00:15:42] Running Barrnap with 4 threads
[00:15:44] 1 gnl|Prokka|HOMGNHKM_5 211 16S ribosomal RNA
[00:15:44] 2 gnl|Prokka|HOMGNHKM_5 1997 23S ribosomal RNA
[00:15:44] 3 gnl|Prokka|HOMGNHKM_5 5007 5S ribosomal RNA
[00:15:44] Found 3 rRNAs
[00:15:44] Skipping ncRNA search, enable with --rfam if desired.
[00:15:44] Total of 44 tRNA + rRNA features
[00:15:44] Searching for CRISPR repeats
[00:15:44] CRISPR1 gnl|Prokka|HOMGNHKM_1 520374 with 4 spacers
[00:15:44] CRISPR2 gnl|Prokka|HOMGNHKM_4 224617 with 15 spacers
[00:15:44] Found 2 CRISPRs
[00:15:44] Predicting coding sequences
[00:15:44] Contigs total 2742168 bp, so using single mode
[00:15:44] Running: prodigal -i genome_annotation\/\/MP8\-17\.fna -c -m -g 11 -p single -f sco -q
[00:15:47] Excluding CDS which overlaps existing RNA (repeat_region) at gnl|Prokka|HOMGNHKM_1:520385..520825 on + strand
[00:15:48] Found 2542 CDS
[00:15:48] Connecting features back to sequences
[00:15:48] Using custom Enterococcus database for annotation
[00:15:48] Annotating CDS, please be patient.
[00:15:48] Will use 4 CPUs for similarity searching.
[00:15:48] There are still 2542 unannotated CDS left (started with 2542)
[00:15:48] Will use blast to search against /home/icaro/Documentos/WGCA/.snakemake/conda/349eb0fd/db/genus/Enterococcus with 4 CPUs
[00:15:48] Running: cat genome_annotation\/\/Enterococcus\.faa | parallel --gnu --plain -j 4 --block 103264 --recstart '>' --pipe blastp -query - -db /home/icaro/Documentos/WGCA/.snakemake/conda/349eb0fd/db/genus/Enterococcus -evalue 1e-09 -qcov_hsp_perc 80 -num_threads 1 -num_descriptions 1 -num_alignments 1 -seg no > genome_annotation\/\/Enterococcus\.blast 2> /dev/null
[00:16:05] Modify product: putative RNA-binding protein containing a PIN domain => putative RNA-binding protein containing a PIN domain protein
[00:16:05] Modify product: site-specific tyrosine recombinase XerD-family => site-specific tyrosine recombinase XerD-family protein
[00:16:05] Modify product: Sporulation Regulator WhiA N terminal => hypothetical protein
[00:16:05] Modify product: radical SAM protein family => radical SAM protein family protein
[00:16:05] Modify product: site-specific tyrosine recombinase XerC-family => site-specific tyrosine recombinase XerC-family protein
[00:16:07] Modify product: site-specific tyrosine recombinase XerC-family => site-specific tyrosine recombinase XerC-family protein
[00:16:07] Modify product: site-specific tyrosine recombinase XerD-family => site-specific tyrosine recombinase XerD-family protein
[00:16:07] Modify product: site-specific tyrosine recombinase XerC-family => site-specific tyrosine recombinase XerC-family protein
[00:16:07] Cleaned 8 /product names
[00:16:07] Deleting unwanted file: genome_annotation//Enterococcus.faa
[00:16:07] Deleting unwanted file: genome_annotation//Enterococcus.blast
[00:16:07] There are still 876 unannotated CDS left (started with 2542)
[00:16:07] Will use blast to search against /home/icaro/Documentos/WGCA/.snakemake/conda/349eb0fd/db/kingdom/Bacteria/IS with 4 CPUs
[00:16:07] Running: cat genome_annotation\/\/IS\.faa | parallel --gnu --plain -j 4 --block 31489 --recstart '>' --pipe blastp -query - -db /home/icaro/Documentos/WGCA/.snakemake/conda/349eb0fd/db/kingdom/Bacteria/IS -evalue 1e-30 -qcov_hsp_perc 90 -num_threads 1 -num_descriptions 1 -num_alignments 1 -seg no > genome_annotation\/\/IS\.blast 2> /dev/null
[00:16:14] Deleting unwanted file: genome_annotation//IS.faa
[00:16:14] Deleting unwanted file: genome_annotation//IS.blast
[00:16:14] There are still 876 unannotated CDS left (started with 2542)
[00:16:14] Will use blast to search against /home/icaro/Documentos/WGCA/.snakemake/conda/349eb0fd/db/kingdom/Bacteria/AMR with 4 CPUs
[00:16:14] Running: cat genome_annotation\/\/AMR\.faa | parallel --gnu --plain -j 4 --block 31489 --recstart '>' --pipe blastp -query - -db /home/icaro/Documentos/WGCA/.snakemake/conda/349eb0fd/db/kingdom/Bacteria/AMR -evalue 9.99999999999999e-301 -qcov_hsp_perc 90 -num_threads 1 -num_descriptions 1 -num_alignments 1 -seg no > genome_annotation\/\/AMR\.blast 2> /dev/null
[00:16:20] Deleting unwanted file: genome_annotation//AMR.faa
[00:16:20] Deleting unwanted file: genome_annotation//AMR.blast
[00:16:20] There are still 876 unannotated CDS left (started with 2542)
[00:16:20] Will use blast to search against /home/icaro/Documentos/WGCA/.snakemake/conda/349eb0fd/db/kingdom/Bacteria/sprot with 4 CPUs
[00:16:20] Running: cat genome_annotation\/\/sprot\.faa | parallel --gnu --plain -j 4 --block 31489 --recstart '>' --pipe blastp -query - -db /home/icaro/Documentos/WGCA/.snakemake/conda/349eb0fd/db/kingdom/Bacteria/sprot -evalue 1e-09 -qcov_hsp_perc 80 -num_threads 1 -num_descriptions 1 -num_alignments 1 -seg no > genome_annotation\/\/sprot\.blast 2> /dev/null
[00:16:45] Modify product: Nucleoid-associated protein Cthe_2143 => Nucleoid-associated protein
[00:16:45] Modify product: Uncharacterized HTH-type transcriptional regulator YtcD => putative HTH-type transcriptional regulator YtcD
[00:16:45] Modify product: Uncharacterized protein YaaQ => putative protein YaaQ
[00:16:45] Modify product: Probable iron export permease protein FetB => putative iron export permease protein FetB
[00:16:45] Modify product: Probable xanthine dehydrogenase subunit A => putative xanthine dehydrogenase subunit A
[00:16:45] Modify product: UPF0223 protein BH2638 => hypothetical protein
[00:16:45] Modify product: UPF0358 protein EF_2458 => hypothetical protein
[00:16:45] Modify product: Deacetylase EF_0837 => Deacetylase
[00:16:45] Modify product: UPF0340 protein YwlG => hypothetical protein
[00:16:45] Modify product: Probable fused nickel transport protein LarMN => putative fused nickel transport protein LarMN
[00:16:45] Modify product: Uncharacterized lipoprotein YehR => putative lipoprotein YehR
[00:16:45] Modify product: Uncharacterized HTH-type transcriptional regulator YtcD => putative HTH-type transcriptional regulator YtcD
[00:16:45] Modify product: Probable transcriptional regulatory protein aq_1575 => putative transcriptional regulatory protein
[00:16:45] Modify product: UPF0342 protein SA1663 => hypothetical protein
[00:16:45] Modify product: Uncharacterized protein YhaN => putative protein YhaN
[00:16:45] Modify product: UPF0374 protein SP_1903 => hypothetical protein
[00:16:45] Modify product: UPF0397 protein SP_0482 => hypothetical protein
[00:16:45] Modify product: Probable ABC transporter ATP-binding protein HI_0664 => putative ABC transporter ATP-binding protein
[00:16:45] Modify product: UPF0145 protein YbjQ => hypothetical protein
[00:16:45] Modify product: Probable formate transporter 1 => putative formate transporter 1
[00:16:45] Modify product: UPF0291 protein YnzC => hypothetical protein
[00:16:45] Modify product: Uncharacterized membrane protein YuaF => putative membrane protein YuaF
[00:16:45] Modify product: UPF0473 protein SP_0194 => hypothetical protein
[00:16:45] Modify product: UPF0297 protein EF_1202 => hypothetical protein
[00:16:45] Modify product: UPF0398 protein YpsA => hypothetical protein
[00:16:45] Modify product: Probable sulfoacetate transporter SauU => putative sulfoacetate transporter SauU
[00:16:45] Modify product: UPF0154 protein SA1178 => hypothetical protein
[00:16:45] Modify product: UPF0346 protein YozE => hypothetical protein
[00:16:45] Modify product: Probable butyrate kinase 2 => putative butyrate kinase 2
[00:16:45] Modify product: Probable transcriptional regulatory protein pdtaR => putative transcriptional regulatory protein pdtaR
[00:16:45] Modify product: UPF0316 protein SA1727 => hypothetical protein
[00:16:45] Modify product: UPF0291 protein SP_1473 => hypothetical protein
[00:16:45] Modify product: UPF0302 protein BA_1542/GBAA_1542/BAS1430 => hypothetical protein
[00:16:45] Modify product: Probable molybdenum cofactor guanylyltransferase => putative molybdenum cofactor guanylyltransferase
[00:16:45] Modify product: UPF0356 protein M6_Spy1605 => hypothetical protein
[00:16:45] Modify product: Probable peptide export permease protein YydJ => putative peptide export permease protein YydJ
[00:16:45] Modify product: Uncharacterized N-acetyltransferase YjaB => putative N-acetyltransferase YjaB
[00:16:45] Modify product: Uncharacterized protein YkuJ => putative protein YkuJ
[00:16:45] Modify product: Probable transcriptional regulatory protein SA0624 => putative transcriptional regulatory protein
[00:16:45] Modify product: Uncharacterized protein YqgQ => putative protein YqgQ
[00:16:45] Modify product: Uncharacterized HTH-type transcriptional regulator YbbH => putative HTH-type transcriptional regulator YbbH
[00:16:45] Modify product: UPF0637 protein SA0957 => hypothetical protein
[00:16:45] Modify product: Uncharacterized protein YueI => putative protein YueI
[00:16:45] Modify product: UPF0701 protein YicC => hypothetical protein
[00:16:45] Modify product: Uncharacterized protein YmcA => putative protein YmcA
[00:16:45] Cleaned 45 /product names
[00:16:45] Deleting unwanted file: genome_annotation//sprot.faa
[00:16:45] Deleting unwanted file: genome_annotation//sprot.blast
[00:16:46] There are still 657 unannotated CDS left (started with 2542)
[00:16:46] Will use hmmer3 to search against /home/icaro/Documentos/WGCA/.snakemake/conda/349eb0fd/db/hmm/HAMAP.hmm with 4 CPUs
[00:16:46] Running: cat genome_annotation\/\/HAMAP\.hmm\.faa | parallel --gnu --plain -j 4 --block 22960 --recstart '>' --pipe hmmscan --noali --notextw --acc -E 1e-09 --cpu 1 /home/icaro/Documentos/WGCA/.snakemake/conda/349eb0fd/db/hmm/HAMAP.hmm /dev/stdin > genome_annotation\/\/HAMAP\.hmm\.hmmer3 2> /dev/null
[00:16:58] Deleting unwanted file: genome_annotation//HAMAP.hmm.faa
[00:16:58] Deleting unwanted file: genome_annotation//HAMAP.hmm.hmmer3
[00:16:58] Labelling remaining 618 proteins as 'hypothetical protein'
[00:16:58] Possible /pseudo 'ABC transporter ATP-binding protein/permease' at gnl|Prokka|HOMGNHKM_1 position 173370
[00:16:58] Possible /pseudo 'ribosomal-protein-alanine acetyltransferase' at gnl|Prokka|HOMGNHKM_1 position 262216
[00:16:58] Possible /pseudo 'oxidoreductase family, NAD-binding Rossmann fold protein' at gnl|Prokka|HOMGNHKM_1 position 386482
[00:16:58] Possible /pseudo 'ABC transporter ATP-binding protein' at gnl|Prokka|HOMGNHKM_1 position 407867
[00:16:58] Possible /pseudo 'ABC transporter permease' at gnl|Prokka|HOMGNHKM_1 position 416760
[00:16:58] Possible /pseudo 'glycosyl transferase family protein' at gnl|Prokka|HOMGNHKM_1 position 442441
[00:16:58] Possible /pseudo 'glycosyl transferase family protein' at gnl|Prokka|HOMGNHKM_1 position 443272
[00:16:58] Possible /pseudo 'glycerophosphodiester phosphodiesterase family protein' at gnl|Prokka|HOMGNHKM_1 position 475732
[00:16:58] Possible /pseudo 'purine nucleoside phosphorylase' at gnl|Prokka|HOMGNHKM_2 position 65582
[00:16:58] Possible /pseudo 'ABC transporter permease' at gnl|Prokka|HOMGNHKM_2 position 69705
[00:16:58] Possible /pseudo 'Basic membrane lipopprotein' at gnl|Prokka|HOMGNHKM_2 position 73744
[00:16:58] Possible /pseudo 'arginine repressor protein' at gnl|Prokka|HOMGNHKM_2 position 104473
[00:16:58] Possible /pseudo 'alkaline shock protein 23 family protein' at gnl|Prokka|HOMGNHKM_2 position 131910
[00:16:58] Possible /pseudo 'translation-associated GTPase' at gnl|Prokka|HOMGNHKM_2 position 247290
[00:16:58] Possible /pseudo '6-phospho-beta-glucosidase' at gnl|Prokka|HOMGNHKM_3 position 6366
[00:16:58] Possible /pseudo 'SMR family multidrug resistance protein' at gnl|Prokka|HOMGNHKM_3 position 37592
[00:16:58] Possible /pseudo 'ABC transporter ATP-binding protein' at gnl|Prokka|HOMGNHKM_3 position 345748
[00:16:58] Possible /pseudo 'DNA-3-methyladenine glycosylase' at gnl|Prokka|HOMGNHKM_4 position 3415
[00:16:58] Possible /pseudo 'SIS domain-containing protein' at gnl|Prokka|HOMGNHKM_4 position 30253
[00:16:58] Possible /pseudo 'glycosyl transferase family protein' at gnl|Prokka|HOMGNHKM_4 position 169789
[00:16:58] Possible /pseudo 'phosphate ABC transporter ATP-binding protein' at gnl|Prokka|HOMGNHKM_4 position 229466
[00:16:58] Possible /pseudo 'ABC transporter ATP-binding protein/permease' at gnl|Prokka|HOMGNHKM_4 position 391620
[00:16:58] Possible /pseudo 'ABC transporter permease' at gnl|Prokka|HOMGNHKM_4 position 580370
[00:16:58] Possible /pseudo 'HTH-type transcriptional regulator CynR' at gnl|Prokka|HOMGNHKM_4 position 627721
[00:16:58] Possible /pseudo 'FtsW/RodA/SpoVE family cell cycle protein' at gnl|Prokka|HOMGNHKM_4 position 629784
[00:16:58] Possible /pseudo 'ABC transporter permease' at gnl|Prokka|HOMGNHKM_4 position 694482
[00:16:58] Possible /pseudo 'YycH protein' at gnl|Prokka|HOMGNHKM_4 position 731246
[00:16:58] Possible /pseudo 'ABC transporter permease' at gnl|Prokka|HOMGNHKM_4 position 802638
[00:16:58] Possible /pseudo 'LPXTG-motif protein cell wall anchor domain protein' at gnl|Prokka|HOMGNHKM_4 position 832546
[00:16:58] Possible /pseudo 'iron ABC transporter system permease' at gnl|Prokka|HOMGNHKM_6 position 112256
[00:16:58] Possible /pseudo 'ABC transporter permease' at gnl|Prokka|HOMGNHKM_6 position 129127
[00:16:58] Possible /pseudo 'peptide ABC transporter ATP-binding protein' at gnl|Prokka|HOMGNHKM_6 position 131033
[00:16:58] Possible /pseudo 'peptidase, U32 family' at gnl|Prokka|HOMGNHKM_6 position 307804
[00:16:58] Possible /pseudo 'ABC transporter ATP-binding protein/permease' at gnl|Prokka|HOMGNHKM_7 position 37371
[00:16:58] Possible /pseudo 'ABC transporter ATP-binding protein' at gnl|Prokka|HOMGNHKM_7 position 50272
[00:16:58] Possible /pseudo 'ABC transporter ATP-binding protein/permease' at gnl|Prokka|HOMGNHKM_8 position 112099
[00:16:58] Possible /pseudo 'ABC transporter ATP-binding protein' at gnl|Prokka|HOMGNHKM_9 position 6938
[00:16:58] Possible /pseudo 'glycosyl transferase family protein' at gnl|Prokka|HOMGNHKM_10 position 1262
[00:16:58] Found 651 unique /gene codes.
[00:16:58] Fixed 3 duplicate /gene - cbiO_1 cbiO_2 cbiO_3
[00:16:58] Fixed 2 duplicate /gene - adcC_1 adcC_2
[00:16:58] Fixed 3 duplicate /gene - xerD_1 xerD_2 xerD_3
[00:16:58] Fixed 2 duplicate /gene - ytcD_1 ytcD_2
[00:16:58] Fixed 2 duplicate /gene - atzC_1 atzC_2
[00:16:58] Fixed 2 duplicate /gene - napA_1 napA_2
[00:16:58] Fixed 2 duplicate /gene - nagB_1 nagB_2
[00:16:58] Fixed 2 duplicate /gene - fhuB_1 fhuB_2
[00:16:58] Fixed 2 duplicate /gene - ndoA_1 ndoA_2
[00:16:58] Fixed 2 duplicate /gene - uvrA_1 uvrA_2
[00:16:58] Fixed 2 duplicate /gene - artM_1 artM_2
[00:16:58] Fixed 2 duplicate /gene - pdhB_1 pdhB_2
[00:16:58] Fixed 2 duplicate /gene - macB_1 macB_2
[00:16:58] Fixed 2 duplicate /gene - yclP_1 yclP_2
[00:16:58] Fixed 2 duplicate /gene - yfhO_1 yfhO_2
[00:16:58] Fixed 2 duplicate /gene - serS2_1 serS2_2
[00:16:58] Fixed 3 duplicate /gene - pucR_1 pucR_2 pucR_3
[00:16:58] Fixed 2 duplicate /gene - metN2_1 metN2_2
[00:16:58] Fixed 2 duplicate /gene - murB_1 murB_2
[00:16:58] Fixed 2 duplicate /gene - metB_1 metB_2
[00:16:58] Fixed 2 duplicate /gene - hcxA_1 hcxA_2
[00:16:58] Fixed 2 duplicate /gene - lpxG_1 lpxG_2
[00:16:58] Fixed 2 duplicate /gene - csd_1 csd_2
[00:16:58] Fixed 2 duplicate /gene - potC_1 potC_2
[00:16:58] Fixed 2 duplicate /gene - nrdI_1 nrdI_2
[00:16:58] Fixed 2 duplicate /gene - arcB_1 arcB_2
[00:16:58] Fixed 2 duplicate /gene - dgaF_1 dgaF_2
[00:16:58] Fixed 2 duplicate /gene - pdhD_1 pdhD_2
[00:16:58] Fixed 2 duplicate /gene - msmK_1 msmK_2
[00:16:58] Fixed 2 duplicate /gene - murR_1 murR_2
[00:16:58] Fixed 2 duplicate /gene - rmlB_1 rmlB_2
[00:16:58] Fixed 3 duplicate /gene - arnC_1 arnC_2 arnC_3
[00:16:58] Fixed 2 duplicate /gene - uspA_1 uspA_2
[00:16:58] Fixed 2 duplicate /gene - trpS_1 trpS_2
[00:16:58] Fixed 4 duplicate /gene - lytR_1 lytR_2 lytR_3 lytR_4
[00:16:58] Fixed 2 duplicate /gene - yfkN_1 yfkN_2
[00:16:58] Fixed 2 duplicate /gene - pepV_1 pepV_2
[00:16:58] Fixed 2 duplicate /gene - pepT_1 pepT_2
[00:16:58] Fixed 2 duplicate /gene - gyrB_1 gyrB_2
[00:16:58] Fixed 3 duplicate /gene - btuD_1 btuD_2 btuD_3
[00:16:58] Fixed 2 duplicate /gene - cynR_1 cynR_2
[00:16:58] Fixed 2 duplicate /gene - metQ_1 metQ_2
[00:16:58] Fixed 2 duplicate /gene - murQ_1 murQ_2
[00:16:58] Fixed 2 duplicate /gene - vanR_1 vanR_2
[00:16:58] Fixed 3 duplicate /gene - xerC_1 xerC_2 xerC_3
[00:16:58] Fixed 2 duplicate /gene - maeB_1 maeB_2
[00:16:58] Fixed 2 duplicate /gene - traL_1 traL_2
[00:16:58] Fixed 3 duplicate /gene - gatA_1 gatA_2 gatA_3
[00:16:58] Fixed 3 duplicate /gene - pyrC_1 pyrC_2 pyrC_3
[00:16:58] Fixed 2 duplicate /gene - udk_1 udk_2
[00:16:58] Fixed 2 duplicate /gene - tyrS1_1 tyrS1_2
[00:16:58] Fixed 4 duplicate /gene - arcC_1 arcC_2 arcC_3 arcC_4
[00:16:58] Fixed 2 duplicate /gene - pdhA_1 pdhA_2
[00:16:58] Fixed 2 duplicate /gene - yabJ_1 yabJ_2
[00:16:58] Fixed 54 colliding /gene names.
[00:16:58] Adding /locus_tag identifiers
[00:16:58] Assigned 2587 locus_tags to CDS and RNA features.
[00:16:58] Writing outputs to genome_annotation//
[00:17:00] Generating annotation statistics file
[00:17:00] Generating Genbank and Sequin files
[00:17:00] Running: tbl2asn -V b -a r10k -l paired-ends -M n -N 1 -y 'Annotated using prokka 1.14.0 from https://github.com/tseemann/prokka' -Z genome_annotation\/\/MP8\-17\.err -i genome_annotation\/\/MP8\-17\.fsa 2> /dev/null
[00:17:06] Deleting unwanted file: genome_annotation//errorsummary.val
[00:17:06] Deleting unwanted file: genome_annotation//MP8-17.dr
[00:17:06] Deleting unwanted file: genome_annotation//MP8-17.fixedproducts
[00:17:06] Deleting unwanted file: genome_annotation//MP8-17.ecn
[00:17:06] Deleting unwanted file: genome_annotation//MP8-17.val
[00:17:06] Repairing broken .GBK output that tbl2asn produces...
[00:17:06] Running: sed 's/COORDINATES: profile/COORDINATES:profile/' < genome_annotation\/\/MP8\-17\.gbf > genome_annotation\/\/MP8\-17\.gbk
[00:17:06] Deleting unwanted file: genome_annotation//MP8-17.gbf
[00:17:06] Output files:
[00:17:06] genome_annotation/MP8-17.ffn
[00:17:06] genome_annotation/MP8-17.tsv
[00:17:06] genome_annotation/MP8-17.log
[00:17:06] genome_annotation/MP8-17.err
[00:17:06] genome_annotation/MP8-17.gbk
[00:17:06] genome_annotation/MP8-17.faa
[00:17:06] genome_annotation/MP8-17.fna
[00:17:06] genome_annotation/MP8-17.txt
[00:17:06] genome_annotation/MP8-17.tbl
[00:17:06] genome_annotation/MP8-17.fsa
[00:17:06] genome_annotation/MP8-17.sqn
[00:17:06] genome_annotation/MP8-17.gff
[00:17:06] Annotation finished successfully.
[00:17:06] Walltime used: 1.42 minutes
[00:17:06] If you use this result please cite the Prokka paper:
[00:17:06] Seemann T (2014) Prokka: rapid prokaryotic genome annotation. Bioinformatics. 30(14):2068-9.
[00:17:06] Type 'prokka --citation' for more details.
[00:17:06] Share and enjoy!
