[23:21:04] This is prokka 1.14.0
[23:21:04] Written by Torsten Seemann <torsten.seemann@gmail.com>
[23:21:04] Homepage is https://github.com/tseemann/prokka
[23:21:04] Local time is Thu Sep  5 23:21:04 2019
[23:21:04] You are icaro
[23:21:04] Operating system is linux
[23:21:04] You have BioPerl 1.007002
[23:21:04] System has 4 cores.
[23:21:04] Option --cpu asked for 8 cores, but system only has 4
[23:21:04] Will use maximum of 4 cores.
[23:21:04] Annotating as >>> Bacteria <<<
[23:21:04] Generating locus_tag from 'data/samples/MP9-10.fasta' contents.
[23:21:04] Setting --locustag NFDIPLCH from MD5 7fd295c185ddc45bcb7d587b645e16d3
[23:21:04] Enabling options to ensure Genbank/ENA/DDJB submission compliance.
[23:21:04] Re-using existing --outdir genome_annotation/
[23:21:04] Using filename prefix: MP9-10.XXX
[23:21:04] Setting HMMER_NCPU=1
[23:21:04] Writing log to: genome_annotation//MP9-10.log
[23:21:04] Command: /home/icaro/Documentos/WGCA/.snakemake/conda/349eb0fd/bin/prokka --force --outdir genome_annotation/ --usegenus --Genus Enterococcus --compliant --prefix MP9-10 data/samples/MP9-10.fasta
[23:21:04] Appending to PATH: /home/icaro/Documentos/WGCA/.snakemake/conda/349eb0fd/bin
[23:21:04] Looking for 'aragorn' - found /home/icaro/Documentos/WGCA/.snakemake/conda/349eb0fd/bin/aragorn
[23:21:04] Determined aragorn version is 1.2
[23:21:04] Looking for 'barrnap' - found /home/icaro/Documentos/WGCA/.snakemake/conda/349eb0fd/bin/barrnap
[23:21:04] Determined barrnap version is 0.9
[23:21:04] Looking for 'blastp' - found /home/icaro/Documentos/WGCA/.snakemake/conda/349eb0fd/bin/blastp
[23:21:04] Determined blastp version is 2.9
[23:21:04] Looking for 'cmpress' - found /home/icaro/Documentos/WGCA/.snakemake/conda/349eb0fd/bin/cmpress
[23:21:04] Determined cmpress version is 1.1
[23:21:04] Looking for 'cmscan' - found /home/icaro/Documentos/WGCA/.snakemake/conda/349eb0fd/bin/cmscan
[23:21:04] Determined cmscan version is 1.1
[23:21:04] Looking for 'egrep' - found /bin/egrep
[23:21:04] Looking for 'find' - found /usr/bin/find
[23:21:04] Looking for 'grep' - found /bin/grep
[23:21:04] Looking for 'hmmpress' - found /home/icaro/Documentos/WGCA/.snakemake/conda/349eb0fd/bin/hmmpress
[23:21:04] Determined hmmpress version is 3.2
[23:21:04] Looking for 'hmmscan' - found /home/icaro/Documentos/WGCA/.snakemake/conda/349eb0fd/bin/hmmscan
[23:21:04] Determined hmmscan version is 3.2
[23:21:04] Looking for 'java' - found /home/icaro/Documentos/WGCA/.snakemake/conda/349eb0fd/bin/java
[23:21:04] Looking for 'less' - found /usr/bin/less
[23:21:04] Looking for 'makeblastdb' - found /home/icaro/Documentos/WGCA/.snakemake/conda/349eb0fd/bin/makeblastdb
[23:21:04] Determined makeblastdb version is 2.9
[23:21:04] Looking for 'minced' - found /home/icaro/Documentos/WGCA/.snakemake/conda/349eb0fd/bin/minced
[23:21:05] Determined minced version is 4.2
[23:21:05] Looking for 'parallel' - found /home/icaro/Documentos/WGCA/.snakemake/conda/349eb0fd/bin/parallel
[23:21:05] Determined parallel version is 20190722
[23:21:05] Looking for 'prodigal' - found /home/icaro/Documentos/WGCA/.snakemake/conda/349eb0fd/bin/prodigal
[23:21:05] Determined prodigal version is 2.6
[23:21:05] Looking for 'prokka-genbank_to_fasta_db' - found /home/icaro/Documentos/WGCA/.snakemake/conda/349eb0fd/bin/prokka-genbank_to_fasta_db
[23:21:05] Looking for 'sed' - found /bin/sed
[23:21:05] Looking for 'tbl2asn' - found /home/icaro/Documentos/WGCA/.snakemake/conda/349eb0fd/bin/tbl2asn
[23:21:05] Determined tbl2asn version is 25.7
[23:21:05] Using genetic code table 11.
[23:21:05] Loading and checking input file: data/samples/MP9-10.fasta
[23:21:05] Wrote 45 contigs totalling 3064363 bp.
[23:21:05] Predicting tRNAs and tmRNAs
[23:21:05] Running: aragorn -l -gc11  -w genome_annotation\/\/MP9\-10\.fna
[23:21:06] 1 tRNA-Thr [30697,30769] 34 (ggt)
[23:21:06] 1 tRNA-Gln c[293958,294031] 34 (ttg)
[23:21:06] 2 tRNA-Tyr c[294039,294121] 36 (gta)
[23:21:06] 3 tRNA-Leu c[305367,305453] 36 (gag)
[23:21:06] 1 tRNA-Lys [9418,9491] 35 (ctt)
[23:21:06] 1 tRNA-Arg [59462,59535] 35 (ccg)
[23:21:06] 1 tRNA-Pro [109,182] 35 (tgg)
[23:21:06] 1 tRNA-Glu c[181426,181499] 35 (ttc)
[23:21:06] 2 tRNA-Ser c[181513,181602] 36 (gct)
[23:21:06] 3 tRNA-Ile c[181612,181685] 35 (gat)
[23:21:06] 4 tRNA-Gly c[181699,181769] 33 (tcc)
[23:21:06] 5 tRNA-Phe c[181780,181857] 35 (gaa)
[23:21:06] 6 tRNA-Asp c[181861,181936] 36 (gtc)
[23:21:06] 7 tRNA-Met c[181983,182058] 36 (cat)
[23:21:06] 8 tRNA-Ser c[182091,182180] 37 (tga)
[23:21:06] 9 tRNA-Glu c[182192,182265] 35 (ttc)
[23:21:06] 10 tRNA-Ile c[182278,182353] 36 (gat)
[23:21:06] 11 tRNA-Gly c[182362,182432] 33 (tcc)
[23:21:06] 12 tRNA-Asp c[182434,182510] 35 (gtc)
[23:21:06] 13 tRNA-Met c[182548,182623] 36 (cat)
[23:21:06] 14 tRNA-Ser c[182656,182745] 37 (tga)
[23:21:06] 15 tRNA-Met c[182778,182853] 36 (cat)
[23:21:06] 16 tRNA-Met c[182872,182947] 36 (cat)
[23:21:06] 17 tRNA-Ala c[182969,183043] 35 (tgc)
[23:21:06] 18 tRNA-Pro c[183056,183129] 35 (tgg)
[23:21:06] 1 tRNA-Arg c[37559,37634] 36 (cct)
[23:21:06] 2 tRNA-Arg [110484,110559] 36 (tct)
[23:21:06] 3 tRNA-Met c[155105,155180] 36 (cat)
[23:21:06] 1 tmRNA [81172,81535] 91,129 AKNENNSFALAA*
[23:21:06] 1 tRNA-Thr [107149,107221] 34 (cgt)
[23:21:06] 1 tRNA-Leu c[17734,17819] 36 (caa)
[23:21:06] 2 tRNA-Cys c[17832,17902] 33 (gca)
[23:21:06] 3 tRNA-Gln c[17927,18000] 34 (ttg)
[23:21:06] 4 tRNA-His c[18013,18086] 34 (gtg)
[23:21:06] 5 tRNA-Trp c[18123,18196] 33 (cca)
[23:21:06] 6 tRNA-Tyr c[18200,18282] 36 (gta)
[23:21:06] 7 tRNA-Phe c[18287,18359] 34 (gaa)
[23:21:06] 8 tRNA-Asp c[18405,18480] 34 (gtc)
[23:21:06] 9 tRNA-Val c[18490,18564] 35 (tac)
[23:21:06] 10 tRNA-Glu c[18590,18663] 35 (ttc)
[23:21:06] 11 tRNA-Ser c[18679,18769] 36 (gga)
[23:21:06] 1 tRNA-Ser c[14252,14341] 37 (cga)
[23:21:06] 1 tRNA-Met c[417,490] 35 (cat)
[23:21:06] Found 43 tRNAs
[23:21:06] Predicting Ribosomal RNAs
[23:21:06] Running Barrnap with 4 threads
[23:21:07] 1 gnl|Prokka|NFDIPLCH_1 6 5S ribosomal RNA
[23:21:07] 2 gnl|Prokka|NFDIPLCH_1 217 23S ribosomal RNA
[23:21:07] 3 gnl|Prokka|NFDIPLCH_1 3354 16S ribosomal RNA
[23:21:07] Found 3 rRNAs
[23:21:07] Skipping ncRNA search, enable with --rfam if desired.
[23:21:07] Total of 45 tRNA + rRNA features
[23:21:07] Searching for CRISPR repeats
[23:21:07] CRISPR1 gnl|Prokka|NFDIPLCH_2 9815 with 11 spacers
[23:21:08] CRISPR2 gnl|Prokka|NFDIPLCH_5 65906 with 13 spacers
[23:21:08] Found 2 CRISPRs
[23:21:08] Predicting coding sequences
[23:21:08] Contigs total 3064363 bp, so using single mode
[23:21:08] Running: prodigal -i genome_annotation\/\/MP9\-10\.fna -c -m -g 11 -p single -f sco -q
[23:21:10] Excluding CDS which overlaps existing RNA (repeat_region) at gnl|Prokka|NFDIPLCH_5:65917..66228 on + strand
[23:21:11] Found 2919 CDS
[23:21:11] Connecting features back to sequences
[23:21:11] Using custom Enterococcus database for annotation
[23:21:11] Annotating CDS, please be patient.
[23:21:11] Will use 4 CPUs for similarity searching.
[23:21:12] There are still 2919 unannotated CDS left (started with 2919)
[23:21:12] Will use blast to search against /home/icaro/Documentos/WGCA/.snakemake/conda/349eb0fd/db/genus/Enterococcus with 4 CPUs
[23:21:12] Running: cat genome_annotation\/\/Enterococcus\.faa | parallel --gnu --plain -j 4 --block 113458 --recstart '>' --pipe blastp -query - -db /home/icaro/Documentos/WGCA/.snakemake/conda/349eb0fd/db/genus/Enterococcus -evalue 1e-09 -qcov_hsp_perc 80 -num_threads 1 -num_descriptions 1 -num_alignments 1 -seg no > genome_annotation\/\/Enterococcus\.blast 2> /dev/null
[23:21:30] Modify product: site-specific tyrosine recombinase XerC-family => site-specific tyrosine recombinase XerC-family protein
[23:21:30] Modify product: site-specific tyrosine recombinase XerD-family => site-specific tyrosine recombinase XerD-family protein
[23:21:30] Modify product: radical SAM protein family => radical SAM protein family protein
[23:21:30] Modify product: Sporulation Regulator WhiA N terminal => hypothetical protein
[23:21:30] Modify product: site-specific tyrosine recombinase XerC-family => site-specific tyrosine recombinase XerC-family protein
[23:21:30] Modify product: putative RNA-binding protein containing a PIN domain => putative RNA-binding protein containing a PIN domain protein
[23:21:30] Modify product: site-specific tyrosine recombinase XerC-family => site-specific tyrosine recombinase XerC-family protein
[23:21:31] Modify product: site-specific tyrosine recombinase XerD-family => site-specific tyrosine recombinase XerD-family protein
[23:21:31] Modify product: site-specific tyrosine recombinase XerC-family => site-specific tyrosine recombinase XerC-family protein
[23:21:31] Modify product: site-specific tyrosine recombinase XerC-family => site-specific tyrosine recombinase XerC-family protein
[23:21:31] Modify product: transcriptional regulator Spx-family => transcriptional regulator Spx-family protein
[23:21:31] Modify product: site-specific tyrosine recombinase XerC-family => site-specific tyrosine recombinase XerC-family protein
[23:21:32] Modify product: site-specific tyrosine recombinase XerC-family => site-specific tyrosine recombinase XerC-family protein
[23:21:32] Cleaned 13 /product names
[23:21:32] Deleting unwanted file: genome_annotation//Enterococcus.faa
[23:21:32] Deleting unwanted file: genome_annotation//Enterococcus.blast
[23:21:32] There are still 1212 unannotated CDS left (started with 2919)
[23:21:32] Will use blast to search against /home/icaro/Documentos/WGCA/.snakemake/conda/349eb0fd/db/kingdom/Bacteria/IS with 4 CPUs
[23:21:32] Running: cat genome_annotation\/\/IS\.faa | parallel --gnu --plain -j 4 --block 40575 --recstart '>' --pipe blastp -query - -db /home/icaro/Documentos/WGCA/.snakemake/conda/349eb0fd/db/kingdom/Bacteria/IS -evalue 1e-30 -qcov_hsp_perc 90 -num_threads 1 -num_descriptions 1 -num_alignments 1 -seg no > genome_annotation\/\/IS\.blast 2> /dev/null
[23:21:40] Deleting unwanted file: genome_annotation//IS.faa
[23:21:40] Deleting unwanted file: genome_annotation//IS.blast
[23:21:41] There are still 1212 unannotated CDS left (started with 2919)
[23:21:41] Will use blast to search against /home/icaro/Documentos/WGCA/.snakemake/conda/349eb0fd/db/kingdom/Bacteria/AMR with 4 CPUs
[23:21:41] Running: cat genome_annotation\/\/AMR\.faa | parallel --gnu --plain -j 4 --block 40575 --recstart '>' --pipe blastp -query - -db /home/icaro/Documentos/WGCA/.snakemake/conda/349eb0fd/db/kingdom/Bacteria/AMR -evalue 9.99999999999999e-301 -qcov_hsp_perc 90 -num_threads 1 -num_descriptions 1 -num_alignments 1 -seg no > genome_annotation\/\/AMR\.blast 2> /dev/null
[23:21:47] Deleting unwanted file: genome_annotation//AMR.faa
[23:21:47] Deleting unwanted file: genome_annotation//AMR.blast
[23:21:47] There are still 1212 unannotated CDS left (started with 2919)
[23:21:47] Will use blast to search against /home/icaro/Documentos/WGCA/.snakemake/conda/349eb0fd/db/kingdom/Bacteria/sprot with 4 CPUs
[23:21:47] Running: cat genome_annotation\/\/sprot\.faa | parallel --gnu --plain -j 4 --block 40575 --recstart '>' --pipe blastp -query - -db /home/icaro/Documentos/WGCA/.snakemake/conda/349eb0fd/db/kingdom/Bacteria/sprot -evalue 1e-09 -qcov_hsp_perc 80 -num_threads 1 -num_descriptions 1 -num_alignments 1 -seg no > genome_annotation\/\/sprot\.blast 2> /dev/null
[23:22:17] Modify product: UPF0701 protein YicC => hypothetical protein
[23:22:17] Modify product: Uncharacterized protein YueI => putative protein YueI
[23:22:17] Modify product: UPF0637 protein SA0957 => hypothetical protein
[23:22:17] Modify product: Probable sulfoacetate transporter SauU => putative sulfoacetate transporter SauU
[23:22:17] Modify product: Nucleoid-associated protein Cthe_2143 => Nucleoid-associated protein
[23:22:17] Modify product: Uncharacterized HTH-type transcriptional regulator YtcD => putative HTH-type transcriptional regulator YtcD
[23:22:17] Modify product: Uncharacterized protein YaaQ => putative protein YaaQ
[23:22:17] Modify product: Probable iron export permease protein FetB => putative iron export permease protein FetB
[23:22:17] Modify product: Uncharacterized N-acetyltransferase YjaB => putative N-acetyltransferase YjaB
[23:22:17] Modify product: Probable ABC transporter ATP-binding protein HI_0664 => putative ABC transporter ATP-binding protein
[23:22:17] Modify product: UPF0397 protein SP_0482 => hypothetical protein
[23:22:17] Modify product: Probable butyrate kinase 2 => putative butyrate kinase 2
[23:22:17] Modify product: Probable transcriptional regulatory protein pdtaR => putative transcriptional regulatory protein pdtaR
[23:22:17] Modify product: UPF0316 protein SA1727 => hypothetical protein
[23:22:17] Modify product: UPF0291 protein SP_1473 => hypothetical protein
[23:22:17] Modify product: UPF0302 protein BA_1542/GBAA_1542/BAS1430 => hypothetical protein
[23:22:17] Modify product: UPF0145 protein YbjQ => hypothetical protein
[23:22:17] Modify product: Uncharacterized lipoprotein YehR => putative lipoprotein YehR
[23:22:17] Modify product: Uncharacterized HTH-type transcriptional regulator YtcD => putative HTH-type transcriptional regulator YtcD
[23:22:17] Modify product: Probable transcriptional regulatory protein aq_1575 => putative transcriptional regulatory protein
[23:22:17] Modify product: UPF0342 protein SA1663 => hypothetical protein
[23:22:17] Modify product: Uncharacterized protein YhaN => putative protein YhaN
[23:22:17] Modify product: UPF0374 protein SP_1903 => hypothetical protein
[23:22:17] Modify product: Deacetylase EF_0837 => Deacetylase
[23:22:17] Modify product: Uncharacterized protein YmcA => putative protein YmcA
[23:22:17] Modify product: Probable molybdenum cofactor guanylyltransferase => putative molybdenum cofactor guanylyltransferase
[23:22:17] Modify product: Uncharacterized membrane protein YuaF => putative membrane protein YuaF
[23:22:17] Modify product: UPF0473 protein SP_0194 => hypothetical protein
[23:22:17] Modify product: UPF0297 protein EF_1202 => hypothetical protein
[23:22:17] Modify product: UPF0291 protein YnzC => hypothetical protein
[23:22:17] Modify product: Probable formate transporter 1 => putative formate transporter 1
[23:22:17] Modify product: Probable transcriptional regulatory protein SA0624 => putative transcriptional regulatory protein
[23:22:17] Modify product: Uncharacterized protein YkuJ => putative protein YkuJ
[23:22:17] Modify product: Probable xanthine dehydrogenase subunit A => putative xanthine dehydrogenase subunit A
[23:22:17] Modify product: Uncharacterized HTH-type transcriptional regulator YybR => putative HTH-type transcriptional regulator YybR
[23:22:17] Modify product: UPF0356 protein M6_Spy1605 => hypothetical protein
[23:22:17] Modify product: Uncharacterized protein YqgQ => putative protein YqgQ
[23:22:17] Modify product: Probable peptide export permease protein YydJ => putative peptide export permease protein YydJ
[23:22:17] Modify product: Probable peptide export permease protein YydJ => putative peptide export permease protein YydJ
[23:22:17] Modify product: UPF0340 protein YwlG => hypothetical protein
[23:22:17] Modify product: Probable fused nickel transport protein LarMN => putative fused nickel transport protein LarMN
[23:22:17] Modify product: UPF0154 protein SA1178 => hypothetical protein
[23:22:17] Modify product: UPF0346 protein YozE => hypothetical protein
[23:22:17] Modify product: UPF0398 protein YpsA => hypothetical protein
[23:22:17] Modify product: N-acetylmuramoyl-L-alanine amidase domain-containing protein SAOUHSC_02979 => N-acetylmuramoyl-L-alanine amidase domain-containing protein
[23:22:17] Modify product: UPF0358 protein EF_2458 => hypothetical protein
[23:22:17] Modify product: UPF0223 protein BH2638 => hypothetical protein
[23:22:17] Modify product: Uncharacterized lipoprotein YcdA => putative lipoprotein YcdA
[23:22:17] Cleaned 48 /product names
[23:22:17] Deleting unwanted file: genome_annotation//sprot.faa
[23:22:17] Deleting unwanted file: genome_annotation//sprot.blast
[23:22:18] There are still 966 unannotated CDS left (started with 2919)
[23:22:18] Will use hmmer3 to search against /home/icaro/Documentos/WGCA/.snakemake/conda/349eb0fd/db/hmm/HAMAP.hmm with 4 CPUs
[23:22:18] Running: cat genome_annotation\/\/HAMAP\.hmm\.faa | parallel --gnu --plain -j 4 --block 30929 --recstart '>' --pipe hmmscan --noali --notextw --acc -E 1e-09 --cpu 1 /home/icaro/Documentos/WGCA/.snakemake/conda/349eb0fd/db/hmm/HAMAP.hmm /dev/stdin > genome_annotation\/\/HAMAP\.hmm\.hmmer3 2> /dev/null
[23:22:33] Deleting unwanted file: genome_annotation//HAMAP.hmm.faa
[23:22:33] Deleting unwanted file: genome_annotation//HAMAP.hmm.hmmer3
[23:22:33] Labelling remaining 922 proteins as 'hypothetical protein'
[23:22:33] Possible /pseudo 'DNA topoisomerase III' at gnl|Prokka|NFDIPLCH_2 position 12050
[23:22:33] Possible /pseudo 'glycosyl transferase family protein' at gnl|Prokka|NFDIPLCH_2 position 88259
[23:22:33] Possible /pseudo 'glycosyl transferase family protein' at gnl|Prokka|NFDIPLCH_2 position 89086
[23:22:33] Possible /pseudo 'ABC transporter permease' at gnl|Prokka|NFDIPLCH_2 position 114780
[23:22:33] Possible /pseudo 'ABC transporter ATP-binding protein' at gnl|Prokka|NFDIPLCH_2 position 123168
[23:22:33] Possible /pseudo 'ABC transporter ATP-binding protein/permease' at gnl|Prokka|NFDIPLCH_3 position 92538
[23:22:33] Possible /pseudo 'Na+/H+ antiporter' at gnl|Prokka|NFDIPLCH_3 position 111166
[23:22:33] Possible /pseudo 'ABC transporter permease' at gnl|Prokka|NFDIPLCH_3 position 280096
[23:22:33] Possible /pseudo 'HTH-type transcriptional regulator CynR' at gnl|Prokka|NFDIPLCH_3 position 319973
[23:22:33] Possible /pseudo 'FtsW/RodA/SpoVE family cell cycle protein' at gnl|Prokka|NFDIPLCH_3 position 322036
[23:22:33] Possible /pseudo 'ABC transporter permease' at gnl|Prokka|NFDIPLCH_3 position 386545
[23:22:33] Possible /pseudo 'YycH protein' at gnl|Prokka|NFDIPLCH_3 position 423308
[23:22:33] Possible /pseudo 'alkaline shock protein 23 family protein' at gnl|Prokka|NFDIPLCH_4 position 86300
[23:22:33] Possible /pseudo 'arginine repressor protein' at gnl|Prokka|NFDIPLCH_4 position 113829
[23:22:33] Possible /pseudo 'Basic membrane lipopprotein' at gnl|Prokka|NFDIPLCH_4 position 142007
[23:22:33] Possible /pseudo 'ABC transporter permease' at gnl|Prokka|NFDIPLCH_4 position 145992
[23:22:33] Possible /pseudo 'purine nucleoside phosphorylase' at gnl|Prokka|NFDIPLCH_4 position 150133
[23:22:33] Possible /pseudo 'ABC transporter ATP-binding protein' at gnl|Prokka|NFDIPLCH_6 position 49415
[23:22:33] Possible /pseudo 'peptide ABC transporter ATP-binding protein' at gnl|Prokka|NFDIPLCH_7 position 135477
[23:22:33] Possible /pseudo 'ABC transporter permease' at gnl|Prokka|NFDIPLCH_7 position 137411
[23:22:33] Possible /pseudo 'iron ABC transporter system permease' at gnl|Prokka|NFDIPLCH_7 position 155006
[23:22:33] Possible /pseudo 'ABC transporter ATP-binding protein' at gnl|Prokka|NFDIPLCH_9 position 79329
[23:22:33] Possible /pseudo 'peptidase, U32 family' at gnl|Prokka|NFDIPLCH_10 position 9447
[23:22:33] Possible /pseudo 'ribosomal-protein-alanine acetyltransferase' at gnl|Prokka|NFDIPLCH_11 position 183557
[23:22:33] Possible /pseudo 'translation-associated GTPase' at gnl|Prokka|NFDIPLCH_12 position 9308
[23:22:33] Possible /pseudo 'rhamnulokinase' at gnl|Prokka|NFDIPLCH_12 position 70193
[23:22:33] Possible /pseudo 'SMR family multidrug resistance protein' at gnl|Prokka|NFDIPLCH_12 position 145560
[23:22:33] Possible /pseudo '6-phospho-beta-glucosidase' at gnl|Prokka|NFDIPLCH_12 position 176916
[23:22:33] Possible /pseudo 'B-type Cna protein' at gnl|Prokka|NFDIPLCH_13 position 18713
[23:22:33] Possible /pseudo 'putative peptide export permease protein YydJ' at gnl|Prokka|NFDIPLCH_15 position 115081
[23:22:33] Possible /pseudo 'ABC transporter ATP-binding protein/permease' at gnl|Prokka|NFDIPLCH_15 position 136218
[23:22:33] Possible /pseudo 'DNA-3-methyladenine glycosylase' at gnl|Prokka|NFDIPLCH_17 position 24661
[23:22:33] Possible /pseudo 'SIS domain-containing protein' at gnl|Prokka|NFDIPLCH_17 position 51901
[23:22:33] Possible /pseudo 'glycerol uptake facilitator protein' at gnl|Prokka|NFDIPLCH_17 position 120689
[23:22:33] Possible /pseudo 'glycosyl transferase family protein' at gnl|Prokka|NFDIPLCH_17 position 160496
[23:22:33] Possible /pseudo 'phosphate ABC transporter ATP-binding protein' at gnl|Prokka|NFDIPLCH_17 position 211418
[23:22:33] Possible /pseudo 'ABC transporter permease' at gnl|Prokka|NFDIPLCH_18 position 56200
[23:22:33] Possible /pseudo 'LPXTG-motif protein cell wall anchor domain protein' at gnl|Prokka|NFDIPLCH_18 position 86302
[23:22:33] Possible /pseudo 'glycosyl transferase family protein' at gnl|Prokka|NFDIPLCH_19 position 60819
[23:22:33] Possible /pseudo 'ABC transporter ATP-binding protein/permease' at gnl|Prokka|NFDIPLCH_20 position 58463
[23:22:33] Possible /pseudo 'ABC transporter ATP-binding protein' at gnl|Prokka|NFDIPLCH_29 position 10991
[23:22:33] Possible /pseudo 'ABC transporter ATP-binding protein/permease' at gnl|Prokka|NFDIPLCH_30 position 1940
[23:22:33] Found 677 unique /gene codes.
[23:22:33] Fixed 2 duplicate /gene - metN2_1 metN2_2
[23:22:33] Fixed 3 duplicate /gene - pucR_1 pucR_2 pucR_3
[23:22:33] Fixed 2 duplicate /gene - pepT_1 pepT_2
[23:22:33] Fixed 2 duplicate /gene - maeB_1 maeB_2
[23:22:33] Fixed 2 duplicate /gene - arcB_1 arcB_2
[23:22:33] Fixed 2 duplicate /gene - yabJ_1 yabJ_2
[23:22:33] Fixed 2 duplicate /gene - pepV_1 pepV_2
[23:22:33] Fixed 2 duplicate /gene - dexB_1 dexB_2
[23:22:33] Fixed 2 duplicate /gene - speG_1 speG_2
[23:22:33] Fixed 2 duplicate /gene - potC_1 potC_2
[23:22:33] Fixed 2 duplicate /gene - msmK_1 msmK_2
[23:22:33] Fixed 2 duplicate /gene - fhuB_1 fhuB_2
[23:22:33] Fixed 2 duplicate /gene - yydJ_1 yydJ_2
[23:22:33] Fixed 2 duplicate /gene - nagB_1 nagB_2
[23:22:33] Fixed 2 duplicate /gene - bga_1 bga_2
[23:22:33] Fixed 2 duplicate /gene - yeiL_1 yeiL_2
[23:22:33] Fixed 3 duplicate /gene - cbiO_1 cbiO_2 cbiO_3
[23:22:33] Fixed 2 duplicate /gene - lpxG_1 lpxG_2
[23:22:33] Fixed 2 duplicate /gene - serS2_1 serS2_2
[23:22:33] Fixed 2 duplicate /gene - murR_1 murR_2
[23:22:33] Fixed 2 duplicate /gene - dgaF_1 dgaF_2
[23:22:33] Fixed 3 duplicate /gene - gatA_1 gatA_2 gatA_3
[23:22:33] Fixed 2 duplicate /gene - csd_1 csd_2
[23:22:33] Fixed 2 duplicate /gene - ligA_1 ligA_2
[23:22:33] Fixed 2 duplicate /gene - uvrA_1 uvrA_2
[23:22:33] Fixed 2 duplicate /gene - ndoA_1 ndoA_2
[23:22:33] Fixed 2 duplicate /gene - murB_1 murB_2
[23:22:33] Fixed 2 duplicate /gene - vanR_1 vanR_2
[23:22:33] Fixed 2 duplicate /gene - tyrS1_1 tyrS1_2
[23:22:33] Fixed 5 duplicate /gene - lytR_1 lytR_2 lytR_3 lytR_4 lytR_5
[23:22:33] Fixed 3 duplicate /gene - pyrC_1 pyrC_2 pyrC_3
[23:22:33] Fixed 2 duplicate /gene - rmlB_1 rmlB_2
[23:22:33] Fixed 2 duplicate /gene - yfhO_1 yfhO_2
[23:22:33] Fixed 2 duplicate /gene - gyrB_1 gyrB_2
[23:22:33] Fixed 2 duplicate /gene - macB_1 macB_2
[23:22:33] Fixed 2 duplicate /gene - tagF_1 tagF_2
[23:22:33] Fixed 3 duplicate /gene - artM_1 artM_2 artM_3
[23:22:33] Fixed 2 duplicate /gene - hcxA_1 hcxA_2
[23:22:33] Fixed 2 duplicate /gene - mnaA_1 mnaA_2
[23:22:33] Fixed 2 duplicate /gene - ytcD_1 ytcD_2
[23:22:33] Fixed 2 duplicate /gene - murQ_1 murQ_2
[23:22:33] Fixed 2 duplicate /gene - xerD_1 xerD_2
[23:22:33] Fixed 2 duplicate /gene - atzC_1 atzC_2
[23:22:33] Fixed 2 duplicate /gene - yfkN_1 yfkN_2
[23:22:33] Fixed 2 duplicate /gene - yclP_1 yclP_2
[23:22:33] Fixed 8 duplicate /gene - xerC_1 xerC_2 xerC_3 xerC_4 xerC_5 xerC_6 xerC_7 xerC_8
[23:22:33] Fixed 2 duplicate /gene - pdhA_1 pdhA_2
[23:22:33] Fixed 2 duplicate /gene - metQ_1 metQ_2
[23:22:33] Fixed 2 duplicate /gene - pdhD_1 pdhD_2
[23:22:33] Fixed 2 duplicate /gene - agrB_1 agrB_2
[23:22:33] Fixed 2 duplicate /gene - pdhB_1 pdhB_2
[23:22:33] Fixed 2 duplicate /gene - napA_1 napA_2
[23:22:33] Fixed 3 duplicate /gene - arnC_1 arnC_2 arnC_3
[23:22:33] Fixed 2 duplicate /gene - ssb_1 ssb_2
[23:22:33] Fixed 2 duplicate /gene - trpS_1 trpS_2
[23:22:33] Fixed 2 duplicate /gene - cynR_1 cynR_2
[23:22:33] Fixed 3 duplicate /gene - btuD_1 btuD_2 btuD_3
[23:22:33] Fixed 2 duplicate /gene - metB_1 metB_2
[23:22:33] Fixed 4 duplicate /gene - arcC_1 arcC_2 arcC_3 arcC_4
[23:22:33] Fixed 2 duplicate /gene - adcC_1 adcC_2
[23:22:33] Fixed 2 duplicate /gene - nrdI_1 nrdI_2
[23:22:33] Fixed 2 duplicate /gene - uspA_1 uspA_2
[23:22:33] Fixed 62 colliding /gene names.
[23:22:33] Adding /locus_tag identifiers
[23:22:33] Assigned 2965 locus_tags to CDS and RNA features.
[23:22:33] Writing outputs to genome_annotation//
[23:22:35] Generating annotation statistics file
[23:22:35] Generating Genbank and Sequin files
[23:22:35] Running: tbl2asn -V b -a r10k -l paired-ends -M n -N 1 -y 'Annotated using prokka 1.14.0 from https://github.com/tseemann/prokka' -Z genome_annotation\/\/MP9\-10\.err -i genome_annotation\/\/MP9\-10\.fsa 2> /dev/null
[23:22:42] Deleting unwanted file: genome_annotation//errorsummary.val
[23:22:42] Deleting unwanted file: genome_annotation//MP9-10.dr
[23:22:42] Deleting unwanted file: genome_annotation//MP9-10.fixedproducts
[23:22:42] Deleting unwanted file: genome_annotation//MP9-10.ecn
[23:22:42] Deleting unwanted file: genome_annotation//MP9-10.val
[23:22:42] Repairing broken .GBK output that tbl2asn produces...
[23:22:42] Running: sed 's/COORDINATES: profile/COORDINATES:profile/' < genome_annotation\/\/MP9\-10\.gbf > genome_annotation\/\/MP9\-10\.gbk
[23:22:42] Deleting unwanted file: genome_annotation//MP9-10.gbf
[23:22:42] Output files:
[23:22:42] genome_annotation/MP9-10.faa
[23:22:42] genome_annotation/MP9-10.gbk
[23:22:42] genome_annotation/MP9-10.tsv
[23:22:42] genome_annotation/MP9-10.fna
[23:22:42] genome_annotation/MP9-10.gff
[23:22:42] genome_annotation/MP9-10.ffn
[23:22:42] genome_annotation/MP9-10.log
[23:22:42] genome_annotation/MP9-10.txt
[23:22:42] genome_annotation/MP9-10.fsa
[23:22:42] genome_annotation/MP9-10.sqn
[23:22:42] genome_annotation/MP9-10.tbl
[23:22:42] genome_annotation/MP9-10.err
[23:22:42] Annotation finished successfully.
[23:22:42] Walltime used: 1.63 minutes
[23:22:42] If you use this result please cite the Prokka paper:
[23:22:42] Seemann T (2014) Prokka: rapid prokaryotic genome annotation. Bioinformatics. 30(14):2068-9.
[23:22:42] Type 'prokka --citation' for more details.
[23:22:42] Thank you, come again.
