[00:06:31] This is prokka 1.14.0
[00:06:31] Written by Torsten Seemann <torsten.seemann@gmail.com>
[00:06:31] Homepage is https://github.com/tseemann/prokka
[00:06:31] Local time is Fri Sep  6 00:06:31 2019
[00:06:31] You are icaro
[00:06:31] Operating system is linux
[00:06:31] You have BioPerl 1.007002
[00:06:31] System has 4 cores.
[00:06:31] Option --cpu asked for 8 cores, but system only has 4
[00:06:31] Will use maximum of 4 cores.
[00:06:31] Annotating as >>> Bacteria <<<
[00:06:31] Generating locus_tag from 'data/samples/OG1RF.fasta' contents.
[00:06:31] Setting --locustag AAKNEEBC from MD5 aa47eebc7da69535d592c76214a0c39c
[00:06:31] Enabling options to ensure Genbank/ENA/DDJB submission compliance.
[00:06:31] Re-using existing --outdir genome_annotation/
[00:06:31] Using filename prefix: OG1RF.XXX
[00:06:31] Setting HMMER_NCPU=1
[00:06:31] Writing log to: genome_annotation//OG1RF.log
[00:06:31] Command: /home/icaro/Documentos/WGCA/.snakemake/conda/349eb0fd/bin/prokka --force --outdir genome_annotation/ --usegenus --Genus Enterococcus --compliant --prefix OG1RF data/samples/OG1RF.fasta
[00:06:31] Appending to PATH: /home/icaro/Documentos/WGCA/.snakemake/conda/349eb0fd/bin
[00:06:31] Looking for 'aragorn' - found /home/icaro/Documentos/WGCA/.snakemake/conda/349eb0fd/bin/aragorn
[00:06:31] Determined aragorn version is 1.2
[00:06:31] Looking for 'barrnap' - found /home/icaro/Documentos/WGCA/.snakemake/conda/349eb0fd/bin/barrnap
[00:06:31] Determined barrnap version is 0.9
[00:06:31] Looking for 'blastp' - found /home/icaro/Documentos/WGCA/.snakemake/conda/349eb0fd/bin/blastp
[00:06:31] Determined blastp version is 2.9
[00:06:31] Looking for 'cmpress' - found /home/icaro/Documentos/WGCA/.snakemake/conda/349eb0fd/bin/cmpress
[00:06:31] Determined cmpress version is 1.1
[00:06:31] Looking for 'cmscan' - found /home/icaro/Documentos/WGCA/.snakemake/conda/349eb0fd/bin/cmscan
[00:06:31] Determined cmscan version is 1.1
[00:06:31] Looking for 'egrep' - found /bin/egrep
[00:06:31] Looking for 'find' - found /usr/bin/find
[00:06:31] Looking for 'grep' - found /bin/grep
[00:06:31] Looking for 'hmmpress' - found /home/icaro/Documentos/WGCA/.snakemake/conda/349eb0fd/bin/hmmpress
[00:06:31] Determined hmmpress version is 3.2
[00:06:31] Looking for 'hmmscan' - found /home/icaro/Documentos/WGCA/.snakemake/conda/349eb0fd/bin/hmmscan
[00:06:31] Determined hmmscan version is 3.2
[00:06:31] Looking for 'java' - found /home/icaro/Documentos/WGCA/.snakemake/conda/349eb0fd/bin/java
[00:06:31] Looking for 'less' - found /usr/bin/less
[00:06:31] Looking for 'makeblastdb' - found /home/icaro/Documentos/WGCA/.snakemake/conda/349eb0fd/bin/makeblastdb
[00:06:31] Determined makeblastdb version is 2.9
[00:06:31] Looking for 'minced' - found /home/icaro/Documentos/WGCA/.snakemake/conda/349eb0fd/bin/minced
[00:06:31] Determined minced version is 4.2
[00:06:31] Looking for 'parallel' - found /home/icaro/Documentos/WGCA/.snakemake/conda/349eb0fd/bin/parallel
[00:06:31] Determined parallel version is 20190722
[00:06:31] Looking for 'prodigal' - found /home/icaro/Documentos/WGCA/.snakemake/conda/349eb0fd/bin/prodigal
[00:06:32] Determined prodigal version is 2.6
[00:06:32] Looking for 'prokka-genbank_to_fasta_db' - found /home/icaro/Documentos/WGCA/.snakemake/conda/349eb0fd/bin/prokka-genbank_to_fasta_db
[00:06:32] Looking for 'sed' - found /bin/sed
[00:06:32] Looking for 'tbl2asn' - found /home/icaro/Documentos/WGCA/.snakemake/conda/349eb0fd/bin/tbl2asn
[00:06:32] Determined tbl2asn version is 25.7
[00:06:32] Using genetic code table 11.
[00:06:32] Loading and checking input file: data/samples/OG1RF.fasta
[00:06:32] Wrote 1 contigs totalling 2739625 bp.
[00:06:32] Predicting tRNAs and tmRNAs
[00:06:32] Running: aragorn -l -gc11  -w genome_annotation\/\/OG1RF\.fna
[00:06:33] 1 tRNA-Val [219035,219109] 35 (tac)
[00:06:33] 2 tRNA-Lys [219114,219188] 35 (ttt)
[00:06:33] 3 tRNA-Leu [219203,219286] 36 (tag)
[00:06:33] 4 tRNA-Thr [219292,219367] 34 (tgt)
[00:06:33] 5 tRNA-Gly [219372,219443] 33 (gcc)
[00:06:33] 6 tRNA-Leu [219459,219544] 35 (taa)
[00:06:33] 7 tRNA-Arg [219559,219632] 35 (acg)
[00:06:33] 8 tRNA-Pro [219644,219717] 35 (tgg)
[00:06:33] 9 tRNA-Ala [219730,219804] 35 (tgc)
[00:06:33] 10 tRNA-Met [219826,219901] 36 (cat)
[00:06:33] 11 tRNA-Met [219920,219995] 36 (cat)
[00:06:33] 12 tRNA-Ser [220028,220117] 37 (tga)
[00:06:33] 13 tRNA-Met [220150,220225] 36 (cat)
[00:06:33] 14 tRNA-Asp [220263,220339] 35 (gtc)
[00:06:33] 15 tRNA-Gly [220341,220411] 33 (tcc)
[00:06:33] 16 tRNA-Ile [220420,220495] 36 (gat)
[00:06:33] 17 tRNA-Glu [220508,220581] 35 (ttc)
[00:06:33] 18 tRNA-Ser [220593,220682] 37 (tga)
[00:06:33] 19 tRNA-Met [220715,220790] 36 (cat)
[00:06:33] 20 tRNA-Asp [220837,220912] 36 (gtc)
[00:06:33] 21 tRNA-Phe [220916,220993] 35 (gaa)
[00:06:33] 22 tRNA-Gly [221004,221074] 33 (tcc)
[00:06:33] 23 tRNA-Ile [221088,221161] 35 (gat)
[00:06:33] 24 tRNA-Ser [221171,221260] 36 (gct)
[00:06:33] 25 tRNA-Glu [221274,221347] 35 (ttc)
[00:06:33] 26 tRNA-Lys [374588,374661] 35 (ctt)
[00:06:33] 27 tRNA-Arg c[539156,539229] 35 (ccg)
[00:06:33] 28 tRNA-Arg c[731622,731697] 36 (tct)
[00:06:33] 29 tRNA-Arg [781036,781111] 36 (cct)
[00:06:33] 30 tRNA-Ala [820553,820625] 34 (tgc)
[00:06:33] 31 tRNA-Asn [823932,824007] 36 (gtt)
[00:06:33] 32 tRNA-Ser [824049,824139] 36 (gga)
[00:06:33] 33 tRNA-Glu [824155,824228] 35 (ttc)
[00:06:33] 34 tRNA-Val [824254,824328] 35 (tac)
[00:06:33] 35 tRNA-Asp [824338,824413] 34 (gtc)
[00:06:33] 36 tRNA-Phe [824459,824531] 34 (gaa)
[00:06:33] 37 tRNA-Tyr [824536,824618] 36 (gta)
[00:06:33] 38 tRNA-Trp [824622,824695] 33 (cca)
[00:06:33] 39 tRNA-His [824732,824805] 34 (gtg)
[00:06:33] 40 tRNA-Gln [824818,824891] 34 (ttg)
[00:06:33] 41 tRNA-Cys [824916,824986] 33 (gca)
[00:06:33] 42 tRNA-Leu [824999,825084] 36 (caa)
[00:06:33] 43 tmRNA c[915905,916268] 91,129 AKNENNSFALAA*
[00:06:33] 44 tRNA-Leu [1127159,1127245] 36 (gag)
[00:06:33] 45 tRNA-Tyr [1138492,1138574] 36 (gta)
[00:06:33] 46 tRNA-Gln [1138582,1138655] 34 (ttg)
[00:06:33] 47 tRNA-Thr [1758900,1758972] 34 (ggt)
[00:06:33] 48 tRNA-Thr c[2036462,2036534] 34 (cgt)
[00:06:33] 49 tRNA-Ser c[2276019,2276108] 37 (cga)
[00:06:33] 50 tRNA-Asn c[2310277,2310352] 36 (gtt)
[00:06:33] 51 tRNA-Ala c[2313659,2313731] 34 (tgc)
[00:06:33] 52 tRNA-Pro c[2686032,2686105] 35 (tgg)
[00:06:33] 53 tRNA-Arg c[2686195,2686268] 35 (acg)
[00:06:33] 54 tRNA-Leu c[2686283,2686368] 35 (taa)
[00:06:33] 55 tRNA-Gly c[2686384,2686455] 33 (gcc)
[00:06:33] 56 tRNA-Thr c[2686460,2686535] 34 (tgt)
[00:06:33] 57 tRNA-Leu c[2686541,2686624] 36 (tag)
[00:06:33] 58 tRNA-Lys c[2686639,2686713] 35 (ttt)
[00:06:33] 59 tRNA-Val c[2686718,2686792] 35 (tac)
[00:06:33] Found 59 tRNAs
[00:06:33] Predicting Ribosomal RNAs
[00:06:33] Running Barrnap with 4 threads
[00:06:35] 1 gnl|Prokka|AAKNEEBC_1 213425 16S ribosomal RNA
[00:06:35] 2 gnl|Prokka|AAKNEEBC_1 215899 23S ribosomal RNA
[00:06:35] 3 gnl|Prokka|AAKNEEBC_1 218909 5S ribosomal RNA
[00:06:35] 4 gnl|Prokka|AAKNEEBC_1 818918 16S ribosomal RNA
[00:06:35] 5 gnl|Prokka|AAKNEEBC_1 820804 23S ribosomal RNA
[00:06:35] 6 gnl|Prokka|AAKNEEBC_1 823814 5S ribosomal RNA
[00:06:35] 7 gnl|Prokka|AAKNEEBC_1 2310361 5S ribosomal RNA
[00:06:35] 8 gnl|Prokka|AAKNEEBC_1 2310572 23S ribosomal RNA
[00:06:35] 9 gnl|Prokka|AAKNEEBC_1 2313811 16S ribosomal RNA
[00:06:35] 10 gnl|Prokka|AAKNEEBC_1 2686809 5S ribosomal RNA
[00:06:35] 11 gnl|Prokka|AAKNEEBC_1 2687020 23S ribosomal RNA
[00:06:35] 12 gnl|Prokka|AAKNEEBC_1 2690157 16S ribosomal RNA
[00:06:35] Found 12 rRNAs
[00:06:35] Skipping ncRNA search, enable with --rfam if desired.
[00:06:35] Total of 70 tRNA + rRNA features
[00:06:35] Searching for CRISPR repeats
[00:06:35] CRISPR1 gnl|Prokka|AAKNEEBC_1 422486 with 8 spacers
[00:06:35] CRISPR2 gnl|Prokka|AAKNEEBC_1 1738188 with 8 spacers
[00:06:35] Found 2 CRISPRs
[00:06:35] Predicting coding sequences
[00:06:35] Contigs total 2739625 bp, so using single mode
[00:06:35] Running: prodigal -i genome_annotation\/\/OG1RF\.fna -c -m -g 11 -p single -f sco -q
[00:06:41] Found 2510 CDS
[00:06:41] Connecting features back to sequences
[00:06:41] Using custom Enterococcus database for annotation
[00:06:41] Annotating CDS, please be patient.
[00:06:41] Will use 4 CPUs for similarity searching.
[00:06:42] There are still 2510 unannotated CDS left (started with 2510)
[00:06:42] Will use blast to search against /home/icaro/Documentos/WGCA/.snakemake/conda/349eb0fd/db/genus/Enterococcus with 4 CPUs
[00:06:42] Running: cat genome_annotation\/\/Enterococcus\.faa | parallel --gnu --plain -j 4 --block 102645 --recstart '>' --pipe blastp -query - -db /home/icaro/Documentos/WGCA/.snakemake/conda/349eb0fd/db/genus/Enterococcus -evalue 1e-09 -qcov_hsp_perc 80 -num_threads 1 -num_descriptions 1 -num_alignments 1 -seg no > genome_annotation\/\/Enterococcus\.blast 2> /dev/null
[00:06:59] Modify product: Sporulation Regulator WhiA N terminal => hypothetical protein
[00:06:59] Modify product: radical SAM protein family => radical SAM protein family protein
[00:06:59] Modify product: putative RNA-binding protein containing a PIN domain => putative RNA-binding protein containing a PIN domain protein
[00:07:00] Modify product: site-specific tyrosine recombinase XerD-family => site-specific tyrosine recombinase XerD-family protein
[00:07:00] Modify product: site-specific tyrosine recombinase XerC-family => site-specific tyrosine recombinase XerC-family protein
[00:07:00] Modify product: site-specific tyrosine recombinase XerC-family => site-specific tyrosine recombinase XerC-family protein
[00:07:01] Cleaned 6 /product names
[00:07:01] Deleting unwanted file: genome_annotation//Enterococcus.faa
[00:07:01] Deleting unwanted file: genome_annotation//Enterococcus.blast
[00:07:01] There are still 858 unannotated CDS left (started with 2510)
[00:07:01] Will use blast to search against /home/icaro/Documentos/WGCA/.snakemake/conda/349eb0fd/db/kingdom/Bacteria/IS with 4 CPUs
[00:07:01] Running: cat genome_annotation\/\/IS\.faa | parallel --gnu --plain -j 4 --block 31260 --recstart '>' --pipe blastp -query - -db /home/icaro/Documentos/WGCA/.snakemake/conda/349eb0fd/db/kingdom/Bacteria/IS -evalue 1e-30 -qcov_hsp_perc 90 -num_threads 1 -num_descriptions 1 -num_alignments 1 -seg no > genome_annotation\/\/IS\.blast 2> /dev/null
[00:07:08] Deleting unwanted file: genome_annotation//IS.faa
[00:07:08] Deleting unwanted file: genome_annotation//IS.blast
[00:07:08] There are still 858 unannotated CDS left (started with 2510)
[00:07:08] Will use blast to search against /home/icaro/Documentos/WGCA/.snakemake/conda/349eb0fd/db/kingdom/Bacteria/AMR with 4 CPUs
[00:07:08] Running: cat genome_annotation\/\/AMR\.faa | parallel --gnu --plain -j 4 --block 31260 --recstart '>' --pipe blastp -query - -db /home/icaro/Documentos/WGCA/.snakemake/conda/349eb0fd/db/kingdom/Bacteria/AMR -evalue 9.99999999999999e-301 -qcov_hsp_perc 90 -num_threads 1 -num_descriptions 1 -num_alignments 1 -seg no > genome_annotation\/\/AMR\.blast 2> /dev/null
[00:07:13] Deleting unwanted file: genome_annotation//AMR.faa
[00:07:13] Deleting unwanted file: genome_annotation//AMR.blast
[00:07:13] There are still 858 unannotated CDS left (started with 2510)
[00:07:13] Will use blast to search against /home/icaro/Documentos/WGCA/.snakemake/conda/349eb0fd/db/kingdom/Bacteria/sprot with 4 CPUs
[00:07:13] Running: cat genome_annotation\/\/sprot\.faa | parallel --gnu --plain -j 4 --block 31260 --recstart '>' --pipe blastp -query - -db /home/icaro/Documentos/WGCA/.snakemake/conda/349eb0fd/db/kingdom/Bacteria/sprot -evalue 1e-09 -qcov_hsp_perc 80 -num_threads 1 -num_descriptions 1 -num_alignments 1 -seg no > genome_annotation\/\/sprot\.blast 2> /dev/null
[00:07:39] Modify product: Uncharacterized membrane protein YuaF => putative membrane protein YuaF
[00:07:39] Modify product: Probable molybdenum cofactor guanylyltransferase => putative molybdenum cofactor guanylyltransferase
[00:07:40] Modify product: UPF0302 protein BA_1542/GBAA_1542/BAS1430 => hypothetical protein
[00:07:40] Modify product: UPF0291 protein SP_1473 => hypothetical protein
[00:07:40] Modify product: Probable transcriptional regulatory protein aq_1575 => putative transcriptional regulatory protein
[00:07:40] Modify product: UPF0342 protein SA1663 => hypothetical protein
[00:07:40] Modify product: Uncharacterized protein YhaN => putative protein YhaN
[00:07:40] Modify product: UPF0374 protein SP_1903 => hypothetical protein
[00:07:40] Modify product: Deacetylase EF_0837 => Deacetylase
[00:07:40] Modify product: Uncharacterized N-acetyltransferase YjaB => putative N-acetyltransferase YjaB
[00:07:40] Modify product: Uncharacterized HTH-type transcriptional regulator YybR => putative HTH-type transcriptional regulator YybR
[00:07:40] Modify product: UPF0398 protein YpsA => hypothetical protein
[00:07:40] Modify product: UPF0297 protein EF_1202 => hypothetical protein
[00:07:40] Modify product: UPF0473 protein SP_0194 => hypothetical protein
[00:07:40] Modify product: UPF0291 protein YnzC => hypothetical protein
[00:07:40] Modify product: Probable formate transporter 1 => putative formate transporter 1
[00:07:40] Modify product: UPF0145 protein YbjQ => hypothetical protein
[00:07:40] Modify product: Uncharacterized lipoprotein YehR => putative lipoprotein YehR
[00:07:40] Modify product: Uncharacterized HTH-type transcriptional regulator YtcD => putative HTH-type transcriptional regulator YtcD
[00:07:40] Modify product: UPF0316 protein SA1727 => hypothetical protein
[00:07:40] Modify product: Probable transcriptional regulatory protein pdtaR => putative transcriptional regulatory protein pdtaR
[00:07:40] Modify product: Probable butyrate kinase 2 => putative butyrate kinase 2
[00:07:40] Modify product: UPF0346 protein YozE => hypothetical protein
[00:07:40] Modify product: UPF0154 protein SA1178 => hypothetical protein
[00:07:40] Modify product: Probable fused nickel transport protein LarMN => putative fused nickel transport protein LarMN
[00:07:40] Modify product: UPF0340 protein YwlG => hypothetical protein
[00:07:40] Modify product: Probable ABC transporter ATP-binding protein HI_0664 => putative ABC transporter ATP-binding protein
[00:07:40] Modify product: UPF0397 protein SP_0482 => hypothetical protein
[00:07:40] Modify product: UPF0358 protein EF_2458 => hypothetical protein
[00:07:40] Modify product: UPF0223 protein BH2638 => hypothetical protein
[00:07:40] Modify product: Probable xanthine dehydrogenase subunit A => putative xanthine dehydrogenase subunit A
[00:07:40] Modify product: Probable iron export permease protein FetB => putative iron export permease protein FetB
[00:07:40] Modify product: Uncharacterized protein YaaQ => putative protein YaaQ
[00:07:40] Modify product: Uncharacterized HTH-type transcriptional regulator YtcD => putative HTH-type transcriptional regulator YtcD
[00:07:40] Modify product: Nucleoid-associated protein Cthe_2143 => Nucleoid-associated protein
[00:07:40] Modify product: Uncharacterized protein YqgQ => putative protein YqgQ
[00:07:40] Modify product: Probable transcriptional regulatory protein SA0624 => putative transcriptional regulatory protein
[00:07:40] Modify product: Uncharacterized protein YkuJ => putative protein YkuJ
[00:07:40] Modify product: UPF0356 protein M6_Spy1605 => hypothetical protein
[00:07:40] Modify product: Probable sulfoacetate transporter SauU => putative sulfoacetate transporter SauU
[00:07:40] Modify product: Uncharacterized HTH-type transcriptional regulator YbbH => putative HTH-type transcriptional regulator YbbH
[00:07:40] Modify product: UPF0637 protein SA0957 => hypothetical protein
[00:07:40] Modify product: Uncharacterized protein YueI => putative protein YueI
[00:07:40] Modify product: UPF0701 protein YicC => hypothetical protein
[00:07:40] Modify product: Uncharacterized protein YmcA => putative protein YmcA
[00:07:40] Cleaned 45 /product names
[00:07:40] Deleting unwanted file: genome_annotation//sprot.faa
[00:07:40] Deleting unwanted file: genome_annotation//sprot.blast
[00:07:40] There are still 634 unannotated CDS left (started with 2510)
[00:07:40] Will use hmmer3 to search against /home/icaro/Documentos/WGCA/.snakemake/conda/349eb0fd/db/hmm/HAMAP.hmm with 4 CPUs
[00:07:40] Running: cat genome_annotation\/\/HAMAP\.hmm\.faa | parallel --gnu --plain -j 4 --block 22156 --recstart '>' --pipe hmmscan --noali --notextw --acc -E 1e-09 --cpu 1 /home/icaro/Documentos/WGCA/.snakemake/conda/349eb0fd/db/hmm/HAMAP.hmm /dev/stdin > genome_annotation\/\/HAMAP\.hmm\.hmmer3 2> /dev/null
[00:07:51] Deleting unwanted file: genome_annotation//HAMAP.hmm.faa
[00:07:51] Deleting unwanted file: genome_annotation//HAMAP.hmm.hmmer3
[00:07:51] Labelling remaining 599 proteins as 'hypothetical protein'
[00:07:51] Possible /pseudo 'alkaline shock protein 23 family protein' at gnl|Prokka|AAKNEEBC_1 position 78581
[00:07:51] Possible /pseudo 'arginine repressor protein' at gnl|Prokka|AAKNEEBC_1 position 109747
[00:07:51] Possible /pseudo 'Basic membrane lipopprotein' at gnl|Prokka|AAKNEEBC_1 position 137926
[00:07:51] Possible /pseudo 'ABC transporter permease' at gnl|Prokka|AAKNEEBC_1 position 141911
[00:07:51] Possible /pseudo 'purine nucleoside phosphorylase' at gnl|Prokka|AAKNEEBC_1 position 147626
[00:07:51] Possible /pseudo '6-phospho-beta-glucosidase' at gnl|Prokka|AAKNEEBC_1 position 225987
[00:07:51] Possible /pseudo 'SMR family multidrug resistance protein' at gnl|Prokka|AAKNEEBC_1 position 258305
[00:07:51] Possible /pseudo 'ABC transporter ATP-binding protein' at gnl|Prokka|AAKNEEBC_1 position 549274
[00:07:51] Possible /pseudo 'ABC transporter ATP-binding protein' at gnl|Prokka|AAKNEEBC_1 position 677382
[00:07:51] Possible /pseudo 'ABC transporter ATP-binding protein/permease' at gnl|Prokka|AAKNEEBC_1 position 705038
[00:07:51] Possible /pseudo 'LPXTG-motif protein cell wall anchor domain protein' at gnl|Prokka|AAKNEEBC_1 position 911134
[00:07:51] Possible /pseudo 'ABC transporter permease' at gnl|Prokka|AAKNEEBC_1 position 940950
[00:07:51] Possible /pseudo 'YycH protein' at gnl|Prokka|AAKNEEBC_1 position 1009202
[00:07:51] Possible /pseudo 'ABC transporter permease' at gnl|Prokka|AAKNEEBC_1 position 1045982
[00:07:51] Possible /pseudo 'FtsW/RodA/SpoVE family cell cycle protein' at gnl|Prokka|AAKNEEBC_1 position 1110542
[00:07:51] Possible /pseudo 'HTH-type transcriptional regulator CynR' at gnl|Prokka|AAKNEEBC_1 position 1112663
[00:07:51] Possible /pseudo 'ABC transporter permease' at gnl|Prokka|AAKNEEBC_1 position 1178564
[00:07:51] Possible /pseudo 'ABC transporter ATP-binding protein/permease' at gnl|Prokka|AAKNEEBC_1 position 1367891
[00:07:51] Possible /pseudo 'phosphate ABC transporter ATP-binding protein' at gnl|Prokka|AAKNEEBC_1 position 1527035
[00:07:51] Possible /pseudo 'glycosyl transferase family protein' at gnl|Prokka|AAKNEEBC_1 position 1579166
[00:07:51] Possible /pseudo 'SIS domain-containing protein' at gnl|Prokka|AAKNEEBC_1 position 1680232
[00:07:51] Possible /pseudo 'DNA-3-methyladenine glycosylase' at gnl|Prokka|AAKNEEBC_1 position 1709517
[00:07:51] Possible /pseudo 'Undecaprenyl-phosphate 4-deoxy-4-formamido-L-arabinose transferase' at gnl|Prokka|AAKNEEBC_1 position 1794302
[00:07:51] Possible /pseudo 'glycosyl transferase family protein' at gnl|Prokka|AAKNEEBC_1 position 1818754
[00:07:51] Possible /pseudo 'glycosyl transferase family protein' at gnl|Prokka|AAKNEEBC_1 position 1819581
[00:07:51] Possible /pseudo 'ABC transporter permease' at gnl|Prokka|AAKNEEBC_1 position 1845277
[00:07:51] Possible /pseudo 'ABC transporter ATP-binding protein' at gnl|Prokka|AAKNEEBC_1 position 1855649
[00:07:51] Possible /pseudo 'oxidoreductase family, NAD-binding Rossmann fold protein' at gnl|Prokka|AAKNEEBC_1 position 1876964
[00:07:51] Possible /pseudo 'ribosomal-protein-alanine acetyltransferase' at gnl|Prokka|AAKNEEBC_1 position 2009568
[00:07:51] Possible /pseudo 'ABC transporter ATP-binding protein/permease' at gnl|Prokka|AAKNEEBC_1 position 2085217
[00:07:51] Possible /pseudo 'glycosyl transferase family protein' at gnl|Prokka|AAKNEEBC_1 position 2309081
[00:07:51] Possible /pseudo 'ABC transporter ATP-binding protein' at gnl|Prokka|AAKNEEBC_1 position 2327503
[00:07:51] Possible /pseudo 'ABC transporter ATP-binding protein/permease' at gnl|Prokka|AAKNEEBC_1 position 2340417
[00:07:51] Possible /pseudo 'iron ABC transporter system permease' at gnl|Prokka|AAKNEEBC_1 position 2487815
[00:07:51] Possible /pseudo 'ABC transporter permease' at gnl|Prokka|AAKNEEBC_1 position 2505223
[00:07:51] Possible /pseudo 'peptide ABC transporter ATP-binding protein' at gnl|Prokka|AAKNEEBC_1 position 2507129
[00:07:51] Possible /pseudo 'peptidase, U32 family' at gnl|Prokka|AAKNEEBC_1 position 2676847
[00:07:51] Possible /pseudo 'translation-associated GTPase' at gnl|Prokka|AAKNEEBC_1 position 2701479
[00:07:51] Found 649 unique /gene codes.
[00:07:51] Fixed 2 duplicate /gene - murQ_1 murQ_2
[00:07:51] Fixed 2 duplicate /gene - nagB_1 nagB_2
[00:07:51] Fixed 2 duplicate /gene - dgaF_1 dgaF_2
[00:07:51] Fixed 2 duplicate /gene - lpxG_1 lpxG_2
[00:07:51] Fixed 4 duplicate /gene - lytR_1 lytR_2 lytR_3 lytR_4
[00:07:51] Fixed 3 duplicate /gene - gatA_1 gatA_2 gatA_3
[00:07:51] Fixed 2 duplicate /gene - dgaE_1 dgaE_2
[00:07:51] Fixed 2 duplicate /gene - csd_1 csd_2
[00:07:51] Fixed 2 duplicate /gene - yabJ_1 yabJ_2
[00:07:51] Fixed 3 duplicate /gene - cbiO_1 cbiO_2 cbiO_3
[00:07:51] Fixed 2 duplicate /gene - yfhO_1 yfhO_2
[00:07:51] Fixed 2 duplicate /gene - msmK_1 msmK_2
[00:07:51] Fixed 2 duplicate /gene - metN2_1 metN2_2
[00:07:51] Fixed 3 duplicate /gene - pyrC_1 pyrC_2 pyrC_3
[00:07:51] Fixed 2 duplicate /gene - pepT_1 pepT_2
[00:07:51] Fixed 2 duplicate /gene - bga_1 bga_2
[00:07:51] Fixed 2 duplicate /gene - pdhB_1 pdhB_2
[00:07:51] Fixed 2 duplicate /gene - pdhD_1 pdhD_2
[00:07:51] Fixed 2 duplicate /gene - atzC_1 atzC_2
[00:07:51] Fixed 2 duplicate /gene - btuD_1 btuD_2
[00:07:51] Fixed 4 duplicate /gene - arcC_1 arcC_2 arcC_3 arcC_4
[00:07:51] Fixed 2 duplicate /gene - trpS_1 trpS_2
[00:07:51] Fixed 2 duplicate /gene - essC_1 essC_2
[00:07:51] Fixed 2 duplicate /gene - metB_1 metB_2
[00:07:51] Fixed 2 duplicate /gene - macB_1 macB_2
[00:07:51] Fixed 4 duplicate /gene - pucR_1 pucR_2 pucR_3 pucR_4
[00:07:51] Fixed 2 duplicate /gene - serS2_1 serS2_2
[00:07:51] Fixed 2 duplicate /gene - xerC_1 xerC_2
[00:07:51] Fixed 2 duplicate /gene - ndoA_1 ndoA_2
[00:07:51] Fixed 2 duplicate /gene - maeB_1 maeB_2
[00:07:51] Fixed 2 duplicate /gene - potC_1 potC_2
[00:07:51] Fixed 2 duplicate /gene - tyrS1_1 tyrS1_2
[00:07:51] Fixed 2 duplicate /gene - ytcD_1 ytcD_2
[00:07:51] Fixed 2 duplicate /gene - gyrB_1 gyrB_2
[00:07:51] Fixed 2 duplicate /gene - metQ_1 metQ_2
[00:07:51] Fixed 2 duplicate /gene - traL_1 traL_2
[00:07:51] Fixed 2 duplicate /gene - hcxA_1 hcxA_2
[00:07:51] Fixed 2 duplicate /gene - artM_1 artM_2
[00:07:51] Fixed 2 duplicate /gene - pepV_1 pepV_2
[00:07:51] Fixed 2 duplicate /gene - cynR_1 cynR_2
[00:07:51] Fixed 2 duplicate /gene - yclP_1 yclP_2
[00:07:51] Fixed 2 duplicate /gene - nrdI_1 nrdI_2
[00:07:51] Fixed 2 duplicate /gene - pdhA_1 pdhA_2
[00:07:51] Fixed 2 duplicate /gene - napA_1 napA_2
[00:07:51] Fixed 2 duplicate /gene - arcB_1 arcB_2
[00:07:51] Fixed 2 duplicate /gene - murR_1 murR_2
[00:07:51] Fixed 2 duplicate /gene - uspA_1 uspA_2
[00:07:51] Fixed 3 duplicate /gene - arnC_1 arnC_2 arnC_3
[00:07:51] Fixed 2 duplicate /gene - yfkN_1 yfkN_2
[00:07:51] Fixed 2 duplicate /gene - fhuB_1 fhuB_2
[00:07:51] Fixed 2 duplicate /gene - uvrA_1 uvrA_2
[00:07:51] Fixed 2 duplicate /gene - vanR_1 vanR_2
[00:07:51] Fixed 2 duplicate /gene - tagF_1 tagF_2
[00:07:51] Fixed 53 colliding /gene names.
[00:07:51] Adding /locus_tag identifiers
[00:07:51] Assigned 2581 locus_tags to CDS and RNA features.
[00:07:51] Writing outputs to genome_annotation//
[00:07:53] Generating annotation statistics file
[00:07:53] Generating Genbank and Sequin files
[00:07:53] Running: tbl2asn -V b -a r10k -l paired-ends -M n -N 1 -y 'Annotated using prokka 1.14.0 from https://github.com/tseemann/prokka' -Z genome_annotation\/\/OG1RF\.err -i genome_annotation\/\/OG1RF\.fsa 2> /dev/null
[00:08:00] Deleting unwanted file: genome_annotation//errorsummary.val
[00:08:00] Deleting unwanted file: genome_annotation//OG1RF.dr
[00:08:00] Deleting unwanted file: genome_annotation//OG1RF.fixedproducts
[00:08:00] Deleting unwanted file: genome_annotation//OG1RF.ecn
[00:08:00] Deleting unwanted file: genome_annotation//OG1RF.val
[00:08:00] Repairing broken .GBK output that tbl2asn produces...
[00:08:00] Running: sed 's/COORDINATES: profile/COORDINATES:profile/' < genome_annotation\/\/OG1RF\.gbf > genome_annotation\/\/OG1RF\.gbk
[00:08:00] Deleting unwanted file: genome_annotation//OG1RF.gbf
[00:08:00] Output files:
[00:08:00] genome_annotation/OG1RF.tbl
[00:08:00] genome_annotation/OG1RF.log
[00:08:00] genome_annotation/OG1RF.faa
[00:08:00] genome_annotation/OG1RF.tsv
[00:08:00] genome_annotation/OG1RF.fsa
[00:08:00] genome_annotation/OG1RF.gff
[00:08:00] genome_annotation/OG1RF.err
[00:08:00] genome_annotation/OG1RF.fna
[00:08:00] genome_annotation/OG1RF.txt
[00:08:00] genome_annotation/OG1RF.sqn
[00:08:00] genome_annotation/OG1RF.ffn
[00:08:00] genome_annotation/OG1RF.gbk
[00:08:00] Annotation finished successfully.
[00:08:00] Walltime used: 1.48 minutes
[00:08:00] If you use this result please cite the Prokka paper:
[00:08:00] Seemann T (2014) Prokka: rapid prokaryotic genome annotation. Bioinformatics. 30(14):2068-9.
[00:08:00] Type 'prokka --citation' for more details.
[00:08:00] Share and enjoy!
