[23:27:01] This is prokka 1.14.0
[23:27:01] Written by Torsten Seemann <torsten.seemann@gmail.com>
[23:27:01] Homepage is https://github.com/tseemann/prokka
[23:27:01] Local time is Thu Sep  5 23:27:01 2019
[23:27:01] You are icaro
[23:27:01] Operating system is linux
[23:27:01] You have BioPerl 1.007002
[23:27:01] System has 4 cores.
[23:27:01] Option --cpu asked for 8 cores, but system only has 4
[23:27:01] Will use maximum of 4 cores.
[23:27:01] Annotating as >>> Bacteria <<<
[23:27:01] Generating locus_tag from 'data/samples/ST1-20.fasta' contents.
[23:27:01] Setting --locustag BEFOAEEH from MD5 bef8aee100f363d677769c23a9daf535
[23:27:01] Enabling options to ensure Genbank/ENA/DDJB submission compliance.
[23:27:01] Re-using existing --outdir genome_annotation/
[23:27:01] Using filename prefix: ST1-20.XXX
[23:27:01] Setting HMMER_NCPU=1
[23:27:01] Writing log to: genome_annotation//ST1-20.log
[23:27:01] Command: /home/icaro/Documentos/WGCA/.snakemake/conda/349eb0fd/bin/prokka --force --outdir genome_annotation/ --usegenus --Genus Enterococcus --compliant --prefix ST1-20 data/samples/ST1-20.fasta
[23:27:01] Appending to PATH: /home/icaro/Documentos/WGCA/.snakemake/conda/349eb0fd/bin
[23:27:01] Looking for 'aragorn' - found /home/icaro/Documentos/WGCA/.snakemake/conda/349eb0fd/bin/aragorn
[23:27:01] Determined aragorn version is 1.2
[23:27:01] Looking for 'barrnap' - found /home/icaro/Documentos/WGCA/.snakemake/conda/349eb0fd/bin/barrnap
[23:27:02] Determined barrnap version is 0.9
[23:27:02] Looking for 'blastp' - found /home/icaro/Documentos/WGCA/.snakemake/conda/349eb0fd/bin/blastp
[23:27:02] Determined blastp version is 2.9
[23:27:02] Looking for 'cmpress' - found /home/icaro/Documentos/WGCA/.snakemake/conda/349eb0fd/bin/cmpress
[23:27:02] Determined cmpress version is 1.1
[23:27:02] Looking for 'cmscan' - found /home/icaro/Documentos/WGCA/.snakemake/conda/349eb0fd/bin/cmscan
[23:27:02] Determined cmscan version is 1.1
[23:27:02] Looking for 'egrep' - found /bin/egrep
[23:27:02] Looking for 'find' - found /usr/bin/find
[23:27:02] Looking for 'grep' - found /bin/grep
[23:27:02] Looking for 'hmmpress' - found /home/icaro/Documentos/WGCA/.snakemake/conda/349eb0fd/bin/hmmpress
[23:27:02] Determined hmmpress version is 3.2
[23:27:02] Looking for 'hmmscan' - found /home/icaro/Documentos/WGCA/.snakemake/conda/349eb0fd/bin/hmmscan
[23:27:02] Determined hmmscan version is 3.2
[23:27:02] Looking for 'java' - found /home/icaro/Documentos/WGCA/.snakemake/conda/349eb0fd/bin/java
[23:27:02] Looking for 'less' - found /usr/bin/less
[23:27:02] Looking for 'makeblastdb' - found /home/icaro/Documentos/WGCA/.snakemake/conda/349eb0fd/bin/makeblastdb
[23:27:02] Determined makeblastdb version is 2.9
[23:27:02] Looking for 'minced' - found /home/icaro/Documentos/WGCA/.snakemake/conda/349eb0fd/bin/minced
[23:27:02] Determined minced version is 4.2
[23:27:02] Looking for 'parallel' - found /home/icaro/Documentos/WGCA/.snakemake/conda/349eb0fd/bin/parallel
[23:27:02] Determined parallel version is 20190722
[23:27:02] Looking for 'prodigal' - found /home/icaro/Documentos/WGCA/.snakemake/conda/349eb0fd/bin/prodigal
[23:27:02] Determined prodigal version is 2.6
[23:27:02] Looking for 'prokka-genbank_to_fasta_db' - found /home/icaro/Documentos/WGCA/.snakemake/conda/349eb0fd/bin/prokka-genbank_to_fasta_db
[23:27:02] Looking for 'sed' - found /bin/sed
[23:27:02] Looking for 'tbl2asn' - found /home/icaro/Documentos/WGCA/.snakemake/conda/349eb0fd/bin/tbl2asn
[23:27:02] Determined tbl2asn version is 25.7
[23:27:02] Using genetic code table 11.
[23:27:02] Loading and checking input file: data/samples/ST1-20.fasta
[23:27:02] Wrote 13 contigs totalling 2966276 bp.
[23:27:02] Predicting tRNAs and tmRNAs
[23:27:02] Running: aragorn -l -gc11  -w genome_annotation\/\/ST1\-20\.fna
[23:27:03] 1 tRNA-Pro c[251093,251166] 35 (tgg)
[23:27:03] 1 tRNA-Asn [7,82] 36 (gtt)
[23:27:03] 2 tRNA-Ser [31583,31672] 37 (cga)
[23:27:03] 3 tRNA-Thr [268219,268291] 34 (cgt)
[23:27:03] 4 tRNA-Thr c[520906,520978] 34 (ggt)
[23:27:03] 5 tRNA-Met [601146,601221] 36 (cat)
[23:27:03] 6 tRNA-Gln c[1175464,1175537] 34 (ttg)
[23:27:03] 7 tRNA-Tyr c[1175545,1175627] 36 (gta)
[23:27:03] 8 tRNA-Leu c[1186874,1186960] 36 (gag)
[23:27:03] 9 tmRNA [1397464,1397827] 91,129 AKNENNSFALAA*
[23:27:03] 10 tRNA-Leu c[1472745,1472830] 36 (caa)
[23:27:03] 11 tRNA-Cys c[1472843,1472913] 33 (gca)
[23:27:03] 12 tRNA-Gln c[1472938,1473011] 34 (ttg)
[23:27:03] 13 tRNA-His c[1473024,1473097] 34 (gtg)
[23:27:03] 14 tRNA-Trp c[1473134,1473207] 33 (cca)
[23:27:03] 15 tRNA-Tyr c[1473211,1473293] 36 (gta)
[23:27:03] 16 tRNA-Phe c[1473298,1473370] 34 (gaa)
[23:27:03] 17 tRNA-Asp c[1473416,1473491] 34 (gtc)
[23:27:03] 18 tRNA-Val c[1473501,1473575] 35 (tac)
[23:27:03] 19 tRNA-Glu c[1473601,1473674] 35 (ttc)
[23:27:03] 20 tRNA-Ser c[1473690,1473780] 36 (gga)
[23:27:03] 21 tRNA-Asn c[1473822,1473897] 36 (gtt)
[23:27:03] 1 tRNA-Arg c[36966,37041] 36 (cct)
[23:27:03] 2 tRNA-Arg [86381,86456] 36 (tct)
[23:27:03] 3 tRNA-Trp c[152895,152966] 34 (cca)
[23:27:03] 1 tRNA-Leu [44,129] 35 (taa)
[23:27:03] 2 tRNA-Arg [144,217] 35 (acg)
[23:27:03] 3 tRNA-Pro [229,302] 35 (tgg)
[23:27:03] 4 tRNA-Ala [315,389] 35 (tgc)
[23:27:03] 5 tRNA-Met [410,485] 36 (cat)
[23:27:03] 6 tRNA-Met [504,579] 36 (cat)
[23:27:03] 7 tRNA-Ser [612,701] 37 (tga)
[23:27:03] 8 tRNA-Met [734,809] 36 (cat)
[23:27:03] 9 tRNA-Asp [847,923] 35 (gtc)
[23:27:03] 10 tRNA-Gly [925,995] 33 (tcc)
[23:27:03] 11 tRNA-Ile [1004,1079] 36 (gat)
[23:27:03] 12 tRNA-Glu [1092,1165] 35 (ttc)
[23:27:03] 13 tRNA-Ser [1177,1266] 37 (tga)
[23:27:03] 14 tRNA-Met [1299,1374] 36 (cat)
[23:27:03] 15 tRNA-Asp [1421,1496] 36 (gtc)
[23:27:03] 16 tRNA-Phe [1500,1577] 35 (gaa)
[23:27:03] 17 tRNA-Gly [1588,1658] 33 (tcc)
[23:27:03] 18 tRNA-Ile [1672,1745] 35 (gat)
[23:27:03] 19 tRNA-Ser [1755,1844] 36 (gct)
[23:27:03] 20 tRNA-Glu [1858,1931] 35 (ttc)
[23:27:03] 21 tRNA-Lys [152850,152923] 35 (ctt)
[23:27:03] 22 tRNA-Arg c[325316,325389] 35 (ccg)
[23:27:03] 1 tRNA-Val [3392,3466] 35 (tac)
[23:27:03] Found 48 tRNAs
[23:27:03] Predicting Ribosomal RNAs
[23:27:03] Running Barrnap with 4 threads
[23:27:05] 1 gnl|Prokka|BEFOAEEH_10 256 23S ribosomal RNA
[23:27:05] 2 gnl|Prokka|BEFOAEEH_10 3266 5S ribosomal RNA
[23:27:05] 3 gnl|Prokka|BEFOAEEH_11 280 16S ribosomal RNA
[23:27:05] 4 gnl|Prokka|BEFOAEEH_6 1473906 5S ribosomal RNA (partial)
[23:27:05] Found 4 rRNAs
[23:27:05] Skipping ncRNA search, enable with --rfam if desired.
[23:27:05] Total of 51 tRNA + rRNA features
[23:27:05] Searching for CRISPR repeats
[23:27:05] CRISPR1 gnl|Prokka|BEFOAEEH_6 541167 with 6 spacers
[23:27:05] CRISPR2 gnl|Prokka|BEFOAEEH_9 209234 with 6 spacers
[23:27:05] Found 2 CRISPRs
[23:27:05] Predicting coding sequences
[23:27:05] Contigs total 2966276 bp, so using single mode
[23:27:05] Running: prodigal -i genome_annotation\/\/ST1\-20\.fna -c -m -g 11 -p single -f sco -q
[23:27:09] Found 2838 CDS
[23:27:09] Connecting features back to sequences
[23:27:09] Using custom Enterococcus database for annotation
[23:27:09] Annotating CDS, please be patient.
[23:27:09] Will use 4 CPUs for similarity searching.
[23:27:10] There are still 2838 unannotated CDS left (started with 2838)
[23:27:10] Will use blast to search against /home/icaro/Documentos/WGCA/.snakemake/conda/349eb0fd/db/genus/Enterococcus with 4 CPUs
[23:27:10] Running: cat genome_annotation\/\/Enterococcus\.faa | parallel --gnu --plain -j 4 --block 110716 --recstart '>' --pipe blastp -query - -db /home/icaro/Documentos/WGCA/.snakemake/conda/349eb0fd/db/genus/Enterococcus -evalue 1e-09 -qcov_hsp_perc 80 -num_threads 1 -num_descriptions 1 -num_alignments 1 -seg no > genome_annotation\/\/Enterococcus\.blast 2> /dev/null
[23:27:28] Modify product: putative RNA-binding protein containing a PIN domain => putative RNA-binding protein containing a PIN domain protein
[23:27:28] Modify product: site-specific tyrosine recombinase XerC-family => site-specific tyrosine recombinase XerC-family protein
[23:27:29] Modify product: site-specific tyrosine recombinase XerC-family => site-specific tyrosine recombinase XerC-family protein
[23:27:29] Modify product: site-specific tyrosine recombinase XerC-family => site-specific tyrosine recombinase XerC-family protein
[23:27:29] Modify product: site-specific tyrosine recombinase XerD-family => site-specific tyrosine recombinase XerD-family protein
[23:27:30] Modify product: site-specific tyrosine recombinase XerC-family => site-specific tyrosine recombinase XerC-family protein
[23:27:30] Modify product: site-specific tyrosine recombinase XerC-family => site-specific tyrosine recombinase XerC-family protein
[23:27:30] Modify product: Sporulation Regulator WhiA N terminal => hypothetical protein
[23:27:30] Modify product: radical SAM protein family => radical SAM protein family protein
[23:27:30] Cleaned 9 /product names
[23:27:30] Deleting unwanted file: genome_annotation//Enterococcus.faa
[23:27:30] Deleting unwanted file: genome_annotation//Enterococcus.blast
[23:27:31] There are still 1121 unannotated CDS left (started with 2838)
[23:27:31] Will use blast to search against /home/icaro/Documentos/WGCA/.snakemake/conda/349eb0fd/db/kingdom/Bacteria/IS with 4 CPUs
[23:27:31] Running: cat genome_annotation\/\/IS\.faa | parallel --gnu --plain -j 4 --block 37420 --recstart '>' --pipe blastp -query - -db /home/icaro/Documentos/WGCA/.snakemake/conda/349eb0fd/db/kingdom/Bacteria/IS -evalue 1e-30 -qcov_hsp_perc 90 -num_threads 1 -num_descriptions 1 -num_alignments 1 -seg no > genome_annotation\/\/IS\.blast 2> /dev/null
[23:27:39] Deleting unwanted file: genome_annotation//IS.faa
[23:27:39] Deleting unwanted file: genome_annotation//IS.blast
[23:27:40] There are still 1121 unannotated CDS left (started with 2838)
[23:27:40] Will use blast to search against /home/icaro/Documentos/WGCA/.snakemake/conda/349eb0fd/db/kingdom/Bacteria/AMR with 4 CPUs
[23:27:40] Running: cat genome_annotation\/\/AMR\.faa | parallel --gnu --plain -j 4 --block 37420 --recstart '>' --pipe blastp -query - -db /home/icaro/Documentos/WGCA/.snakemake/conda/349eb0fd/db/kingdom/Bacteria/AMR -evalue 9.99999999999999e-301 -qcov_hsp_perc 90 -num_threads 1 -num_descriptions 1 -num_alignments 1 -seg no > genome_annotation\/\/AMR\.blast 2> /dev/null
[23:27:46] Deleting unwanted file: genome_annotation//AMR.faa
[23:27:46] Deleting unwanted file: genome_annotation//AMR.blast
[23:27:47] There are still 1121 unannotated CDS left (started with 2838)
[23:27:47] Will use blast to search against /home/icaro/Documentos/WGCA/.snakemake/conda/349eb0fd/db/kingdom/Bacteria/sprot with 4 CPUs
[23:27:47] Running: cat genome_annotation\/\/sprot\.faa | parallel --gnu --plain -j 4 --block 37420 --recstart '>' --pipe blastp -query - -db /home/icaro/Documentos/WGCA/.snakemake/conda/349eb0fd/db/kingdom/Bacteria/sprot -evalue 1e-09 -qcov_hsp_perc 80 -num_threads 1 -num_descriptions 1 -num_alignments 1 -seg no > genome_annotation\/\/sprot\.blast 2> /dev/null
[23:28:15] Modify product: UPF0223 protein BH2638 => hypothetical protein
[23:28:15] Modify product: UPF0358 protein EF_2458 => hypothetical protein
[23:28:15] Modify product: UPF0397 protein SP_0482 => hypothetical protein
[23:28:15] Modify product: Probable ABC transporter ATP-binding protein HI_0664 => putative ABC transporter ATP-binding protein
[23:28:15] Modify product: UPF0340 protein YwlG => hypothetical protein
[23:28:15] Modify product: UPF0356 protein M6_Spy1605 => hypothetical protein
[23:28:15] Modify product: Uncharacterized HTH-type transcriptional regulator YybR => putative HTH-type transcriptional regulator YybR
[23:28:15] Modify product: Uncharacterized HTH-type transcriptional regulator YybR => putative HTH-type transcriptional regulator YybR
[23:28:15] Modify product: Putative acetyltransferase SA2342 => Putative acetyltransferase
[23:28:15] Modify product: Uncharacterized protein PA2218 => putative protein
[23:28:15] Modify product: N-acetylmuramoyl-L-alanine amidase domain-containing protein SAOUHSC_02979 => N-acetylmuramoyl-L-alanine amidase domain-containing protein
[23:28:15] Modify product: Uncharacterized protein YkuJ => putative protein YkuJ
[23:28:15] Modify product: Probable transcriptional regulatory protein SA0624 => putative transcriptional regulatory protein
[23:28:15] Modify product: Uncharacterized protein YqgQ => putative protein YqgQ
[23:28:15] Modify product: Nucleoid-associated protein Cthe_2143 => Nucleoid-associated protein
[23:28:15] Modify product: Uncharacterized HTH-type transcriptional regulator YtcD => putative HTH-type transcriptional regulator YtcD
[23:28:15] Modify product: Uncharacterized protein YaaQ => putative protein YaaQ
[23:28:15] Modify product: Probable iron export permease protein FetB => putative iron export permease protein FetB
[23:28:16] Modify product: Probable xanthine dehydrogenase subunit A => putative xanthine dehydrogenase subunit A
[23:28:16] Modify product: UPF0145 protein YbjQ => hypothetical protein
[23:28:16] Modify product: Probable formate transporter 1 => putative formate transporter 1
[23:28:16] Modify product: UPF0291 protein YnzC => hypothetical protein
[23:28:16] Modify product: Uncharacterized protein YbdM => putative protein YbdM
[23:28:16] Modify product: Uncharacterized HTH-type transcriptional regulator YbbH => putative HTH-type transcriptional regulator YbbH
[23:28:16] Modify product: UPF0637 protein SA0957 => hypothetical protein
[23:28:16] Modify product: Uncharacterized protein YueI => putative protein YueI
[23:28:16] Modify product: UPF0701 protein YicC => hypothetical protein
[23:28:16] Modify product: Uncharacterized protein YmcA => putative protein YmcA
[23:28:16] Modify product: Probable molybdenum cofactor guanylyltransferase => putative molybdenum cofactor guanylyltransferase
[23:28:16] Modify product: Uncharacterized membrane protein YuaF => putative membrane protein YuaF
[23:28:16] Modify product: UPF0473 protein SP_0194 => hypothetical protein
[23:28:16] Modify product: UPF0297 protein EF_1202 => hypothetical protein
[23:28:16] Modify product: UPF0398 protein YpsA => hypothetical protein
[23:28:16] Modify product: Probable peptide export permease protein YydJ => putative peptide export permease protein YydJ
[23:28:16] Modify product: Probable sulfoacetate transporter SauU => putative sulfoacetate transporter SauU
[23:28:16] Modify product: Deacetylase EF_0837 => Deacetylase
[23:28:16] Modify product: Probable fused nickel transport protein LarMN => putative fused nickel transport protein LarMN
[23:28:16] Modify product: UPF0154 protein SA1178 => hypothetical protein
[23:28:16] Modify product: UPF0346 protein YozE => hypothetical protein
[23:28:16] Modify product: Probable butyrate kinase 2 => putative butyrate kinase 2
[23:28:16] Modify product: Probable transcriptional regulatory protein pdtaR => putative transcriptional regulatory protein pdtaR
[23:28:16] Modify product: UPF0316 protein SA1727 => hypothetical protein
[23:28:16] Modify product: UPF0291 protein SP_1473 => hypothetical protein
[23:28:16] Modify product: UPF0302 protein BA_1542/GBAA_1542/BAS1430 => hypothetical protein
[23:28:16] Modify product: Uncharacterized lipoprotein YehR => putative lipoprotein YehR
[23:28:16] Modify product: Uncharacterized HTH-type transcriptional regulator YtcD => putative HTH-type transcriptional regulator YtcD
[23:28:16] Modify product: Probable transcriptional regulatory protein aq_1575 => putative transcriptional regulatory protein
[23:28:16] Modify product: UPF0342 protein SA1663 => hypothetical protein
[23:28:16] Modify product: Uncharacterized protein YhaN => putative protein YhaN
[23:28:16] Modify product: UPF0374 protein SP_1903 => hypothetical protein
[23:28:16] Cleaned 50 /product names
[23:28:16] Deleting unwanted file: genome_annotation//sprot.faa
[23:28:16] Deleting unwanted file: genome_annotation//sprot.blast
[23:28:16] There are still 890 unannotated CDS left (started with 2838)
[23:28:16] Will use hmmer3 to search against /home/icaro/Documentos/WGCA/.snakemake/conda/349eb0fd/db/hmm/HAMAP.hmm with 4 CPUs
[23:28:16] Running: cat genome_annotation\/\/HAMAP\.hmm\.faa | parallel --gnu --plain -j 4 --block 28356 --recstart '>' --pipe hmmscan --noali --notextw --acc -E 1e-09 --cpu 1 /home/icaro/Documentos/WGCA/.snakemake/conda/349eb0fd/db/hmm/HAMAP.hmm /dev/stdin > genome_annotation\/\/HAMAP\.hmm\.hmmer3 2> /dev/null
[23:28:31] Deleting unwanted file: genome_annotation//HAMAP.hmm.faa
[23:28:31] Deleting unwanted file: genome_annotation//HAMAP.hmm.hmmer3
[23:28:31] Labelling remaining 851 proteins as 'hypothetical protein'
[23:28:31] Possible /pseudo 'ABC transporter ATP-binding protein' at gnl|Prokka|BEFOAEEH_1 position 12109
[23:28:31] Possible /pseudo 'ABC transporter ATP-binding protein/permease' at gnl|Prokka|BEFOAEEH_1 position 25023
[23:28:31] Possible /pseudo 'purine nucleoside phosphorylase' at gnl|Prokka|BEFOAEEH_3 position 65715
[23:28:31] Possible /pseudo 'ABC transporter permease' at gnl|Prokka|BEFOAEEH_3 position 69832
[23:28:31] Possible /pseudo 'Basic membrane lipopprotein' at gnl|Prokka|BEFOAEEH_3 position 73871
[23:28:31] Possible /pseudo 'arginine repressor protein' at gnl|Prokka|BEFOAEEH_3 position 112870
[23:28:31] Possible /pseudo 'alkaline shock protein 23 family protein' at gnl|Prokka|BEFOAEEH_3 position 144147
[23:28:31] Possible /pseudo 'translation-associated GTPase' at gnl|Prokka|BEFOAEEH_3 position 261520
[23:28:31] Possible /pseudo 'iron ABC transporter system permease' at gnl|Prokka|BEFOAEEH_5 position 57817
[23:28:31] Possible /pseudo 'ABC transporter permease' at gnl|Prokka|BEFOAEEH_5 position 74890
[23:28:31] Possible /pseudo 'peptide ABC transporter ATP-binding protein' at gnl|Prokka|BEFOAEEH_5 position 76796
[23:28:31] Possible /pseudo 'peptidase, U32 family' at gnl|Prokka|BEFOAEEH_5 position 242092
[23:28:31] Possible /pseudo 'glycosyl transferase family protein' at gnl|Prokka|BEFOAEEH_6 position 1325
[23:28:31] Possible /pseudo 'ABC transporter ATP-binding protein/permease' at gnl|Prokka|BEFOAEEH_6 position 219533
[23:28:31] Possible /pseudo 'ribosomal-protein-alanine acetyltransferase' at gnl|Prokka|BEFOAEEH_6 position 296290
[23:28:31] Possible /pseudo 'ABC transporter ATP-binding protein' at gnl|Prokka|BEFOAEEH_6 position 428170
[23:28:31] Possible /pseudo 'ABC transporter permease' at gnl|Prokka|BEFOAEEH_6 position 436901
[23:28:31] Possible /pseudo 'glycosyl transferase family protein' at gnl|Prokka|BEFOAEEH_6 position 462584
[23:28:31] Possible /pseudo 'glycosyl transferase family protein' at gnl|Prokka|BEFOAEEH_6 position 463415
[23:28:31] Possible /pseudo 'DNA-3-methyladenine glycosylase' at gnl|Prokka|BEFOAEEH_6 position 608397
[23:28:31] Possible /pseudo 'SIS domain-containing protein' at gnl|Prokka|BEFOAEEH_6 position 635636
[23:28:31] Possible /pseudo 'glycosyl transferase family protein' at gnl|Prokka|BEFOAEEH_6 position 743951
[23:28:31] Possible /pseudo 'phosphate ABC transporter ATP-binding protein' at gnl|Prokka|BEFOAEEH_6 position 795338
[23:28:31] Possible /pseudo 'ABC transporter ATP-binding protein/permease' at gnl|Prokka|BEFOAEEH_6 position 957529
[23:28:31] Possible /pseudo 'ABC transporter permease' at gnl|Prokka|BEFOAEEH_6 position 1144553
[23:28:31] Possible /pseudo 'HTH-type transcriptional regulator CynR' at gnl|Prokka|BEFOAEEH_6 position 1201480
[23:28:31] Possible /pseudo 'FtsW/RodA/SpoVE family cell cycle protein' at gnl|Prokka|BEFOAEEH_6 position 1203543
[23:28:31] Possible /pseudo 'ABC transporter permease' at gnl|Prokka|BEFOAEEH_6 position 1268044
[23:28:31] Possible /pseudo 'YycH protein' at gnl|Prokka|BEFOAEEH_6 position 1304810
[23:28:31] Possible /pseudo 'ABC transporter permease' at gnl|Prokka|BEFOAEEH_6 position 1373077
[23:28:31] Possible /pseudo 'LPXTG-motif protein cell wall anchor domain protein' at gnl|Prokka|BEFOAEEH_6 position 1435454
[23:28:31] Possible /pseudo 'ABC transporter ATP-binding protein/permease' at gnl|Prokka|BEFOAEEH_7 position 112278
[23:28:31] Possible /pseudo 'ABC transporter ATP-binding protein' at gnl|Prokka|BEFOAEEH_7 position 179799
[23:28:31] Possible /pseudo '6-phospho-beta-glucosidase' at gnl|Prokka|BEFOAEEH_9 position 6564
[23:28:31] Possible /pseudo 'SMR family multidrug resistance protein' at gnl|Prokka|BEFOAEEH_9 position 37793
[23:28:31] Possible /pseudo 'ABC transporter ATP-binding protein' at gnl|Prokka|BEFOAEEH_9 position 335436
[23:28:31] Found 665 unique /gene codes.
[23:28:31] Fixed 2 duplicate /gene - yclP_1 yclP_2
[23:28:31] Fixed 2 duplicate /gene - cynR_1 cynR_2
[23:28:31] Fixed 2 duplicate /gene - uvrA_1 uvrA_2
[23:28:31] Fixed 2 duplicate /gene - csd_1 csd_2
[23:28:31] Fixed 2 duplicate /gene - pepV_1 pepV_2
[23:28:31] Fixed 2 duplicate /gene - gyrB_1 gyrB_2
[23:28:31] Fixed 5 duplicate /gene - xerC_1 xerC_2 xerC_3 xerC_4 xerC_5
[23:28:31] Fixed 2 duplicate /gene - msmK_1 msmK_2
[23:28:31] Fixed 2 duplicate /gene - pdhB_1 pdhB_2
[23:28:31] Fixed 2 duplicate /gene - pepT_1 pepT_2
[23:28:31] Fixed 2 duplicate /gene - yeiL_1 yeiL_2
[23:28:31] Fixed 2 duplicate /gene - cpdA_1 cpdA_2
[23:28:31] Fixed 2 duplicate /gene - adcC_1 adcC_2
[23:28:31] Fixed 2 duplicate /gene - metQ_1 metQ_2
[23:28:31] Fixed 2 duplicate /gene - serS2_1 serS2_2
[23:28:31] Fixed 2 duplicate /gene - maeB_1 maeB_2
[23:28:31] Fixed 4 duplicate /gene - lytR_1 lytR_2 lytR_3 lytR_4
[23:28:31] Fixed 3 duplicate /gene - pyrC_1 pyrC_2 pyrC_3
[23:28:31] Fixed 3 duplicate /gene - artM_1 artM_2 artM_3
[23:28:31] Fixed 2 duplicate /gene - trpS_1 trpS_2
[23:28:31] Fixed 2 duplicate /gene - uspA_1 uspA_2
[23:28:31] Fixed 2 duplicate /gene - arnC_1 arnC_2
[23:28:31] Fixed 2 duplicate /gene - lexA_1 lexA_2
[23:28:31] Fixed 2 duplicate /gene - yfkN_1 yfkN_2
[23:28:31] Fixed 2 duplicate /gene - bga_1 bga_2
[23:28:31] Fixed 2 duplicate /gene - ndoA_1 ndoA_2
[23:28:31] Fixed 3 duplicate /gene - clpP_1 clpP_2 clpP_3
[23:28:31] Fixed 2 duplicate /gene - pdhD_1 pdhD_2
[23:28:31] Fixed 2 duplicate /gene - yfhO_1 yfhO_2
[23:28:31] Fixed 2 duplicate /gene - tyrS1_1 tyrS1_2
[23:28:31] Fixed 2 duplicate /gene - pdhA_1 pdhA_2
[23:28:31] Fixed 3 duplicate /gene - pucR_1 pucR_2 pucR_3
[23:28:31] Fixed 2 duplicate /gene - napA_1 napA_2
[23:28:31] Fixed 2 duplicate /gene - btuD_1 btuD_2
[23:28:31] Fixed 2 duplicate /gene - yabJ_1 yabJ_2
[23:28:31] Fixed 2 duplicate /gene - potC_1 potC_2
[23:28:31] Fixed 2 duplicate /gene - metB_1 metB_2
[23:28:31] Fixed 2 duplicate /gene - hcxA_1 hcxA_2
[23:28:31] Fixed 2 duplicate /gene - fhuB_1 fhuB_2
[23:28:31] Fixed 2 duplicate /gene - arcB_1 arcB_2
[23:28:31] Fixed 3 duplicate /gene - gatA_1 gatA_2 gatA_3
[23:28:31] Fixed 4 duplicate /gene - arcC_1 arcC_2 arcC_3 arcC_4
[23:28:31] Fixed 2 duplicate /gene - metN2_1 metN2_2
[23:28:31] Fixed 3 duplicate /gene - cbiO_1 cbiO_2 cbiO_3
[23:28:31] Fixed 2 duplicate /gene - atzC_1 atzC_2
[23:28:31] Fixed 2 duplicate /gene - murR_1 murR_2
[23:28:31] Fixed 2 duplicate /gene - rmlB_1 rmlB_2
[23:28:31] Fixed 2 duplicate /gene - lpxG_1 lpxG_2
[23:28:31] Fixed 2 duplicate /gene - murQ_1 murQ_2
[23:28:31] Fixed 2 duplicate /gene - yybR_1 yybR_2
[23:28:31] Fixed 2 duplicate /gene - ytcD_1 ytcD_2
[23:28:31] Fixed 2 duplicate /gene - nrdI_1 nrdI_2
[23:28:31] Fixed 2 duplicate /gene - macB_1 macB_2
[23:28:31] Fixed 53 colliding /gene names.
[23:28:31] Adding /locus_tag identifiers
[23:28:32] Assigned 2890 locus_tags to CDS and RNA features.
[23:28:32] Writing outputs to genome_annotation//
[23:28:33] Generating annotation statistics file
[23:28:33] Generating Genbank and Sequin files
[23:28:33] Running: tbl2asn -V b -a r10k -l paired-ends -M n -N 1 -y 'Annotated using prokka 1.14.0 from https://github.com/tseemann/prokka' -Z genome_annotation\/\/ST1\-20\.err -i genome_annotation\/\/ST1\-20\.fsa 2> /dev/null
[23:28:40] Deleting unwanted file: genome_annotation//errorsummary.val
[23:28:40] Deleting unwanted file: genome_annotation//ST1-20.dr
[23:28:40] Deleting unwanted file: genome_annotation//ST1-20.fixedproducts
[23:28:40] Deleting unwanted file: genome_annotation//ST1-20.ecn
[23:28:40] Deleting unwanted file: genome_annotation//ST1-20.val
[23:28:40] Repairing broken .GBK output that tbl2asn produces...
[23:28:40] Running: sed 's/COORDINATES: profile/COORDINATES:profile/' < genome_annotation\/\/ST1\-20\.gbf > genome_annotation\/\/ST1\-20\.gbk
[23:28:40] Deleting unwanted file: genome_annotation//ST1-20.gbf
[23:28:40] Output files:
[23:28:40] genome_annotation/ST1-20.err
[23:28:40] genome_annotation/ST1-20.fsa
[23:28:40] genome_annotation/ST1-20.txt
[23:28:40] genome_annotation/ST1-20.gbk
[23:28:40] genome_annotation/ST1-20.tsv
[23:28:40] genome_annotation/ST1-20.gff
[23:28:40] genome_annotation/ST1-20.log
[23:28:40] genome_annotation/ST1-20.fna
[23:28:40] genome_annotation/ST1-20.ffn
[23:28:40] genome_annotation/ST1-20.tbl
[23:28:40] genome_annotation/ST1-20.faa
[23:28:40] genome_annotation/ST1-20.sqn
[23:28:40] Annotation finished successfully.
[23:28:40] Walltime used: 1.65 minutes
[23:28:40] If you use this result please cite the Prokka paper:
[23:28:40] Seemann T (2014) Prokka: rapid prokaryotic genome annotation. Bioinformatics. 30(14):2068-9.
[23:28:40] Type 'prokka --citation' for more details.
[23:28:40] Share and enjoy!
