[22:46:28] This is prokka 1.14.0
[22:46:28] Written by Torsten Seemann <torsten.seemann@gmail.com>
[22:46:28] Homepage is https://github.com/tseemann/prokka
[22:46:28] Local time is Thu Sep  5 22:46:28 2019
[22:46:28] You are icaro
[22:46:28] Operating system is linux
[22:46:28] You have BioPerl 1.007002
[22:46:28] System has 4 cores.
[22:46:28] Option --cpu asked for 8 cores, but system only has 4
[22:46:28] Will use maximum of 4 cores.
[22:46:28] Annotating as >>> Bacteria <<<
[22:46:28] Generating locus_tag from 'data/samples/V583.fasta' contents.
[22:46:28] Setting --locustag DMEHAFPA from MD5 d6e1af9a4c98440a48469305143f324d
[22:46:28] Enabling options to ensure Genbank/ENA/DDJB submission compliance.
[22:46:28] Re-using existing --outdir genome_annotation/
[22:46:28] Using filename prefix: V583.XXX
[22:46:28] Setting HMMER_NCPU=1
[22:46:28] Writing log to: genome_annotation//V583.log
[22:46:28] Command: /home/icaro/Documentos/WGCA/.snakemake/conda/349eb0fd/bin/prokka --force --outdir genome_annotation/ --usegenus --Genus Enterococcus --compliant --prefix V583 data/samples/V583.fasta
[22:46:28] Appending to PATH: /home/icaro/Documentos/WGCA/.snakemake/conda/349eb0fd/bin
[22:46:28] Looking for 'aragorn' - found /home/icaro/Documentos/WGCA/.snakemake/conda/349eb0fd/bin/aragorn
[22:46:28] Determined aragorn version is 1.2
[22:46:28] Looking for 'barrnap' - found /home/icaro/Documentos/WGCA/.snakemake/conda/349eb0fd/bin/barrnap
[22:46:28] Determined barrnap version is 0.9
[22:46:28] Looking for 'blastp' - found /home/icaro/Documentos/WGCA/.snakemake/conda/349eb0fd/bin/blastp
[22:46:28] Determined blastp version is 2.9
[22:46:28] Looking for 'cmpress' - found /home/icaro/Documentos/WGCA/.snakemake/conda/349eb0fd/bin/cmpress
[22:46:28] Determined cmpress version is 1.1
[22:46:28] Looking for 'cmscan' - found /home/icaro/Documentos/WGCA/.snakemake/conda/349eb0fd/bin/cmscan
[22:46:28] Determined cmscan version is 1.1
[22:46:28] Looking for 'egrep' - found /bin/egrep
[22:46:28] Looking for 'find' - found /usr/bin/find
[22:46:28] Looking for 'grep' - found /bin/grep
[22:46:28] Looking for 'hmmpress' - found /home/icaro/Documentos/WGCA/.snakemake/conda/349eb0fd/bin/hmmpress
[22:46:28] Determined hmmpress version is 3.2
[22:46:28] Looking for 'hmmscan' - found /home/icaro/Documentos/WGCA/.snakemake/conda/349eb0fd/bin/hmmscan
[22:46:28] Determined hmmscan version is 3.2
[22:46:28] Looking for 'java' - found /home/icaro/Documentos/WGCA/.snakemake/conda/349eb0fd/bin/java
[22:46:28] Looking for 'less' - found /usr/bin/less
[22:46:28] Looking for 'makeblastdb' - found /home/icaro/Documentos/WGCA/.snakemake/conda/349eb0fd/bin/makeblastdb
[22:46:28] Determined makeblastdb version is 2.9
[22:46:28] Looking for 'minced' - found /home/icaro/Documentos/WGCA/.snakemake/conda/349eb0fd/bin/minced
[22:46:29] Determined minced version is 4.2
[22:46:29] Looking for 'parallel' - found /home/icaro/Documentos/WGCA/.snakemake/conda/349eb0fd/bin/parallel
[22:46:29] Determined parallel version is 20190722
[22:46:29] Looking for 'prodigal' - found /home/icaro/Documentos/WGCA/.snakemake/conda/349eb0fd/bin/prodigal
[22:46:29] Determined prodigal version is 2.6
[22:46:29] Looking for 'prokka-genbank_to_fasta_db' - found /home/icaro/Documentos/WGCA/.snakemake/conda/349eb0fd/bin/prokka-genbank_to_fasta_db
[22:46:29] Looking for 'sed' - found /bin/sed
[22:46:29] Looking for 'tbl2asn' - found /home/icaro/Documentos/WGCA/.snakemake/conda/349eb0fd/bin/tbl2asn
[22:46:29] Determined tbl2asn version is 25.7
[22:46:29] Using genetic code table 11.
[22:46:29] Loading and checking input file: data/samples/V583.fasta
[22:46:29] Wrote 4 contigs totalling 3359974 bp.
[22:46:29] Predicting tRNAs and tmRNAs
[22:46:29] Running: aragorn -l -gc11  -w genome_annotation\/\/V583\.fna
[22:46:30] 1 tRNA-Val [253384,253458] 35 (tac)
[22:46:30] 2 tRNA-Lys [253463,253537] 35 (ttt)
[22:46:30] 3 tRNA-Leu [253552,253635] 36 (tag)
[22:46:30] 4 tRNA-Thr [253641,253716] 34 (tgt)
[22:46:30] 5 tRNA-Gly [253721,253792] 33 (gcc)
[22:46:30] 6 tRNA-Leu [253808,253893] 35 (taa)
[22:46:30] 7 tRNA-Arg [253908,253981] 35 (acg)
[22:46:30] 8 tRNA-Pro [253993,254066] 35 (tgg)
[22:46:30] 9 tRNA-Ala [254079,254153] 35 (tgc)
[22:46:30] 10 tRNA-Met [254175,254250] 36 (cat)
[22:46:30] 11 tRNA-Met [254269,254344] 36 (cat)
[22:46:30] 12 tRNA-Ser [254377,254466] 37 (tga)
[22:46:30] 13 tRNA-Met [254499,254574] 36 (cat)
[22:46:30] 14 tRNA-Asp [254612,254688] 35 (gtc)
[22:46:30] 15 tRNA-Gly [254690,254760] 33 (tcc)
[22:46:30] 16 tRNA-Ile [254769,254844] 36 (gat)
[22:46:30] 17 tRNA-Glu [254857,254930] 35 (ttc)
[22:46:30] 18 tRNA-Ser [254942,255031] 37 (tga)
[22:46:30] 19 tRNA-Met [255064,255139] 36 (cat)
[22:46:30] 20 tRNA-Asp [255186,255261] 36 (gtc)
[22:46:30] 21 tRNA-Phe [255265,255342] 35 (gaa)
[22:46:30] 22 tRNA-Gly [255353,255423] 33 (tcc)
[22:46:30] 23 tRNA-Ile [255437,255510] 35 (gat)
[22:46:30] 24 tRNA-Ser [255520,255609] 36 (gct)
[22:46:30] 25 tRNA-Glu [255623,255696] 35 (ttc)
[22:46:30] 26 tRNA-Met [326260,326333] 35 (cat)
[22:46:30] 27 tRNA-Lys [446801,446875] 35 (ctt)
[22:46:30] 28 tRNA-Met [532142,532217] 36 (cat)
[22:46:30] 29 tRNA-Arg c[739753,739826] 35 (ccg)
[22:46:30] 30 tRNA-Arg c[930972,931047] 36 (tct)
[22:46:30] 31 tRNA-Arg [980391,980466] 36 (cct)
[22:46:30] 32 tRNA-Ala [1019820,1019892] 34 (tgc)
[22:46:30] 33 tRNA-Asn [1023199,1023274] 36 (gtt)
[22:46:30] 34 tRNA-Ser [1023316,1023406] 36 (gga)
[22:46:30] 35 tRNA-Glu [1023422,1023495] 35 (ttc)
[22:46:30] 36 tRNA-Val [1023521,1023595] 35 (tac)
[22:46:30] 37 tRNA-Asp [1023605,1023680] 34 (gtc)
[22:46:30] 38 tRNA-Phe [1023726,1023798] 34 (gaa)
[22:46:30] 39 tRNA-Tyr [1023803,1023885] 36 (gta)
[22:46:30] 40 tRNA-Trp [1023889,1023962] 33 (cca)
[22:46:30] 41 tRNA-His [1023999,1024072] 34 (gtg)
[22:46:30] 42 tRNA-Gln [1024085,1024158] 34 (ttg)
[22:46:30] 43 tRNA-Cys [1024183,1024253] 33 (gca)
[22:46:30] 44 tRNA-Leu [1024266,1024351] 36 (caa)
[22:46:30] 45 tmRNA c[1066894,1067257] 91,129 AKNENNSFALAA*
[22:46:30] 46 tRNA-Leu [1281633,1281719] 36 (gag)
[22:46:30] 47 tRNA-Tyr [1292966,1293048] 36 (gta)
[22:46:30] 48 tRNA-Gln [1293056,1293129] 34 (ttg)
[22:46:30] 49 tRNA-Lys [1415795,1415881] 35 (ttt)
[22:46:30] 50 tRNA-Met [1443937,1444010] 35 (cat)
[22:46:30] 51 tRNA-Met c[1924392,1924467] 36 (cat)
[22:46:30] 52 tRNA-Trp c[1951975,1952046] 34 (cca)
[22:46:30] 53 tRNA-Thr [2004680,2004753] 34 (ggt)
[22:46:30] 54 tRNA-Met c[2006275,2006350] 36 (cat)
[22:46:30] 55 tRNA-Cys c[2033399,2033470] 33 (gca)
[22:46:30] 56 tRNA-Thr c[2462327,2462399] 34 (cgt)
[22:46:30] 57 tRNA-Ser c[2700255,2700344] 37 (cga)
[22:46:30] 58 tRNA-Trp c[2722698,2722769] 34 (cca)
[22:46:30] 59 tRNA-Asn c[2768315,2768390] 36 (gtt)
[22:46:30] 60 tRNA-Ala c[2771696,2771768] 34 (tgc)
[22:46:30] 61 tRNA-Pro c[3164359,3164432] 35 (tgg)
[22:46:30] 62 tRNA-Arg c[3164522,3164595] 35 (acg)
[22:46:30] 63 tRNA-Leu c[3164610,3164695] 35 (taa)
[22:46:30] 64 tRNA-Gly c[3164711,3164782] 33 (gcc)
[22:46:30] 65 tRNA-Thr c[3164787,3164862] 34 (tgt)
[22:46:30] 66 tRNA-Leu c[3164868,3164951] 36 (tag)
[22:46:30] 67 tRNA-Lys c[3164966,3165040] 35 (ttt)
[22:46:30] 68 tRNA-Val c[3165045,3165119] 35 (tac)
[22:46:30] Found 68 tRNAs
[22:46:30] Predicting Ribosomal RNAs
[22:46:30] Running Barrnap with 4 threads
[22:46:33] 1 gnl|Prokka|DMEHAFPA_1 248462 16S ribosomal RNA
[22:46:33] 2 gnl|Prokka|DMEHAFPA_1 250248 23S ribosomal RNA
[22:46:33] 3 gnl|Prokka|DMEHAFPA_1 253258 5S ribosomal RNA
[22:46:33] 4 gnl|Prokka|DMEHAFPA_1 1018183 16S ribosomal RNA
[22:46:33] 5 gnl|Prokka|DMEHAFPA_1 1020071 23S ribosomal RNA
[22:46:33] 6 gnl|Prokka|DMEHAFPA_1 1023081 5S ribosomal RNA
[22:46:33] 7 gnl|Prokka|DMEHAFPA_1 2768399 5S ribosomal RNA
[22:46:33] 8 gnl|Prokka|DMEHAFPA_1 2768610 23S ribosomal RNA
[22:46:33] 9 gnl|Prokka|DMEHAFPA_1 2771848 16S ribosomal RNA
[22:46:33] 10 gnl|Prokka|DMEHAFPA_1 3165136 5S ribosomal RNA
[22:46:33] 11 gnl|Prokka|DMEHAFPA_1 3165347 23S ribosomal RNA
[22:46:33] 12 gnl|Prokka|DMEHAFPA_1 3168484 16S ribosomal RNA
[22:46:33] Found 12 rRNAs
[22:46:33] Skipping ncRNA search, enable with --rfam if desired.
[22:46:33] Total of 79 tRNA + rRNA features
[22:46:33] Searching for CRISPR repeats
[22:46:33] Found 0 CRISPRs
[22:46:33] Predicting coding sequences
[22:46:33] Contigs total 3359974 bp, so using single mode
[22:46:33] Running: prodigal -i genome_annotation\/\/V583\.fna -c -m -g 11 -p single -f sco -q
[22:46:42] Found 3270 CDS
[22:46:42] Connecting features back to sequences
[22:46:42] Using custom Enterococcus database for annotation
[22:46:42] Annotating CDS, please be patient.
[22:46:42] Will use 4 CPUs for similarity searching.
[22:46:43] There are still 3270 unannotated CDS left (started with 3270)
[22:46:43] Will use blast to search against /home/icaro/Documentos/WGCA/.snakemake/conda/349eb0fd/db/genus/Enterococcus with 4 CPUs
[22:46:43] Running: cat genome_annotation\/\/Enterococcus\.faa | parallel --gnu --plain -j 4 --block 125108 --recstart '>' --pipe blastp -query - -db /home/icaro/Documentos/WGCA/.snakemake/conda/349eb0fd/db/genus/Enterococcus -evalue 1e-09 -qcov_hsp_perc 80 -num_threads 1 -num_descriptions 1 -num_alignments 1 -seg no > genome_annotation\/\/Enterococcus\.blast 2> /dev/null
[22:47:05] Modify product: site-specific tyrosine recombinase XerC-family => site-specific tyrosine recombinase XerC-family protein
[22:47:05] Modify product: site-specific tyrosine recombinase XerD-family => site-specific tyrosine recombinase XerD-family protein
[22:47:05] Modify product: site-specific tyrosine recombinase XerC-family => site-specific tyrosine recombinase XerC-family protein
[22:47:06] Modify product: Sporulation Regulator WhiA N terminal => hypothetical protein
[22:47:06] Modify product: radical SAM protein family => radical SAM protein family protein
[22:47:06] Modify product: putative RNA-binding protein containing a PIN domain => putative RNA-binding protein containing a PIN domain protein
[22:47:06] Modify product: site-specific tyrosine recombinase XerC-family => site-specific tyrosine recombinase XerC-family protein
[22:47:06] Modify product: site-specific tyrosine recombinase XerC-family => site-specific tyrosine recombinase XerC-family protein
[22:47:06] Modify product: site-specific tyrosine recombinase XerC-family => site-specific tyrosine recombinase XerC-family protein
[22:47:06] Modify product: site-specific tyrosine recombinase XerC-family => site-specific tyrosine recombinase XerC-family protein
[22:47:07] Modify product: site-specific tyrosine recombinase XerC-family => site-specific tyrosine recombinase XerC-family protein
[22:47:07] Modify product: site-specific tyrosine recombinase XerC-family => site-specific tyrosine recombinase XerC-family protein
[22:47:07] Modify product: site-specific tyrosine recombinase XerC-family => site-specific tyrosine recombinase XerC-family protein
[22:47:07] Modify product: site-specific tyrosine recombinase XerC-family => site-specific tyrosine recombinase XerC-family protein
[22:47:07] Modify product: site-specific tyrosine recombinase XerC-family => site-specific tyrosine recombinase XerC-family protein
[22:47:08] Modify product: site-specific tyrosine recombinase XerC-family => site-specific tyrosine recombinase XerC-family protein
[22:47:08] Modify product: site-specific tyrosine recombinase XerC-family => site-specific tyrosine recombinase XerC-family protein
[22:47:08] Cleaned 17 /product names
[22:47:08] Deleting unwanted file: genome_annotation//Enterococcus.faa
[22:47:08] Deleting unwanted file: genome_annotation//Enterococcus.blast
[22:47:08] There are still 1425 unannotated CDS left (started with 3270)
[22:47:08] Will use blast to search against /home/icaro/Documentos/WGCA/.snakemake/conda/349eb0fd/db/kingdom/Bacteria/IS with 4 CPUs
[22:47:08] Running: cat genome_annotation\/\/IS\.faa | parallel --gnu --plain -j 4 --block 46388 --recstart '>' --pipe blastp -query - -db /home/icaro/Documentos/WGCA/.snakemake/conda/349eb0fd/db/kingdom/Bacteria/IS -evalue 1e-30 -qcov_hsp_perc 90 -num_threads 1 -num_descriptions 1 -num_alignments 1 -seg no > genome_annotation\/\/IS\.blast 2> /dev/null
[22:47:19] Deleting unwanted file: genome_annotation//IS.faa
[22:47:19] Deleting unwanted file: genome_annotation//IS.blast
[22:47:20] There are still 1422 unannotated CDS left (started with 3270)
[22:47:20] Will use blast to search against /home/icaro/Documentos/WGCA/.snakemake/conda/349eb0fd/db/kingdom/Bacteria/AMR with 4 CPUs
[22:47:20] Running: cat genome_annotation\/\/AMR\.faa | parallel --gnu --plain -j 4 --block 46333 --recstart '>' --pipe blastp -query - -db /home/icaro/Documentos/WGCA/.snakemake/conda/349eb0fd/db/kingdom/Bacteria/AMR -evalue 9.99999999999999e-301 -qcov_hsp_perc 90 -num_threads 1 -num_descriptions 1 -num_alignments 1 -seg no > genome_annotation\/\/AMR\.blast 2> /dev/null
[22:47:29] Deleting unwanted file: genome_annotation//AMR.faa
[22:47:29] Deleting unwanted file: genome_annotation//AMR.blast
[22:47:29] There are still 1421 unannotated CDS left (started with 3270)
[22:47:29] Will use blast to search against /home/icaro/Documentos/WGCA/.snakemake/conda/349eb0fd/db/kingdom/Bacteria/sprot with 4 CPUs
[22:47:29] Running: cat genome_annotation\/\/sprot\.faa | parallel --gnu --plain -j 4 --block 46272 --recstart '>' --pipe blastp -query - -db /home/icaro/Documentos/WGCA/.snakemake/conda/349eb0fd/db/kingdom/Bacteria/sprot -evalue 1e-09 -qcov_hsp_perc 80 -num_threads 1 -num_descriptions 1 -num_alignments 1 -seg no > genome_annotation\/\/sprot\.blast 2> /dev/null
[22:48:11] Modify product: Uncharacterized protein YbdM => putative protein YbdM
[22:48:11] Modify product: Uncharacterized lipoprotein YehR => putative lipoprotein YehR
[22:48:11] Modify product: Uncharacterized HTH-type transcriptional regulator YtcD => putative HTH-type transcriptional regulator YtcD
[22:48:11] Modify product: Probable transcriptional regulatory protein aq_1575 => putative transcriptional regulatory protein
[22:48:11] Modify product: UPF0342 protein SA1663 => hypothetical protein
[22:48:11] Modify product: Uncharacterized protein YhaN => putative protein YhaN
[22:48:11] Modify product: UPF0374 protein SP_1903 => hypothetical protein
[22:48:11] Modify product: Deacetylase EF_0837 => Deacetylase
[22:48:11] Modify product: Uncharacterized N-acetyltransferase YjaB => putative N-acetyltransferase YjaB
[22:48:11] Modify product: Probable peptide export permease protein YydJ => putative peptide export permease protein YydJ
[22:48:11] Modify product: UPF0398 protein YpsA => hypothetical protein
[22:48:11] Modify product: UPF0297 protein EF_1202 => hypothetical protein
[22:48:11] Modify product: UPF0473 protein SP_0194 => hypothetical protein
[22:48:11] Modify product: Uncharacterized membrane protein YuaF => putative membrane protein YuaF
[22:48:11] Modify product: Probable molybdenum cofactor guanylyltransferase => putative molybdenum cofactor guanylyltransferase
[22:48:11] Modify product: UPF0302 protein BA_1542/GBAA_1542/BAS1430 => hypothetical protein
[22:48:11] Modify product: UPF0291 protein SP_1473 => hypothetical protein
[22:48:11] Modify product: UPF0316 protein SA1727 => hypothetical protein
[22:48:11] Modify product: Probable transcriptional regulatory protein pdtaR => putative transcriptional regulatory protein pdtaR
[22:48:11] Modify product: Probable butyrate kinase 2 => putative butyrate kinase 2
[22:48:11] Modify product: UPF0346 protein YozE => hypothetical protein
[22:48:11] Modify product: UPF0154 protein SA1178 => hypothetical protein
[22:48:11] Modify product: UPF0291 protein YnzC => hypothetical protein
[22:48:11] Modify product: Probable formate transporter 1 => putative formate transporter 1
[22:48:11] Modify product: UPF0145 protein YbjQ => hypothetical protein
[22:48:11] Modify product: UPF0340 protein YwlG => hypothetical protein
[22:48:11] Modify product: Probable ABC transporter ATP-binding protein HI_0664 => putative ABC transporter ATP-binding protein
[22:48:11] Modify product: UPF0397 protein SP_0482 => hypothetical protein
[22:48:11] Modify product: Uncharacterized glycosyltransferase EpsJ => putative glycosyltransferase EpsJ
[22:48:11] Modify product: UPF0358 protein EF_2458 => hypothetical protein
[22:48:11] Modify product: UPF0223 protein BH2638 => hypothetical protein
[22:48:11] Modify product: Probable xanthine dehydrogenase subunit A => putative xanthine dehydrogenase subunit A
[22:48:12] Modify product: Probable iron export permease protein FetB => putative iron export permease protein FetB
[22:48:12] Modify product: Uncharacterized protein YaaQ => putative protein YaaQ
[22:48:12] Modify product: Uncharacterized HTH-type transcriptional regulator YtcD => putative HTH-type transcriptional regulator YtcD
[22:48:12] Modify product: Nucleoid-associated protein Cthe_2143 => Nucleoid-associated protein
[22:48:12] Modify product: Uncharacterized protein YqgQ => putative protein YqgQ
[22:48:12] Modify product: Probable transcriptional regulatory protein SA0624 => putative transcriptional regulatory protein
[22:48:12] Modify product: Uncharacterized protein YkuJ => putative protein YkuJ
[22:48:12] Modify product: UPF0356 protein M6_Spy1605 => hypothetical protein
[22:48:12] Modify product: Probable sulfoacetate transporter SauU => putative sulfoacetate transporter SauU
[22:48:12] Modify product: Uncharacterized HTH-type transcriptional regulator YbbH => putative HTH-type transcriptional regulator YbbH
[22:48:12] Modify product: UPF0637 protein SA0957 => hypothetical protein
[22:48:12] Modify product: Uncharacterized protein YueI => putative protein YueI
[22:48:12] Modify product: UPF0701 protein YicC => hypothetical protein
[22:48:12] Modify product: Uncharacterized protein YmcA => putative protein YmcA
[22:48:12] Cleaned 46 /product names
[22:48:12] Deleting unwanted file: genome_annotation//sprot.faa
[22:48:12] Deleting unwanted file: genome_annotation//sprot.blast
[22:48:12] There are still 1176 unannotated CDS left (started with 3270)
[22:48:12] Will use hmmer3 to search against /home/icaro/Documentos/WGCA/.snakemake/conda/349eb0fd/db/hmm/HAMAP.hmm with 4 CPUs
[22:48:12] Running: cat genome_annotation\/\/HAMAP\.hmm\.faa | parallel --gnu --plain -j 4 --block 36254 --recstart '>' --pipe hmmscan --noali --notextw --acc -E 1e-09 --cpu 1 /home/icaro/Documentos/WGCA/.snakemake/conda/349eb0fd/db/hmm/HAMAP.hmm /dev/stdin > genome_annotation\/\/HAMAP\.hmm\.hmmer3 2> /dev/null
[22:48:34] Deleting unwanted file: genome_annotation//HAMAP.hmm.faa
[22:48:34] Deleting unwanted file: genome_annotation//HAMAP.hmm.hmmer3
[22:48:34] Labelling remaining 1133 proteins as 'hypothetical protein'
[22:48:34] Possible /pseudo 'alkaline shock protein 23 family protein' at gnl|Prokka|DMEHAFPA_1 position 79002
[22:48:34] Possible /pseudo 'arginine repressor protein' at gnl|Prokka|DMEHAFPA_1 position 106935
[22:48:34] Possible /pseudo 'Basic membrane lipopprotein' at gnl|Prokka|DMEHAFPA_1 position 174528
[22:48:34] Possible /pseudo 'ABC transporter permease' at gnl|Prokka|DMEHAFPA_1 position 178513
[22:48:34] Possible /pseudo 'purine nucleoside phosphorylase' at gnl|Prokka|DMEHAFPA_1 position 182657
[22:48:34] Possible /pseudo '6-phospho-beta-glucosidase' at gnl|Prokka|DMEHAFPA_1 position 260328
[22:48:34] Possible /pseudo 'SMR family multidrug resistance protein' at gnl|Prokka|DMEHAFPA_1 position 328785
[22:48:34] Possible /pseudo 'RNA polymerase sigma-70 factor, region 4' at gnl|Prokka|DMEHAFPA_1 position 448779
[22:48:34] Possible /pseudo 'Putative transposon Tn552 DNA-invertase bin3' at gnl|Prokka|DMEHAFPA_1 position 493546
[22:48:34] Possible /pseudo 'YibE/F-like protein' at gnl|Prokka|DMEHAFPA_1 position 499934
[22:48:34] Possible /pseudo 'ABC transporter ATP-binding protein' at gnl|Prokka|DMEHAFPA_1 position 749874
[22:48:34] Possible /pseudo 'ABC transporter ATP-binding protein' at gnl|Prokka|DMEHAFPA_1 position 878288
[22:48:34] Possible /pseudo 'ABC transporter ATP-binding protein/permease' at gnl|Prokka|DMEHAFPA_1 position 906128
[22:48:34] Possible /pseudo 'LPXTG-motif protein cell wall anchor domain protein' at gnl|Prokka|DMEHAFPA_1 position 1062129
[22:48:34] Possible /pseudo 'ABC transporter permease' at gnl|Prokka|DMEHAFPA_1 position 1092245
[22:48:34] Possible /pseudo 'YycH protein' at gnl|Prokka|DMEHAFPA_1 position 1163617
[22:48:34] Possible /pseudo 'ABC transporter permease' at gnl|Prokka|DMEHAFPA_1 position 1200394
[22:48:34] Possible /pseudo 'FtsW/RodA/SpoVE family cell cycle protein' at gnl|Prokka|DMEHAFPA_1 position 1265016
[22:48:34] Possible /pseudo 'HTH-type transcriptional regulator CynR' at gnl|Prokka|DMEHAFPA_1 position 1267137
[22:48:34] Possible /pseudo 'SPFH domain / Band 7 family protein' at gnl|Prokka|DMEHAFPA_1 position 1291543
[22:48:34] Possible /pseudo 'ABC transporter permease' at gnl|Prokka|DMEHAFPA_1 position 1314483
[22:48:34] Possible /pseudo 'ABC transporter ATP-binding protein/permease' at gnl|Prokka|DMEHAFPA_1 position 1545263
[22:48:34] Possible /pseudo 'phosphate ABC transporter ATP-binding protein' at gnl|Prokka|DMEHAFPA_1 position 1702484
[22:48:34] Possible /pseudo 'glycosyl transferase family protein' at gnl|Prokka|DMEHAFPA_1 position 1754616
[22:48:34] Possible /pseudo 'ISEf1, transposase' at gnl|Prokka|DMEHAFPA_1 position 1807628
[22:48:34] Possible /pseudo 'IS1251-like transposase' at gnl|Prokka|DMEHAFPA_1 position 1811695
[22:48:34] Possible /pseudo 'SIS domain-containing protein' at gnl|Prokka|DMEHAFPA_1 position 1888378
[22:48:34] Possible /pseudo 'DNA-3-methyladenine glycosylase' at gnl|Prokka|DMEHAFPA_1 position 1915578
[22:48:34] Possible /pseudo 'phosphoglucosamine mutase' at gnl|Prokka|DMEHAFPA_1 position 2059424
[22:48:34] Possible /pseudo 'glycosyl transferase family protein' at gnl|Prokka|DMEHAFPA_1 position 2110502
[22:48:34] Possible /pseudo 'glycosyl transferase family protein' at gnl|Prokka|DMEHAFPA_1 position 2111329
[22:48:34] Possible /pseudo 'aminopeptidase PepS' at gnl|Prokka|DMEHAFPA_1 position 2117626
[22:48:34] Possible /pseudo 'ABC transporter permease' at gnl|Prokka|DMEHAFPA_1 position 2137024
[22:48:34] Possible /pseudo 'ABC transporter ATP-binding protein' at gnl|Prokka|DMEHAFPA_1 position 2146199
[22:48:34] Possible /pseudo 'ribosomal-protein-alanine acetyltransferase' at gnl|Prokka|DMEHAFPA_1 position 2395547
[22:48:34] Possible /pseudo 'ABC transporter ATP-binding protein/permease' at gnl|Prokka|DMEHAFPA_1 position 2511590
[22:48:34] Possible /pseudo 'glycosyl transferase family protein' at gnl|Prokka|DMEHAFPA_1 position 2767119
[22:48:34] Possible /pseudo 'ABC transporter ATP-binding protein' at gnl|Prokka|DMEHAFPA_1 position 2785540
[22:48:34] Possible /pseudo 'ABC transporter ATP-binding protein/permease' at gnl|Prokka|DMEHAFPA_1 position 2798453
[22:48:34] Possible /pseudo 'iron ABC transporter system permease' at gnl|Prokka|DMEHAFPA_1 position 2960191
[22:48:34] Possible /pseudo 'ABC transporter permease' at gnl|Prokka|DMEHAFPA_1 position 2982920
[22:48:34] Possible /pseudo 'peptide ABC transporter ATP-binding protein' at gnl|Prokka|DMEHAFPA_1 position 2984826
[22:48:34] Possible /pseudo 'Peptide deformylase' at gnl|Prokka|DMEHAFPA_1 position 3000487
[22:48:34] Possible /pseudo 'site-specific tyrosine recombinase XerC-family protein' at gnl|Prokka|DMEHAFPA_1 position 3099642
[22:48:34] Possible /pseudo '50S ribosomal protein L13' at gnl|Prokka|DMEHAFPA_1 position 3100853
[22:48:34] Possible /pseudo 'peptidase, U32 family' at gnl|Prokka|DMEHAFPA_1 position 3155122
[22:48:34] Possible /pseudo 'translation-associated GTPase' at gnl|Prokka|DMEHAFPA_1 position 3179847
[22:48:34] Found 685 unique /gene codes.
[22:48:34] Fixed 4 duplicate /gene - asa1_1 asa1_2 asa1_3 asa1_4
[22:48:34] Fixed 2 duplicate /gene - yfhO_1 yfhO_2
[22:48:34] Fixed 3 duplicate /gene - btuD_1 btuD_2 btuD_3
[22:48:34] Fixed 4 duplicate /gene - lytR_1 lytR_2 lytR_3 lytR_4
[22:48:34] Fixed 2 duplicate /gene - rpmG1_1 rpmG1_2
[22:48:34] Fixed 2 duplicate /gene - rplM_1 rplM_2
[22:48:34] Fixed 2 duplicate /gene - metB_1 metB_2
[22:48:34] Fixed 2 duplicate /gene - pdhA_1 pdhA_2
[22:48:34] Fixed 2 duplicate /gene - yycJ_1 yycJ_2
[22:48:34] Fixed 2 duplicate /gene - uvrA_1 uvrA_2
[22:48:34] Fixed 2 duplicate /gene - tcpC_1 tcpC_2
[22:48:34] Fixed 2 duplicate /gene - yabJ_1 yabJ_2
[22:48:34] Fixed 2 duplicate /gene - murQ_1 murQ_2
[22:48:34] Fixed 2 duplicate /gene - rpsN1_1 rpsN1_2
[22:48:34] Fixed 2 duplicate /gene - nrdI_1 nrdI_2
[22:48:34] Fixed 2 duplicate /gene - nagB_1 nagB_2
[22:48:34] Fixed 3 duplicate /gene - bga_1 bga_2 bga_3
[22:48:34] Fixed 2 duplicate /gene - xre_1 xre_2
[22:48:34] Fixed 2 duplicate /gene - mobA_1 mobA_2
[22:48:34] Fixed 2 duplicate /gene - uspA_1 uspA_2
[22:48:34] Fixed 2 duplicate /gene - atzC_1 atzC_2
[22:48:34] Fixed 2 duplicate /gene - metQ_1 metQ_2
[22:48:34] Fixed 2 duplicate /gene - pepV_1 pepV_2
[22:48:34] Fixed 2 duplicate /gene - maeB_1 maeB_2
[22:48:34] Fixed 2 duplicate /gene - pepS_1 pepS_2
[22:48:34] Fixed 3 duplicate /gene - pucR_1 pucR_2 pucR_3
[22:48:34] Fixed 2 duplicate /gene - fhuB_1 fhuB_2
[22:48:34] Fixed 2 duplicate /gene - dgaF_1 dgaF_2
[22:48:34] Fixed 2 duplicate /gene - pdhB_1 pdhB_2
[22:48:34] Fixed 2 duplicate /gene - metN2_1 metN2_2
[22:48:34] Fixed 2 duplicate /gene - gyrB_1 gyrB_2
[22:48:34] Fixed 4 duplicate /gene - arcC_1 arcC_2 arcC_3 arcC_4
[22:48:34] Fixed 3 duplicate /gene - pyrC_1 pyrC_2 pyrC_3
[22:48:34] Fixed 2 duplicate /gene - trpS_1 trpS_2
[22:48:34] Fixed 2 duplicate /gene - ndoA_1 ndoA_2
[22:48:34] Fixed 2 duplicate /gene - yclP_1 yclP_2
[22:48:34] Fixed 2 duplicate /gene - cbiO_1 cbiO_2
[22:48:34] Fixed 2 duplicate /gene - lpxG_1 lpxG_2
[22:48:34] Fixed 2 duplicate /gene - ytcD_1 ytcD_2
[22:48:34] Fixed 2 duplicate /gene - bin3_1 bin3_2
[22:48:34] Fixed 2 duplicate /gene - napA_1 napA_2
[22:48:34] Fixed 2 duplicate /gene - serS2_1 serS2_2
[22:48:34] Fixed 15 duplicate /gene - xerC_1 xerC_2 xerC_3 xerC_4 xerC_5 xerC_6 xerC_7 xerC_8 xerC_9 xerC_10 xerC_11 xerC_12 xerC_13 xerC_14 xerC_15
[22:48:34] Fixed 2 duplicate /gene - cspLA_1 cspLA_2
[22:48:34] Fixed 2 duplicate /gene - potC_1 potC_2
[22:48:34] Fixed 2 duplicate /gene - dgaE_1 dgaE_2
[22:48:34] Fixed 2 duplicate /gene - msmK_1 msmK_2
[22:48:34] Fixed 3 duplicate /gene - rep_1 rep_2 rep_3
[22:48:34] Fixed 3 duplicate /gene - gatA_1 gatA_2 gatA_3
[22:48:34] Fixed 2 duplicate /gene - pepT_1 pepT_2
[22:48:34] Fixed 2 duplicate /gene - glmM_1 glmM_2
[22:48:34] Fixed 2 duplicate /gene - yfkN_1 yfkN_2
[22:48:34] Fixed 2 duplicate /gene - murB_1 murB_2
[22:48:34] Fixed 2 duplicate /gene - tyrS1_1 tyrS1_2
[22:48:34] Fixed 2 duplicate /gene - hcxA_1 hcxA_2
[22:48:34] Fixed 2 duplicate /gene - pdhD_1 pdhD_2
[22:48:34] Fixed 2 duplicate /gene - rmlB_1 rmlB_2
[22:48:34] Fixed 2 duplicate /gene - arcB_1 arcB_2
[22:48:34] Fixed 2 duplicate /gene - artM_1 artM_2
[22:48:34] Fixed 2 duplicate /gene - macB_1 macB_2
[22:48:34] Fixed 2 duplicate /gene - cynR_1 cynR_2
[22:48:34] Fixed 2 duplicate /gene - murR_1 murR_2
[22:48:34] Fixed 3 duplicate /gene - prgT_1 prgT_2 prgT_3
[22:48:34] Fixed 2 duplicate /gene - prgN_1 prgN_2
[22:48:34] Fixed 2 duplicate /gene - rpmF2_1 rpmF2_2
[22:48:34] Fixed 2 duplicate /gene - kduI1_1 kduI1_2
[22:48:34] Fixed 2 duplicate /gene - csd_1 csd_2
[22:48:34] Fixed 2 duplicate /gene - yuaG_1 yuaG_2
[22:48:34] Fixed 2 duplicate /gene - arnC_1 arnC_2
[22:48:34] Fixed 69 colliding /gene names.
[22:48:34] Adding /locus_tag identifiers
[22:48:35] Assigned 3350 locus_tags to CDS and RNA features.
[22:48:35] Writing outputs to genome_annotation//
[22:48:37] Generating annotation statistics file
[22:48:37] Generating Genbank and Sequin files
[22:48:37] Running: tbl2asn -V b -a r10k -l paired-ends -M n -N 1 -y 'Annotated using prokka 1.14.0 from https://github.com/tseemann/prokka' -Z genome_annotation\/\/V583\.err -i genome_annotation\/\/V583\.fsa 2> /dev/null
[22:48:47] Deleting unwanted file: genome_annotation//errorsummary.val
[22:48:47] Deleting unwanted file: genome_annotation//V583.dr
[22:48:47] Deleting unwanted file: genome_annotation//V583.fixedproducts
[22:48:47] Deleting unwanted file: genome_annotation//V583.ecn
[22:48:47] Deleting unwanted file: genome_annotation//V583.val
[22:48:47] Repairing broken .GBK output that tbl2asn produces...
[22:48:47] Running: sed 's/COORDINATES: profile/COORDINATES:profile/' < genome_annotation\/\/V583\.gbf > genome_annotation\/\/V583\.gbk
[22:48:47] Deleting unwanted file: genome_annotation//V583.gbf
[22:48:47] Output files:
[22:48:47] genome_annotation/V583.gff
[22:48:47] genome_annotation/V583.tbl
[22:48:47] genome_annotation/V583.gbk
[22:48:47] genome_annotation/V583.fsa
[22:48:47] genome_annotation/V583.txt
[22:48:47] genome_annotation/V583.tsv
[22:48:47] genome_annotation/V583.faa
[22:48:47] genome_annotation/V583.err
[22:48:47] genome_annotation/V583.ffn
[22:48:47] genome_annotation/V583.log
[22:48:47] genome_annotation/V583.fna
[22:48:47] genome_annotation/V583.sqn
[22:48:47] Annotation finished successfully.
[22:48:47] Walltime used: 2.32 minutes
[22:48:47] If you use this result please cite the Prokka paper:
[22:48:47] Seemann T (2014) Prokka: rapid prokaryotic genome annotation. Bioinformatics. 30(14):2068-9.
[22:48:47] Type 'prokka --citation' for more details.
[22:48:47] Share and enjoy!
