[23:42:37] This is prokka 1.14.0
[23:42:37] Written by Torsten Seemann <torsten.seemann@gmail.com>
[23:42:37] Homepage is https://github.com/tseemann/prokka
[23:42:37] Local time is Thu Sep  5 23:42:37 2019
[23:42:37] You are icaro
[23:42:37] Operating system is linux
[23:42:37] You have BioPerl 1.007002
[23:42:37] System has 4 cores.
[23:42:37] Option --cpu asked for 8 cores, but system only has 4
[23:42:37] Will use maximum of 4 cores.
[23:42:37] Annotating as >>> Bacteria <<<
[23:42:37] Generating locus_tag from 'data/samples/WS1-5.fasta' contents.
[23:42:37] Setting --locustag GAKPLOIL from MD5 0a49582516a68db9223b4300e1039d89
[23:42:37] Enabling options to ensure Genbank/ENA/DDJB submission compliance.
[23:42:37] Re-using existing --outdir genome_annotation/
[23:42:37] Using filename prefix: WS1-5.XXX
[23:42:37] Setting HMMER_NCPU=1
[23:42:37] Writing log to: genome_annotation//WS1-5.log
[23:42:37] Command: /home/icaro/Documentos/WGCA/.snakemake/conda/349eb0fd/bin/prokka --force --outdir genome_annotation/ --usegenus --Genus Enterococcus --compliant --prefix WS1-5 data/samples/WS1-5.fasta
[23:42:37] Appending to PATH: /home/icaro/Documentos/WGCA/.snakemake/conda/349eb0fd/bin
[23:42:37] Looking for 'aragorn' - found /home/icaro/Documentos/WGCA/.snakemake/conda/349eb0fd/bin/aragorn
[23:42:37] Determined aragorn version is 1.2
[23:42:37] Looking for 'barrnap' - found /home/icaro/Documentos/WGCA/.snakemake/conda/349eb0fd/bin/barrnap
[23:42:37] Determined barrnap version is 0.9
[23:42:37] Looking for 'blastp' - found /home/icaro/Documentos/WGCA/.snakemake/conda/349eb0fd/bin/blastp
[23:42:37] Determined blastp version is 2.9
[23:42:37] Looking for 'cmpress' - found /home/icaro/Documentos/WGCA/.snakemake/conda/349eb0fd/bin/cmpress
[23:42:37] Determined cmpress version is 1.1
[23:42:37] Looking for 'cmscan' - found /home/icaro/Documentos/WGCA/.snakemake/conda/349eb0fd/bin/cmscan
[23:42:37] Determined cmscan version is 1.1
[23:42:37] Looking for 'egrep' - found /bin/egrep
[23:42:37] Looking for 'find' - found /usr/bin/find
[23:42:37] Looking for 'grep' - found /bin/grep
[23:42:37] Looking for 'hmmpress' - found /home/icaro/Documentos/WGCA/.snakemake/conda/349eb0fd/bin/hmmpress
[23:42:37] Determined hmmpress version is 3.2
[23:42:37] Looking for 'hmmscan' - found /home/icaro/Documentos/WGCA/.snakemake/conda/349eb0fd/bin/hmmscan
[23:42:37] Determined hmmscan version is 3.2
[23:42:37] Looking for 'java' - found /home/icaro/Documentos/WGCA/.snakemake/conda/349eb0fd/bin/java
[23:42:37] Looking for 'less' - found /usr/bin/less
[23:42:37] Looking for 'makeblastdb' - found /home/icaro/Documentos/WGCA/.snakemake/conda/349eb0fd/bin/makeblastdb
[23:42:37] Determined makeblastdb version is 2.9
[23:42:37] Looking for 'minced' - found /home/icaro/Documentos/WGCA/.snakemake/conda/349eb0fd/bin/minced
[23:42:37] Determined minced version is 4.2
[23:42:37] Looking for 'parallel' - found /home/icaro/Documentos/WGCA/.snakemake/conda/349eb0fd/bin/parallel
[23:42:37] Determined parallel version is 20190722
[23:42:37] Looking for 'prodigal' - found /home/icaro/Documentos/WGCA/.snakemake/conda/349eb0fd/bin/prodigal
[23:42:38] Determined prodigal version is 2.6
[23:42:38] Looking for 'prokka-genbank_to_fasta_db' - found /home/icaro/Documentos/WGCA/.snakemake/conda/349eb0fd/bin/prokka-genbank_to_fasta_db
[23:42:38] Looking for 'sed' - found /bin/sed
[23:42:38] Looking for 'tbl2asn' - found /home/icaro/Documentos/WGCA/.snakemake/conda/349eb0fd/bin/tbl2asn
[23:42:38] Determined tbl2asn version is 25.7
[23:42:38] Using genetic code table 11.
[23:42:38] Loading and checking input file: data/samples/WS1-5.fasta
[23:42:38] Wrote 17 contigs totalling 2873854 bp.
[23:42:38] Predicting tRNAs and tmRNAs
[23:42:38] Running: aragorn -l -gc11  -w genome_annotation\/\/WS1\-5\.fna
[23:42:39] 1 tRNA-Thr [109369,109441] 34 (cgt)
[23:42:39] 2 tRNA-Thr c[390107,390179] 34 (ggt)
[23:42:39] 3 tRNA-Trp [443505,443576] 34 (cca)
[23:42:39] 4 tRNA-Met [471032,471107] 36 (cat)
[23:42:39] 5 tRNA-Gln c[1018818,1018891] 34 (ttg)
[23:42:39] 6 tRNA-Tyr c[1018899,1018981] 36 (gta)
[23:42:39] 7 tRNA-Leu c[1030228,1030314] 36 (gag)
[23:42:39] 8 tmRNA [1244388,1244751] 91,129 AKNENNSFALAA*
[23:42:39] 9 tRNA-Leu c[1287299,1287384] 36 (caa)
[23:42:39] 10 tRNA-Cys c[1287397,1287467] 33 (gca)
[23:42:39] 11 tRNA-Gln c[1287492,1287565] 34 (ttg)
[23:42:39] 12 tRNA-His c[1287578,1287651] 34 (gtg)
[23:42:39] 13 tRNA-Trp c[1287688,1287761] 33 (cca)
[23:42:39] 14 tRNA-Tyr c[1287765,1287847] 36 (gta)
[23:42:39] 15 tRNA-Phe c[1287852,1287924] 34 (gaa)
[23:42:39] 16 tRNA-Asp c[1287970,1288045] 34 (gtc)
[23:42:39] 17 tRNA-Val c[1288055,1288129] 35 (tac)
[23:42:39] 18 tRNA-Glu c[1288155,1288228] 35 (ttc)
[23:42:39] 19 tRNA-Ser c[1288244,1288334] 36 (gga)
[23:42:39] 1 tRNA-Arg [41,114] 35 (acg)
[23:42:39] 2 tRNA-Pro [204,277] 35 (tgg)
[23:42:39] 1 tRNA-Arg [58251,58324] 35 (ccg)
[23:42:39] 2 tRNA-Met c[263366,263441] 36 (cat)
[23:42:39] 3 tRNA-Lys c[360178,360252] 35 (ctt)
[23:42:39] 1 tRNA-Arg c[132477,132552] 36 (tct)
[23:42:39] 2 tRNA-Arg [181890,181965] 36 (cct)
[23:42:39] 1 tRNA-Asn [16,91] 36 (gtt)
[23:42:39] 2 tRNA-Ser [31591,31680] 37 (cga)
[23:42:39] 1 tRNA-Glu c[17727,17800] 35 (ttc)
[23:42:39] 2 tRNA-Ser c[17814,17903] 36 (gct)
[23:42:39] 3 tRNA-Ile c[17912,17987] 36 (gat)
[23:42:39] 4 tRNA-Gly c[18000,18070] 33 (tcc)
[23:42:39] 5 tRNA-Phe c[18081,18158] 35 (gaa)
[23:42:39] 6 tRNA-Asp c[18162,18237] 36 (gtc)
[23:42:39] 7 tRNA-Met c[18284,18359] 36 (cat)
[23:42:39] 8 tRNA-Ser c[18392,18481] 37 (tga)
[23:42:39] 9 tRNA-Glu c[18493,18566] 35 (ttc)
[23:42:39] 10 tRNA-Ile c[18579,18654] 36 (gat)
[23:42:39] 11 tRNA-Gly c[18663,18733] 33 (tcc)
[23:42:39] 12 tRNA-Asp c[18735,18811] 35 (gtc)
[23:42:39] 13 tRNA-Met c[18849,18924] 36 (cat)
[23:42:39] 14 tRNA-Ser c[18957,19046] 37 (tga)
[23:42:39] 15 tRNA-Met c[19079,19154] 36 (cat)
[23:42:39] 16 tRNA-Met c[19173,19248] 36 (cat)
[23:42:39] 17 tRNA-Ala c[19270,19344] 35 (tgc)
[23:42:39] 18 tRNA-Pro c[19357,19430] 35 (tgg)
[23:42:39] 19 tRNA-Arg c[19442,19515] 35 (acg)
[23:42:39] 20 tRNA-Leu c[19530,19615] 35 (taa)
[23:42:39] 1 tRNA-Asn c[66,141] 36 (gtt)
[23:42:39] Found 49 tRNAs
[23:42:39] Predicting Ribosomal RNAs
[23:42:39] Running Barrnap with 4 threads
[23:42:40] 1 gnl|Prokka|GAKPLOIL_12 150 5S ribosomal RNA
[23:42:40] 2 gnl|Prokka|GAKPLOIL_12 361 23S ribosomal RNA
[23:42:40] 3 gnl|Prokka|GAKPLOIL_12 3498 16S ribosomal RNA
[23:42:40] Found 3 rRNAs
[23:42:40] Skipping ncRNA search, enable with --rfam if desired.
[23:42:40] Total of 51 tRNA + rRNA features
[23:42:40] Searching for CRISPR repeats
[23:42:41] Found 0 CRISPRs
[23:42:41] Predicting coding sequences
[23:42:41] Contigs total 2873854 bp, so using single mode
[23:42:41] Running: prodigal -i genome_annotation\/\/WS1\-5\.fna -c -m -g 11 -p single -f sco -q
[23:42:44] Found 2691 CDS
[23:42:44] Connecting features back to sequences
[23:42:44] Using custom Enterococcus database for annotation
[23:42:44] Annotating CDS, please be patient.
[23:42:44] Will use 4 CPUs for similarity searching.
[23:42:45] There are still 2691 unannotated CDS left (started with 2691)
[23:42:45] Will use blast to search against /home/icaro/Documentos/WGCA/.snakemake/conda/349eb0fd/db/genus/Enterococcus with 4 CPUs
[23:42:45] Running: cat genome_annotation\/\/Enterococcus\.faa | parallel --gnu --plain -j 4 --block 106654 --recstart '>' --pipe blastp -query - -db /home/icaro/Documentos/WGCA/.snakemake/conda/349eb0fd/db/genus/Enterococcus -evalue 1e-09 -qcov_hsp_perc 80 -num_threads 1 -num_descriptions 1 -num_alignments 1 -seg no > genome_annotation\/\/Enterococcus\.blast 2> /dev/null
[23:43:02] Modify product: site-specific tyrosine recombinase XerC-family => site-specific tyrosine recombinase XerC-family protein
[23:43:02] Modify product: site-specific tyrosine recombinase XerC-family => site-specific tyrosine recombinase XerC-family protein
[23:43:03] Modify product: site-specific tyrosine recombinase XerC-family => site-specific tyrosine recombinase XerC-family protein
[23:43:03] Modify product: site-specific tyrosine recombinase XerD-family => site-specific tyrosine recombinase XerD-family protein
[23:43:03] Modify product: radical SAM protein family => radical SAM protein family protein
[23:43:03] Modify product: Sporulation Regulator WhiA N terminal => hypothetical protein
[23:43:03] Modify product: site-specific tyrosine recombinase XerC-family => site-specific tyrosine recombinase XerC-family protein
[23:43:04] Modify product: putative RNA-binding protein containing a PIN domain => putative RNA-binding protein containing a PIN domain protein
[23:43:04] Cleaned 8 /product names
[23:43:04] Deleting unwanted file: genome_annotation//Enterococcus.faa
[23:43:04] Deleting unwanted file: genome_annotation//Enterococcus.blast
[23:43:04] There are still 996 unannotated CDS left (started with 2691)
[23:43:04] Will use blast to search against /home/icaro/Documentos/WGCA/.snakemake/conda/349eb0fd/db/kingdom/Bacteria/IS with 4 CPUs
[23:43:04] Running: cat genome_annotation\/\/IS\.faa | parallel --gnu --plain -j 4 --block 34451 --recstart '>' --pipe blastp -query - -db /home/icaro/Documentos/WGCA/.snakemake/conda/349eb0fd/db/kingdom/Bacteria/IS -evalue 1e-30 -qcov_hsp_perc 90 -num_threads 1 -num_descriptions 1 -num_alignments 1 -seg no > genome_annotation\/\/IS\.blast 2> /dev/null
[23:43:12] Deleting unwanted file: genome_annotation//IS.faa
[23:43:12] Deleting unwanted file: genome_annotation//IS.blast
[23:43:12] There are still 993 unannotated CDS left (started with 2691)
[23:43:12] Will use blast to search against /home/icaro/Documentos/WGCA/.snakemake/conda/349eb0fd/db/kingdom/Bacteria/AMR with 4 CPUs
[23:43:12] Running: cat genome_annotation\/\/AMR\.faa | parallel --gnu --plain -j 4 --block 34397 --recstart '>' --pipe blastp -query - -db /home/icaro/Documentos/WGCA/.snakemake/conda/349eb0fd/db/kingdom/Bacteria/AMR -evalue 9.99999999999999e-301 -qcov_hsp_perc 90 -num_threads 1 -num_descriptions 1 -num_alignments 1 -seg no > genome_annotation\/\/AMR\.blast 2> /dev/null
[23:43:17] Deleting unwanted file: genome_annotation//AMR.faa
[23:43:17] Deleting unwanted file: genome_annotation//AMR.blast
[23:43:18] There are still 993 unannotated CDS left (started with 2691)
[23:43:18] Will use blast to search against /home/icaro/Documentos/WGCA/.snakemake/conda/349eb0fd/db/kingdom/Bacteria/sprot with 4 CPUs
[23:43:18] Running: cat genome_annotation\/\/sprot\.faa | parallel --gnu --plain -j 4 --block 34397 --recstart '>' --pipe blastp -query - -db /home/icaro/Documentos/WGCA/.snakemake/conda/349eb0fd/db/kingdom/Bacteria/sprot -evalue 1e-09 -qcov_hsp_perc 80 -num_threads 1 -num_descriptions 1 -num_alignments 1 -seg no > genome_annotation\/\/sprot\.blast 2> /dev/null
[23:43:44] Modify product: UPF0154 protein SA1178 => hypothetical protein
[23:43:44] Modify product: UPF0346 protein YozE => hypothetical protein
[23:43:44] Modify product: Probable butyrate kinase 2 => putative butyrate kinase 2
[23:43:44] Modify product: Probable transcriptional regulatory protein pdtaR => putative transcriptional regulatory protein pdtaR
[23:43:44] Modify product: UPF0316 protein SA1727 => hypothetical protein
[23:43:44] Modify product: UPF0291 protein SP_1473 => hypothetical protein
[23:43:44] Modify product: UPF0302 protein BA_1542/GBAA_1542/BAS1430 => hypothetical protein
[23:43:44] Modify product: Probable molybdenum cofactor guanylyltransferase => putative molybdenum cofactor guanylyltransferase
[23:43:44] Modify product: Uncharacterized membrane protein YuaF => putative membrane protein YuaF
[23:43:44] Modify product: UPF0473 protein SP_0194 => hypothetical protein
[23:43:44] Modify product: UPF0297 protein EF_1202 => hypothetical protein
[23:43:44] Modify product: UPF0398 protein YpsA => hypothetical protein
[23:43:44] Modify product: UPF0397 protein SP_0482 => hypothetical protein
[23:43:44] Modify product: Probable ABC transporter ATP-binding protein HI_0664 => putative ABC transporter ATP-binding protein
[23:43:44] Modify product: UPF0340 protein YwlG => hypothetical protein
[23:43:44] Modify product: Probable fused nickel transport protein LarMN => putative fused nickel transport protein LarMN
[23:43:44] Modify product: Probable xanthine dehydrogenase subunit A => putative xanthine dehydrogenase subunit A
[23:43:44] Modify product: UPF0223 protein BH2638 => hypothetical protein
[23:43:44] Modify product: UPF0358 protein EF_2458 => hypothetical protein
[23:43:44] Modify product: Uncharacterized glycosyltransferase EpsJ => putative glycosyltransferase EpsJ
[23:43:44] Modify product: Uncharacterized protein YmcA => putative protein YmcA
[23:43:44] Modify product: UPF0701 protein YicC => hypothetical protein
[23:43:44] Modify product: Uncharacterized protein YueI => putative protein YueI
[23:43:44] Modify product: UPF0637 protein SA0957 => hypothetical protein
[23:43:44] Modify product: Uncharacterized HTH-type transcriptional regulator YbbH => putative HTH-type transcriptional regulator YbbH
[23:43:44] Modify product: Probable sulfoacetate transporter SauU => putative sulfoacetate transporter SauU
[23:43:45] Modify product: Deacetylase EF_0837 => Deacetylase
[23:43:45] Modify product: UPF0374 protein SP_1903 => hypothetical protein
[23:43:45] Modify product: Uncharacterized protein YhaN => putative protein YhaN
[23:43:45] Modify product: UPF0342 protein SA1663 => hypothetical protein
[23:43:45] Modify product: Probable transcriptional regulatory protein aq_1575 => putative transcriptional regulatory protein
[23:43:45] Modify product: Uncharacterized HTH-type transcriptional regulator YtcD => putative HTH-type transcriptional regulator YtcD
[23:43:45] Modify product: Uncharacterized lipoprotein YehR => putative lipoprotein YehR
[23:43:45] Modify product: Uncharacterized protein YbdM => putative protein YbdM
[23:43:45] Modify product: Uncharacterized N-acetyltransferase YjaB => putative N-acetyltransferase YjaB
[23:43:45] Modify product: Probable peptide export permease protein YydJ => putative peptide export permease protein YydJ
[23:43:45] Modify product: UPF0356 protein M6_Spy1605 => hypothetical protein
[23:43:45] Modify product: Uncharacterized protein YkuJ => putative protein YkuJ
[23:43:45] Modify product: Probable transcriptional regulatory protein SA0624 => putative transcriptional regulatory protein
[23:43:45] Modify product: Uncharacterized protein YqgQ => putative protein YqgQ
[23:43:45] Modify product: Nucleoid-associated protein Cthe_2143 => Nucleoid-associated protein
[23:43:45] Modify product: Uncharacterized HTH-type transcriptional regulator YtcD => putative HTH-type transcriptional regulator YtcD
[23:43:45] Modify product: Uncharacterized protein YaaQ => putative protein YaaQ
[23:43:45] Modify product: Probable iron export permease protein FetB => putative iron export permease protein FetB
[23:43:45] Modify product: UPF0291 protein YnzC => hypothetical protein
[23:43:45] Modify product: Probable formate transporter 1 => putative formate transporter 1
[23:43:45] Modify product: UPF0145 protein YbjQ => hypothetical protein
[23:43:45] Cleaned 47 /product names
[23:43:45] Deleting unwanted file: genome_annotation//sprot.faa
[23:43:45] Deleting unwanted file: genome_annotation//sprot.blast
[23:43:45] There are still 761 unannotated CDS left (started with 2691)
[23:43:45] Will use hmmer3 to search against /home/icaro/Documentos/WGCA/.snakemake/conda/349eb0fd/db/hmm/HAMAP.hmm with 4 CPUs
[23:43:45] Running: cat genome_annotation\/\/HAMAP\.hmm\.faa | parallel --gnu --plain -j 4 --block 25169 --recstart '>' --pipe hmmscan --noali --notextw --acc -E 1e-09 --cpu 1 /home/icaro/Documentos/WGCA/.snakemake/conda/349eb0fd/db/hmm/HAMAP.hmm /dev/stdin > genome_annotation\/\/HAMAP\.hmm\.hmmer3 2> /dev/null
[23:43:58] Deleting unwanted file: genome_annotation//HAMAP.hmm.faa
[23:43:58] Deleting unwanted file: genome_annotation//HAMAP.hmm.hmmer3
[23:43:58] Labelling remaining 723 proteins as 'hypothetical protein'
[23:43:58] Possible /pseudo 'ABC transporter ATP-binding protein/permease' at gnl|Prokka|GAKPLOIL_1 position 60176
[23:43:58] Possible /pseudo 'Putative oxidoreductase YgfK' at gnl|Prokka|GAKPLOIL_1 position 73655
[23:43:58] Possible /pseudo 'ribosomal-protein-alanine acetyltransferase' at gnl|Prokka|GAKPLOIL_1 position 150821
[23:43:58] Possible /pseudo 'oxidoreductase family, NAD-binding Rossmann fold protein' at gnl|Prokka|GAKPLOIL_1 position 274907
[23:43:58] Possible /pseudo 'ABC transporter ATP-binding protein' at gnl|Prokka|GAKPLOIL_1 position 296297
[23:43:58] Possible /pseudo 'ABC transporter permease' at gnl|Prokka|GAKPLOIL_1 position 305404
[23:43:58] Possible /pseudo 'glycosyl transferase family protein' at gnl|Prokka|GAKPLOIL_1 position 331088
[23:43:58] Possible /pseudo 'glycosyl transferase family protein' at gnl|Prokka|GAKPLOIL_1 position 331919
[23:43:58] Possible /pseudo 'DNA-3-methyladenine glycosylase' at gnl|Prokka|GAKPLOIL_1 position 479878
[23:43:58] Possible /pseudo 'SIS domain-containing protein' at gnl|Prokka|GAKPLOIL_1 position 507111
[23:43:58] Possible /pseudo 'glycosyl transferase family protein' at gnl|Prokka|GAKPLOIL_1 position 605546
[23:43:58] Possible /pseudo 'helicase' at gnl|Prokka|GAKPLOIL_1 position 646140
[23:43:58] Possible /pseudo 'phosphate ABC transporter ATP-binding protein' at gnl|Prokka|GAKPLOIL_1 position 657697
[23:43:58] Possible /pseudo 'ABC transporter ATP-binding protein/permease' at gnl|Prokka|GAKPLOIL_1 position 814860
[23:43:58] Possible /pseudo 'ABC transporter permease' at gnl|Prokka|GAKPLOIL_1 position 997397
[23:43:58] Possible /pseudo 'HTH-type transcriptional regulator CynR' at gnl|Prokka|GAKPLOIL_1 position 1044834
[23:43:58] Possible /pseudo 'FtsW/RodA/SpoVE family cell cycle protein' at gnl|Prokka|GAKPLOIL_1 position 1046897
[23:43:58] Possible /pseudo 'ABC transporter permease' at gnl|Prokka|GAKPLOIL_1 position 1111429
[23:43:58] Possible /pseudo 'YycH protein' at gnl|Prokka|GAKPLOIL_1 position 1148193
[23:43:58] Possible /pseudo 'ABC transporter permease' at gnl|Prokka|GAKPLOIL_1 position 1219567
[23:43:58] Possible /pseudo 'LPXTG-motif protein cell wall anchor domain protein' at gnl|Prokka|GAKPLOIL_1 position 1249518
[23:43:58] Possible /pseudo 'peptidase, U32 family' at gnl|Prokka|GAKPLOIL_2 position 9406
[23:43:58] Possible /pseudo 'peptide ABC transporter ATP-binding protein' at gnl|Prokka|GAKPLOIL_2 position 187628
[23:43:58] Possible /pseudo 'ABC transporter permease' at gnl|Prokka|GAKPLOIL_2 position 189562
[23:43:58] Possible /pseudo 'iron ABC transporter system permease' at gnl|Prokka|GAKPLOIL_2 position 210928
[23:43:58] Possible /pseudo 'ABC transporter ATP-binding protein' at gnl|Prokka|GAKPLOIL_3 position 48206
[23:43:58] Possible /pseudo 'YibE/F-like protein' at gnl|Prokka|GAKPLOIL_3 position 295628
[23:43:58] Possible /pseudo 'DNA directed DNA polymerase' at gnl|Prokka|GAKPLOIL_3 position 311505
[23:43:58] Possible /pseudo 'RNA polymerase sigma-70 factor, region 4' at gnl|Prokka|GAKPLOIL_3 position 358832
[23:43:58] Possible /pseudo 'SMR family multidrug resistance protein' at gnl|Prokka|GAKPLOIL_4 position 5565
[23:43:58] Possible /pseudo 'AraC family transcriptional regulator' at gnl|Prokka|GAKPLOIL_4 position 83585
[23:43:58] Possible /pseudo 'translation-associated GTPase' at gnl|Prokka|GAKPLOIL_5 position 9460
[23:43:58] Possible /pseudo 'alkaline shock protein 23 family protein' at gnl|Prokka|GAKPLOIL_6 position 95503
[23:43:58] Possible /pseudo 'arginine repressor protein' at gnl|Prokka|GAKPLOIL_6 position 123141
[23:43:58] Possible /pseudo 'Basic membrane lipopprotein' at gnl|Prokka|GAKPLOIL_6 position 156754
[23:43:58] Possible /pseudo 'ABC transporter permease' at gnl|Prokka|GAKPLOIL_6 position 160739
[23:43:58] Possible /pseudo 'purine nucleoside phosphorylase' at gnl|Prokka|GAKPLOIL_6 position 164882
[23:43:58] Possible /pseudo 'ABC transporter ATP-binding protein' at gnl|Prokka|GAKPLOIL_7 position 79793
[23:43:58] Possible /pseudo 'ABC transporter ATP-binding protein/permease' at gnl|Prokka|GAKPLOIL_7 position 107633
[23:43:58] Possible /pseudo 'ABC transporter ATP-binding protein/permease' at gnl|Prokka|GAKPLOIL_8 position 85026
[23:43:58] Possible /pseudo 'ABC transporter ATP-binding protein' at gnl|Prokka|GAKPLOIL_8 position 97942
[23:43:58] Possible /pseudo 'glycosyl transferase family protein' at gnl|Prokka|GAKPLOIL_10 position 1334
[23:43:58] Possible /pseudo '6-phospho-beta-glucosidase' at gnl|Prokka|GAKPLOIL_11 position 13217
[23:43:58] Found 660 unique /gene codes.
[23:43:58] Fixed 5 duplicate /gene - xerC_1 xerC_2 xerC_3 xerC_4 xerC_5
[23:43:58] Fixed 2 duplicate /gene - lpxG_1 lpxG_2
[23:43:58] Fixed 2 duplicate /gene - serS2_1 serS2_2
[23:43:58] Fixed 3 duplicate /gene - pyrC_1 pyrC_2 pyrC_3
[23:43:58] Fixed 2 duplicate /gene - msmK_1 msmK_2
[23:43:58] Fixed 2 duplicate /gene - tyrS1_1 tyrS1_2
[23:43:58] Fixed 2 duplicate /gene - pepV_1 pepV_2
[23:43:58] Fixed 2 duplicate /gene - atzC_1 atzC_2
[23:43:58] Fixed 2 duplicate /gene - pdhA_1 pdhA_2
[23:43:58] Fixed 2 duplicate /gene - murB_1 murB_2
[23:43:58] Fixed 3 duplicate /gene - pucR_1 pucR_2 pucR_3
[23:43:58] Fixed 2 duplicate /gene - rmlB_1 rmlB_2
[23:43:58] Fixed 2 duplicate /gene - napA_1 napA_2
[23:43:58] Fixed 2 duplicate /gene - ndoA_1 ndoA_2
[23:43:58] Fixed 2 duplicate /gene - rpsN1_1 rpsN1_2
[23:43:58] Fixed 2 duplicate /gene - rpmF2_1 rpmF2_2
[23:43:58] Fixed 2 duplicate /gene - arcB_1 arcB_2
[23:43:58] Fixed 2 duplicate /gene - yabJ_1 yabJ_2
[23:43:58] Fixed 2 duplicate /gene - fhuB_1 fhuB_2
[23:43:58] Fixed 2 duplicate /gene - hcxA_1 hcxA_2
[23:43:58] Fixed 2 duplicate /gene - trpS_1 trpS_2
[23:43:58] Fixed 2 duplicate /gene - ntpJ_1 ntpJ_2
[23:43:58] Fixed 2 duplicate /gene - rpmG1_1 rpmG1_2
[23:43:58] Fixed 2 duplicate /gene - pdhB_1 pdhB_2
[23:43:58] Fixed 2 duplicate /gene - yfhO_1 yfhO_2
[23:43:58] Fixed 3 duplicate /gene - cbiO_1 cbiO_2 cbiO_3
[23:43:58] Fixed 2 duplicate /gene - ytcD_1 ytcD_2
[23:43:58] Fixed 2 duplicate /gene - pdhD_1 pdhD_2
[23:43:58] Fixed 4 duplicate /gene - arcC_1 arcC_2 arcC_3 arcC_4
[23:43:58] Fixed 2 duplicate /gene - csd_1 csd_2
[23:43:58] Fixed 2 duplicate /gene - potC_1 potC_2
[23:43:58] Fixed 2 duplicate /gene - maeB_1 maeB_2
[23:43:58] Fixed 2 duplicate /gene - ygfK_1 ygfK_2
[23:43:58] Fixed 2 duplicate /gene - uspA_1 uspA_2
[23:43:58] Fixed 2 duplicate /gene - pepT_1 pepT_2
[23:43:58] Fixed 2 duplicate /gene - nagB_1 nagB_2
[23:43:58] Fixed 4 duplicate /gene - lytR_1 lytR_2 lytR_3 lytR_4
[23:43:58] Fixed 2 duplicate /gene - dgaF_1 dgaF_2
[23:43:58] Fixed 3 duplicate /gene - btuD_1 btuD_2 btuD_3
[23:43:58] Fixed 3 duplicate /gene - gatA_1 gatA_2 gatA_3
[23:43:58] Fixed 2 duplicate /gene - artM_1 artM_2
[23:43:58] Fixed 2 duplicate /gene - mobA_1 mobA_2
[23:43:58] Fixed 2 duplicate /gene - nrdI_1 nrdI_2
[23:43:58] Fixed 2 duplicate /gene - metQ_1 metQ_2
[23:43:58] Fixed 2 duplicate /gene - yfkN_1 yfkN_2
[23:43:58] Fixed 2 duplicate /gene - uvrA_1 uvrA_2
[23:43:58] Fixed 2 duplicate /gene - metN2_1 metN2_2
[23:43:58] Fixed 2 duplicate /gene - macB_1 macB_2
[23:43:58] Fixed 2 duplicate /gene - cynR_1 cynR_2
[23:43:58] Fixed 2 duplicate /gene - gyrB_1 gyrB_2
[23:43:58] Fixed 2 duplicate /gene - murQ_1 murQ_2
[23:43:58] Fixed 2 duplicate /gene - arnC_1 arnC_2
[23:43:58] Fixed 2 duplicate /gene - dgaE_1 dgaE_2
[23:43:58] Fixed 2 duplicate /gene - yclP_1 yclP_2
[23:43:58] Fixed 2 duplicate /gene - bga_1 bga_2
[23:43:58] Fixed 55 colliding /gene names.
[23:43:58] Adding /locus_tag identifiers
[23:43:58] Assigned 2743 locus_tags to CDS and RNA features.
[23:43:58] Writing outputs to genome_annotation//
[23:44:00] Generating annotation statistics file
[23:44:00] Generating Genbank and Sequin files
[23:44:00] Running: tbl2asn -V b -a r10k -l paired-ends -M n -N 1 -y 'Annotated using prokka 1.14.0 from https://github.com/tseemann/prokka' -Z genome_annotation\/\/WS1\-5\.err -i genome_annotation\/\/WS1\-5\.fsa 2> /dev/null
[23:44:07] Deleting unwanted file: genome_annotation//errorsummary.val
[23:44:07] Deleting unwanted file: genome_annotation//WS1-5.dr
[23:44:07] Deleting unwanted file: genome_annotation//WS1-5.fixedproducts
[23:44:07] Deleting unwanted file: genome_annotation//WS1-5.ecn
[23:44:07] Deleting unwanted file: genome_annotation//WS1-5.val
[23:44:07] Repairing broken .GBK output that tbl2asn produces...
[23:44:07] Running: sed 's/COORDINATES: profile/COORDINATES:profile/' < genome_annotation\/\/WS1\-5\.gbf > genome_annotation\/\/WS1\-5\.gbk
[23:44:07] Deleting unwanted file: genome_annotation//WS1-5.gbf
[23:44:07] Output files:
[23:44:07] genome_annotation/WS1-5.fna
[23:44:07] genome_annotation/WS1-5.sqn
[23:44:07] genome_annotation/WS1-5.fsa
[23:44:07] genome_annotation/WS1-5.tbl
[23:44:07] genome_annotation/WS1-5.faa
[23:44:07] genome_annotation/WS1-5.tsv
[23:44:07] genome_annotation/WS1-5.gff
[23:44:07] genome_annotation/WS1-5.txt
[23:44:07] genome_annotation/WS1-5.err
[23:44:07] genome_annotation/WS1-5.ffn
[23:44:07] genome_annotation/WS1-5.log
[23:44:07] genome_annotation/WS1-5.gbk
[23:44:07] Annotation finished successfully.
[23:44:07] Walltime used: 1.50 minutes
[23:44:07] If you use this result please cite the Prokka paper:
[23:44:07] Seemann T (2014) Prokka: rapid prokaryotic genome annotation. Bioinformatics. 30(14):2068-9.
[23:44:07] Type 'prokka --citation' for more details.
[23:44:07] Thank you, come again.
